2019-08-10 10:56:40.725 |-ERROR [main] org.springframework.boot.diagnostics.LoggingFailureAnalysisReporter [42] -| 

***************************
APPLICATION FAILED TO START
***************************

Description:

Field invoiceMapper in com.hik.service.InvoiceService required a bean of type 'com.hik.mapper.InvoiceMapper' that could not be found.


Action:

Consider defining a bean of type 'com.hik.mapper.InvoiceMapper' in your configuration.

2019-08-10 10:57:40.456 |-ERROR [main] org.springframework.boot.diagnostics.LoggingFailureAnalysisReporter [42] -| 

***************************
APPLICATION FAILED TO START
***************************

Description:

Field invoiceMapper in com.hik.service.InvoiceService required a bean of type 'com.hik.mapper.InvoiceMapper' that could not be found.


Action:

Consider defining a bean of type 'com.hik.mapper.InvoiceMapper' in your configuration.

2019-08-10 14:32:40.118 |-ERROR [main] org.springframework.boot.diagnostics.LoggingFailureAnalysisReporter [42] -| 

***************************
APPLICATION FAILED TO START
***************************

Description:

Cannot determine embedded database driver class for database type NONE

Action:

If you want an embedded database please put a supported one on the classpath. If you have database settings to be loaded from a particular profile you may need to active it (the profiles "dev" are currently active).

2019-08-10 14:37:35.003 |-ERROR [main] org.springframework.boot.diagnostics.LoggingFailureAnalysisReporter [42] -| 

***************************
APPLICATION FAILED TO START
***************************

Description:

Parameter 0 of constructor in org.springframework.boot.autoconfigure.orm.jpa.HibernateJpaAutoConfiguration required a bean of type 'javax.sql.DataSource' that could not be found.
	- Bean method 'dataSource' not loaded because @ConditionalOnProperty (spring.datasource.jndi-name) did not find property 'jndi-name'
	- Bean method 'dataSource' not loaded because @ConditionalOnBean (types: org.springframework.boot.jta.XADataSourceWrapper; SearchStrategy: all) did not find any beans


Action:

Consider revisiting the conditions above or defining a bean of type 'javax.sql.DataSource' in your configuration.

2019-08-10 14:40:44.695 |-ERROR [http-nio-9999-exec-3] com.hikvision.artemis.sdk.ArtemisHttpUtil [438] -| the Artemis PostString Request is failed[doPostStringArtemis]
org.apache.http.conn.ConnectTimeoutException: Connect to 10.8.76.211:8080 timed out
	at org.apache.http.conn.ssl.SSLSocketFactory.connectSocket(SSLSocketFactory.java:551) ~[artemis-http-client-1.2-SNAPSHOT.jar:na]
	at org.apache.http.impl.conn.DefaultClientConnectionOperator.openConnection(DefaultClientConnectionOperator.java:180) ~[artemis-http-client-1.2-SNAPSHOT.jar:na]
	at org.apache.http.impl.conn.ManagedClientConnectionImpl.open(ManagedClientConnectionImpl.java:294) ~[artemis-http-client-1.2-SNAPSHOT.jar:na]
	at org.apache.http.impl.client.DefaultRequestDirector.tryConnect(DefaultRequestDirector.java:640) ~[artemis-http-client-1.2-SNAPSHOT.jar:na]
	at org.apache.http.impl.client.DefaultRequestDirector.execute(DefaultRequestDirector.java:479) ~[artemis-http-client-1.2-SNAPSHOT.jar:na]
	at org.apache.http.impl.client.AbstractHttpClient.execute(AbstractHttpClient.java:906) ~[artemis-http-client-1.2-SNAPSHOT.jar:na]
	at org.apache.http.impl.client.AbstractHttpClient.execute(AbstractHttpClient.java:805) ~[artemis-http-client-1.2-SNAPSHOT.jar:na]
	at org.apache.http.impl.client.AbstractHttpClient.execute(AbstractHttpClient.java:784) ~[artemis-http-client-1.2-SNAPSHOT.jar:na]
	at com.hikvision.artemis.sdk.util.HttpUtil.httpPost(HttpUtil.java:283) ~[artemis-http-client-1.2-SNAPSHOT.jar:na]
	at com.hikvision.artemis.sdk.Client.execute(Client.java:68) ~[artemis-http-client-1.2-SNAPSHOT.jar:na]
	at com.hikvision.artemis.sdk.ArtemisHttpUtil.doPostStringArtemis(ArtemisHttpUtil.java:433) ~[artemis-http-client-1.2-SNAPSHOT.jar:na]
	at com.hik.service.HikService.door(HikService.java:50) [classes/:na]
	at com.hik.controller.HikServiceController.query(HikServiceController.java:22) [classes/:na]
	at sun.reflect.NativeMethodAccessorImpl.invoke0(Native Method) ~[na:1.8.0_40]
	at sun.reflect.NativeMethodAccessorImpl.invoke(NativeMethodAccessorImpl.java:62) ~[na:1.8.0_40]
	at sun.reflect.DelegatingMethodAccessorImpl.invoke(DelegatingMethodAccessorImpl.java:43) ~[na:1.8.0_40]
	at java.lang.reflect.Method.invoke(Method.java:497) ~[na:1.8.0_40]
	at org.springframework.web.method.support.InvocableHandlerMethod.doInvoke(InvocableHandlerMethod.java:205) [spring-web-4.3.10.RELEASE.jar:4.3.10.RELEASE]
	at org.springframework.web.method.support.InvocableHandlerMethod.invokeForRequest(InvocableHandlerMethod.java:133) [spring-web-4.3.10.RELEASE.jar:4.3.10.RELEASE]
	at org.springframework.web.servlet.mvc.method.annotation.ServletInvocableHandlerMethod.invokeAndHandle(ServletInvocableHandlerMethod.java:97) [spring-webmvc-4.3.10.RELEASE.jar:4.3.10.RELEASE]
	at org.springframework.web.servlet.mvc.method.annotation.RequestMappingHandlerAdapter.invokeHandlerMethod(RequestMappingHandlerAdapter.java:827) [spring-webmvc-4.3.10.RELEASE.jar:4.3.10.RELEASE]
	at org.springframework.web.servlet.mvc.method.annotation.RequestMappingHandlerAdapter.handleInternal(RequestMappingHandlerAdapter.java:738) [spring-webmvc-4.3.10.RELEASE.jar:4.3.10.RELEASE]
	at org.springframework.web.servlet.mvc.method.AbstractHandlerMethodAdapter.handle(AbstractHandlerMethodAdapter.java:85) [spring-webmvc-4.3.10.RELEASE.jar:4.3.10.RELEASE]
	at org.springframework.web.servlet.DispatcherServlet.doDispatch(DispatcherServlet.java:967) [spring-webmvc-4.3.10.RELEASE.jar:4.3.10.RELEASE]
	at org.springframework.web.servlet.DispatcherServlet.doService(DispatcherServlet.java:901) [spring-webmvc-4.3.10.RELEASE.jar:4.3.10.RELEASE]
	at org.springframework.web.servlet.FrameworkServlet.processRequest(FrameworkServlet.java:970) [spring-webmvc-4.3.10.RELEASE.jar:4.3.10.RELEASE]
	at org.springframework.web.servlet.FrameworkServlet.doGet(FrameworkServlet.java:861) [spring-webmvc-4.3.10.RELEASE.jar:4.3.10.RELEASE]
	at javax.servlet.http.HttpServlet.service(HttpServlet.java:635) [tomcat-embed-core-8.5.16.jar:8.5.16]
	at org.springframework.web.servlet.FrameworkServlet.service(FrameworkServlet.java:846) [spring-webmvc-4.3.10.RELEASE.jar:4.3.10.RELEASE]
	at javax.servlet.http.HttpServlet.service(HttpServlet.java:742) [tomcat-embed-core-8.5.16.jar:8.5.16]
	at org.apache.catalina.core.ApplicationFilterChain.internalDoFilter(ApplicationFilterChain.java:231) [tomcat-embed-core-8.5.16.jar:8.5.16]
	at org.apache.catalina.core.ApplicationFilterChain.doFilter(ApplicationFilterChain.java:166) [tomcat-embed-core-8.5.16.jar:8.5.16]
	at org.apache.tomcat.websocket.server.WsFilter.doFilter(WsFilter.java:52) [tomcat-embed-websocket-8.5.16.jar:8.5.16]
	at org.apache.catalina.core.ApplicationFilterChain.internalDoFilter(ApplicationFilterChain.java:193) [tomcat-embed-core-8.5.16.jar:8.5.16]
	at org.apache.catalina.core.ApplicationFilterChain.doFilter(ApplicationFilterChain.java:166) [tomcat-embed-core-8.5.16.jar:8.5.16]
	at org.springframework.web.filter.RequestContextFilter.doFilterInternal(RequestContextFilter.java:99) [spring-web-4.3.10.RELEASE.jar:4.3.10.RELEASE]
	at org.springframework.web.filter.OncePerRequestFilter.doFilter(OncePerRequestFilter.java:107) [spring-web-4.3.10.RELEASE.jar:4.3.10.RELEASE]
	at org.apache.catalina.core.ApplicationFilterChain.internalDoFilter(ApplicationFilterChain.java:193) [tomcat-embed-core-8.5.16.jar:8.5.16]
	at org.apache.catalina.core.ApplicationFilterChain.doFilter(ApplicationFilterChain.java:166) [tomcat-embed-core-8.5.16.jar:8.5.16]
	at org.springframework.web.filter.HttpPutFormContentFilter.doFilterInternal(HttpPutFormContentFilter.java:105) [spring-web-4.3.10.RELEASE.jar:4.3.10.RELEASE]
	at org.springframework.web.filter.OncePerRequestFilter.doFilter(OncePerRequestFilter.java:107) [spring-web-4.3.10.RELEASE.jar:4.3.10.RELEASE]
	at org.apache.catalina.core.ApplicationFilterChain.internalDoFilter(ApplicationFilterChain.java:193) [tomcat-embed-core-8.5.16.jar:8.5.16]
	at org.apache.catalina.core.ApplicationFilterChain.doFilter(ApplicationFilterChain.java:166) [tomcat-embed-core-8.5.16.jar:8.5.16]
	at org.springframework.web.filter.HiddenHttpMethodFilter.doFilterInternal(HiddenHttpMethodFilter.java:81) [spring-web-4.3.10.RELEASE.jar:4.3.10.RELEASE]
	at org.springframework.web.filter.OncePerRequestFilter.doFilter(OncePerRequestFilter.java:107) [spring-web-4.3.10.RELEASE.jar:4.3.10.RELEASE]
	at org.apache.catalina.core.ApplicationFilterChain.internalDoFilter(ApplicationFilterChain.java:193) [tomcat-embed-core-8.5.16.jar:8.5.16]
	at org.apache.catalina.core.ApplicationFilterChain.doFilter(ApplicationFilterChain.java:166) [tomcat-embed-core-8.5.16.jar:8.5.16]
	at org.springframework.web.filter.CharacterEncodingFilter.doFilterInternal(CharacterEncodingFilter.java:197) [spring-web-4.3.10.RELEASE.jar:4.3.10.RELEASE]
	at org.springframework.web.filter.OncePerRequestFilter.doFilter(OncePerRequestFilter.java:107) [spring-web-4.3.10.RELEASE.jar:4.3.10.RELEASE]
	at org.apache.catalina.core.ApplicationFilterChain.internalDoFilter(ApplicationFilterChain.java:193) [tomcat-embed-core-8.5.16.jar:8.5.16]
	at org.apache.catalina.core.ApplicationFilterChain.doFilter(ApplicationFilterChain.java:166) [tomcat-embed-core-8.5.16.jar:8.5.16]
	at org.apache.catalina.core.StandardWrapperValve.invoke(StandardWrapperValve.java:198) [tomcat-embed-core-8.5.16.jar:8.5.16]
	at org.apache.catalina.core.StandardContextValve.invoke(StandardContextValve.java:96) [tomcat-embed-core-8.5.16.jar:8.5.16]
	at org.apache.catalina.authenticator.AuthenticatorBase.invoke(AuthenticatorBase.java:478) [tomcat-embed-core-8.5.16.jar:8.5.16]
	at org.apache.catalina.core.StandardHostValve.invoke(StandardHostValve.java:140) [tomcat-embed-core-8.5.16.jar:8.5.16]
	at org.apache.catalina.valves.ErrorReportValve.invoke(ErrorReportValve.java:80) [tomcat-embed-core-8.5.16.jar:8.5.16]
	at org.apache.catalina.core.StandardEngineValve.invoke(StandardEngineValve.java:87) [tomcat-embed-core-8.5.16.jar:8.5.16]
	at org.apache.catalina.connector.CoyoteAdapter.service(CoyoteAdapter.java:342) [tomcat-embed-core-8.5.16.jar:8.5.16]
	at org.apache.coyote.http11.Http11Processor.service(Http11Processor.java:799) [tomcat-embed-core-8.5.16.jar:8.5.16]
	at org.apache.coyote.AbstractProcessorLight.process(AbstractProcessorLight.java:66) [tomcat-embed-core-8.5.16.jar:8.5.16]
	at org.apache.coyote.AbstractProtocol$ConnectionHandler.process(AbstractProtocol.java:868) [tomcat-embed-core-8.5.16.jar:8.5.16]
	at org.apache.tomcat.util.net.NioEndpoint$SocketProcessor.doRun(NioEndpoint.java:1455) [tomcat-embed-core-8.5.16.jar:8.5.16]
	at org.apache.tomcat.util.net.SocketProcessorBase.run(SocketProcessorBase.java:49) [tomcat-embed-core-8.5.16.jar:8.5.16]
	at java.util.concurrent.ThreadPoolExecutor.runWorker(ThreadPoolExecutor.java:1142) [na:1.8.0_40]
	at java.util.concurrent.ThreadPoolExecutor$Worker.run(ThreadPoolExecutor.java:617) [na:1.8.0_40]
	at org.apache.tomcat.util.threads.TaskThread$WrappingRunnable.run(TaskThread.java:61) [tomcat-embed-core-8.5.16.jar:8.5.16]
	at java.lang.Thread.run(Thread.java:745) [na:1.8.0_40]
