2019-04-11 11:14:07.375 |-ERROR [http-nio-8000-exec-10] com.pay.exception.GlobalControllerExceptionHandler [71] -| 统一异常处理: result returns more than one elements; nested exception is javax.persistence.NonUniqueResultException: result returns more than one elements org.springframework.dao.IncorrectResultSizeDataAccessException: result returns more than one elements; nested exception is javax.persistence.NonUniqueResultException: result returns more than one elements
	at org.springframework.orm.jpa.EntityManagerFactoryUtils.convertJpaAccessExceptionIfPossible(EntityManagerFactoryUtils.java:395)
	at org.springframework.orm.jpa.vendor.HibernateJpaDialect.translateExceptionIfPossible(HibernateJpaDialect.java:246)
	at org.springframework.orm.jpa.AbstractEntityManagerFactoryBean.translateExceptionIfPossible(AbstractEntityManagerFactoryBean.java:488)
	at org.springframework.dao.support.ChainedPersistenceExceptionTranslator.translateExceptionIfPossible(ChainedPersistenceExceptionTranslator.java:59)
	at org.springframework.dao.support.DataAccessUtils.translateIfNecessary(DataAccessUtils.java:213)
	at org.springframework.dao.support.PersistenceExceptionTranslationInterceptor.invoke(PersistenceExceptionTranslationInterceptor.java:147)
	at org.springframework.aop.framework.ReflectiveMethodInvocation.proceed(ReflectiveMethodInvocation.java:179)
	at org.springframework.data.jpa.repository.support.CrudMethodMetadataPostProcessor$CrudMethodMetadataPopulatingMethodInterceptor.invoke(CrudMethodMetadataPostProcessor.java:133)
	at org.springframework.aop.framework.ReflectiveMethodInvocation.proceed(ReflectiveMethodInvocation.java:179)
	at org.springframework.aop.interceptor.ExposeInvocationInterceptor.invoke(ExposeInvocationInterceptor.java:92)
	at org.springframework.aop.framework.ReflectiveMethodInvocation.proceed(ReflectiveMethodInvocation.java:179)
	at org.springframework.data.repository.core.support.SurroundingTransactionDetectorMethodInterceptor.invoke(SurroundingTransactionDetectorMethodInterceptor.java:57)
	at org.springframework.aop.framework.ReflectiveMethodInvocation.proceed(ReflectiveMethodInvocation.java:179)
	at org.springframework.aop.framework.JdkDynamicAopProxy.invoke(JdkDynamicAopProxy.java:213)
	at com.sun.proxy.$Proxy108.findInvoiceByOutTradeNo(Unknown Source)
	at com.pay.service.InvoiceService.lambda$importExcel$3(InvoiceService.java:389)
	at com.pay.service.InvoiceService$$Lambda$9/1440122533.accept(Unknown Source)
	at java.util.ArrayList.forEach(ArrayList.java:1249)
	at com.pay.service.InvoiceService.importExcel(InvoiceService.java:377)
	at com.pay.service.InvoiceService$$FastClassBySpringCGLIB$$50a0fd4.invoke(<generated>)
	at org.springframework.cglib.proxy.MethodProxy.invoke(MethodProxy.java:204)
	at org.springframework.aop.framework.CglibAopProxy$CglibMethodInvocation.invokeJoinpoint(CglibAopProxy.java:738)
	at org.springframework.aop.framework.ReflectiveMethodInvocation.proceed(ReflectiveMethodInvocation.java:157)
	at org.springframework.transaction.interceptor.TransactionInterceptor$1.proceedWithInvocation(TransactionInterceptor.java:99)
	at org.springframework.transaction.interceptor.TransactionAspectSupport.invokeWithinTransaction(TransactionAspectSupport.java:282)
	at org.springframework.transaction.interceptor.TransactionInterceptor.invoke(TransactionInterceptor.java:96)
	at org.springframework.aop.framework.ReflectiveMethodInvocation.proceed(ReflectiveMethodInvocation.java:179)
	at org.springframework.aop.framework.CglibAopProxy$DynamicAdvisedInterceptor.intercept(CglibAopProxy.java:673)
	at com.pay.service.InvoiceService$$EnhancerBySpringCGLIB$$32e0c243.importExcel(<generated>)
	at com.pay.controller.InvoiceController.importExcel(InvoiceController.java:96)
	at sun.reflect.NativeMethodAccessorImpl.invoke0(Native Method)
	at sun.reflect.NativeMethodAccessorImpl.invoke(NativeMethodAccessorImpl.java:62)
	at sun.reflect.DelegatingMethodAccessorImpl.invoke(DelegatingMethodAccessorImpl.java:43)
	at java.lang.reflect.Method.invoke(Method.java:497)
	at org.springframework.web.method.support.InvocableHandlerMethod.doInvoke(InvocableHandlerMethod.java:205)
	at org.springframework.web.method.support.InvocableHandlerMethod.invokeForRequest(InvocableHandlerMethod.java:133)
	at org.springframework.web.servlet.mvc.method.annotation.ServletInvocableHandlerMethod.invokeAndHandle(ServletInvocableHandlerMethod.java:97)
	at org.springframework.web.servlet.mvc.method.annotation.RequestMappingHandlerAdapter.invokeHandlerMethod(RequestMappingHandlerAdapter.java:827)
	at org.springframework.web.servlet.mvc.method.annotation.RequestMappingHandlerAdapter.handleInternal(RequestMappingHandlerAdapter.java:738)
	at org.springframework.web.servlet.mvc.method.AbstractHandlerMethodAdapter.handle(AbstractHandlerMethodAdapter.java:85)
	at org.springframework.web.servlet.DispatcherServlet.doDispatch(DispatcherServlet.java:967)
	at org.springframework.web.servlet.DispatcherServlet.doService(DispatcherServlet.java:901)
	at org.springframework.web.servlet.FrameworkServlet.processRequest(FrameworkServlet.java:970)
	at org.springframework.web.servlet.FrameworkServlet.doPost(FrameworkServlet.java:872)
	at javax.servlet.http.HttpServlet.service(HttpServlet.java:661)
	at org.springframework.web.servlet.FrameworkServlet.service(FrameworkServlet.java:846)
	at javax.servlet.http.HttpServlet.service(HttpServlet.java:742)
	at org.apache.catalina.core.ApplicationFilterChain.internalDoFilter(ApplicationFilterChain.java:231)
	at org.apache.catalina.core.ApplicationFilterChain.doFilter(ApplicationFilterChain.java:166)
	at org.apache.tomcat.websocket.server.WsFilter.doFilter(WsFilter.java:52)
	at org.apache.catalina.core.ApplicationFilterChain.internalDoFilter(ApplicationFilterChain.java:193)
	at org.apache.catalina.core.ApplicationFilterChain.doFilter(ApplicationFilterChain.java:166)
	at org.springframework.web.filter.RequestContextFilter.doFilterInternal(RequestContextFilter.java:99)
	at org.springframework.web.filter.OncePerRequestFilter.doFilter(OncePerRequestFilter.java:107)
	at org.apache.catalina.core.ApplicationFilterChain.internalDoFilter(ApplicationFilterChain.java:193)
	at org.apache.catalina.core.ApplicationFilterChain.doFilter(ApplicationFilterChain.java:166)
	at org.springframework.web.filter.HttpPutFormContentFilter.doFilterInternal(HttpPutFormContentFilter.java:105)
	at org.springframework.web.filter.OncePerRequestFilter.doFilter(OncePerRequestFilter.java:107)
	at org.apache.catalina.core.ApplicationFilterChain.internalDoFilter(ApplicationFilterChain.java:193)
	at org.apache.catalina.core.ApplicationFilterChain.doFilter(ApplicationFilterChain.java:166)
	at org.springframework.web.filter.HiddenHttpMethodFilter.doFilterInternal(HiddenHttpMethodFilter.java:81)
	at org.springframework.web.filter.OncePerRequestFilter.doFilter(OncePerRequestFilter.java:107)
	at org.apache.catalina.core.ApplicationFilterChain.internalDoFilter(ApplicationFilterChain.java:193)
	at org.apache.catalina.core.ApplicationFilterChain.doFilter(ApplicationFilterChain.java:166)
	at org.springframework.web.filter.CharacterEncodingFilter.doFilterInternal(CharacterEncodingFilter.java:197)
	at org.springframework.web.filter.OncePerRequestFilter.doFilter(OncePerRequestFilter.java:107)
	at org.apache.catalina.core.ApplicationFilterChain.internalDoFilter(ApplicationFilterChain.java:193)
	at org.apache.catalina.core.ApplicationFilterChain.doFilter(ApplicationFilterChain.java:166)
	at org.apache.catalina.core.StandardWrapperValve.invoke(StandardWrapperValve.java:198)
	at org.apache.catalina.core.StandardContextValve.invoke(StandardContextValve.java:96)
	at org.apache.catalina.authenticator.AuthenticatorBase.invoke(AuthenticatorBase.java:478)
	at org.apache.catalina.core.StandardHostValve.invoke(StandardHostValve.java:140)
	at org.apache.catalina.valves.ErrorReportValve.invoke(ErrorReportValve.java:80)
	at org.apache.catalina.core.StandardEngineValve.invoke(StandardEngineValve.java:87)
	at org.apache.catalina.connector.CoyoteAdapter.service(CoyoteAdapter.java:342)
	at org.apache.coyote.http11.Http11Processor.service(Http11Processor.java:799)
	at org.apache.coyote.AbstractProcessorLight.process(AbstractProcessorLight.java:66)
	at org.apache.coyote.AbstractProtocol$ConnectionHandler.process(AbstractProtocol.java:868)
	at org.apache.tomcat.util.net.NioEndpoint$SocketProcessor.doRun(NioEndpoint.java:1455)
	at org.apache.tomcat.util.net.SocketProcessorBase.run(SocketProcessorBase.java:49)
	at java.util.concurrent.ThreadPoolExecutor.runWorker(ThreadPoolExecutor.java:1142)
	at java.util.concurrent.ThreadPoolExecutor$Worker.run(ThreadPoolExecutor.java:617)
	at org.apache.tomcat.util.threads.TaskThread$WrappingRunnable.run(TaskThread.java:61)
	at java.lang.Thread.run(Thread.java:745)
Caused by: javax.persistence.NonUniqueResultException: result returns more than one elements
	at org.hibernate.jpa.internal.QueryImpl.getSingleResult(QueryImpl.java:539)
	at org.hibernate.jpa.criteria.compile.CriteriaQueryTypeQueryAdapter.getSingleResult(CriteriaQueryTypeQueryAdapter.java:54)
	at org.springframework.data.jpa.repository.query.JpaQueryExecution$SingleEntityExecution.doExecute(JpaQueryExecution.java:206)
	at org.springframework.data.jpa.repository.query.JpaQueryExecution.execute(JpaQueryExecution.java:85)
	at org.springframework.data.jpa.repository.query.AbstractJpaQuery.doExecute(AbstractJpaQuery.java:116)
	at org.springframework.data.jpa.repository.query.AbstractJpaQuery.execute(AbstractJpaQuery.java:106)
	at org.springframework.data.repository.core.support.RepositoryFactorySupport$QueryExecutorMethodInterceptor.doInvoke(RepositoryFactorySupport.java:483)
	at org.springframework.data.repository.core.support.RepositoryFactorySupport$QueryExecutorMethodInterceptor.invoke(RepositoryFactorySupport.java:461)
	at org.springframework.aop.framework.ReflectiveMethodInvocation.proceed(ReflectiveMethodInvocation.java:179)
	at org.springframework.data.projection.DefaultMethodInvokingMethodInterceptor.invoke(DefaultMethodInvokingMethodInterceptor.java:56)
	at org.springframework.aop.framework.ReflectiveMethodInvocation.proceed(ReflectiveMethodInvocation.java:179)
	at org.springframework.transaction.interceptor.TransactionInterceptor$1.proceedWithInvocation(TransactionInterceptor.java:99)
	at org.springframework.transaction.interceptor.TransactionAspectSupport.invokeWithinTransaction(TransactionAspectSupport.java:282)
	at org.springframework.transaction.interceptor.TransactionInterceptor.invoke(TransactionInterceptor.java:96)
	at org.springframework.aop.framework.ReflectiveMethodInvocation.proceed(ReflectiveMethodInvocation.java:179)
	at org.springframework.dao.support.PersistenceExceptionTranslationInterceptor.invoke(PersistenceExceptionTranslationInterceptor.java:136)
	... 78 more
 
2019-04-11 11:15:52.852 |-ERROR [http-nio-8000-exec-1] com.pay.exception.GlobalControllerExceptionHandler [71] -| 统一异常处理: result returns more than one elements; nested exception is javax.persistence.NonUniqueResultException: result returns more than one elements org.springframework.dao.IncorrectResultSizeDataAccessException: result returns more than one elements; nested exception is javax.persistence.NonUniqueResultException: result returns more than one elements
	at org.springframework.orm.jpa.EntityManagerFactoryUtils.convertJpaAccessExceptionIfPossible(EntityManagerFactoryUtils.java:395)
	at org.springframework.orm.jpa.vendor.HibernateJpaDialect.translateExceptionIfPossible(HibernateJpaDialect.java:246)
	at org.springframework.orm.jpa.AbstractEntityManagerFactoryBean.translateExceptionIfPossible(AbstractEntityManagerFactoryBean.java:488)
	at org.springframework.dao.support.ChainedPersistenceExceptionTranslator.translateExceptionIfPossible(ChainedPersistenceExceptionTranslator.java:59)
	at org.springframework.dao.support.DataAccessUtils.translateIfNecessary(DataAccessUtils.java:213)
	at org.springframework.dao.support.PersistenceExceptionTranslationInterceptor.invoke(PersistenceExceptionTranslationInterceptor.java:147)
	at org.springframework.aop.framework.ReflectiveMethodInvocation.proceed(ReflectiveMethodInvocation.java:179)
	at org.springframework.data.jpa.repository.support.CrudMethodMetadataPostProcessor$CrudMethodMetadataPopulatingMethodInterceptor.invoke(CrudMethodMetadataPostProcessor.java:133)
	at org.springframework.aop.framework.ReflectiveMethodInvocation.proceed(ReflectiveMethodInvocation.java:179)
	at org.springframework.aop.interceptor.ExposeInvocationInterceptor.invoke(ExposeInvocationInterceptor.java:92)
	at org.springframework.aop.framework.ReflectiveMethodInvocation.proceed(ReflectiveMethodInvocation.java:179)
	at org.springframework.data.repository.core.support.SurroundingTransactionDetectorMethodInterceptor.invoke(SurroundingTransactionDetectorMethodInterceptor.java:57)
	at org.springframework.aop.framework.ReflectiveMethodInvocation.proceed(ReflectiveMethodInvocation.java:179)
	at org.springframework.aop.framework.JdkDynamicAopProxy.invoke(JdkDynamicAopProxy.java:213)
	at com.sun.proxy.$Proxy108.findInvoiceByOutTradeNo(Unknown Source)
	at com.pay.service.InvoiceService.lambda$importExcel$2(InvoiceService.java:390)
	at com.pay.service.InvoiceService$$Lambda$9/126240419.accept(Unknown Source)
	at java.util.ArrayList.forEach(ArrayList.java:1249)
	at com.pay.service.InvoiceService.importExcel(InvoiceService.java:377)
	at com.pay.service.InvoiceService$$FastClassBySpringCGLIB$$50a0fd4.invoke(<generated>)
	at org.springframework.cglib.proxy.MethodProxy.invoke(MethodProxy.java:204)
	at org.springframework.aop.framework.CglibAopProxy$CglibMethodInvocation.invokeJoinpoint(CglibAopProxy.java:738)
	at org.springframework.aop.framework.ReflectiveMethodInvocation.proceed(ReflectiveMethodInvocation.java:157)
	at org.springframework.transaction.interceptor.TransactionInterceptor$1.proceedWithInvocation(TransactionInterceptor.java:99)
	at org.springframework.transaction.interceptor.TransactionAspectSupport.invokeWithinTransaction(TransactionAspectSupport.java:282)
	at org.springframework.transaction.interceptor.TransactionInterceptor.invoke(TransactionInterceptor.java:96)
	at org.springframework.aop.framework.ReflectiveMethodInvocation.proceed(ReflectiveMethodInvocation.java:179)
	at org.springframework.aop.framework.CglibAopProxy$DynamicAdvisedInterceptor.intercept(CglibAopProxy.java:673)
	at com.pay.service.InvoiceService$$EnhancerBySpringCGLIB$$235f144b.importExcel(<generated>)
	at com.pay.controller.InvoiceController.importExcel(InvoiceController.java:96)
	at sun.reflect.NativeMethodAccessorImpl.invoke0(Native Method)
	at sun.reflect.NativeMethodAccessorImpl.invoke(NativeMethodAccessorImpl.java:62)
	at sun.reflect.DelegatingMethodAccessorImpl.invoke(DelegatingMethodAccessorImpl.java:43)
	at java.lang.reflect.Method.invoke(Method.java:497)
	at org.springframework.web.method.support.InvocableHandlerMethod.doInvoke(InvocableHandlerMethod.java:205)
	at org.springframework.web.method.support.InvocableHandlerMethod.invokeForRequest(InvocableHandlerMethod.java:133)
	at org.springframework.web.servlet.mvc.method.annotation.ServletInvocableHandlerMethod.invokeAndHandle(ServletInvocableHandlerMethod.java:97)
	at org.springframework.web.servlet.mvc.method.annotation.RequestMappingHandlerAdapter.invokeHandlerMethod(RequestMappingHandlerAdapter.java:827)
	at org.springframework.web.servlet.mvc.method.annotation.RequestMappingHandlerAdapter.handleInternal(RequestMappingHandlerAdapter.java:738)
	at org.springframework.web.servlet.mvc.method.AbstractHandlerMethodAdapter.handle(AbstractHandlerMethodAdapter.java:85)
	at org.springframework.web.servlet.DispatcherServlet.doDispatch(DispatcherServlet.java:967)
	at org.springframework.web.servlet.DispatcherServlet.doService(DispatcherServlet.java:901)
	at org.springframework.web.servlet.FrameworkServlet.processRequest(FrameworkServlet.java:970)
	at org.springframework.web.servlet.FrameworkServlet.doPost(FrameworkServlet.java:872)
	at javax.servlet.http.HttpServlet.service(HttpServlet.java:661)
	at org.springframework.web.servlet.FrameworkServlet.service(FrameworkServlet.java:846)
	at javax.servlet.http.HttpServlet.service(HttpServlet.java:742)
	at org.apache.catalina.core.ApplicationFilterChain.internalDoFilter(ApplicationFilterChain.java:231)
	at org.apache.catalina.core.ApplicationFilterChain.doFilter(ApplicationFilterChain.java:166)
	at org.apache.tomcat.websocket.server.WsFilter.doFilter(WsFilter.java:52)
	at org.apache.catalina.core.ApplicationFilterChain.internalDoFilter(ApplicationFilterChain.java:193)
	at org.apache.catalina.core.ApplicationFilterChain.doFilter(ApplicationFilterChain.java:166)
	at org.springframework.web.filter.RequestContextFilter.doFilterInternal(RequestContextFilter.java:99)
	at org.springframework.web.filter.OncePerRequestFilter.doFilter(OncePerRequestFilter.java:107)
	at org.apache.catalina.core.ApplicationFilterChain.internalDoFilter(ApplicationFilterChain.java:193)
	at org.apache.catalina.core.ApplicationFilterChain.doFilter(ApplicationFilterChain.java:166)
	at org.springframework.web.filter.HttpPutFormContentFilter.doFilterInternal(HttpPutFormContentFilter.java:105)
	at org.springframework.web.filter.OncePerRequestFilter.doFilter(OncePerRequestFilter.java:107)
	at org.apache.catalina.core.ApplicationFilterChain.internalDoFilter(ApplicationFilterChain.java:193)
	at org.apache.catalina.core.ApplicationFilterChain.doFilter(ApplicationFilterChain.java:166)
	at org.springframework.web.filter.HiddenHttpMethodFilter.doFilterInternal(HiddenHttpMethodFilter.java:81)
	at org.springframework.web.filter.OncePerRequestFilter.doFilter(OncePerRequestFilter.java:107)
	at org.apache.catalina.core.ApplicationFilterChain.internalDoFilter(ApplicationFilterChain.java:193)
	at org.apache.catalina.core.ApplicationFilterChain.doFilter(ApplicationFilterChain.java:166)
	at org.springframework.web.filter.CharacterEncodingFilter.doFilterInternal(CharacterEncodingFilter.java:197)
	at org.springframework.web.filter.OncePerRequestFilter.doFilter(OncePerRequestFilter.java:107)
	at org.apache.catalina.core.ApplicationFilterChain.internalDoFilter(ApplicationFilterChain.java:193)
	at org.apache.catalina.core.ApplicationFilterChain.doFilter(ApplicationFilterChain.java:166)
	at org.apache.catalina.core.StandardWrapperValve.invoke(StandardWrapperValve.java:198)
	at org.apache.catalina.core.StandardContextValve.invoke(StandardContextValve.java:96)
	at org.apache.catalina.authenticator.AuthenticatorBase.invoke(AuthenticatorBase.java:478)
	at org.apache.catalina.core.StandardHostValve.invoke(StandardHostValve.java:140)
	at org.apache.catalina.valves.ErrorReportValve.invoke(ErrorReportValve.java:80)
	at org.apache.catalina.core.StandardEngineValve.invoke(StandardEngineValve.java:87)
	at org.apache.catalina.connector.CoyoteAdapter.service(CoyoteAdapter.java:342)
	at org.apache.coyote.http11.Http11Processor.service(Http11Processor.java:799)
	at org.apache.coyote.AbstractProcessorLight.process(AbstractProcessorLight.java:66)
	at org.apache.coyote.AbstractProtocol$ConnectionHandler.process(AbstractProtocol.java:868)
	at org.apache.tomcat.util.net.NioEndpoint$SocketProcessor.doRun(NioEndpoint.java:1455)
	at org.apache.tomcat.util.net.SocketProcessorBase.run(SocketProcessorBase.java:49)
	at java.util.concurrent.ThreadPoolExecutor.runWorker(ThreadPoolExecutor.java:1142)
	at java.util.concurrent.ThreadPoolExecutor$Worker.run(ThreadPoolExecutor.java:617)
	at org.apache.tomcat.util.threads.TaskThread$WrappingRunnable.run(TaskThread.java:61)
	at java.lang.Thread.run(Thread.java:745)
Caused by: javax.persistence.NonUniqueResultException: result returns more than one elements
	at org.hibernate.jpa.internal.QueryImpl.getSingleResult(QueryImpl.java:539)
	at org.hibernate.jpa.criteria.compile.CriteriaQueryTypeQueryAdapter.getSingleResult(CriteriaQueryTypeQueryAdapter.java:54)
	at org.springframework.data.jpa.repository.query.JpaQueryExecution$SingleEntityExecution.doExecute(JpaQueryExecution.java:206)
	at org.springframework.data.jpa.repository.query.JpaQueryExecution.execute(JpaQueryExecution.java:85)
	at org.springframework.data.jpa.repository.query.AbstractJpaQuery.doExecute(AbstractJpaQuery.java:116)
	at org.springframework.data.jpa.repository.query.AbstractJpaQuery.execute(AbstractJpaQuery.java:106)
	at org.springframework.data.repository.core.support.RepositoryFactorySupport$QueryExecutorMethodInterceptor.doInvoke(RepositoryFactorySupport.java:483)
	at org.springframework.data.repository.core.support.RepositoryFactorySupport$QueryExecutorMethodInterceptor.invoke(RepositoryFactorySupport.java:461)
	at org.springframework.aop.framework.ReflectiveMethodInvocation.proceed(ReflectiveMethodInvocation.java:179)
	at org.springframework.data.projection.DefaultMethodInvokingMethodInterceptor.invoke(DefaultMethodInvokingMethodInterceptor.java:56)
	at org.springframework.aop.framework.ReflectiveMethodInvocation.proceed(ReflectiveMethodInvocation.java:179)
	at org.springframework.transaction.interceptor.TransactionInterceptor$1.proceedWithInvocation(TransactionInterceptor.java:99)
	at org.springframework.transaction.interceptor.TransactionAspectSupport.invokeWithinTransaction(TransactionAspectSupport.java:282)
	at org.springframework.transaction.interceptor.TransactionInterceptor.invoke(TransactionInterceptor.java:96)
	at org.springframework.aop.framework.ReflectiveMethodInvocation.proceed(ReflectiveMethodInvocation.java:179)
	at org.springframework.dao.support.PersistenceExceptionTranslationInterceptor.invoke(PersistenceExceptionTranslationInterceptor.java:136)
	... 78 more
 
2019-04-11 17:20:59.152 |-ERROR [Thread-61] org.hibernate.engine.jdbc.spi.SqlExceptionHelper [129] -| Column 'code' cannot be null
2019-04-11 17:20:59.153 |-ERROR [Thread-4] org.hibernate.engine.jdbc.spi.SqlExceptionHelper [129] -| Column 'code' cannot be null
2019-04-11 17:20:59.154 |-ERROR [Thread-193] org.hibernate.engine.jdbc.spi.SqlExceptionHelper [129] -| Column 'code' cannot be null
2019-04-11 17:20:59.155 |-ERROR [Thread-33] org.hibernate.engine.jdbc.spi.SqlExceptionHelper [129] -| Column 'code' cannot be null
2019-04-11 17:20:59.155 |-ERROR [Thread-40] org.hibernate.engine.jdbc.spi.SqlExceptionHelper [129] -| Column 'code' cannot be null
2019-04-11 17:20:59.157 |-ERROR [Thread-45] org.hibernate.engine.jdbc.spi.SqlExceptionHelper [129] -| Column 'code' cannot be null
2019-04-11 17:20:59.157 |-ERROR [Thread-201] org.hibernate.engine.jdbc.spi.SqlExceptionHelper [129] -| Column 'code' cannot be null
2019-04-11 17:20:59.158 |-ERROR [Thread-79] org.hibernate.engine.jdbc.spi.SqlExceptionHelper [129] -| Column 'code' cannot be null
2019-04-11 17:20:59.159 |-ERROR [Thread-5] org.hibernate.engine.jdbc.spi.SqlExceptionHelper [129] -| Column 'code' cannot be null
2019-04-11 17:20:59.161 |-ERROR [Thread-202] org.hibernate.engine.jdbc.spi.SqlExceptionHelper [129] -| Column 'code' cannot be null
2019-04-11 17:20:59.162 |-ERROR [Thread-81] org.hibernate.engine.jdbc.spi.SqlExceptionHelper [129] -| Column 'code' cannot be null
2019-04-11 17:20:59.164 |-ERROR [Thread-28] org.hibernate.engine.jdbc.spi.SqlExceptionHelper [129] -| Column 'code' cannot be null
2019-04-11 17:20:59.165 |-ERROR [Thread-66] org.hibernate.engine.jdbc.spi.SqlExceptionHelper [129] -| Column 'code' cannot be null
2019-04-11 17:20:59.166 |-ERROR [Thread-87] org.hibernate.engine.jdbc.spi.SqlExceptionHelper [129] -| Column 'code' cannot be null
2019-04-11 17:20:59.167 |-ERROR [Thread-21] org.hibernate.engine.jdbc.spi.SqlExceptionHelper [129] -| Column 'code' cannot be null
2019-04-11 17:20:59.168 |-ERROR [Thread-7] org.hibernate.engine.jdbc.spi.SqlExceptionHelper [129] -| Column 'code' cannot be null
2019-04-11 17:20:59.169 |-ERROR [Thread-64] org.hibernate.engine.jdbc.spi.SqlExceptionHelper [129] -| Column 'code' cannot be null
2019-04-11 17:20:59.170 |-ERROR [Thread-14] org.hibernate.engine.jdbc.spi.SqlExceptionHelper [129] -| Column 'code' cannot be null
2019-04-11 17:20:59.178 |-ERROR [Thread-83] org.hibernate.engine.jdbc.spi.SqlExceptionHelper [129] -| Column 'code' cannot be null
2019-04-11 17:20:59.181 |-ERROR [Thread-91] org.hibernate.engine.jdbc.spi.SqlExceptionHelper [129] -| Column 'code' cannot be null
2019-04-11 17:20:59.181 |-ERROR [Thread-19] org.hibernate.engine.jdbc.spi.SqlExceptionHelper [129] -| Column 'code' cannot be null
2019-04-11 17:20:59.183 |-ERROR [Thread-25] org.hibernate.engine.jdbc.spi.SqlExceptionHelper [129] -| Column 'code' cannot be null
2019-04-11 17:20:59.198 |-ERROR [Thread-49] org.hibernate.engine.jdbc.spi.SqlExceptionHelper [129] -| Column 'code' cannot be null
2019-04-11 17:20:59.205 |-ERROR [Thread-57] org.hibernate.engine.jdbc.spi.SqlExceptionHelper [129] -| Column 'code' cannot be null
2019-04-11 17:20:59.228 |-ERROR [Thread-139] org.hibernate.engine.jdbc.spi.SqlExceptionHelper [129] -| Column 'code' cannot be null
2019-04-11 17:20:59.229 |-ERROR [Thread-103] org.hibernate.engine.jdbc.spi.SqlExceptionHelper [129] -| Column 'code' cannot be null
2019-04-11 17:20:59.230 |-ERROR [Thread-102] org.hibernate.engine.jdbc.spi.SqlExceptionHelper [129] -| Column 'code' cannot be null
2019-04-11 17:20:59.231 |-ERROR [Thread-106] org.hibernate.engine.jdbc.spi.SqlExceptionHelper [129] -| Column 'code' cannot be null
2019-04-11 17:20:59.232 |-ERROR [Thread-104] org.hibernate.engine.jdbc.spi.SqlExceptionHelper [129] -| Column 'code' cannot be null
2019-04-11 17:20:59.234 |-ERROR [Thread-105] org.hibernate.engine.jdbc.spi.SqlExceptionHelper [129] -| Column 'code' cannot be null
2019-04-11 17:20:59.236 |-ERROR [Thread-35] org.hibernate.engine.jdbc.spi.SqlExceptionHelper [129] -| Column 'code' cannot be null
2019-04-11 17:20:59.239 |-ERROR [Thread-70] org.hibernate.engine.jdbc.spi.SqlExceptionHelper [129] -| Column 'code' cannot be null
2019-04-11 17:20:59.242 |-ERROR [Thread-11] org.hibernate.engine.jdbc.spi.SqlExceptionHelper [129] -| Column 'code' cannot be null
2019-04-11 17:20:59.250 |-ERROR [Thread-10] org.hibernate.engine.jdbc.spi.SqlExceptionHelper [129] -| Column 'code' cannot be null
2019-04-11 17:20:59.252 |-ERROR [Thread-16] org.hibernate.engine.jdbc.spi.SqlExceptionHelper [129] -| Column 'code' cannot be null
2019-04-11 17:20:59.257 |-ERROR [Thread-46] org.hibernate.engine.jdbc.spi.SqlExceptionHelper [129] -| Column 'code' cannot be null
2019-04-11 17:20:59.267 |-ERROR [Thread-137] org.hibernate.engine.jdbc.spi.SqlExceptionHelper [129] -| Column 'code' cannot be null
2019-04-11 17:20:59.274 |-ERROR [Thread-54] org.hibernate.engine.jdbc.spi.SqlExceptionHelper [129] -| Column 'code' cannot be null
2019-04-11 17:20:59.284 |-ERROR [Thread-65] org.hibernate.engine.jdbc.spi.SqlExceptionHelper [129] -| Column 'code' cannot be null
2019-04-11 17:20:59.304 |-ERROR [Thread-138] org.hibernate.engine.jdbc.spi.SqlExceptionHelper [129] -| Column 'code' cannot be null
2019-04-11 17:20:59.315 |-ERROR [Thread-99] org.hibernate.engine.jdbc.spi.SqlExceptionHelper [129] -| Column 'code' cannot be null
2019-04-11 17:20:59.318 |-ERROR [Thread-122] org.hibernate.engine.jdbc.spi.SqlExceptionHelper [129] -| Column 'code' cannot be null
2019-04-11 17:20:59.320 |-ERROR [Thread-158] org.hibernate.engine.jdbc.spi.SqlExceptionHelper [129] -| Column 'code' cannot be null
2019-04-11 17:20:59.320 |-ERROR [Thread-159] org.hibernate.engine.jdbc.spi.SqlExceptionHelper [129] -| Column 'code' cannot be null
2019-04-11 17:20:59.323 |-ERROR [Thread-160] org.hibernate.engine.jdbc.spi.SqlExceptionHelper [129] -| Column 'code' cannot be null
2019-04-11 17:20:59.325 |-ERROR [Thread-98] org.hibernate.engine.jdbc.spi.SqlExceptionHelper [129] -| Column 'code' cannot be null
2019-04-11 17:20:59.330 |-ERROR [Thread-59] org.hibernate.engine.jdbc.spi.SqlExceptionHelper [129] -| Column 'code' cannot be null
2019-04-11 17:20:59.339 |-ERROR [Thread-36] org.hibernate.engine.jdbc.spi.SqlExceptionHelper [129] -| Column 'code' cannot be null
2019-04-11 17:20:59.341 |-ERROR [Thread-56] org.hibernate.engine.jdbc.spi.SqlExceptionHelper [129] -| Column 'code' cannot be null
2019-04-11 17:20:59.342 |-ERROR [Thread-12] org.hibernate.engine.jdbc.spi.SqlExceptionHelper [129] -| Column 'code' cannot be null
2019-04-11 17:20:59.343 |-ERROR [Thread-58] org.hibernate.engine.jdbc.spi.SqlExceptionHelper [129] -| Column 'code' cannot be null
2019-04-11 17:20:59.346 |-ERROR [Thread-13] org.hibernate.engine.jdbc.spi.SqlExceptionHelper [129] -| Column 'code' cannot be null
2019-04-11 17:20:59.349 |-ERROR [Thread-47] org.hibernate.engine.jdbc.spi.SqlExceptionHelper [129] -| Column 'code' cannot be null
2019-04-11 17:20:59.364 |-ERROR [Thread-161] org.hibernate.engine.jdbc.spi.SqlExceptionHelper [129] -| Column 'code' cannot be null
2019-04-11 17:20:59.394 |-ERROR [Thread-154] org.hibernate.engine.jdbc.spi.SqlExceptionHelper [129] -| Column 'code' cannot be null
2019-04-11 17:20:59.395 |-ERROR [Thread-119] org.hibernate.engine.jdbc.spi.SqlExceptionHelper [129] -| Column 'code' cannot be null
2019-04-11 17:20:59.398 |-ERROR [Thread-48] org.hibernate.engine.jdbc.spi.SqlExceptionHelper [129] -| Column 'code' cannot be null
2019-04-11 17:20:59.399 |-ERROR [Thread-18] org.hibernate.engine.jdbc.spi.SqlExceptionHelper [129] -| Column 'code' cannot be null
2019-04-11 17:20:59.407 |-ERROR [Thread-117] org.hibernate.engine.jdbc.spi.SqlExceptionHelper [129] -| Column 'code' cannot be null
2019-04-11 17:20:59.412 |-ERROR [Thread-39] org.hibernate.engine.jdbc.spi.SqlExceptionHelper [129] -| Column 'code' cannot be null
2019-04-11 17:20:59.415 |-ERROR [Thread-95] org.hibernate.engine.jdbc.spi.SqlExceptionHelper [129] -| Column 'code' cannot be null
2019-04-11 17:20:59.416 |-ERROR [Thread-82] org.hibernate.engine.jdbc.spi.SqlExceptionHelper [129] -| Column 'code' cannot be null
2019-04-11 17:20:59.418 |-ERROR [Thread-55] org.hibernate.engine.jdbc.spi.SqlExceptionHelper [129] -| Column 'code' cannot be null
2019-04-11 17:20:59.420 |-ERROR [Thread-30] org.hibernate.engine.jdbc.spi.SqlExceptionHelper [129] -| Column 'code' cannot be null
2019-04-11 17:20:59.421 |-ERROR [Thread-166] org.hibernate.engine.jdbc.spi.SqlExceptionHelper [129] -| Column 'code' cannot be null
2019-04-11 17:20:59.422 |-ERROR [Thread-130] org.hibernate.engine.jdbc.spi.SqlExceptionHelper [129] -| Column 'code' cannot be null
2019-04-11 17:20:59.425 |-ERROR [Thread-24] org.hibernate.engine.jdbc.spi.SqlExceptionHelper [129] -| Column 'code' cannot be null
2019-04-11 17:20:59.427 |-ERROR [Thread-9] org.hibernate.engine.jdbc.spi.SqlExceptionHelper [129] -| Column 'code' cannot be null
2019-04-11 17:20:59.429 |-ERROR [Thread-60] org.hibernate.engine.jdbc.spi.SqlExceptionHelper [129] -| Column 'code' cannot be null
2019-04-11 17:20:59.431 |-ERROR [Thread-15] org.hibernate.engine.jdbc.spi.SqlExceptionHelper [129] -| Column 'code' cannot be null
2019-04-11 17:20:59.436 |-ERROR [Thread-23] org.hibernate.engine.jdbc.spi.SqlExceptionHelper [129] -| Column 'code' cannot be null
2019-04-11 17:20:59.440 |-ERROR [Thread-38] org.hibernate.engine.jdbc.spi.SqlExceptionHelper [129] -| Column 'code' cannot be null
2019-04-11 17:20:59.446 |-ERROR [Thread-90] org.hibernate.engine.jdbc.spi.SqlExceptionHelper [129] -| Column 'code' cannot be null
2019-04-11 17:20:59.458 |-ERROR [Thread-17] org.hibernate.engine.jdbc.spi.SqlExceptionHelper [129] -| Column 'code' cannot be null
2019-04-11 17:20:59.465 |-ERROR [Thread-75] org.hibernate.engine.jdbc.spi.SqlExceptionHelper [129] -| Column 'code' cannot be null
2019-04-11 17:20:59.467 |-ERROR [Thread-147] org.hibernate.engine.jdbc.spi.SqlExceptionHelper [129] -| Column 'code' cannot be null
2019-04-11 17:20:59.470 |-ERROR [Thread-50] org.hibernate.engine.jdbc.spi.SqlExceptionHelper [129] -| Column 'code' cannot be null
2019-04-11 17:20:59.471 |-ERROR [Thread-8] org.hibernate.engine.jdbc.spi.SqlExceptionHelper [129] -| Column 'code' cannot be null
2019-04-11 17:20:59.472 |-ERROR [Thread-43] org.hibernate.engine.jdbc.spi.SqlExceptionHelper [129] -| Column 'code' cannot be null
2019-04-11 17:20:59.473 |-ERROR [Thread-78] org.hibernate.engine.jdbc.spi.SqlExceptionHelper [129] -| Column 'code' cannot be null
2019-04-11 17:20:59.480 |-ERROR [Thread-37] org.hibernate.engine.jdbc.spi.SqlExceptionHelper [129] -| Column 'code' cannot be null
2019-04-11 17:20:59.481 |-ERROR [Thread-34] org.hibernate.engine.jdbc.spi.SqlExceptionHelper [129] -| Column 'code' cannot be null
2019-04-11 17:20:59.513 |-ERROR [Thread-178] org.hibernate.engine.jdbc.spi.SqlExceptionHelper [129] -| Column 'code' cannot be null
2019-04-11 17:20:59.515 |-ERROR [Thread-180] org.hibernate.engine.jdbc.spi.SqlExceptionHelper [129] -| Column 'code' cannot be null
2019-04-11 17:20:59.519 |-ERROR [Thread-141] org.hibernate.engine.jdbc.spi.SqlExceptionHelper [129] -| Column 'code' cannot be null
2019-04-11 17:20:59.522 |-ERROR [Thread-41] org.hibernate.engine.jdbc.spi.SqlExceptionHelper [129] -| Column 'code' cannot be null
2019-04-11 17:20:59.483 |-ERROR [Thread-20] org.hibernate.engine.jdbc.spi.SqlExceptionHelper [129] -| Column 'code' cannot be null
2019-04-11 17:20:59.527 |-ERROR [Thread-29] org.hibernate.engine.jdbc.spi.SqlExceptionHelper [129] -| Column 'code' cannot be null
2019-04-11 17:20:59.546 |-ERROR [Thread-74] org.hibernate.engine.jdbc.spi.SqlExceptionHelper [129] -| Column 'code' cannot be null
2019-04-11 17:20:59.563 |-ERROR [Thread-96] org.hibernate.engine.jdbc.spi.SqlExceptionHelper [129] -| Column 'code' cannot be null
2019-04-11 17:20:59.585 |-ERROR [Thread-44] org.hibernate.engine.jdbc.spi.SqlExceptionHelper [129] -| Column 'code' cannot be null
2019-04-11 17:20:59.588 |-ERROR [Thread-51] org.hibernate.engine.jdbc.spi.SqlExceptionHelper [129] -| Column 'code' cannot be null
2019-04-11 17:20:59.589 |-ERROR [Thread-26] org.hibernate.engine.jdbc.spi.SqlExceptionHelper [129] -| Column 'code' cannot be null
2019-04-11 17:20:59.591 |-ERROR [Thread-22] org.hibernate.engine.jdbc.spi.SqlExceptionHelper [129] -| Column 'code' cannot be null
2019-04-11 17:20:59.591 |-ERROR [Thread-203] org.hibernate.engine.jdbc.spi.SqlExceptionHelper [129] -| Column 'code' cannot be null
2019-04-11 17:20:59.592 |-ERROR [Thread-92] org.hibernate.engine.jdbc.spi.SqlExceptionHelper [129] -| Column 'code' cannot be null
2019-04-11 17:20:59.593 |-ERROR [Thread-53] org.hibernate.engine.jdbc.spi.SqlExceptionHelper [129] -| Column 'code' cannot be null
2019-04-11 17:20:59.595 |-ERROR [Thread-97] org.hibernate.engine.jdbc.spi.SqlExceptionHelper [129] -| Column 'code' cannot be null
2019-04-11 17:20:59.598 |-ERROR [Thread-86] org.hibernate.engine.jdbc.spi.SqlExceptionHelper [129] -| Column 'code' cannot be null
2019-04-11 17:20:59.600 |-ERROR [Thread-67] org.hibernate.engine.jdbc.spi.SqlExceptionHelper [129] -| Column 'code' cannot be null
2019-04-11 17:20:59.601 |-ERROR [Thread-77] org.hibernate.engine.jdbc.spi.SqlExceptionHelper [129] -| Column 'code' cannot be null
2019-04-11 17:20:59.602 |-ERROR [Thread-62] org.hibernate.engine.jdbc.spi.SqlExceptionHelper [129] -| Column 'code' cannot be null
2019-04-11 17:20:59.603 |-ERROR [Thread-72] org.hibernate.engine.jdbc.spi.SqlExceptionHelper [129] -| Column 'code' cannot be null
2019-04-11 17:20:59.604 |-ERROR [Thread-94] org.hibernate.engine.jdbc.spi.SqlExceptionHelper [129] -| Column 'code' cannot be null
2019-04-11 17:20:59.604 |-ERROR [Thread-76] org.hibernate.engine.jdbc.spi.SqlExceptionHelper [129] -| Column 'code' cannot be null
2019-04-11 17:20:59.605 |-ERROR [Thread-52] org.hibernate.engine.jdbc.spi.SqlExceptionHelper [129] -| Column 'code' cannot be null
2019-04-11 17:20:59.606 |-ERROR [Thread-71] org.hibernate.engine.jdbc.spi.SqlExceptionHelper [129] -| Column 'code' cannot be null
2019-04-11 17:20:59.608 |-ERROR [Thread-84] org.hibernate.engine.jdbc.spi.SqlExceptionHelper [129] -| Column 'code' cannot be null
2019-04-11 17:20:59.614 |-ERROR [Thread-63] org.hibernate.engine.jdbc.spi.SqlExceptionHelper [129] -| Column 'code' cannot be null
2019-04-11 17:20:59.615 |-ERROR [Thread-88] org.hibernate.engine.jdbc.spi.SqlExceptionHelper [129] -| Column 'code' cannot be null
2019-04-11 17:20:59.152 |-ERROR [Thread-31] org.hibernate.engine.jdbc.spi.SqlExceptionHelper [129] -| Column 'code' cannot be null
2019-04-11 17:20:59.152 |-ERROR [Thread-89] org.hibernate.engine.jdbc.spi.SqlExceptionHelper [129] -| Column 'code' cannot be null
2019-04-11 17:20:59.618 |-ERROR [Thread-93] org.hibernate.engine.jdbc.spi.SqlExceptionHelper [129] -| Column 'code' cannot be null
2019-04-11 17:20:59.621 |-ERROR [Thread-27] org.hibernate.engine.jdbc.spi.SqlExceptionHelper [129] -| Column 'code' cannot be null
2019-04-11 17:20:59.154 |-ERROR [Thread-6] org.hibernate.engine.jdbc.spi.SqlExceptionHelper [129] -| Column 'code' cannot be null
2019-04-11 17:20:59.154 |-ERROR [Thread-199] org.hibernate.engine.jdbc.spi.SqlExceptionHelper [129] -| Column 'code' cannot be null
2019-04-11 17:20:59.630 |-ERROR [Thread-73] org.hibernate.engine.jdbc.spi.SqlExceptionHelper [129] -| Column 'code' cannot be null
2019-04-11 17:20:59.634 |-ERROR [Thread-32] org.hibernate.engine.jdbc.spi.SqlExceptionHelper [129] -| Column 'code' cannot be null
2019-04-11 17:20:59.634 |-ERROR [Thread-42] org.hibernate.engine.jdbc.spi.SqlExceptionHelper [129] -| Column 'code' cannot be null
2019-04-11 17:20:59.638 |-ERROR [Thread-69] org.hibernate.engine.jdbc.spi.SqlExceptionHelper [129] -| Column 'code' cannot be null
2019-04-11 17:20:59.640 |-ERROR [Thread-136] org.hibernate.engine.jdbc.spi.SqlExceptionHelper [129] -| Column 'code' cannot be null
2019-04-11 17:20:59.394 |-ERROR [Thread-80] org.hibernate.engine.jdbc.spi.SqlExceptionHelper [129] -| Column 'code' cannot be null
2019-04-11 17:20:59.641 |-ERROR [Thread-165] org.hibernate.engine.jdbc.spi.SqlExceptionHelper [129] -| Column 'code' cannot be null
2019-04-11 17:20:59.642 |-ERROR [Thread-120] org.hibernate.engine.jdbc.spi.SqlExceptionHelper [129] -| Column 'code' cannot be null
2019-04-11 17:20:59.646 |-ERROR [Thread-169] org.hibernate.engine.jdbc.spi.SqlExceptionHelper [129] -| Column 'code' cannot be null
2019-04-11 17:20:59.650 |-ERROR [Thread-167] org.hibernate.engine.jdbc.spi.SqlExceptionHelper [129] -| Column 'code' cannot be null
2019-04-11 17:20:59.652 |-ERROR [Thread-145] org.hibernate.engine.jdbc.spi.SqlExceptionHelper [129] -| Column 'code' cannot be null
2019-04-11 17:20:59.653 |-ERROR [Thread-171] org.hibernate.engine.jdbc.spi.SqlExceptionHelper [129] -| Column 'code' cannot be null
2019-04-11 17:20:59.655 |-ERROR [Thread-134] org.hibernate.engine.jdbc.spi.SqlExceptionHelper [129] -| Column 'code' cannot be null
2019-04-11 17:20:59.591 |-ERROR [Thread-85] org.hibernate.engine.jdbc.spi.SqlExceptionHelper [129] -| Column 'code' cannot be null
2019-04-11 17:20:59.600 |-ERROR [Thread-68] org.hibernate.engine.jdbc.spi.SqlExceptionHelper [129] -| Column 'code' cannot be null
2019-04-11 17:20:59.601 |-ERROR [Thread-200] org.hibernate.engine.jdbc.spi.SqlExceptionHelper [129] -| Column 'code' cannot be null
