2017-12-11 08:47:57.423 |-ERROR [http-nio-8000-exec-1] com.pay.exception.GlobalControllerExceptionHandler [71] -| 统一异常处理: Request method 'GET' not supported org.springframework.web.HttpRequestMethodNotSupportedException: Request method 'GET' not supported
	at org.springframework.web.servlet.mvc.method.RequestMappingInfoHandlerMapping.handleNoMatch(RequestMappingInfoHandlerMapping.java:207)
	at org.springframework.web.servlet.handler.AbstractHandlerMethodMapping.lookupHandlerMethod(AbstractHandlerMethodMapping.java:374)
	at org.springframework.web.servlet.handler.AbstractHandlerMethodMapping.getHandlerInternal(AbstractHandlerMethodMapping.java:314)
	at org.springframework.web.servlet.handler.AbstractHandlerMethodMapping.getHandlerInternal(AbstractHandlerMethodMapping.java:61)
	at org.springframework.web.servlet.handler.AbstractHandlerMapping.getHandler(AbstractHandlerMapping.java:352)
	at org.springframework.web.servlet.DispatcherServlet.getHandler(DispatcherServlet.java:1160)
	at org.springframework.web.servlet.DispatcherServlet.doDispatch(DispatcherServlet.java:940)
	at org.springframework.web.servlet.DispatcherServlet.doService(DispatcherServlet.java:901)
	at org.springframework.web.servlet.FrameworkServlet.processRequest(FrameworkServlet.java:970)
	at org.springframework.web.servlet.FrameworkServlet.doGet(FrameworkServlet.java:861)
	at javax.servlet.http.HttpServlet.service(HttpServlet.java:635)
	at org.springframework.web.servlet.FrameworkServlet.service(FrameworkServlet.java:846)
	at javax.servlet.http.HttpServlet.service(HttpServlet.java:742)
	at org.apache.catalina.core.ApplicationFilterChain.internalDoFilter(ApplicationFilterChain.java:231)
	at org.apache.catalina.core.ApplicationFilterChain.doFilter(ApplicationFilterChain.java:166)
	at org.apache.tomcat.websocket.server.WsFilter.doFilter(WsFilter.java:52)
	at org.apache.catalina.core.ApplicationFilterChain.internalDoFilter(ApplicationFilterChain.java:193)
	at org.apache.catalina.core.ApplicationFilterChain.doFilter(ApplicationFilterChain.java:166)
	at org.springframework.web.filter.RequestContextFilter.doFilterInternal(RequestContextFilter.java:99)
	at org.springframework.web.filter.OncePerRequestFilter.doFilter(OncePerRequestFilter.java:107)
	at org.apache.catalina.core.ApplicationFilterChain.internalDoFilter(ApplicationFilterChain.java:193)
	at org.apache.catalina.core.ApplicationFilterChain.doFilter(ApplicationFilterChain.java:166)
	at org.springframework.web.filter.HttpPutFormContentFilter.doFilterInternal(HttpPutFormContentFilter.java:105)
	at org.springframework.web.filter.OncePerRequestFilter.doFilter(OncePerRequestFilter.java:107)
	at org.apache.catalina.core.ApplicationFilterChain.internalDoFilter(ApplicationFilterChain.java:193)
	at org.apache.catalina.core.ApplicationFilterChain.doFilter(ApplicationFilterChain.java:166)
	at org.springframework.web.filter.HiddenHttpMethodFilter.doFilterInternal(HiddenHttpMethodFilter.java:81)
	at org.springframework.web.filter.OncePerRequestFilter.doFilter(OncePerRequestFilter.java:107)
	at org.apache.catalina.core.ApplicationFilterChain.internalDoFilter(ApplicationFilterChain.java:193)
	at org.apache.catalina.core.ApplicationFilterChain.doFilter(ApplicationFilterChain.java:166)
	at org.springframework.web.filter.CharacterEncodingFilter.doFilterInternal(CharacterEncodingFilter.java:197)
	at org.springframework.web.filter.OncePerRequestFilter.doFilter(OncePerRequestFilter.java:107)
	at org.apache.catalina.core.ApplicationFilterChain.internalDoFilter(ApplicationFilterChain.java:193)
	at org.apache.catalina.core.ApplicationFilterChain.doFilter(ApplicationFilterChain.java:166)
	at org.apache.catalina.core.StandardWrapperValve.invoke(StandardWrapperValve.java:198)
	at org.apache.catalina.core.StandardContextValve.invoke(StandardContextValve.java:96)
	at org.apache.catalina.authenticator.AuthenticatorBase.invoke(AuthenticatorBase.java:478)
	at org.apache.catalina.core.StandardHostValve.invoke(StandardHostValve.java:140)
	at org.apache.catalina.valves.ErrorReportValve.invoke(ErrorReportValve.java:80)
	at org.apache.catalina.core.StandardEngineValve.invoke(StandardEngineValve.java:87)
	at org.apache.catalina.connector.CoyoteAdapter.service(CoyoteAdapter.java:342)
	at org.apache.coyote.http11.Http11Processor.service(Http11Processor.java:799)
	at org.apache.coyote.AbstractProcessorLight.process(AbstractProcessorLight.java:66)
	at org.apache.coyote.AbstractProtocol$ConnectionHandler.process(AbstractProtocol.java:868)
	at org.apache.tomcat.util.net.NioEndpoint$SocketProcessor.doRun(NioEndpoint.java:1455)
	at org.apache.tomcat.util.net.SocketProcessorBase.run(SocketProcessorBase.java:49)
	at java.util.concurrent.ThreadPoolExecutor.runWorker(ThreadPoolExecutor.java:1142)
	at java.util.concurrent.ThreadPoolExecutor$Worker.run(ThreadPoolExecutor.java:617)
	at org.apache.tomcat.util.threads.TaskThread$WrappingRunnable.run(TaskThread.java:61)
	at java.lang.Thread.run(Thread.java:745)
 
2017-12-11 08:55:49.480 |-ERROR [http-nio-8000-exec-2] com.pay.exception.GlobalControllerExceptionHandler [71] -| 统一异常处理: Could not parse multipart servlet request; nested exception is java.io.IOException: The temporary upload location [C:\Users\www78\AppData\Local\Temp\tomcat.7528110144073920673.8000\work\Tomcat\localhost\pay] is not valid org.springframework.web.multipart.MultipartException: Could not parse multipart servlet request; nested exception is java.io.IOException: The temporary upload location [C:\Users\www78\AppData\Local\Temp\tomcat.7528110144073920673.8000\work\Tomcat\localhost\pay] is not valid
	at org.springframework.web.multipart.support.StandardMultipartHttpServletRequest.parseRequest(StandardMultipartHttpServletRequest.java:112)
	at org.springframework.web.multipart.support.StandardMultipartHttpServletRequest.<init>(StandardMultipartHttpServletRequest.java:86)
	at org.springframework.web.multipart.support.StandardServletMultipartResolver.resolveMultipart(StandardServletMultipartResolver.java:79)
	at org.springframework.web.servlet.DispatcherServlet.checkMultipart(DispatcherServlet.java:1104)
	at org.springframework.web.servlet.DispatcherServlet.doDispatch(DispatcherServlet.java:936)
	at org.springframework.web.servlet.DispatcherServlet.doService(DispatcherServlet.java:901)
	at org.springframework.web.servlet.FrameworkServlet.processRequest(FrameworkServlet.java:970)
	at org.springframework.web.servlet.FrameworkServlet.doPost(FrameworkServlet.java:872)
	at javax.servlet.http.HttpServlet.service(HttpServlet.java:661)
	at org.springframework.web.servlet.FrameworkServlet.service(FrameworkServlet.java:846)
	at javax.servlet.http.HttpServlet.service(HttpServlet.java:742)
	at org.apache.catalina.core.ApplicationFilterChain.internalDoFilter(ApplicationFilterChain.java:231)
	at org.apache.catalina.core.ApplicationFilterChain.doFilter(ApplicationFilterChain.java:166)
	at org.apache.tomcat.websocket.server.WsFilter.doFilter(WsFilter.java:52)
	at org.apache.catalina.core.ApplicationFilterChain.internalDoFilter(ApplicationFilterChain.java:193)
	at org.apache.catalina.core.ApplicationFilterChain.doFilter(ApplicationFilterChain.java:166)
	at org.springframework.web.filter.RequestContextFilter.doFilterInternal(RequestContextFilter.java:99)
	at org.springframework.web.filter.OncePerRequestFilter.doFilter(OncePerRequestFilter.java:107)
	at org.apache.catalina.core.ApplicationFilterChain.internalDoFilter(ApplicationFilterChain.java:193)
	at org.apache.catalina.core.ApplicationFilterChain.doFilter(ApplicationFilterChain.java:166)
	at org.springframework.web.filter.HttpPutFormContentFilter.doFilterInternal(HttpPutFormContentFilter.java:105)
	at org.springframework.web.filter.OncePerRequestFilter.doFilter(OncePerRequestFilter.java:107)
	at org.apache.catalina.core.ApplicationFilterChain.internalDoFilter(ApplicationFilterChain.java:193)
	at org.apache.catalina.core.ApplicationFilterChain.doFilter(ApplicationFilterChain.java:166)
	at org.springframework.web.filter.HiddenHttpMethodFilter.doFilterInternal(HiddenHttpMethodFilter.java:81)
	at org.springframework.web.filter.OncePerRequestFilter.doFilter(OncePerRequestFilter.java:107)
	at org.apache.catalina.core.ApplicationFilterChain.internalDoFilter(ApplicationFilterChain.java:193)
	at org.apache.catalina.core.ApplicationFilterChain.doFilter(ApplicationFilterChain.java:166)
	at org.springframework.web.filter.CharacterEncodingFilter.doFilterInternal(CharacterEncodingFilter.java:197)
	at org.springframework.web.filter.OncePerRequestFilter.doFilter(OncePerRequestFilter.java:107)
	at org.apache.catalina.core.ApplicationFilterChain.internalDoFilter(ApplicationFilterChain.java:193)
	at org.apache.catalina.core.ApplicationFilterChain.doFilter(ApplicationFilterChain.java:166)
	at org.apache.catalina.core.StandardWrapperValve.invoke(StandardWrapperValve.java:198)
	at org.apache.catalina.core.StandardContextValve.invoke(StandardContextValve.java:96)
	at org.apache.catalina.authenticator.AuthenticatorBase.invoke(AuthenticatorBase.java:478)
	at org.apache.catalina.core.StandardHostValve.invoke(StandardHostValve.java:140)
	at org.apache.catalina.valves.ErrorReportValve.invoke(ErrorReportValve.java:80)
	at org.apache.catalina.core.StandardEngineValve.invoke(StandardEngineValve.java:87)
	at org.apache.catalina.connector.CoyoteAdapter.service(CoyoteAdapter.java:342)
	at org.apache.coyote.http11.Http11Processor.service(Http11Processor.java:799)
	at org.apache.coyote.AbstractProcessorLight.process(AbstractProcessorLight.java:66)
	at org.apache.coyote.AbstractProtocol$ConnectionHandler.process(AbstractProtocol.java:868)
	at org.apache.tomcat.util.net.NioEndpoint$SocketProcessor.doRun(NioEndpoint.java:1455)
	at org.apache.tomcat.util.net.SocketProcessorBase.run(SocketProcessorBase.java:49)
	at java.util.concurrent.ThreadPoolExecutor.runWorker(ThreadPoolExecutor.java:1142)
	at java.util.concurrent.ThreadPoolExecutor$Worker.run(ThreadPoolExecutor.java:617)
	at org.apache.tomcat.util.threads.TaskThread$WrappingRunnable.run(TaskThread.java:61)
	at java.lang.Thread.run(Thread.java:745)
Caused by: java.io.IOException: The temporary upload location [C:\Users\www78\AppData\Local\Temp\tomcat.7528110144073920673.8000\work\Tomcat\localhost\pay] is not valid
	at org.apache.catalina.connector.Request.parseParts(Request.java:2846)
	at org.apache.catalina.connector.Request.parseParameters(Request.java:3215)
	at org.apache.catalina.connector.Request.getParameter(Request.java:1145)
	at org.apache.catalina.connector.RequestFacade.getParameter(RequestFacade.java:381)
	at org.springframework.web.filter.HiddenHttpMethodFilter.doFilterInternal(HiddenHttpMethodFilter.java:75)
	... 23 more
 
2017-12-11 08:56:03.181 |-ERROR [http-nio-8000-exec-7] com.pay.exception.GlobalControllerExceptionHandler [71] -| 统一异常处理: Could not parse multipart servlet request; nested exception is java.io.IOException: The temporary upload location [C:\Users\www78\AppData\Local\Temp\tomcat.7528110144073920673.8000\work\Tomcat\localhost\pay] is not valid org.springframework.web.multipart.MultipartException: Could not parse multipart servlet request; nested exception is java.io.IOException: The temporary upload location [C:\Users\www78\AppData\Local\Temp\tomcat.7528110144073920673.8000\work\Tomcat\localhost\pay] is not valid
	at org.springframework.web.multipart.support.StandardMultipartHttpServletRequest.parseRequest(StandardMultipartHttpServletRequest.java:112)
	at org.springframework.web.multipart.support.StandardMultipartHttpServletRequest.<init>(StandardMultipartHttpServletRequest.java:86)
	at org.springframework.web.multipart.support.StandardServletMultipartResolver.resolveMultipart(StandardServletMultipartResolver.java:79)
	at org.springframework.web.servlet.DispatcherServlet.checkMultipart(DispatcherServlet.java:1104)
	at org.springframework.web.servlet.DispatcherServlet.doDispatch(DispatcherServlet.java:936)
	at org.springframework.web.servlet.DispatcherServlet.doService(DispatcherServlet.java:901)
	at org.springframework.web.servlet.FrameworkServlet.processRequest(FrameworkServlet.java:970)
	at org.springframework.web.servlet.FrameworkServlet.doPost(FrameworkServlet.java:872)
	at javax.servlet.http.HttpServlet.service(HttpServlet.java:661)
	at org.springframework.web.servlet.FrameworkServlet.service(FrameworkServlet.java:846)
	at javax.servlet.http.HttpServlet.service(HttpServlet.java:742)
	at org.apache.catalina.core.ApplicationFilterChain.internalDoFilter(ApplicationFilterChain.java:231)
	at org.apache.catalina.core.ApplicationFilterChain.doFilter(ApplicationFilterChain.java:166)
	at org.apache.tomcat.websocket.server.WsFilter.doFilter(WsFilter.java:52)
	at org.apache.catalina.core.ApplicationFilterChain.internalDoFilter(ApplicationFilterChain.java:193)
	at org.apache.catalina.core.ApplicationFilterChain.doFilter(ApplicationFilterChain.java:166)
	at org.springframework.web.filter.RequestContextFilter.doFilterInternal(RequestContextFilter.java:99)
	at org.springframework.web.filter.OncePerRequestFilter.doFilter(OncePerRequestFilter.java:107)
	at org.apache.catalina.core.ApplicationFilterChain.internalDoFilter(ApplicationFilterChain.java:193)
	at org.apache.catalina.core.ApplicationFilterChain.doFilter(ApplicationFilterChain.java:166)
	at org.springframework.web.filter.HttpPutFormContentFilter.doFilterInternal(HttpPutFormContentFilter.java:105)
	at org.springframework.web.filter.OncePerRequestFilter.doFilter(OncePerRequestFilter.java:107)
	at org.apache.catalina.core.ApplicationFilterChain.internalDoFilter(ApplicationFilterChain.java:193)
	at org.apache.catalina.core.ApplicationFilterChain.doFilter(ApplicationFilterChain.java:166)
	at org.springframework.web.filter.HiddenHttpMethodFilter.doFilterInternal(HiddenHttpMethodFilter.java:81)
	at org.springframework.web.filter.OncePerRequestFilter.doFilter(OncePerRequestFilter.java:107)
	at org.apache.catalina.core.ApplicationFilterChain.internalDoFilter(ApplicationFilterChain.java:193)
	at org.apache.catalina.core.ApplicationFilterChain.doFilter(ApplicationFilterChain.java:166)
	at org.springframework.web.filter.CharacterEncodingFilter.doFilterInternal(CharacterEncodingFilter.java:197)
	at org.springframework.web.filter.OncePerRequestFilter.doFilter(OncePerRequestFilter.java:107)
	at org.apache.catalina.core.ApplicationFilterChain.internalDoFilter(ApplicationFilterChain.java:193)
	at org.apache.catalina.core.ApplicationFilterChain.doFilter(ApplicationFilterChain.java:166)
	at org.apache.catalina.core.StandardWrapperValve.invoke(StandardWrapperValve.java:198)
	at org.apache.catalina.core.StandardContextValve.invoke(StandardContextValve.java:96)
	at org.apache.catalina.authenticator.AuthenticatorBase.invoke(AuthenticatorBase.java:478)
	at org.apache.catalina.core.StandardHostValve.invoke(StandardHostValve.java:140)
	at org.apache.catalina.valves.ErrorReportValve.invoke(ErrorReportValve.java:80)
	at org.apache.catalina.core.StandardEngineValve.invoke(StandardEngineValve.java:87)
	at org.apache.catalina.connector.CoyoteAdapter.service(CoyoteAdapter.java:342)
	at org.apache.coyote.http11.Http11Processor.service(Http11Processor.java:799)
	at org.apache.coyote.AbstractProcessorLight.process(AbstractProcessorLight.java:66)
	at org.apache.coyote.AbstractProtocol$ConnectionHandler.process(AbstractProtocol.java:868)
	at org.apache.tomcat.util.net.NioEndpoint$SocketProcessor.doRun(NioEndpoint.java:1455)
	at org.apache.tomcat.util.net.SocketProcessorBase.run(SocketProcessorBase.java:49)
	at java.util.concurrent.ThreadPoolExecutor.runWorker(ThreadPoolExecutor.java:1142)
	at java.util.concurrent.ThreadPoolExecutor$Worker.run(ThreadPoolExecutor.java:617)
	at org.apache.tomcat.util.threads.TaskThread$WrappingRunnable.run(TaskThread.java:61)
	at java.lang.Thread.run(Thread.java:745)
Caused by: java.io.IOException: The temporary upload location [C:\Users\www78\AppData\Local\Temp\tomcat.7528110144073920673.8000\work\Tomcat\localhost\pay] is not valid
	at org.apache.catalina.connector.Request.parseParts(Request.java:2846)
	at org.apache.catalina.connector.Request.parseParameters(Request.java:3215)
	at org.apache.catalina.connector.Request.getParameter(Request.java:1145)
	at org.apache.catalina.connector.RequestFacade.getParameter(RequestFacade.java:381)
	at org.springframework.web.filter.HiddenHttpMethodFilter.doFilterInternal(HiddenHttpMethodFilter.java:75)
	... 23 more
 
2017-12-11 08:56:28.398 |-ERROR [http-nio-8000-exec-3] com.pay.exception.GlobalControllerExceptionHandler [71] -| 统一异常处理: Could not parse multipart servlet request; nested exception is java.io.IOException: The temporary upload location [C:\Users\www78\AppData\Local\Temp\tomcat.7528110144073920673.8000\work\Tomcat\localhost\pay] is not valid org.springframework.web.multipart.MultipartException: Could not parse multipart servlet request; nested exception is java.io.IOException: The temporary upload location [C:\Users\www78\AppData\Local\Temp\tomcat.7528110144073920673.8000\work\Tomcat\localhost\pay] is not valid
	at org.springframework.web.multipart.support.StandardMultipartHttpServletRequest.parseRequest(StandardMultipartHttpServletRequest.java:112)
	at org.springframework.web.multipart.support.StandardMultipartHttpServletRequest.<init>(StandardMultipartHttpServletRequest.java:86)
	at org.springframework.web.multipart.support.StandardServletMultipartResolver.resolveMultipart(StandardServletMultipartResolver.java:79)
	at org.springframework.web.servlet.DispatcherServlet.checkMultipart(DispatcherServlet.java:1104)
	at org.springframework.web.servlet.DispatcherServlet.doDispatch(DispatcherServlet.java:936)
	at org.springframework.web.servlet.DispatcherServlet.doService(DispatcherServlet.java:901)
	at org.springframework.web.servlet.FrameworkServlet.processRequest(FrameworkServlet.java:970)
	at org.springframework.web.servlet.FrameworkServlet.doPost(FrameworkServlet.java:872)
	at javax.servlet.http.HttpServlet.service(HttpServlet.java:661)
	at org.springframework.web.servlet.FrameworkServlet.service(FrameworkServlet.java:846)
	at javax.servlet.http.HttpServlet.service(HttpServlet.java:742)
	at org.apache.catalina.core.ApplicationFilterChain.internalDoFilter(ApplicationFilterChain.java:231)
	at org.apache.catalina.core.ApplicationFilterChain.doFilter(ApplicationFilterChain.java:166)
	at org.apache.tomcat.websocket.server.WsFilter.doFilter(WsFilter.java:52)
	at org.apache.catalina.core.ApplicationFilterChain.internalDoFilter(ApplicationFilterChain.java:193)
	at org.apache.catalina.core.ApplicationFilterChain.doFilter(ApplicationFilterChain.java:166)
	at org.springframework.web.filter.RequestContextFilter.doFilterInternal(RequestContextFilter.java:99)
	at org.springframework.web.filter.OncePerRequestFilter.doFilter(OncePerRequestFilter.java:107)
	at org.apache.catalina.core.ApplicationFilterChain.internalDoFilter(ApplicationFilterChain.java:193)
	at org.apache.catalina.core.ApplicationFilterChain.doFilter(ApplicationFilterChain.java:166)
	at org.springframework.web.filter.HttpPutFormContentFilter.doFilterInternal(HttpPutFormContentFilter.java:105)
	at org.springframework.web.filter.OncePerRequestFilter.doFilter(OncePerRequestFilter.java:107)
	at org.apache.catalina.core.ApplicationFilterChain.internalDoFilter(ApplicationFilterChain.java:193)
	at org.apache.catalina.core.ApplicationFilterChain.doFilter(ApplicationFilterChain.java:166)
	at org.springframework.web.filter.HiddenHttpMethodFilter.doFilterInternal(HiddenHttpMethodFilter.java:81)
	at org.springframework.web.filter.OncePerRequestFilter.doFilter(OncePerRequestFilter.java:107)
	at org.apache.catalina.core.ApplicationFilterChain.internalDoFilter(ApplicationFilterChain.java:193)
	at org.apache.catalina.core.ApplicationFilterChain.doFilter(ApplicationFilterChain.java:166)
	at org.springframework.web.filter.CharacterEncodingFilter.doFilterInternal(CharacterEncodingFilter.java:197)
	at org.springframework.web.filter.OncePerRequestFilter.doFilter(OncePerRequestFilter.java:107)
	at org.apache.catalina.core.ApplicationFilterChain.internalDoFilter(ApplicationFilterChain.java:193)
	at org.apache.catalina.core.ApplicationFilterChain.doFilter(ApplicationFilterChain.java:166)
	at org.apache.catalina.core.StandardWrapperValve.invoke(StandardWrapperValve.java:198)
	at org.apache.catalina.core.StandardContextValve.invoke(StandardContextValve.java:96)
	at org.apache.catalina.authenticator.AuthenticatorBase.invoke(AuthenticatorBase.java:478)
	at org.apache.catalina.core.StandardHostValve.invoke(StandardHostValve.java:140)
	at org.apache.catalina.valves.ErrorReportValve.invoke(ErrorReportValve.java:80)
	at org.apache.catalina.core.StandardEngineValve.invoke(StandardEngineValve.java:87)
	at org.apache.catalina.connector.CoyoteAdapter.service(CoyoteAdapter.java:342)
	at org.apache.coyote.http11.Http11Processor.service(Http11Processor.java:799)
	at org.apache.coyote.AbstractProcessorLight.process(AbstractProcessorLight.java:66)
	at org.apache.coyote.AbstractProtocol$ConnectionHandler.process(AbstractProtocol.java:868)
	at org.apache.tomcat.util.net.NioEndpoint$SocketProcessor.doRun(NioEndpoint.java:1455)
	at org.apache.tomcat.util.net.SocketProcessorBase.run(SocketProcessorBase.java:49)
	at java.util.concurrent.ThreadPoolExecutor.runWorker(ThreadPoolExecutor.java:1142)
	at java.util.concurrent.ThreadPoolExecutor$Worker.run(ThreadPoolExecutor.java:617)
	at org.apache.tomcat.util.threads.TaskThread$WrappingRunnable.run(TaskThread.java:61)
	at java.lang.Thread.run(Thread.java:745)
Caused by: java.io.IOException: The temporary upload location [C:\Users\www78\AppData\Local\Temp\tomcat.7528110144073920673.8000\work\Tomcat\localhost\pay] is not valid
	at org.apache.catalina.connector.Request.parseParts(Request.java:2846)
	at org.apache.catalina.connector.Request.parseParameters(Request.java:3215)
	at org.apache.catalina.connector.Request.getParameter(Request.java:1145)
	at org.apache.catalina.connector.RequestFacade.getParameter(RequestFacade.java:381)
	at org.springframework.web.filter.HiddenHttpMethodFilter.doFilterInternal(HiddenHttpMethodFilter.java:75)
	... 23 more
 
2017-12-11 09:29:49.009 |-ERROR [http-nio-8000-exec-1] com.pay.exception.GlobalControllerExceptionHandler [71] -| 统一异常处理: Could not parse multipart servlet request; nested exception is java.io.IOException: The temporary upload location [C:\Users\www78\AppData\Local\Temp\tomcat.7528110144073920673.8000\work\Tomcat\localhost\pay] is not valid org.springframework.web.multipart.MultipartException: Could not parse multipart servlet request; nested exception is java.io.IOException: The temporary upload location [C:\Users\www78\AppData\Local\Temp\tomcat.7528110144073920673.8000\work\Tomcat\localhost\pay] is not valid
	at org.springframework.web.multipart.support.StandardMultipartHttpServletRequest.parseRequest(StandardMultipartHttpServletRequest.java:112)
	at org.springframework.web.multipart.support.StandardMultipartHttpServletRequest.<init>(StandardMultipartHttpServletRequest.java:86)
	at org.springframework.web.multipart.support.StandardServletMultipartResolver.resolveMultipart(StandardServletMultipartResolver.java:79)
	at org.springframework.web.servlet.DispatcherServlet.checkMultipart(DispatcherServlet.java:1104)
	at org.springframework.web.servlet.DispatcherServlet.doDispatch(DispatcherServlet.java:936)
	at org.springframework.web.servlet.DispatcherServlet.doService(DispatcherServlet.java:901)
	at org.springframework.web.servlet.FrameworkServlet.processRequest(FrameworkServlet.java:970)
	at org.springframework.web.servlet.FrameworkServlet.doPost(FrameworkServlet.java:872)
	at javax.servlet.http.HttpServlet.service(HttpServlet.java:661)
	at org.springframework.web.servlet.FrameworkServlet.service(FrameworkServlet.java:846)
	at javax.servlet.http.HttpServlet.service(HttpServlet.java:742)
	at org.apache.catalina.core.ApplicationFilterChain.internalDoFilter(ApplicationFilterChain.java:231)
	at org.apache.catalina.core.ApplicationFilterChain.doFilter(ApplicationFilterChain.java:166)
	at org.apache.tomcat.websocket.server.WsFilter.doFilter(WsFilter.java:52)
	at org.apache.catalina.core.ApplicationFilterChain.internalDoFilter(ApplicationFilterChain.java:193)
	at org.apache.catalina.core.ApplicationFilterChain.doFilter(ApplicationFilterChain.java:166)
	at org.springframework.web.filter.RequestContextFilter.doFilterInternal(RequestContextFilter.java:99)
	at org.springframework.web.filter.OncePerRequestFilter.doFilter(OncePerRequestFilter.java:107)
	at org.apache.catalina.core.ApplicationFilterChain.internalDoFilter(ApplicationFilterChain.java:193)
	at org.apache.catalina.core.ApplicationFilterChain.doFilter(ApplicationFilterChain.java:166)
	at org.springframework.web.filter.HttpPutFormContentFilter.doFilterInternal(HttpPutFormContentFilter.java:105)
	at org.springframework.web.filter.OncePerRequestFilter.doFilter(OncePerRequestFilter.java:107)
	at org.apache.catalina.core.ApplicationFilterChain.internalDoFilter(ApplicationFilterChain.java:193)
	at org.apache.catalina.core.ApplicationFilterChain.doFilter(ApplicationFilterChain.java:166)
	at org.springframework.web.filter.HiddenHttpMethodFilter.doFilterInternal(HiddenHttpMethodFilter.java:81)
	at org.springframework.web.filter.OncePerRequestFilter.doFilter(OncePerRequestFilter.java:107)
	at org.apache.catalina.core.ApplicationFilterChain.internalDoFilter(ApplicationFilterChain.java:193)
	at org.apache.catalina.core.ApplicationFilterChain.doFilter(ApplicationFilterChain.java:166)
	at org.springframework.web.filter.CharacterEncodingFilter.doFilterInternal(CharacterEncodingFilter.java:197)
	at org.springframework.web.filter.OncePerRequestFilter.doFilter(OncePerRequestFilter.java:107)
	at org.apache.catalina.core.ApplicationFilterChain.internalDoFilter(ApplicationFilterChain.java:193)
	at org.apache.catalina.core.ApplicationFilterChain.doFilter(ApplicationFilterChain.java:166)
	at org.apache.catalina.core.StandardWrapperValve.invoke(StandardWrapperValve.java:198)
	at org.apache.catalina.core.StandardContextValve.invoke(StandardContextValve.java:96)
	at org.apache.catalina.authenticator.AuthenticatorBase.invoke(AuthenticatorBase.java:478)
	at org.apache.catalina.core.StandardHostValve.invoke(StandardHostValve.java:140)
	at org.apache.catalina.valves.ErrorReportValve.invoke(ErrorReportValve.java:80)
	at org.apache.catalina.core.StandardEngineValve.invoke(StandardEngineValve.java:87)
	at org.apache.catalina.connector.CoyoteAdapter.service(CoyoteAdapter.java:342)
	at org.apache.coyote.http11.Http11Processor.service(Http11Processor.java:799)
	at org.apache.coyote.AbstractProcessorLight.process(AbstractProcessorLight.java:66)
	at org.apache.coyote.AbstractProtocol$ConnectionHandler.process(AbstractProtocol.java:868)
	at org.apache.tomcat.util.net.NioEndpoint$SocketProcessor.doRun(NioEndpoint.java:1455)
	at org.apache.tomcat.util.net.SocketProcessorBase.run(SocketProcessorBase.java:49)
	at java.util.concurrent.ThreadPoolExecutor.runWorker(ThreadPoolExecutor.java:1142)
	at java.util.concurrent.ThreadPoolExecutor$Worker.run(ThreadPoolExecutor.java:617)
	at org.apache.tomcat.util.threads.TaskThread$WrappingRunnable.run(TaskThread.java:61)
	at java.lang.Thread.run(Thread.java:745)
Caused by: java.io.IOException: The temporary upload location [C:\Users\www78\AppData\Local\Temp\tomcat.7528110144073920673.8000\work\Tomcat\localhost\pay] is not valid
	at org.apache.catalina.connector.Request.parseParts(Request.java:2846)
	at org.apache.catalina.connector.Request.parseParameters(Request.java:3215)
	at org.apache.catalina.connector.Request.getParameter(Request.java:1145)
	at org.apache.catalina.connector.RequestFacade.getParameter(RequestFacade.java:381)
	at org.springframework.web.filter.HiddenHttpMethodFilter.doFilterInternal(HiddenHttpMethodFilter.java:75)
	... 23 more
 
2017-12-11 09:35:13.573 |-ERROR [http-nio-8000-exec-2] com.pay.exception.GlobalControllerExceptionHandler [71] -| 统一异常处理: Request method 'GET' not supported org.springframework.web.HttpRequestMethodNotSupportedException: Request method 'GET' not supported
	at org.springframework.web.servlet.mvc.method.RequestMappingInfoHandlerMapping.handleNoMatch(RequestMappingInfoHandlerMapping.java:207)
	at org.springframework.web.servlet.handler.AbstractHandlerMethodMapping.lookupHandlerMethod(AbstractHandlerMethodMapping.java:374)
	at org.springframework.web.servlet.handler.AbstractHandlerMethodMapping.getHandlerInternal(AbstractHandlerMethodMapping.java:314)
	at org.springframework.web.servlet.handler.AbstractHandlerMethodMapping.getHandlerInternal(AbstractHandlerMethodMapping.java:61)
	at org.springframework.web.servlet.handler.AbstractHandlerMapping.getHandler(AbstractHandlerMapping.java:352)
	at org.springframework.web.servlet.DispatcherServlet.getHandler(DispatcherServlet.java:1160)
	at org.springframework.web.servlet.DispatcherServlet.doDispatch(DispatcherServlet.java:940)
	at org.springframework.web.servlet.DispatcherServlet.doService(DispatcherServlet.java:901)
	at org.springframework.web.servlet.FrameworkServlet.processRequest(FrameworkServlet.java:970)
	at org.springframework.web.servlet.FrameworkServlet.doGet(FrameworkServlet.java:861)
	at javax.servlet.http.HttpServlet.service(HttpServlet.java:635)
	at org.springframework.web.servlet.FrameworkServlet.service(FrameworkServlet.java:846)
	at javax.servlet.http.HttpServlet.service(HttpServlet.java:742)
	at org.apache.catalina.core.ApplicationFilterChain.internalDoFilter(ApplicationFilterChain.java:231)
	at org.apache.catalina.core.ApplicationFilterChain.doFilter(ApplicationFilterChain.java:166)
	at org.apache.tomcat.websocket.server.WsFilter.doFilter(WsFilter.java:52)
	at org.apache.catalina.core.ApplicationFilterChain.internalDoFilter(ApplicationFilterChain.java:193)
	at org.apache.catalina.core.ApplicationFilterChain.doFilter(ApplicationFilterChain.java:166)
	at org.springframework.web.filter.RequestContextFilter.doFilterInternal(RequestContextFilter.java:99)
	at org.springframework.web.filter.OncePerRequestFilter.doFilter(OncePerRequestFilter.java:107)
	at org.apache.catalina.core.ApplicationFilterChain.internalDoFilter(ApplicationFilterChain.java:193)
	at org.apache.catalina.core.ApplicationFilterChain.doFilter(ApplicationFilterChain.java:166)
	at org.springframework.web.filter.HttpPutFormContentFilter.doFilterInternal(HttpPutFormContentFilter.java:105)
	at org.springframework.web.filter.OncePerRequestFilter.doFilter(OncePerRequestFilter.java:107)
	at org.apache.catalina.core.ApplicationFilterChain.internalDoFilter(ApplicationFilterChain.java:193)
	at org.apache.catalina.core.ApplicationFilterChain.doFilter(ApplicationFilterChain.java:166)
	at org.springframework.web.filter.HiddenHttpMethodFilter.doFilterInternal(HiddenHttpMethodFilter.java:81)
	at org.springframework.web.filter.OncePerRequestFilter.doFilter(OncePerRequestFilter.java:107)
	at org.apache.catalina.core.ApplicationFilterChain.internalDoFilter(ApplicationFilterChain.java:193)
	at org.apache.catalina.core.ApplicationFilterChain.doFilter(ApplicationFilterChain.java:166)
	at org.springframework.web.filter.CharacterEncodingFilter.doFilterInternal(CharacterEncodingFilter.java:197)
	at org.springframework.web.filter.OncePerRequestFilter.doFilter(OncePerRequestFilter.java:107)
	at org.apache.catalina.core.ApplicationFilterChain.internalDoFilter(ApplicationFilterChain.java:193)
	at org.apache.catalina.core.ApplicationFilterChain.doFilter(ApplicationFilterChain.java:166)
	at org.apache.catalina.core.StandardWrapperValve.invoke(StandardWrapperValve.java:198)
	at org.apache.catalina.core.StandardContextValve.invoke(StandardContextValve.java:96)
	at org.apache.catalina.authenticator.AuthenticatorBase.invoke(AuthenticatorBase.java:478)
	at org.apache.catalina.core.StandardHostValve.invoke(StandardHostValve.java:140)
	at org.apache.catalina.valves.ErrorReportValve.invoke(ErrorReportValve.java:80)
	at org.apache.catalina.core.StandardEngineValve.invoke(StandardEngineValve.java:87)
	at org.apache.catalina.connector.CoyoteAdapter.service(CoyoteAdapter.java:342)
	at org.apache.coyote.http11.Http11Processor.service(Http11Processor.java:799)
	at org.apache.coyote.AbstractProcessorLight.process(AbstractProcessorLight.java:66)
	at org.apache.coyote.AbstractProtocol$ConnectionHandler.process(AbstractProtocol.java:868)
	at org.apache.tomcat.util.net.NioEndpoint$SocketProcessor.doRun(NioEndpoint.java:1455)
	at org.apache.tomcat.util.net.SocketProcessorBase.run(SocketProcessorBase.java:49)
	at java.util.concurrent.ThreadPoolExecutor.runWorker(ThreadPoolExecutor.java:1142)
	at java.util.concurrent.ThreadPoolExecutor$Worker.run(ThreadPoolExecutor.java:617)
	at org.apache.tomcat.util.threads.TaskThread$WrappingRunnable.run(TaskThread.java:61)
	at java.lang.Thread.run(Thread.java:745)
 
2017-12-11 09:42:22.982 |-ERROR [http-nio-8000-exec-2] sdk.biz.err [266] -| ErrorScene^_^40004^_^isp.bill_not_exist^_^null^_^Windows 8.1^_^2017-12-11 09:42:22^_^ProtocalMustParams:charset=UTF-8&method=alipay.data.dataservice.bill.downloadurl.query&sign=Sg1lptrk7aqKM7Y67j9sir6tb9jQDdBepbbrnbBEnjDA7G6Xo8vGxqs+ZvnZw5Y+MNyb7QvBcXddSz6aqjOxUz3iMMR7g7MXN6SC4b1ZXIv3vIdpN0sKDJNlnTtfaE5DFuxajI0lQKeFjNv9X2AFJdY9Vkk7N3wfKFAYcmky6finrpv4hEYI7ririnmHYTb1Mt+lOzihDzO4V6e6maqNpS3aOsZ1vS41YMV6Hbmu2YvqJ4eQgMLndc8M8J3ZxisIsuttkN1WSbd4DNarWR0xP3Poj48HRmwIiDODSdsPMemcTS3MJbwXyhlRX3HI2nh5TCNRA8ZQ/JJwTPbjx6CttQ==&version=1.0&app_id=2017081008129491&sign_type=RSA2&timestamp=2017-12-11 09:42:22^_^ProtocalOptParams:alipay_sdk=alipay-sdk-java-dynamicVersionNo&format=json^_^ApplicationParams:biz_content={"bill_type":"signcustomer","bill_date":"2017-11-11"  }^_^Body:{"alipay_data_dataservice_bill_downloadurl_query_response":{"code":"40004","msg":"Business Failed","sub_code":"isp.bill_not_exist","sub_msg":"账单不存在"},"sign":"LiL6TExllcc1fOPHfL45EA9wErbnEXaJOaNqpNqKEgUSkq2m0AD+Cx0ledFOUP4Faxu+67ew6DBTJC0dTM+IXXHxMPWGa3o5nQHGucQBDrpwh6laHZ0t44SamJGbdFqM9C2WpM06PYeAIiichTWiZQJ5+nYV0Yb/I6I8R3AegeWuruNyXGmRvuqfyxWrqwLv3Yi8nCn7/mjblWQeagaKuRF6srxfEa8SxC3lbMc84+uCIv9yU8nHhYPpckjk9NhuPJX38U1Dp8YpC4xG+DbulmaQJ7/swsrJG3TiHkZkZRTrzKcwEyg/ZwstMeMLaxBhMvXApR0zTiy/7HUR//M2Zg=="}
2017-12-11 09:42:51.052 |-ERROR [http-nio-8000-exec-10] sdk.biz.err [266] -| ErrorScene^_^40004^_^isp.bill_not_exist^_^null^_^Windows 8.1^_^2017-12-11 09:42:51^_^ProtocalMustParams:charset=UTF-8&method=alipay.data.dataservice.bill.downloadurl.query&sign=HNr3tKg1tfOeryGEdnwYnKcXLXrlzmlH+ZItdUXuLssT2Uz7xy/AdaBjEtVfci2F7wINw5DQ/a+ST3R0+zXlKZ9PkZEPxdffkEsYbLUSE9rsAeio2DoJ6KPS/NiBDpEGxBXAodPC2XkHuGBD/SWwgthN1+QbPlz6D6u3IV4xMAJBAtpJzQqE8OYicvEYGKZUmLT2AAudVTvlXikPcPJbAkA/8XzGWca8N2ZlEH5AQ0Xw2tboDpK4uP226uSNM7uJmV2DrsF+K9WEYef1axXyW6yR2NNS4mOTKL5rKo7HJ7HhyYm2EPnhlO0TlokAsS8Ty0LOHq/iCO2TNQu/ekiTWw==&version=1.0&app_id=2017081008129491&sign_type=RSA2&timestamp=2017-12-11 09:42:50^_^ProtocalOptParams:alipay_sdk=alipay-sdk-java-dynamicVersionNo&format=json^_^ApplicationParams:biz_content={"bill_type":"signcustomer","bill_date":"2017-11-01"  }^_^Body:{"alipay_data_dataservice_bill_downloadurl_query_response":{"code":"40004","msg":"Business Failed","sub_code":"isp.bill_not_exist","sub_msg":"账单不存在"},"sign":"LiL6TExllcc1fOPHfL45EA9wErbnEXaJOaNqpNqKEgUSkq2m0AD+Cx0ledFOUP4Faxu+67ew6DBTJC0dTM+IXXHxMPWGa3o5nQHGucQBDrpwh6laHZ0t44SamJGbdFqM9C2WpM06PYeAIiichTWiZQJ5+nYV0Yb/I6I8R3AegeWuruNyXGmRvuqfyxWrqwLv3Yi8nCn7/mjblWQeagaKuRF6srxfEa8SxC3lbMc84+uCIv9yU8nHhYPpckjk9NhuPJX38U1Dp8YpC4xG+DbulmaQJ7/swsrJG3TiHkZkZRTrzKcwEyg/ZwstMeMLaxBhMvXApR0zTiy/7HUR//M2Zg=="}
2017-12-11 09:43:04.120 |-ERROR [http-nio-8000-exec-2] sdk.biz.err [266] -| ErrorScene^_^40004^_^isp.bill_not_exist^_^null^_^Windows 8.1^_^2017-12-11 09:43:04^_^ProtocalMustParams:charset=UTF-8&method=alipay.data.dataservice.bill.downloadurl.query&sign=FSTGfEPfZLlELlfhHYY9T2126t4iHP2znIOtZCW7MPUvvyfytWiXUmqcDs0tjt8R1k2ESjUAeOAFKBv4Xpbmn9ybVbagugdde5Wer1zzIkTJYKSmLmenEDfbQkI9n0KHtZpac7ng28bcRjzjJCLcPcAX+r6N3CR8IMIsLLhkijuQ7iRGKKOyX8CvTgksQCiPw3Fjs2AM23mx0ZJIOD1R0xrAc/LdPHxnVe/TyltWHsAUOkf1Ja14TtB1YcZ4MCb2q9GHDvm6EzgyAWRynGLVSv5sUIfY6iiuctlI8xk8OLIgWvMQAC6xQ1nD+dDdcXBgn1kFKVep8ykmmGyarz+j8g==&version=1.0&app_id=2017081008129491&sign_type=RSA2&timestamp=2017-12-11 09:43:03^_^ProtocalOptParams:alipay_sdk=alipay-sdk-java-dynamicVersionNo&format=json^_^ApplicationParams:biz_content={"bill_type":"trade","bill_date":"2017-10"  }^_^Body:{"alipay_data_dataservice_bill_downloadurl_query_response":{"code":"40004","msg":"Business Failed","sub_code":"isp.bill_not_exist","sub_msg":"账单不存在"},"sign":"LiL6TExllcc1fOPHfL45EA9wErbnEXaJOaNqpNqKEgUSkq2m0AD+Cx0ledFOUP4Faxu+67ew6DBTJC0dTM+IXXHxMPWGa3o5nQHGucQBDrpwh6laHZ0t44SamJGbdFqM9C2WpM06PYeAIiichTWiZQJ5+nYV0Yb/I6I8R3AegeWuruNyXGmRvuqfyxWrqwLv3Yi8nCn7/mjblWQeagaKuRF6srxfEa8SxC3lbMc84+uCIv9yU8nHhYPpckjk9NhuPJX38U1Dp8YpC4xG+DbulmaQJ7/swsrJG3TiHkZkZRTrzKcwEyg/ZwstMeMLaxBhMvXApR0zTiy/7HUR//M2Zg=="}
2017-12-11 09:43:29.172 |-ERROR [http-nio-8000-exec-8] sdk.biz.err [266] -| ErrorScene^_^40004^_^isp.bill_not_exist^_^null^_^Windows 8.1^_^2017-12-11 09:43:29^_^ProtocalMustParams:charset=UTF-8&method=alipay.data.dataservice.bill.downloadurl.query&sign=kW5iyP4pJXxUqzcthQ3obH9Ywh23xoZtOoYj/Fg5a4fSMdomfP9c+JEHYe9zFf/Dv1ilsi5uX2iubOnE9adb+NGW/9EzR1QSwVzY2A6ZlDClAv/EmGStXEuz6slWY4cpSZPwhz0xcOgyHya6Yh/o9MEMOx+RS0qIl2JcHotBs0DkXbZ+Sd7uUCu5cA7vkrfeOT/EtYUFUHtmcgF7oDRmuTxMdCDXnLKOxfG8fSQAISjH97TPEX/xQZqiLez8fNyWqgDh8gL3mKEm268u9soHC5yZYxnqkRR2AFSjT4gcVQaa+EMBFCjt+DgBK5dYEw5J42V0woFdtP1JdtIOVHbarg==&version=1.0&app_id=2017081008129491&sign_type=RSA2&timestamp=2017-12-11 09:43:28^_^ProtocalOptParams:alipay_sdk=alipay-sdk-java-dynamicVersionNo&format=json^_^ApplicationParams:biz_content={"bill_type":"trade","bill_date":"2017-10"  }^_^Body:{"alipay_data_dataservice_bill_downloadurl_query_response":{"code":"40004","msg":"Business Failed","sub_code":"isp.bill_not_exist","sub_msg":"账单不存在"},"sign":"LiL6TExllcc1fOPHfL45EA9wErbnEXaJOaNqpNqKEgUSkq2m0AD+Cx0ledFOUP4Faxu+67ew6DBTJC0dTM+IXXHxMPWGa3o5nQHGucQBDrpwh6laHZ0t44SamJGbdFqM9C2WpM06PYeAIiichTWiZQJ5+nYV0Yb/I6I8R3AegeWuruNyXGmRvuqfyxWrqwLv3Yi8nCn7/mjblWQeagaKuRF6srxfEa8SxC3lbMc84+uCIv9yU8nHhYPpckjk9NhuPJX38U1Dp8YpC4xG+DbulmaQJ7/swsrJG3TiHkZkZRTrzKcwEyg/ZwstMeMLaxBhMvXApR0zTiy/7HUR//M2Zg=="}
2017-12-11 09:43:35.185 |-ERROR [http-nio-8000-exec-9] sdk.biz.err [266] -| ErrorScene^_^40004^_^isp.bill_not_exist^_^null^_^Windows 8.1^_^2017-12-11 09:43:35^_^ProtocalMustParams:charset=UTF-8&method=alipay.data.dataservice.bill.downloadurl.query&sign=Gn3pPGQCucspjUPKj8rNIcId34gnXW4oPpGHsGduZmLpQvyO2BYg+5sHint6rs1dluRQ1Yg8HMxWDX2nc/DGKAPIyCawtY1eK1jT7oas03lQHy6WOovKTKbYjpy/62Al8IReVKBSYaVmG0h7PLA0IXCAv3t2vpbdSavYPGUAswNL0GtbH50QGlwc7DeYx4grKFjs/d3pC+m/u6lYSkwl8WyrHKKJrj1hfV8b6W2pH4o+5aevY5tzIr/HviGGfkBQ1IEtMDUZHLtvcu70FzsmJ2i/enSwiln/MnAu6lP/oiO6+Qr8SQ83yU+vuy1Knxy+GUBvjbWdbV55wlvA25jK2g==&version=1.0&app_id=2017081008129491&sign_type=RSA2&timestamp=2017-12-11 09:43:34^_^ProtocalOptParams:alipay_sdk=alipay-sdk-java-dynamicVersionNo&format=json^_^ApplicationParams:biz_content={"bill_type":"signcustomer","bill_date":"2017-12-10"  }^_^Body:{"alipay_data_dataservice_bill_downloadurl_query_response":{"code":"40004","msg":"Business Failed","sub_code":"isp.bill_not_exist","sub_msg":"账单不存在"},"sign":"LiL6TExllcc1fOPHfL45EA9wErbnEXaJOaNqpNqKEgUSkq2m0AD+Cx0ledFOUP4Faxu+67ew6DBTJC0dTM+IXXHxMPWGa3o5nQHGucQBDrpwh6laHZ0t44SamJGbdFqM9C2WpM06PYeAIiichTWiZQJ5+nYV0Yb/I6I8R3AegeWuruNyXGmRvuqfyxWrqwLv3Yi8nCn7/mjblWQeagaKuRF6srxfEa8SxC3lbMc84+uCIv9yU8nHhYPpckjk9NhuPJX38U1Dp8YpC4xG+DbulmaQJ7/swsrJG3TiHkZkZRTrzKcwEyg/ZwstMeMLaxBhMvXApR0zTiy/7HUR//M2Zg=="}
2017-12-11 09:43:47.352 |-ERROR [http-nio-8000-exec-4] sdk.biz.err [266] -| ErrorScene^_^40004^_^isp.bill_not_exist^_^null^_^Windows 8.1^_^2017-12-11 09:43:47^_^ProtocalMustParams:charset=UTF-8&method=alipay.data.dataservice.bill.downloadurl.query&sign=WbM3iPWe7oKxXGnYVDVw4NarvfD+gCfw+qdtVS51QVnI8kTfLb5FpFbP2ul49IGOS4eJiiq9bM0u2Xt+oWv6PJUahhK5fbetDxS2036PsKJOkEawx7Tpo/ziJSyGB23XMutPdrdt/ZHVd5jKnK1Mc4Y7mhRS+4nKt+j8BiMjux0h9wpXUOAE9t9gHb0PQuPdXnGHOkNxFG8kdmULKg59+FImPDO5sEd0jlnmahZbhoRSgKny6uts505G7j5US2xHYK8ZGOnJEmFPgiGq75y29tiGL3eqxs3mCwy2bVNoQjtMwWNjvnhm6Qu/5McEexC84islykqXjVFN6D+DvpWE9g==&version=1.0&app_id=2017081008129491&sign_type=RSA2&timestamp=2017-12-11 09:43:46^_^ProtocalOptParams:alipay_sdk=alipay-sdk-java-dynamicVersionNo&format=json^_^ApplicationParams:biz_content={"bill_type":"trade","bill_date":"2017-10"  }^_^Body:{"alipay_data_dataservice_bill_downloadurl_query_response":{"code":"40004","msg":"Business Failed","sub_code":"isp.bill_not_exist","sub_msg":"账单不存在"},"sign":"LiL6TExllcc1fOPHfL45EA9wErbnEXaJOaNqpNqKEgUSkq2m0AD+Cx0ledFOUP4Faxu+67ew6DBTJC0dTM+IXXHxMPWGa3o5nQHGucQBDrpwh6laHZ0t44SamJGbdFqM9C2WpM06PYeAIiichTWiZQJ5+nYV0Yb/I6I8R3AegeWuruNyXGmRvuqfyxWrqwLv3Yi8nCn7/mjblWQeagaKuRF6srxfEa8SxC3lbMc84+uCIv9yU8nHhYPpckjk9NhuPJX38U1Dp8YpC4xG+DbulmaQJ7/swsrJG3TiHkZkZRTrzKcwEyg/ZwstMeMLaxBhMvXApR0zTiy/7HUR//M2Zg=="}
2017-12-11 09:44:18.903 |-ERROR [http-nio-8000-exec-6] sdk.biz.err [266] -| ErrorScene^_^40004^_^isp.bill_not_exist^_^null^_^Windows 8.1^_^2017-12-11 09:44:18^_^ProtocalMustParams:charset=UTF-8&method=alipay.data.dataservice.bill.downloadurl.query&sign=fw6BogbtJ+zfUgfpCIrV13Qp9/mWBDZbb4DfQCOp4L2jZk5Nb6B4QywDilknd6p1411z92070DYW5+aihMIT0VfN2ZYSNdr9ianKJe5wTNcB1CMe4MO5hTTMYtI66c3CuamGyfb+pWfPfASvN2jUUfH7SgTaD5FGPV0ZxvruGzcxzhoUGGZdkF6nmYFehnXCqTwPmJMLuJkH2dnC2jlUg5pibT5JZIyXpx23Y3nXcvL8T/CGNSPRy1UHMfp1sf85AfD0fjDX2fu08M5o+XBXHS6TnGqqP7eDtG47QEeponGTXC2z61P5YYqPtP2nhCtbevvONZ8dHS218OfGlt7Meg==&version=1.0&app_id=2017081008129491&sign_type=RSA2&timestamp=2017-12-11 09:44:18^_^ProtocalOptParams:alipay_sdk=alipay-sdk-java-dynamicVersionNo&format=json^_^ApplicationParams:biz_content={"bill_type":"trade","bill_date":"2017-10"  }^_^Body:{"alipay_data_dataservice_bill_downloadurl_query_response":{"code":"40004","msg":"Business Failed","sub_code":"isp.bill_not_exist","sub_msg":"账单不存在"},"sign":"LiL6TExllcc1fOPHfL45EA9wErbnEXaJOaNqpNqKEgUSkq2m0AD+Cx0ledFOUP4Faxu+67ew6DBTJC0dTM+IXXHxMPWGa3o5nQHGucQBDrpwh6laHZ0t44SamJGbdFqM9C2WpM06PYeAIiichTWiZQJ5+nYV0Yb/I6I8R3AegeWuruNyXGmRvuqfyxWrqwLv3Yi8nCn7/mjblWQeagaKuRF6srxfEa8SxC3lbMc84+uCIv9yU8nHhYPpckjk9NhuPJX38U1Dp8YpC4xG+DbulmaQJ7/swsrJG3TiHkZkZRTrzKcwEyg/ZwstMeMLaxBhMvXApR0zTiy/7HUR//M2Zg=="}
