2018-08-27 09:51:40.590 |-INFO  [http-nio-8008-exec-3] org.apache.catalina.core.ContainerBase.[Tomcat].[localhost].[/pay] [179] -| Initializing Spring FrameworkServlet 'dispatcherServlet'
2018-08-27 09:51:40.610 |-INFO  [http-nio-8008-exec-3] org.springframework.web.servlet.DispatcherServlet [489] -| FrameworkServlet 'dispatcherServlet': initialization started
2018-08-27 09:51:40.729 |-INFO  [http-nio-8008-exec-3] org.springframework.web.servlet.DispatcherServlet [508] -| FrameworkServlet 'dispatcherServlet': initialization completed in 118 ms
2018-08-27 09:51:40.966 |-INFO  [http-nio-8008-exec-3] com.pay.aspect.PayAspect [65] -| 【访客验证】 合法访问：ip = 192.168.1.122 ,port = 54195 ,remoteSysName = 1,methodName = pay ,args = [null, null, http://192.168.1.122:8080/supply/interface/callback_pay_state, GYS201808270951396767, 0.01, 供应商平台耗材功能年费(1家医院)-南京英甲科技有限公司, null, null, null, null, null, null, null, org.apache.catalina.connector.ResponseFacade@394cceb9] 
2018-08-27 09:51:41.014 |-INFO  [http-nio-8008-exec-3] com.pay.service.AlipayService [146] -| 【支付请求参数】 bizContent = {
  "out_trade_no": "GYS201808270951396767",
  "total_amount": "0.01",
  "subject": "供应商平台耗材功能年费(1家医院)-南京英甲科技有限公司",
  "timeout_express": "90m",
  "goods_type": "0",
  "product_code": "FAST_INSTANT_TRADE_PAY"
}
2018-08-27 09:51:41.306 |-INFO  [http-nio-8008-exec-6] com.pay.service.AlipayService [146] -| 【支付请求参数】 bizContent = {
  "out_trade_no": "GYS201808270951396767",
  "total_amount": "0.01",
  "subject": "供应商平台耗材功能年费(1家医院)-南京英甲科技有限公司",
  "timeout_express": "90m",
  "goods_type": "0",
  "product_code": "FAST_INSTANT_TRADE_PAY"
}
2018-08-27 09:52:08.325 |-INFO  [pool-2-thread-1] com.pay.service.AlipayService [250] -| 【异步通知客户端】 开始通知 notifyUrl = http://192.168.1.122:8080/supply/interface/callback_pay_state
2018-08-27 09:52:08.691 |-WARN  [pool-2-thread-1] org.apache.commons.httpclient.HttpMethodBase [682] -| Going to buffer response body of large or unknown size. Using getResponseBodyAsStream instead is recommended.
2018-08-27 09:53:56.757 |-INFO  [http-nio-8008-exec-8] com.pay.aspect.PayAspect [65] -| 【访客验证】 合法访问：ip = 192.168.1.122 ,port = 54355 ,remoteSysName = 1,methodName = pay ,args = [null, null, http://192.168.1.122:8080/supply/interface/callback_pay_state, GYS201808270953556767, 0.01, 供应商平台耗材功能年费(1家医院)-南京英甲科技有限公司, null, null, null, null, null, null, null, org.apache.catalina.connector.ResponseFacade@394cceb9] 
2018-08-27 09:53:56.761 |-INFO  [http-nio-8008-exec-8] com.pay.service.AlipayService [146] -| 【支付请求参数】 bizContent = {
  "out_trade_no": "GYS201808270953556767",
  "total_amount": "0.01",
  "subject": "供应商平台耗材功能年费(1家医院)-南京英甲科技有限公司",
  "timeout_express": "90m",
  "goods_type": "0",
  "product_code": "FAST_INSTANT_TRADE_PAY"
}
2018-08-27 09:53:56.855 |-INFO  [http-nio-8008-exec-10] com.pay.service.AlipayService [146] -| 【支付请求参数】 bizContent = {
  "out_trade_no": "GYS201808270953556767",
  "total_amount": "0.01",
  "subject": "供应商平台耗材功能年费(1家医院)-南京英甲科技有限公司",
  "timeout_express": "90m",
  "goods_type": "0",
  "product_code": "FAST_INSTANT_TRADE_PAY"
}
2018-08-27 09:54:08.304 |-INFO  [pool-2-thread-2] com.pay.service.AlipayService [250] -| 【异步通知客户端】 开始通知 notifyUrl = http://192.168.1.122:8080/supply/interface/callback_pay_state
2018-08-27 09:54:08.423 |-WARN  [pool-2-thread-2] org.apache.commons.httpclient.HttpMethodBase [682] -| Going to buffer response body of large or unknown size. Using getResponseBodyAsStream instead is recommended.
2018-08-27 10:04:29.532 |-INFO  [http-nio-8008-exec-10] com.pay.aspect.PayAspect [65] -| 【访客验证】 合法访问：ip = 192.168.1.122 ,port = 54832 ,remoteSysName = 1,methodName = pay ,args = [null, null, http://192.168.1.122:8080/supply/interface/callback_pay_state, GYS201808271004286767, 0.01, 供应商平台耗材功能年费(1家医院)-南京英甲科技有限公司, null, null, null, null, null, null, null, org.apache.catalina.connector.ResponseFacade@731ff067] 
2018-08-27 10:04:29.538 |-INFO  [http-nio-8008-exec-10] com.pay.service.AlipayService [146] -| 【支付请求参数】 bizContent = {
  "out_trade_no": "GYS201808271004286767",
  "total_amount": "0.01",
  "subject": "供应商平台耗材功能年费(1家医院)-南京英甲科技有限公司",
  "timeout_express": "90m",
  "goods_type": "0",
  "product_code": "FAST_INSTANT_TRADE_PAY"
}
2018-08-27 10:04:29.682 |-INFO  [http-nio-8008-exec-2] com.pay.service.AlipayService [146] -| 【支付请求参数】 bizContent = {
  "out_trade_no": "GYS201808271004286767",
  "total_amount": "0.01",
  "subject": "供应商平台耗材功能年费(1家医院)-南京英甲科技有限公司",
  "timeout_express": "90m",
  "goods_type": "0",
  "product_code": "FAST_INSTANT_TRADE_PAY"
}
2018-08-27 10:04:40.987 |-INFO  [pool-2-thread-3] com.pay.service.AlipayService [250] -| 【异步通知客户端】 开始通知 notifyUrl = http://192.168.1.122:8080/supply/interface/callback_pay_state
2018-08-27 10:04:41.016 |-WARN  [pool-2-thread-3] org.apache.commons.httpclient.HttpMethodBase [682] -| Going to buffer response body of large or unknown size. Using getResponseBodyAsStream instead is recommended.
2018-08-27 10:18:33.520 |-INFO  [http-nio-8008-exec-7] com.pay.service.AlipayService [146] -| 【支付请求参数】 bizContent = {
  "out_trade_no": "GYS201808271004286767",
  "total_amount": "0.01",
  "subject": "供应商平台耗材功能年费(1家医院)-南京英甲科技有限公司",
  "timeout_express": "90m",
  "goods_type": "0",
  "product_code": "FAST_INSTANT_TRADE_PAY"
}
2018-08-27 10:21:13.799 |-INFO  [http-nio-8008-exec-9] com.pay.service.AlipayService [146] -| 【支付请求参数】 bizContent = {
  "out_trade_no": "GYS201808271004286767",
  "total_amount": "0.01",
  "subject": "供应商平台耗材功能年费(1家医院)-南京英甲科技有限公司",
  "timeout_express": "90m",
  "goods_type": "0",
  "product_code": "FAST_INSTANT_TRADE_PAY"
}
2018-08-27 10:25:56.410 |-INFO  [http-nio-8008-exec-1] com.pay.service.AlipayService [146] -| 【支付请求参数】 bizContent = {
  "out_trade_no": "GYS201808271004286767",
  "total_amount": "0.01",
  "subject": "供应商平台耗材功能年费(1家医院)-南京英甲科技有限公司",
  "timeout_express": "90m",
  "goods_type": "0",
  "product_code": "FAST_INSTANT_TRADE_PAY"
}
2018-08-27 10:31:12.587 |-INFO  [http-nio-8008-exec-3] com.pay.service.AlipayService [146] -| 【支付请求参数】 bizContent = {
  "out_trade_no": "GYS201808271004286767",
  "total_amount": "0.01",
  "subject": "供应商平台耗材功能年费(1家医院)-南京英甲科技有限公司",
  "timeout_express": "90m",
  "goods_type": "0",
  "product_code": "FAST_INSTANT_TRADE_PAY"
}
2018-08-27 13:48:37.295 |-INFO  [main] com.pay.PayApplication [48] -| Starting PayApplication on yzm with PID 16004 (D:\workspace2\sshapp-pro\pay\target\classes started by www78 in D:\workspace2\sshapp-pro\pay)
2018-08-27 13:48:37.310 |-INFO  [main] com.pay.PayApplication [597] -| The following profiles are active: dev
2018-08-27 13:48:37.566 |-INFO  [main] org.springframework.boot.context.embedded.AnnotationConfigEmbeddedWebApplicationContext [583] -| Refreshing org.springframework.boot.context.embedded.AnnotationConfigEmbeddedWebApplicationContext@3568f9d2: startup date [Mon Aug 27 13:48:37 CST 2018]; root of context hierarchy
2018-08-27 13:48:37.853 |-INFO  [background-preinit] org.hibernate.validator.internal.util.Version [30] -| HV000001: Hibernate Validator 5.3.5.Final
2018-08-27 13:48:40.713 |-INFO  [main] org.springframework.context.support.PostProcessorRegistrationDelegate$BeanPostProcessorChecker [325] -| Bean 'org.springframework.transaction.annotation.ProxyTransactionManagementConfiguration' of type [org.springframework.transaction.annotation.ProxyTransactionManagementConfiguration$$EnhancerBySpringCGLIB$$f2b8a8fb] is not eligible for getting processed by all BeanPostProcessors (for example: not eligible for auto-proxying)
2018-08-27 13:48:41.250 |-INFO  [main] org.springframework.boot.context.embedded.tomcat.TomcatEmbeddedServletContainer [89] -| Tomcat initialized with port(s): 8008 (http)
2018-08-27 13:48:41.260 |-INFO  [main] org.apache.catalina.core.StandardService [179] -| Starting service [Tomcat]
2018-08-27 13:48:41.260 |-INFO  [main] org.apache.catalina.core.StandardEngine [179] -| Starting Servlet Engine: Apache Tomcat/8.5.16
2018-08-27 13:48:41.382 |-INFO  [localhost-startStop-1] org.apache.catalina.core.ContainerBase.[Tomcat].[localhost].[/pay] [179] -| Initializing Spring embedded WebApplicationContext
2018-08-27 13:48:41.382 |-INFO  [localhost-startStop-1] org.springframework.web.context.ContextLoader [276] -| Root WebApplicationContext: initialization completed in 3816 ms
2018-08-27 13:48:41.540 |-INFO  [localhost-startStop-1] org.springframework.boot.web.servlet.ServletRegistrationBean [190] -| Mapping servlet: 'dispatcherServlet' to [/]
2018-08-27 13:48:41.544 |-INFO  [localhost-startStop-1] org.springframework.boot.web.servlet.FilterRegistrationBean [258] -| Mapping filter: 'characterEncodingFilter' to: [/*]
2018-08-27 13:48:41.545 |-INFO  [localhost-startStop-1] org.springframework.boot.web.servlet.FilterRegistrationBean [258] -| Mapping filter: 'hiddenHttpMethodFilter' to: [/*]
2018-08-27 13:48:41.545 |-INFO  [localhost-startStop-1] org.springframework.boot.web.servlet.FilterRegistrationBean [258] -| Mapping filter: 'httpPutFormContentFilter' to: [/*]
2018-08-27 13:48:41.545 |-INFO  [localhost-startStop-1] org.springframework.boot.web.servlet.FilterRegistrationBean [258] -| Mapping filter: 'requestContextFilter' to: [/*]
2018-08-27 13:48:42.100 |-INFO  [main] org.springframework.orm.jpa.LocalContainerEntityManagerFactoryBean [349] -| Building JPA container EntityManagerFactory for persistence unit 'default'
2018-08-27 13:48:42.113 |-INFO  [main] org.hibernate.jpa.internal.util.LogHelper [31] -| HHH000204: Processing PersistenceUnitInfo [
	name: default
	...]
2018-08-27 13:48:42.199 |-INFO  [main] org.hibernate.Version [37] -| HHH000412: Hibernate Core {5.0.12.Final}
2018-08-27 13:48:42.201 |-INFO  [main] org.hibernate.cfg.Environment [213] -| HHH000206: hibernate.properties not found
2018-08-27 13:48:42.202 |-INFO  [main] org.hibernate.cfg.Environment [317] -| HHH000021: Bytecode provider name : javassist
2018-08-27 13:48:42.253 |-INFO  [main] org.hibernate.annotations.common.Version [66] -| HCANN000001: Hibernate Commons Annotations {5.0.1.Final}
2018-08-27 13:48:42.537 |-INFO  [main] org.hibernate.dialect.Dialect [156] -| HHH000400: Using dialect: org.hibernate.dialect.MySQL5Dialect
2018-08-27 13:48:43.031 |-INFO  [main] org.hibernate.tool.hbm2ddl.SchemaUpdate [105] -| HHH000228: Running hbm2ddl schema update
2018-08-27 13:48:43.552 |-INFO  [main] org.springframework.orm.jpa.LocalContainerEntityManagerFactoryBean [379] -| Initialized JPA EntityManagerFactory for persistence unit 'default'
2018-08-27 13:48:44.572 |-INFO  [main] org.springframework.web.servlet.view.freemarker.FreeMarkerConfigurer [127] -| ClassTemplateLoader for Spring macros added to FreeMarker configuration
2018-08-27 13:48:45.068 |-INFO  [main] org.springframework.web.servlet.mvc.method.annotation.RequestMappingHandlerMapping [543] -| Mapped "{[/alipay/notify],methods=[POST]}" onto public void com.pay.controller.AlipayController.notify(javax.servlet.http.HttpServletRequest,javax.servlet.http.HttpServletResponse) throws java.lang.Exception
2018-08-27 13:48:45.069 |-INFO  [main] org.springframework.web.servlet.mvc.method.annotation.RequestMappingHandlerMapping [543] -| Mapped "{[/alipay/close]}" onto public java.util.Map<java.lang.String, java.lang.Object> com.pay.controller.AlipayController.close(java.lang.String,java.lang.String)
2018-08-27 13:48:45.069 |-INFO  [main] org.springframework.web.servlet.mvc.method.annotation.RequestMappingHandlerMapping [543] -| Mapped "{[/alipay/query]}" onto public java.util.Map<java.lang.String, java.lang.Object> com.pay.controller.AlipayController.query(java.lang.String)
2018-08-27 13:48:45.069 |-INFO  [main] org.springframework.web.servlet.mvc.method.annotation.RequestMappingHandlerMapping [543] -| Mapped "{[/alipay/pay_test]}" onto public void com.pay.controller.AlipayController.doPost(java.lang.String,javax.servlet.http.HttpServletRequest,javax.servlet.http.HttpServletResponse) throws javax.servlet.ServletException,java.io.IOException
2018-08-27 13:48:45.070 |-INFO  [main] org.springframework.web.servlet.mvc.method.annotation.RequestMappingHandlerMapping [543] -| Mapped "{[/alipay/returnUrl]}" onto public org.springframework.web.servlet.ModelAndView com.pay.controller.AlipayController.returnUrl()
2018-08-27 13:48:45.070 |-INFO  [main] org.springframework.web.servlet.mvc.method.annotation.RequestMappingHandlerMapping [543] -| Mapped "{[/alipay/pay_supplier]}" onto public void com.pay.controller.AlipayController.paySupplier(java.lang.String,javax.servlet.http.HttpServletRequest,javax.servlet.http.HttpServletResponse) throws java.lang.Exception
2018-08-27 13:48:45.070 |-INFO  [main] org.springframework.web.servlet.mvc.method.annotation.RequestMappingHandlerMapping [543] -| Mapped "{[/alipay/pay],methods=[POST]}" onto public void com.pay.controller.AlipayController.pay(java.lang.String,java.lang.String,java.lang.String,javax.servlet.http.HttpServletResponse) throws java.lang.Exception
2018-08-27 13:48:45.070 |-INFO  [main] org.springframework.web.servlet.mvc.method.annotation.RequestMappingHandlerMapping [543] -| Mapped "{[/alipay/pay2]}" onto public void com.pay.controller.AlipayController.pay(java.lang.String,java.lang.String,java.lang.String,java.lang.String,java.lang.String,java.lang.String,java.lang.String,java.lang.String,java.lang.String,java.lang.String,java.lang.String,java.lang.String,java.lang.String,javax.servlet.http.HttpServletResponse) throws java.lang.Exception
2018-08-27 13:48:45.071 |-INFO  [main] org.springframework.web.servlet.mvc.method.annotation.RequestMappingHandlerMapping [543] -| Mapped "{[/alipay/download_bill]}" onto public java.util.Map<java.lang.String, java.lang.Object> com.pay.controller.AlipayController.downloadBill(java.lang.String,java.lang.String,javax.servlet.http.HttpServletResponse) throws java.lang.Exception
2018-08-27 13:48:45.071 |-INFO  [main] org.springframework.web.servlet.mvc.method.annotation.RequestMappingHandlerMapping [543] -| Mapped "{[/alipay/my_notify]}" onto public java.util.Map<java.lang.String, java.lang.Object> com.pay.controller.AlipayController.myNotify(java.lang.String)
2018-08-27 13:48:45.071 |-INFO  [main] org.springframework.web.servlet.mvc.method.annotation.RequestMappingHandlerMapping [543] -| Mapped "{[/alipay/query_refund]}" onto public java.util.Map<java.lang.String, java.lang.Object> com.pay.controller.AlipayController.queryRefund(java.lang.String,java.lang.String) throws java.lang.Exception
2018-08-27 13:48:45.072 |-INFO  [main] org.springframework.web.servlet.mvc.method.annotation.RequestMappingHandlerMapping [543] -| Mapped "{[/alipay/refund]}" onto public java.util.Map<java.lang.String, java.lang.Object> com.pay.controller.AlipayController.refund(java.lang.String,java.lang.String,java.lang.String,java.lang.String,java.lang.String,java.lang.String,java.lang.String) throws java.lang.Exception
2018-08-27 13:48:45.073 |-INFO  [main] org.springframework.web.servlet.mvc.method.annotation.RequestMappingHandlerMapping [543] -| Mapped "{[/appParam/save],methods=[POST]}" onto public com.pay.vo.ResponseVO com.pay.controller.AppParamController.save(java.lang.Long,java.lang.String)
2018-08-27 13:48:45.074 |-INFO  [main] org.springframework.web.servlet.mvc.method.annotation.RequestMappingHandlerMapping [543] -| Mapped "{[/appParam/query_all],methods=[GET]}" onto public java.util.Map<java.lang.String, java.lang.Object> com.pay.controller.AppParamController.queryAll(java.lang.Integer,java.lang.Integer)
2018-08-27 13:48:45.074 |-INFO  [main] org.springframework.web.servlet.mvc.method.annotation.RequestMappingHandlerMapping [543] -| Mapped "{[/appParam/query_one],methods=[GET]}" onto public com.pay.vo.ResponseVO com.pay.controller.AppParamController.queryOne(java.lang.String)
2018-08-27 13:48:45.076 |-INFO  [main] org.springframework.web.servlet.mvc.method.annotation.RequestMappingHandlerMapping [543] -| Mapped "{[/common/index],methods=[GET]}" onto public org.springframework.web.servlet.ModelAndView com.pay.controller.CommonController.index(javax.servlet.http.HttpServletRequest)
2018-08-27 13:48:45.076 |-INFO  [main] org.springframework.web.servlet.mvc.method.annotation.RequestMappingHandlerMapping [543] -| Mapped "{[/common/login],methods=[POST]}" onto public com.pay.vo.ResponseVO com.pay.controller.CommonController.login(com.pay.entity.User,javax.servlet.http.HttpServletRequest)
2018-08-27 13:48:45.076 |-INFO  [main] org.springframework.web.servlet.mvc.method.annotation.RequestMappingHandlerMapping [543] -| Mapped "{[/common/logout],methods=[GET]}" onto public void com.pay.controller.CommonController.logout(javax.servlet.http.HttpServletRequest,javax.servlet.http.HttpServletResponse) throws java.lang.Exception
2018-08-27 13:48:45.077 |-INFO  [main] org.springframework.web.servlet.mvc.method.annotation.RequestMappingHandlerMapping [543] -| Mapped "{[/common/register_by_phone],methods=[POST]}" onto public com.pay.vo.ResponseVO com.pay.controller.CommonController.registerByPhone(com.pay.entity.User,javax.servlet.http.HttpServletRequest)
2018-08-27 13:48:45.077 |-INFO  [main] org.springframework.web.servlet.mvc.method.annotation.RequestMappingHandlerMapping [543] -| Mapped "{[/common/show_register],methods=[GET]}" onto public org.springframework.web.servlet.ModelAndView com.pay.controller.CommonController.showRegister(javax.servlet.http.HttpServletRequest)
2018-08-27 13:48:45.077 |-INFO  [main] org.springframework.web.servlet.mvc.method.annotation.RequestMappingHandlerMapping [543] -| Mapped "{[/common/navigate],methods=[GET]}" onto public org.springframework.web.servlet.ModelAndView com.pay.controller.CommonController.navigate(java.lang.String,javax.servlet.http.HttpServletRequest)
2018-08-27 13:48:45.077 |-INFO  [main] org.springframework.web.servlet.mvc.method.annotation.RequestMappingHandlerMapping [543] -| Mapped "{[/common/register_by_email],methods=[POST]}" onto public com.pay.vo.ResponseVO com.pay.controller.CommonController.registerByEmail(com.pay.entity.User)
2018-08-27 13:48:45.078 |-INFO  [main] org.springframework.web.servlet.mvc.method.annotation.RequestMappingHandlerMapping [543] -| Mapped "{[/common/show_login],methods=[GET]}" onto public org.springframework.web.servlet.ModelAndView com.pay.controller.CommonController.showLogin(javax.servlet.http.HttpServletRequest)
2018-08-27 13:48:45.078 |-INFO  [main] org.springframework.web.servlet.mvc.method.annotation.RequestMappingHandlerMapping [543] -| Mapped "{[/givenInvoice/save]}" onto public org.springframework.web.servlet.ModelAndView com.pay.controller.GivenInvoiceController.save(com.pay.entity.GivenInvoice)
2018-08-27 13:48:45.079 |-INFO  [main] org.springframework.web.servlet.mvc.method.annotation.RequestMappingHandlerMapping [543] -| Mapped "{[/givenInvoice/query_all]}" onto public java.util.Map<java.lang.String, java.lang.Object> com.pay.controller.GivenInvoiceController.queryAll(java.lang.Integer,java.lang.Integer,java.lang.String)
2018-08-27 13:48:45.079 |-INFO  [main] org.springframework.web.servlet.mvc.method.annotation.RequestMappingHandlerMapping [543] -| Mapped "{[/givenInvoice/modify]}" onto public org.springframework.web.servlet.ModelAndView com.pay.controller.GivenInvoiceController.modify(com.pay.entity.GivenInvoice)
2018-08-27 13:48:45.079 |-INFO  [main] org.springframework.web.servlet.mvc.method.annotation.RequestMappingHandlerMapping [543] -| Mapped "{[/]}" onto public java.lang.String com.pay.controller.IndexController.index()
2018-08-27 13:48:45.080 |-INFO  [main] org.springframework.web.servlet.mvc.method.annotation.RequestMappingHandlerMapping [543] -| Mapped "{[/invoice/toXml],methods=[POST]}" onto public void com.pay.controller.InvoiceController.generate(java.lang.String,javax.servlet.http.HttpServletResponse) throws java.lang.Exception
2018-08-27 13:48:45.081 |-INFO  [main] org.springframework.web.servlet.mvc.method.annotation.RequestMappingHandlerMapping [543] -| Mapped "{[/invoice/query_all],methods=[GET]}" onto public java.util.Map<java.lang.String, java.lang.Object> com.pay.controller.InvoiceController.queryAll(java.lang.Integer,java.lang.Integer,java.lang.String)
2018-08-27 13:48:45.081 |-INFO  [main] org.springframework.web.servlet.mvc.method.annotation.RequestMappingHandlerMapping [543] -| Mapped "{[/invoice/importExcel],methods=[POST]}" onto public com.pay.vo.ResponseVO com.pay.controller.InvoiceController.importExcel(javax.servlet.http.HttpServletRequest,javax.servlet.http.HttpServletResponse) throws java.lang.Exception
2018-08-27 13:48:45.081 |-INFO  [main] org.springframework.web.servlet.mvc.method.annotation.RequestMappingHandlerMapping [543] -| Mapped "{[/invoice/save_header],methods=[POST]}" onto public java.util.Map<java.lang.String, java.lang.Object> com.pay.controller.InvoiceController.saveHeader(java.lang.String,java.lang.String,java.lang.String,java.lang.String,java.lang.String,java.lang.String,java.lang.String) throws java.lang.Exception
2018-08-27 13:48:45.082 |-INFO  [main] org.springframework.web.servlet.mvc.method.annotation.RequestMappingHandlerMapping [543] -| Mapped "{[/invoice/unDraw_toExcel],methods=[POST]}" onto public void com.pay.controller.InvoiceController.unDraw2Excel(javax.servlet.http.HttpServletResponse) throws java.lang.Exception
2018-08-27 13:48:45.082 |-INFO  [main] org.springframework.web.servlet.mvc.method.annotation.RequestMappingHandlerMapping [543] -| Mapped "{[/invoice/toExcel],methods=[POST]}" onto public void com.pay.controller.InvoiceController.invoice2Word(java.lang.String,javax.servlet.http.HttpServletResponse) throws java.lang.Exception
2018-08-27 13:48:45.082 |-INFO  [main] org.springframework.web.servlet.mvc.method.annotation.RequestMappingHandlerMapping [543] -| Mapped "{[/payInfo/query_trade_success]}" onto public java.util.Map<java.lang.String, java.lang.Object> com.pay.controller.PayInfoController.queryTradeSuccess(java.lang.Integer,java.lang.Integer,com.pay.entity.PayInfo)
2018-08-27 13:48:45.083 |-INFO  [main] org.springframework.web.servlet.mvc.method.annotation.RequestMappingHandlerMapping [543] -| Mapped "{[/sms/send_code],methods=[POST]}" onto public com.pay.vo.ResponseVO com.pay.controller.SmsController.sendCode(java.lang.String)
2018-08-27 13:48:45.084 |-INFO  [main] org.springframework.web.servlet.mvc.method.annotation.RequestMappingHandlerMapping [543] -| Mapped "{[/user/save],methods=[POST]}" onto public org.springframework.web.servlet.ModelAndView com.pay.controller.UserController.save(com.pay.entity.User,org.apache.catalina.servlet4preview.http.HttpServletRequest)
2018-08-27 13:48:45.084 |-INFO  [main] org.springframework.web.servlet.mvc.method.annotation.RequestMappingHandlerMapping [543] -| Mapped "{[/user/query_by_username],methods=[GET]}" onto public com.pay.vo.ResponseVO com.pay.controller.UserController.queryByUsername(java.lang.String)
2018-08-27 13:48:45.085 |-INFO  [main] org.springframework.web.servlet.mvc.method.annotation.RequestMappingHandlerMapping [543] -| Mapped "{[/whiteList/delete],methods=[GET]}" onto public void com.pay.controller.WhiteListController.delete(java.lang.Long)
2018-08-27 13:48:45.085 |-INFO  [main] org.springframework.web.servlet.mvc.method.annotation.RequestMappingHandlerMapping [543] -| Mapped "{[/whiteList/save],methods=[POST]}" onto public org.springframework.web.servlet.ModelAndView com.pay.controller.WhiteListController.save(com.pay.entity.WhiteList)
2018-08-27 13:48:45.085 |-INFO  [main] org.springframework.web.servlet.mvc.method.annotation.RequestMappingHandlerMapping [543] -| Mapped "{[/whiteList/query_all],methods=[GET]}" onto public java.util.Map<java.lang.String, java.lang.Object> com.pay.controller.WhiteListController.queryAll(java.lang.Integer,java.lang.Integer,org.apache.catalina.servlet4preview.http.HttpServletRequest)
2018-08-27 13:48:45.087 |-INFO  [main] org.springframework.web.servlet.mvc.method.annotation.RequestMappingHandlerMapping [543] -| Mapped "{[/v2/api-docs],methods=[GET],produces=[application/json || application/hal+json]}" onto public org.springframework.http.ResponseEntity<springfox.documentation.spring.web.json.Json> springfox.documentation.swagger2.web.Swagger2Controller.getDocumentation(java.lang.String,javax.servlet.http.HttpServletRequest)
2018-08-27 13:48:45.089 |-INFO  [main] org.springframework.web.servlet.mvc.method.annotation.RequestMappingHandlerMapping [543] -| Mapped "{[/swagger-resources/configuration/ui]}" onto org.springframework.http.ResponseEntity<springfox.documentation.swagger.web.UiConfiguration> springfox.documentation.swagger.web.ApiResourceController.uiConfiguration()
2018-08-27 13:48:45.090 |-INFO  [main] org.springframework.web.servlet.mvc.method.annotation.RequestMappingHandlerMapping [543] -| Mapped "{[/swagger-resources]}" onto org.springframework.http.ResponseEntity<java.util.List<springfox.documentation.swagger.web.SwaggerResource>> springfox.documentation.swagger.web.ApiResourceController.swaggerResources()
2018-08-27 13:48:45.090 |-INFO  [main] org.springframework.web.servlet.mvc.method.annotation.RequestMappingHandlerMapping [543] -| Mapped "{[/swagger-resources/configuration/security]}" onto org.springframework.http.ResponseEntity<springfox.documentation.swagger.web.SecurityConfiguration> springfox.documentation.swagger.web.ApiResourceController.securityConfiguration()
2018-08-27 13:48:45.092 |-INFO  [main] org.springframework.web.servlet.mvc.method.annotation.RequestMappingHandlerMapping [543] -| Mapped "{[/error]}" onto public org.springframework.http.ResponseEntity<java.util.Map<java.lang.String, java.lang.Object>> org.springframework.boot.autoconfigure.web.BasicErrorController.error(javax.servlet.http.HttpServletRequest)
2018-08-27 13:48:45.093 |-INFO  [main] org.springframework.web.servlet.mvc.method.annotation.RequestMappingHandlerMapping [543] -| Mapped "{[/error],produces=[text/html]}" onto public org.springframework.web.servlet.ModelAndView org.springframework.boot.autoconfigure.web.BasicErrorController.errorHtml(javax.servlet.http.HttpServletRequest,javax.servlet.http.HttpServletResponse)
2018-08-27 13:48:45.419 |-INFO  [main] org.springframework.web.servlet.mvc.method.annotation.RequestMappingHandlerAdapter [534] -| Looking for @ControllerAdvice: org.springframework.boot.context.embedded.AnnotationConfigEmbeddedWebApplicationContext@3568f9d2: startup date [Mon Aug 27 13:48:37 CST 2018]; root of context hierarchy
2018-08-27 13:48:45.473 |-INFO  [main] org.springframework.web.servlet.handler.SimpleUrlHandlerMapping [362] -| Mapped URL path [/webjars/**] onto handler of type [class org.springframework.web.servlet.resource.ResourceHttpRequestHandler]
2018-08-27 13:48:45.473 |-INFO  [main] org.springframework.web.servlet.handler.SimpleUrlHandlerMapping [362] -| Mapped URL path [/**] onto handler of type [class org.springframework.web.servlet.resource.ResourceHttpRequestHandler]
2018-08-27 13:48:45.492 |-INFO  [main] org.springframework.web.servlet.mvc.method.annotation.ExceptionHandlerExceptionResolver [273] -| Detected @ExceptionHandler methods in globalControllerExceptionHandler
2018-08-27 13:48:45.516 |-INFO  [main] org.springframework.web.servlet.handler.SimpleUrlHandlerMapping [362] -| Mapped URL path [/**/favicon.ico] onto handler of type [class org.springframework.web.servlet.resource.ResourceHttpRequestHandler]
2018-08-27 13:48:45.896 |-INFO  [main] org.springframework.jmx.export.annotation.AnnotationMBeanExporter [431] -| Registering beans for JMX exposure on startup
2018-08-27 13:48:45.905 |-INFO  [main] org.springframework.context.support.DefaultLifecycleProcessor [343] -| Starting beans in phase 2147483647
2018-08-27 13:48:45.905 |-INFO  [main] springfox.documentation.spring.web.plugins.DocumentationPluginsBootstrapper [120] -| Context refreshed
2018-08-27 13:48:45.921 |-INFO  [main] springfox.documentation.spring.web.plugins.DocumentationPluginsBootstrapper [123] -| Found 1 custom documentation plugin(s)
2018-08-27 13:48:45.935 |-INFO  [main] springfox.documentation.spring.web.scanners.ApiListingReferenceScanner [41] -| Scanning for api listing references
2018-08-27 13:48:46.243 |-INFO  [main] springfox.documentation.spring.web.readers.operation.CachingOperationNameGenerator [40] -| Generating unique operation named: payUsingPOST_1
2018-08-27 13:48:46.615 |-INFO  [main] springfox.documentation.spring.web.readers.operation.CachingOperationNameGenerator [40] -| Generating unique operation named: saveUsingPOST_1
2018-08-27 13:48:46.654 |-INFO  [main] springfox.documentation.spring.web.readers.operation.CachingOperationNameGenerator [40] -| Generating unique operation named: saveUsingPOST_2
2018-08-27 13:48:46.661 |-INFO  [main] springfox.documentation.spring.web.readers.operation.CachingOperationNameGenerator [40] -| Generating unique operation named: queryAllUsingGET_1
2018-08-27 13:48:46.664 |-INFO  [main] springfox.documentation.spring.web.readers.operation.CachingOperationNameGenerator [40] -| Generating unique operation named: saveUsingPOST_3
2018-08-27 13:48:46.707 |-INFO  [main] org.hibernate.hql.internal.QueryTranslatorFactoryInitiator [47] -| HHH000397: Using ASTQueryTranslatorFactory
2018-08-27 13:48:46.836 |-INFO  [main] org.apache.coyote.http11.Http11NioProtocol [179] -| Initializing ProtocolHandler ["http-nio-8008"]
2018-08-27 13:48:46.848 |-INFO  [main] org.apache.coyote.http11.Http11NioProtocol [179] -| Starting ProtocolHandler ["http-nio-8008"]
2018-08-27 13:48:46.859 |-INFO  [main] org.apache.tomcat.util.net.NioSelectorPool [179] -| Using a shared selector for servlet write/read
2018-08-27 13:48:46.874 |-INFO  [main] org.springframework.boot.context.embedded.tomcat.TomcatEmbeddedServletContainer [201] -| Tomcat started on port(s): 8008 (http)
2018-08-27 13:48:46.879 |-INFO  [main] com.pay.PayApplication [57] -| Started PayApplication in 11.344 seconds (JVM running for 12.551)
