2019-08-10 10:56:33.793 |-INFO  [main] com.hik.PayApplication [48] -| Starting PayApplication on yzm with PID 39856 (D:\workspace2\hik\target\classes started by www78 in D:\workspace2\hik)
2019-08-10 10:56:33.798 |-INFO  [main] com.hik.PayApplication [597] -| The following profiles are active: prod
2019-08-10 10:56:33.891 |-INFO  [main] org.springframework.boot.context.embedded.AnnotationConfigEmbeddedWebApplicationContext [583] -| Refreshing org.springframework.boot.context.embedded.AnnotationConfigEmbeddedWebApplicationContext@71c27ee8: startup date [Sat Aug 10 10:56:33 CST 2019]; root of context hierarchy
2019-08-10 10:56:34.290 |-INFO  [background-preinit] org.hibernate.validator.internal.util.Version [30] -| HV000001: Hibernate Validator 5.3.5.Final
2019-08-10 10:56:34.994 |-WARN  [main] org.mybatis.spring.mapper.ClassPathMapperScanner [166] -| No MyBatis mapper was found in '[com.pay.mapper]' package. Please check your configuration.
2019-08-10 10:56:35.198 |-WARN  [main] org.mybatis.spring.mapper.ClassPathMapperScanner [166] -| No MyBatis mapper was found in '[com.hik]' package. Please check your configuration.
2019-08-10 10:56:35.869 |-INFO  [main] org.springframework.context.support.PostProcessorRegistrationDelegate$BeanPostProcessorChecker [325] -| Bean 'org.springframework.transaction.annotation.ProxyTransactionManagementConfiguration' of type [org.springframework.transaction.annotation.ProxyTransactionManagementConfiguration$$EnhancerBySpringCGLIB$$b5ba2902] is not eligible for getting processed by all BeanPostProcessors (for example: not eligible for auto-proxying)
2019-08-10 10:56:36.545 |-INFO  [main] org.springframework.boot.context.embedded.tomcat.TomcatEmbeddedServletContainer [89] -| Tomcat initialized with port(s): 8000 (http)
2019-08-10 10:56:36.556 |-INFO  [main] org.apache.catalina.core.StandardService [179] -| Starting service [Tomcat]
2019-08-10 10:56:36.558 |-INFO  [main] org.apache.catalina.core.StandardEngine [179] -| Starting Servlet Engine: Apache Tomcat/8.5.16
2019-08-10 10:56:36.683 |-INFO  [localhost-startStop-1] org.apache.catalina.core.ContainerBase.[Tomcat].[localhost].[/pay] [179] -| Initializing Spring embedded WebApplicationContext
2019-08-10 10:56:36.684 |-INFO  [localhost-startStop-1] org.springframework.web.context.ContextLoader [276] -| Root WebApplicationContext: initialization completed in 2793 ms
2019-08-10 10:56:36.857 |-INFO  [localhost-startStop-1] org.springframework.boot.web.servlet.ServletRegistrationBean [190] -| Mapping servlet: 'dispatcherServlet' to [/]
2019-08-10 10:56:36.861 |-INFO  [localhost-startStop-1] org.springframework.boot.web.servlet.FilterRegistrationBean [258] -| Mapping filter: 'characterEncodingFilter' to: [/*]
2019-08-10 10:56:36.862 |-INFO  [localhost-startStop-1] org.springframework.boot.web.servlet.FilterRegistrationBean [258] -| Mapping filter: 'hiddenHttpMethodFilter' to: [/*]
2019-08-10 10:56:36.862 |-INFO  [localhost-startStop-1] org.springframework.boot.web.servlet.FilterRegistrationBean [258] -| Mapping filter: 'httpPutFormContentFilter' to: [/*]
2019-08-10 10:56:36.862 |-INFO  [localhost-startStop-1] org.springframework.boot.web.servlet.FilterRegistrationBean [258] -| Mapping filter: 'requestContextFilter' to: [/*]
2019-08-10 10:56:37.962 |-INFO  [main] org.springframework.orm.jpa.LocalContainerEntityManagerFactoryBean [349] -| Building JPA container EntityManagerFactory for persistence unit 'default'
2019-08-10 10:56:37.975 |-INFO  [main] org.hibernate.jpa.internal.util.LogHelper [31] -| HHH000204: Processing PersistenceUnitInfo [
	name: default
	...]
2019-08-10 10:56:38.067 |-INFO  [main] org.hibernate.Version [37] -| HHH000412: Hibernate Core {5.0.12.Final}
2019-08-10 10:56:38.068 |-INFO  [main] org.hibernate.cfg.Environment [213] -| HHH000206: hibernate.properties not found
2019-08-10 10:56:38.069 |-INFO  [main] org.hibernate.cfg.Environment [317] -| HHH000021: Bytecode provider name : javassist
2019-08-10 10:56:38.125 |-INFO  [main] org.hibernate.annotations.common.Version [66] -| HCANN000001: Hibernate Commons Annotations {5.0.1.Final}
2019-08-10 10:56:38.370 |-INFO  [main] org.hibernate.dialect.Dialect [156] -| HHH000400: Using dialect: org.hibernate.dialect.SQLServer2008Dialect
2019-08-10 10:56:38.593 |-INFO  [main] org.hibernate.engine.jdbc.env.internal.LobCreatorBuilderImpl [98] -| HHH000423: Disabling contextual LOB creation as JDBC driver reported JDBC version [3] less than 4
2019-08-10 10:56:39.077 |-INFO  [main] org.hibernate.tool.hbm2ddl.SchemaUpdate [105] -| HHH000228: Running hbm2ddl schema update
2019-08-10 10:56:39.243 |-INFO  [main] org.hibernate.tool.schema.extract.internal.InformationExtractorJdbcDatabaseMetaDataImpl [365] -| HHH000262: Table not found: T_AppParam
2019-08-10 10:56:39.449 |-INFO  [main] org.hibernate.tool.schema.extract.internal.InformationExtractorJdbcDatabaseMetaDataImpl [365] -| HHH000262: Table not found: T_GivenInvoice
2019-08-10 10:56:39.507 |-INFO  [main] org.hibernate.tool.schema.extract.internal.InformationExtractorJdbcDatabaseMetaDataImpl [365] -| HHH000262: Table not found: T_Invoice
2019-08-10 10:56:39.561 |-INFO  [main] org.hibernate.tool.schema.extract.internal.InformationExtractorJdbcDatabaseMetaDataImpl [365] -| HHH000262: Table not found: T_NotifyInfo
2019-08-10 10:56:39.642 |-INFO  [main] org.hibernate.tool.schema.extract.internal.InformationExtractorJdbcDatabaseMetaDataImpl [365] -| HHH000262: Table not found: T_PayInfo
2019-08-10 10:56:39.693 |-INFO  [main] org.hibernate.tool.schema.extract.internal.InformationExtractorJdbcDatabaseMetaDataImpl [365] -| HHH000262: Table not found: T_RefundInfo
2019-08-10 10:56:39.774 |-INFO  [main] org.hibernate.tool.schema.extract.internal.InformationExtractorJdbcDatabaseMetaDataImpl [365] -| HHH000262: Table not found: T_Sms
2019-08-10 10:56:39.806 |-INFO  [main] org.hibernate.tool.schema.extract.internal.InformationExtractorJdbcDatabaseMetaDataImpl [365] -| HHH000262: Table not found: T_User
2019-08-10 10:56:39.833 |-INFO  [main] org.hibernate.tool.schema.extract.internal.InformationExtractorJdbcDatabaseMetaDataImpl [365] -| HHH000262: Table not found: T_WhiteList
2019-08-10 10:56:39.849 |-INFO  [main] org.hibernate.tool.schema.extract.internal.InformationExtractorJdbcDatabaseMetaDataImpl [365] -| HHH000262: Table not found: T_AppParam
2019-08-10 10:56:39.854 |-INFO  [main] org.hibernate.tool.schema.extract.internal.InformationExtractorJdbcDatabaseMetaDataImpl [365] -| HHH000262: Table not found: T_GivenInvoice
2019-08-10 10:56:39.858 |-INFO  [main] org.hibernate.tool.schema.extract.internal.InformationExtractorJdbcDatabaseMetaDataImpl [365] -| HHH000262: Table not found: T_Invoice
2019-08-10 10:56:39.862 |-INFO  [main] org.hibernate.tool.schema.extract.internal.InformationExtractorJdbcDatabaseMetaDataImpl [365] -| HHH000262: Table not found: T_NotifyInfo
2019-08-10 10:56:39.865 |-INFO  [main] org.hibernate.tool.schema.extract.internal.InformationExtractorJdbcDatabaseMetaDataImpl [365] -| HHH000262: Table not found: T_PayInfo
2019-08-10 10:56:39.869 |-INFO  [main] org.hibernate.tool.schema.extract.internal.InformationExtractorJdbcDatabaseMetaDataImpl [365] -| HHH000262: Table not found: T_RefundInfo
2019-08-10 10:56:39.873 |-INFO  [main] org.hibernate.tool.schema.extract.internal.InformationExtractorJdbcDatabaseMetaDataImpl [365] -| HHH000262: Table not found: T_Sms
2019-08-10 10:56:39.876 |-INFO  [main] org.hibernate.tool.schema.extract.internal.InformationExtractorJdbcDatabaseMetaDataImpl [365] -| HHH000262: Table not found: T_User
2019-08-10 10:56:39.879 |-INFO  [main] org.hibernate.tool.schema.extract.internal.InformationExtractorJdbcDatabaseMetaDataImpl [365] -| HHH000262: Table not found: T_WhiteList
2019-08-10 10:56:39.883 |-INFO  [main] org.hibernate.tool.schema.extract.internal.InformationExtractorJdbcDatabaseMetaDataImpl [365] -| HHH000262: Table not found: T_AppParam
2019-08-10 10:56:39.887 |-INFO  [main] org.hibernate.tool.schema.extract.internal.InformationExtractorJdbcDatabaseMetaDataImpl [365] -| HHH000262: Table not found: T_GivenInvoice
2019-08-10 10:56:39.891 |-INFO  [main] org.hibernate.tool.schema.extract.internal.InformationExtractorJdbcDatabaseMetaDataImpl [365] -| HHH000262: Table not found: T_Invoice
2019-08-10 10:56:39.894 |-INFO  [main] org.hibernate.tool.schema.extract.internal.InformationExtractorJdbcDatabaseMetaDataImpl [365] -| HHH000262: Table not found: T_NotifyInfo
2019-08-10 10:56:39.898 |-INFO  [main] org.hibernate.tool.schema.extract.internal.InformationExtractorJdbcDatabaseMetaDataImpl [365] -| HHH000262: Table not found: T_PayInfo
2019-08-10 10:56:39.902 |-INFO  [main] org.hibernate.tool.schema.extract.internal.InformationExtractorJdbcDatabaseMetaDataImpl [365] -| HHH000262: Table not found: T_RefundInfo
2019-08-10 10:56:39.905 |-INFO  [main] org.hibernate.tool.schema.extract.internal.InformationExtractorJdbcDatabaseMetaDataImpl [365] -| HHH000262: Table not found: T_Sms
2019-08-10 10:56:39.910 |-INFO  [main] org.hibernate.tool.schema.extract.internal.InformationExtractorJdbcDatabaseMetaDataImpl [365] -| HHH000262: Table not found: T_User
2019-08-10 10:56:39.914 |-INFO  [main] org.hibernate.tool.schema.extract.internal.InformationExtractorJdbcDatabaseMetaDataImpl [365] -| HHH000262: Table not found: T_WhiteList
2019-08-10 10:56:39.966 |-INFO  [main] org.springframework.orm.jpa.LocalContainerEntityManagerFactoryBean [379] -| Initialized JPA EntityManagerFactory for persistence unit 'default'
2019-08-10 10:56:40.597 |-INFO  [main] org.springframework.web.servlet.view.freemarker.FreeMarkerConfigurer [127] -| ClassTemplateLoader for Spring macros added to FreeMarker configuration
2019-08-10 10:56:40.601 |-WARN  [main] org.springframework.boot.context.embedded.AnnotationConfigEmbeddedWebApplicationContext [551] -| Exception encountered during context initialization - cancelling refresh attempt: org.springframework.beans.factory.UnsatisfiedDependencyException: Error creating bean with name 'alipayController': Unsatisfied dependency expressed through field 'alipayService'; nested exception is org.springframework.beans.factory.UnsatisfiedDependencyException: Error creating bean with name 'alipayService': Unsatisfied dependency expressed through field 'invoiceService'; nested exception is org.springframework.beans.factory.UnsatisfiedDependencyException: Error creating bean with name 'invoiceService': Unsatisfied dependency expressed through field 'invoiceMapper'; nested exception is org.springframework.beans.factory.NoSuchBeanDefinitionException: No qualifying bean of type 'com.hik.mapper.InvoiceMapper' available: expected at least 1 bean which qualifies as autowire candidate. Dependency annotations: {@org.springframework.beans.factory.annotation.Autowired(required=true)}
2019-08-10 10:56:40.602 |-INFO  [main] org.springframework.orm.jpa.LocalContainerEntityManagerFactoryBean [548] -| Closing JPA EntityManagerFactory for persistence unit 'default'
2019-08-10 10:56:40.607 |-INFO  [main] org.apache.catalina.core.StandardService [179] -| Stopping service [Tomcat]
2019-08-10 10:56:40.620 |-INFO  [main] org.springframework.boot.autoconfigure.logging.AutoConfigurationReportLoggingInitializer [101] -| 

Error starting ApplicationContext. To display the auto-configuration report re-run your application with 'debug' enabled.
2019-08-10 10:57:33.826 |-INFO  [main] com.hik.PayApplication [48] -| Starting PayApplication on yzm with PID 27232 (D:\workspace2\hik\target\classes started by www78 in D:\workspace2\hik)
2019-08-10 10:57:33.829 |-INFO  [main] com.hik.PayApplication [597] -| The following profiles are active: dev
2019-08-10 10:57:33.880 |-INFO  [main] org.springframework.boot.context.embedded.AnnotationConfigEmbeddedWebApplicationContext [583] -| Refreshing org.springframework.boot.context.embedded.AnnotationConfigEmbeddedWebApplicationContext@71c27ee8: startup date [Sat Aug 10 10:57:33 CST 2019]; root of context hierarchy
2019-08-10 10:57:34.161 |-INFO  [background-preinit] org.hibernate.validator.internal.util.Version [30] -| HV000001: Hibernate Validator 5.3.5.Final
2019-08-10 10:57:34.945 |-WARN  [main] org.mybatis.spring.mapper.ClassPathMapperScanner [166] -| No MyBatis mapper was found in '[com.pay.mapper]' package. Please check your configuration.
2019-08-10 10:57:35.120 |-WARN  [main] org.mybatis.spring.mapper.ClassPathMapperScanner [166] -| No MyBatis mapper was found in '[com.hik]' package. Please check your configuration.
2019-08-10 10:57:35.711 |-INFO  [main] org.springframework.context.support.PostProcessorRegistrationDelegate$BeanPostProcessorChecker [325] -| Bean 'org.springframework.transaction.annotation.ProxyTransactionManagementConfiguration' of type [org.springframework.transaction.annotation.ProxyTransactionManagementConfiguration$$EnhancerBySpringCGLIB$$945896aa] is not eligible for getting processed by all BeanPostProcessors (for example: not eligible for auto-proxying)
2019-08-10 10:57:36.350 |-INFO  [main] org.springframework.boot.context.embedded.tomcat.TomcatEmbeddedServletContainer [89] -| Tomcat initialized with port(s): 8008 (http)
2019-08-10 10:57:36.359 |-INFO  [main] org.apache.catalina.core.StandardService [179] -| Starting service [Tomcat]
2019-08-10 10:57:36.360 |-INFO  [main] org.apache.catalina.core.StandardEngine [179] -| Starting Servlet Engine: Apache Tomcat/8.5.16
2019-08-10 10:57:36.477 |-INFO  [localhost-startStop-1] org.apache.catalina.core.ContainerBase.[Tomcat].[localhost].[/pay] [179] -| Initializing Spring embedded WebApplicationContext
2019-08-10 10:57:36.477 |-INFO  [localhost-startStop-1] org.springframework.web.context.ContextLoader [276] -| Root WebApplicationContext: initialization completed in 2597 ms
2019-08-10 10:57:36.651 |-INFO  [localhost-startStop-1] org.springframework.boot.web.servlet.ServletRegistrationBean [190] -| Mapping servlet: 'dispatcherServlet' to [/]
2019-08-10 10:57:36.656 |-INFO  [localhost-startStop-1] org.springframework.boot.web.servlet.FilterRegistrationBean [258] -| Mapping filter: 'characterEncodingFilter' to: [/*]
2019-08-10 10:57:36.657 |-INFO  [localhost-startStop-1] org.springframework.boot.web.servlet.FilterRegistrationBean [258] -| Mapping filter: 'hiddenHttpMethodFilter' to: [/*]
2019-08-10 10:57:36.657 |-INFO  [localhost-startStop-1] org.springframework.boot.web.servlet.FilterRegistrationBean [258] -| Mapping filter: 'httpPutFormContentFilter' to: [/*]
2019-08-10 10:57:36.657 |-INFO  [localhost-startStop-1] org.springframework.boot.web.servlet.FilterRegistrationBean [258] -| Mapping filter: 'requestContextFilter' to: [/*]
2019-08-10 10:57:38.567 |-INFO  [main] org.springframework.orm.jpa.LocalContainerEntityManagerFactoryBean [349] -| Building JPA container EntityManagerFactory for persistence unit 'default'
2019-08-10 10:57:38.578 |-INFO  [main] org.hibernate.jpa.internal.util.LogHelper [31] -| HHH000204: Processing PersistenceUnitInfo [
	name: default
	...]
2019-08-10 10:57:38.709 |-INFO  [main] org.hibernate.Version [37] -| HHH000412: Hibernate Core {5.0.12.Final}
2019-08-10 10:57:38.711 |-INFO  [main] org.hibernate.cfg.Environment [213] -| HHH000206: hibernate.properties not found
2019-08-10 10:57:38.712 |-INFO  [main] org.hibernate.cfg.Environment [317] -| HHH000021: Bytecode provider name : javassist
2019-08-10 10:57:38.753 |-INFO  [main] org.hibernate.annotations.common.Version [66] -| HCANN000001: Hibernate Commons Annotations {5.0.1.Final}
2019-08-10 10:57:38.927 |-INFO  [main] org.hibernate.dialect.Dialect [156] -| HHH000400: Using dialect: org.hibernate.dialect.MySQL5Dialect
2019-08-10 10:57:39.365 |-INFO  [main] org.hibernate.tool.hbm2ddl.SchemaUpdate [105] -| HHH000228: Running hbm2ddl schema update
2019-08-10 10:57:39.867 |-INFO  [main] org.springframework.orm.jpa.LocalContainerEntityManagerFactoryBean [379] -| Initialized JPA EntityManagerFactory for persistence unit 'default'
2019-08-10 10:57:40.350 |-INFO  [main] org.springframework.web.servlet.view.freemarker.FreeMarkerConfigurer [127] -| ClassTemplateLoader for Spring macros added to FreeMarker configuration
2019-08-10 10:57:40.353 |-WARN  [main] org.springframework.boot.context.embedded.AnnotationConfigEmbeddedWebApplicationContext [551] -| Exception encountered during context initialization - cancelling refresh attempt: org.springframework.beans.factory.UnsatisfiedDependencyException: Error creating bean with name 'alipayController': Unsatisfied dependency expressed through field 'alipayService'; nested exception is org.springframework.beans.factory.UnsatisfiedDependencyException: Error creating bean with name 'alipayService': Unsatisfied dependency expressed through field 'invoiceService'; nested exception is org.springframework.beans.factory.UnsatisfiedDependencyException: Error creating bean with name 'invoiceService': Unsatisfied dependency expressed through field 'invoiceMapper'; nested exception is org.springframework.beans.factory.NoSuchBeanDefinitionException: No qualifying bean of type 'com.hik.mapper.InvoiceMapper' available: expected at least 1 bean which qualifies as autowire candidate. Dependency annotations: {@org.springframework.beans.factory.annotation.Autowired(required=true)}
2019-08-10 10:57:40.354 |-INFO  [main] org.springframework.orm.jpa.LocalContainerEntityManagerFactoryBean [548] -| Closing JPA EntityManagerFactory for persistence unit 'default'
2019-08-10 10:57:40.360 |-INFO  [main] org.apache.catalina.core.StandardService [179] -| Stopping service [Tomcat]
2019-08-10 10:57:40.370 |-INFO  [main] org.springframework.boot.autoconfigure.logging.AutoConfigurationReportLoggingInitializer [101] -| 

Error starting ApplicationContext. To display the auto-configuration report re-run your application with 'debug' enabled.
2019-08-10 10:59:55.925 |-INFO  [main] com.hik.PayApplication [48] -| Starting PayApplication on yzm with PID 35336 (D:\workspace2\hik\target\classes started by www78 in D:\workspace2\hik)
2019-08-10 10:59:55.928 |-INFO  [main] com.hik.PayApplication [597] -| The following profiles are active: dev
2019-08-10 10:59:56.045 |-INFO  [main] org.springframework.boot.context.embedded.AnnotationConfigEmbeddedWebApplicationContext [583] -| Refreshing org.springframework.boot.context.embedded.AnnotationConfigEmbeddedWebApplicationContext@71c27ee8: startup date [Sat Aug 10 10:59:56 CST 2019]; root of context hierarchy
2019-08-10 10:59:56.364 |-INFO  [background-preinit] org.hibernate.validator.internal.util.Version [30] -| HV000001: Hibernate Validator 5.3.5.Final
2019-08-10 10:59:57.992 |-INFO  [main] org.springframework.context.support.PostProcessorRegistrationDelegate$BeanPostProcessorChecker [325] -| Bean 'org.springframework.transaction.annotation.ProxyTransactionManagementConfiguration' of type [org.springframework.transaction.annotation.ProxyTransactionManagementConfiguration$$EnhancerBySpringCGLIB$$7eead1fc] is not eligible for getting processed by all BeanPostProcessors (for example: not eligible for auto-proxying)
2019-08-10 10:59:58.472 |-INFO  [main] org.springframework.boot.context.embedded.tomcat.TomcatEmbeddedServletContainer [89] -| Tomcat initialized with port(s): 8008 (http)
2019-08-10 10:59:58.481 |-INFO  [main] org.apache.catalina.core.StandardService [179] -| Starting service [Tomcat]
2019-08-10 10:59:58.482 |-INFO  [main] org.apache.catalina.core.StandardEngine [179] -| Starting Servlet Engine: Apache Tomcat/8.5.16
2019-08-10 10:59:58.601 |-INFO  [localhost-startStop-1] org.apache.catalina.core.ContainerBase.[Tomcat].[localhost].[/pay] [179] -| Initializing Spring embedded WebApplicationContext
2019-08-10 10:59:58.601 |-INFO  [localhost-startStop-1] org.springframework.web.context.ContextLoader [276] -| Root WebApplicationContext: initialization completed in 2556 ms
2019-08-10 10:59:58.769 |-INFO  [localhost-startStop-1] org.springframework.boot.web.servlet.ServletRegistrationBean [190] -| Mapping servlet: 'dispatcherServlet' to [/]
2019-08-10 10:59:58.774 |-INFO  [localhost-startStop-1] org.springframework.boot.web.servlet.FilterRegistrationBean [258] -| Mapping filter: 'characterEncodingFilter' to: [/*]
2019-08-10 10:59:58.775 |-INFO  [localhost-startStop-1] org.springframework.boot.web.servlet.FilterRegistrationBean [258] -| Mapping filter: 'hiddenHttpMethodFilter' to: [/*]
2019-08-10 10:59:58.775 |-INFO  [localhost-startStop-1] org.springframework.boot.web.servlet.FilterRegistrationBean [258] -| Mapping filter: 'httpPutFormContentFilter' to: [/*]
2019-08-10 10:59:58.775 |-INFO  [localhost-startStop-1] org.springframework.boot.web.servlet.FilterRegistrationBean [258] -| Mapping filter: 'requestContextFilter' to: [/*]
2019-08-10 11:00:00.570 |-INFO  [main] org.springframework.orm.jpa.LocalContainerEntityManagerFactoryBean [349] -| Building JPA container EntityManagerFactory for persistence unit 'default'
2019-08-10 11:00:00.582 |-INFO  [main] org.hibernate.jpa.internal.util.LogHelper [31] -| HHH000204: Processing PersistenceUnitInfo [
	name: default
	...]
2019-08-10 11:00:00.727 |-INFO  [main] org.hibernate.Version [37] -| HHH000412: Hibernate Core {5.0.12.Final}
2019-08-10 11:00:00.728 |-INFO  [main] org.hibernate.cfg.Environment [213] -| HHH000206: hibernate.properties not found
2019-08-10 11:00:00.729 |-INFO  [main] org.hibernate.cfg.Environment [317] -| HHH000021: Bytecode provider name : javassist
2019-08-10 11:00:00.772 |-INFO  [main] org.hibernate.annotations.common.Version [66] -| HCANN000001: Hibernate Commons Annotations {5.0.1.Final}
2019-08-10 11:00:00.936 |-INFO  [main] org.hibernate.dialect.Dialect [156] -| HHH000400: Using dialect: org.hibernate.dialect.MySQL5Dialect
2019-08-10 11:00:01.363 |-INFO  [main] org.hibernate.tool.hbm2ddl.SchemaUpdate [105] -| HHH000228: Running hbm2ddl schema update
2019-08-10 11:00:01.791 |-INFO  [main] org.springframework.orm.jpa.LocalContainerEntityManagerFactoryBean [379] -| Initialized JPA EntityManagerFactory for persistence unit 'default'
2019-08-10 11:00:02.407 |-INFO  [main] org.springframework.web.servlet.view.freemarker.FreeMarkerConfigurer [127] -| ClassTemplateLoader for Spring macros added to FreeMarker configuration
2019-08-10 11:00:03.139 |-INFO  [main] org.springframework.web.servlet.mvc.method.annotation.RequestMappingHandlerMapping [543] -| Mapped "{[/alipay/notify],methods=[POST]}" onto public void com.hik.controller.AlipayController.notify(javax.servlet.http.HttpServletRequest,javax.servlet.http.HttpServletResponse) throws java.lang.Exception
2019-08-10 11:00:03.140 |-INFO  [main] org.springframework.web.servlet.mvc.method.annotation.RequestMappingHandlerMapping [543] -| Mapped "{[/alipay/close]}" onto public java.util.Map<java.lang.String, java.lang.Object> com.hik.controller.AlipayController.close(java.lang.String,java.lang.String)
2019-08-10 11:00:03.140 |-INFO  [main] org.springframework.web.servlet.mvc.method.annotation.RequestMappingHandlerMapping [543] -| Mapped "{[/alipay/query]}" onto public java.util.Map<java.lang.String, java.lang.Object> com.hik.controller.AlipayController.query(java.lang.String)
2019-08-10 11:00:03.140 |-INFO  [main] org.springframework.web.servlet.mvc.method.annotation.RequestMappingHandlerMapping [543] -| Mapped "{[/alipay/pay_test]}" onto public void com.hik.controller.AlipayController.doPost(java.lang.String,javax.servlet.http.HttpServletRequest,javax.servlet.http.HttpServletResponse) throws javax.servlet.ServletException,java.io.IOException
2019-08-10 11:00:03.141 |-INFO  [main] org.springframework.web.servlet.mvc.method.annotation.RequestMappingHandlerMapping [543] -| Mapped "{[/alipay/returnUrl]}" onto public org.springframework.web.servlet.ModelAndView com.hik.controller.AlipayController.returnUrl()
2019-08-10 11:00:03.141 |-INFO  [main] org.springframework.web.servlet.mvc.method.annotation.RequestMappingHandlerMapping [543] -| Mapped "{[/alipay/pay_supplier]}" onto public void com.hik.controller.AlipayController.paySupplier(java.lang.String,javax.servlet.http.HttpServletRequest,javax.servlet.http.HttpServletResponse) throws java.lang.Exception
2019-08-10 11:00:03.141 |-INFO  [main] org.springframework.web.servlet.mvc.method.annotation.RequestMappingHandlerMapping [543] -| Mapped "{[/alipay/pay],methods=[POST]}" onto public void com.hik.controller.AlipayController.pay(java.lang.String,java.lang.String,java.lang.String,javax.servlet.http.HttpServletResponse) throws java.lang.Exception
2019-08-10 11:00:03.141 |-INFO  [main] org.springframework.web.servlet.mvc.method.annotation.RequestMappingHandlerMapping [543] -| Mapped "{[/alipay/pay2]}" onto public void com.hik.controller.AlipayController.pay(java.lang.String,java.lang.String,java.lang.String,java.lang.String,java.lang.String,java.lang.String,java.lang.String,java.lang.String,java.lang.String,java.lang.String,java.lang.String,java.lang.String,java.lang.String,javax.servlet.http.HttpServletResponse) throws java.lang.Exception
2019-08-10 11:00:03.142 |-INFO  [main] org.springframework.web.servlet.mvc.method.annotation.RequestMappingHandlerMapping [543] -| Mapped "{[/alipay/my_notify]}" onto public java.util.Map<java.lang.String, java.lang.Object> com.hik.controller.AlipayController.myNotify(java.lang.String)
2019-08-10 11:00:03.142 |-INFO  [main] org.springframework.web.servlet.mvc.method.annotation.RequestMappingHandlerMapping [543] -| Mapped "{[/alipay/refund]}" onto public java.util.Map<java.lang.String, java.lang.Object> com.hik.controller.AlipayController.refund(java.lang.String,java.lang.String,java.lang.String,java.lang.String,java.lang.String,java.lang.String,java.lang.String) throws java.lang.Exception
2019-08-10 11:00:03.143 |-INFO  [main] org.springframework.web.servlet.mvc.method.annotation.RequestMappingHandlerMapping [543] -| Mapped "{[/alipay/query_refund]}" onto public java.util.Map<java.lang.String, java.lang.Object> com.hik.controller.AlipayController.queryRefund(java.lang.String,java.lang.String) throws java.lang.Exception
2019-08-10 11:00:03.143 |-INFO  [main] org.springframework.web.servlet.mvc.method.annotation.RequestMappingHandlerMapping [543] -| Mapped "{[/alipay/download_bill]}" onto public java.util.Map<java.lang.String, java.lang.Object> com.hik.controller.AlipayController.downloadBill(java.lang.String,java.lang.String,javax.servlet.http.HttpServletResponse) throws java.lang.Exception
2019-08-10 11:00:03.145 |-INFO  [main] org.springframework.web.servlet.mvc.method.annotation.RequestMappingHandlerMapping [543] -| Mapped "{[/appParam/save],methods=[POST]}" onto public com.hik.vo.ResponseVO com.hik.controller.AppParamController.save(java.lang.Long,java.lang.String)
2019-08-10 11:00:03.145 |-INFO  [main] org.springframework.web.servlet.mvc.method.annotation.RequestMappingHandlerMapping [543] -| Mapped "{[/appParam/query_one],methods=[GET]}" onto public com.hik.vo.ResponseVO com.hik.controller.AppParamController.queryOne(java.lang.String)
2019-08-10 11:00:03.145 |-INFO  [main] org.springframework.web.servlet.mvc.method.annotation.RequestMappingHandlerMapping [543] -| Mapped "{[/appParam/query_all],methods=[GET]}" onto public java.util.Map<java.lang.String, java.lang.Object> com.hik.controller.AppParamController.queryAll(java.lang.Integer,java.lang.Integer)
2019-08-10 11:00:03.147 |-INFO  [main] org.springframework.web.servlet.mvc.method.annotation.RequestMappingHandlerMapping [543] -| Mapped "{[/common/index],methods=[GET]}" onto public org.springframework.web.servlet.ModelAndView com.hik.controller.CommonController.index(javax.servlet.http.HttpServletRequest)
2019-08-10 11:00:03.147 |-INFO  [main] org.springframework.web.servlet.mvc.method.annotation.RequestMappingHandlerMapping [543] -| Mapped "{[/common/show_login],methods=[GET]}" onto public org.springframework.web.servlet.ModelAndView com.hik.controller.CommonController.showLogin(javax.servlet.http.HttpServletRequest)
2019-08-10 11:00:03.147 |-INFO  [main] org.springframework.web.servlet.mvc.method.annotation.RequestMappingHandlerMapping [543] -| Mapped "{[/common/show_register],methods=[GET]}" onto public org.springframework.web.servlet.ModelAndView com.hik.controller.CommonController.showRegister(javax.servlet.http.HttpServletRequest)
2019-08-10 11:00:03.148 |-INFO  [main] org.springframework.web.servlet.mvc.method.annotation.RequestMappingHandlerMapping [543] -| Mapped "{[/common/navigate],methods=[GET]}" onto public org.springframework.web.servlet.ModelAndView com.hik.controller.CommonController.navigate(java.lang.String,javax.servlet.http.HttpServletRequest)
2019-08-10 11:00:03.148 |-INFO  [main] org.springframework.web.servlet.mvc.method.annotation.RequestMappingHandlerMapping [543] -| Mapped "{[/common/register_by_phone],methods=[POST]}" onto public com.hik.vo.ResponseVO com.hik.controller.CommonController.registerByPhone(com.hik.entity.User,javax.servlet.http.HttpServletRequest)
2019-08-10 11:00:03.148 |-INFO  [main] org.springframework.web.servlet.mvc.method.annotation.RequestMappingHandlerMapping [543] -| Mapped "{[/common/register_by_email],methods=[POST]}" onto public com.hik.vo.ResponseVO com.hik.controller.CommonController.registerByEmail(com.hik.entity.User)
2019-08-10 11:00:03.149 |-INFO  [main] org.springframework.web.servlet.mvc.method.annotation.RequestMappingHandlerMapping [543] -| Mapped "{[/common/logout],methods=[GET]}" onto public void com.hik.controller.CommonController.logout(javax.servlet.http.HttpServletRequest,javax.servlet.http.HttpServletResponse) throws java.lang.Exception
2019-08-10 11:00:03.149 |-INFO  [main] org.springframework.web.servlet.mvc.method.annotation.RequestMappingHandlerMapping [543] -| Mapped "{[/common/login],methods=[POST]}" onto public com.hik.vo.ResponseVO com.hik.controller.CommonController.login(com.hik.entity.User,javax.servlet.http.HttpServletRequest)
2019-08-10 11:00:03.149 |-INFO  [main] org.springframework.web.servlet.mvc.method.annotation.RequestMappingHandlerMapping [543] -| Mapped "{[/givenInvoice/save]}" onto public org.springframework.web.servlet.ModelAndView com.hik.controller.GivenInvoiceController.save(com.hik.entity.GivenInvoice)
2019-08-10 11:00:03.150 |-INFO  [main] org.springframework.web.servlet.mvc.method.annotation.RequestMappingHandlerMapping [543] -| Mapped "{[/givenInvoice/query_all]}" onto public java.util.Map<java.lang.String, java.lang.Object> com.hik.controller.GivenInvoiceController.queryAll(java.lang.Integer,java.lang.Integer,java.lang.String)
2019-08-10 11:00:03.150 |-INFO  [main] org.springframework.web.servlet.mvc.method.annotation.RequestMappingHandlerMapping [543] -| Mapped "{[/givenInvoice/modify]}" onto public org.springframework.web.servlet.ModelAndView com.hik.controller.GivenInvoiceController.modify(com.hik.entity.GivenInvoice)
2019-08-10 11:00:03.151 |-INFO  [main] org.springframework.web.servlet.mvc.method.annotation.RequestMappingHandlerMapping [543] -| Mapped "{[/]}" onto public java.lang.String com.hik.controller.IndexController.index()
2019-08-10 11:00:03.152 |-INFO  [main] org.springframework.web.servlet.mvc.method.annotation.RequestMappingHandlerMapping [543] -| Mapped "{[/invoice/toXml],methods=[POST]}" onto public void com.hik.controller.InvoiceController.generate(java.lang.String,javax.servlet.http.HttpServletResponse) throws java.lang.Exception
2019-08-10 11:00:03.152 |-INFO  [main] org.springframework.web.servlet.mvc.method.annotation.RequestMappingHandlerMapping [543] -| Mapped "{[/invoice/save_header],methods=[POST]}" onto public java.util.Map<java.lang.String, java.lang.Object> com.hik.controller.InvoiceController.saveHeader(java.lang.String,java.lang.String,java.lang.String,java.lang.String,java.lang.String,java.lang.String,java.lang.String) throws java.lang.Exception
2019-08-10 11:00:03.153 |-INFO  [main] org.springframework.web.servlet.mvc.method.annotation.RequestMappingHandlerMapping [543] -| Mapped "{[/invoice/query_all],methods=[GET]}" onto public java.util.Map<java.lang.String, java.lang.Object> com.hik.controller.InvoiceController.queryAll(java.lang.Integer,java.lang.Integer,java.lang.String)
2019-08-10 11:00:03.153 |-INFO  [main] org.springframework.web.servlet.mvc.method.annotation.RequestMappingHandlerMapping [543] -| Mapped "{[/invoice/toExcel],methods=[POST]}" onto public void com.hik.controller.InvoiceController.invoice2Word(java.lang.String,javax.servlet.http.HttpServletResponse) throws java.lang.Exception
2019-08-10 11:00:03.153 |-INFO  [main] org.springframework.web.servlet.mvc.method.annotation.RequestMappingHandlerMapping [543] -| Mapped "{[/invoice/importExcel],methods=[POST]}" onto public com.hik.vo.ResponseVO com.hik.controller.InvoiceController.importExcel(javax.servlet.http.HttpServletRequest,javax.servlet.http.HttpServletResponse) throws java.lang.Exception
2019-08-10 11:00:03.154 |-INFO  [main] org.springframework.web.servlet.mvc.method.annotation.RequestMappingHandlerMapping [543] -| Mapped "{[/invoice/unDraw_toExcel],methods=[POST]}" onto public void com.hik.controller.InvoiceController.unDraw2Excel(javax.servlet.http.HttpServletResponse) throws java.lang.Exception
2019-08-10 11:00:03.154 |-INFO  [main] org.springframework.web.servlet.mvc.method.annotation.RequestMappingHandlerMapping [543] -| Mapped "{[/payInfo/query_trade_success]}" onto public java.util.Map<java.lang.String, java.lang.Object> com.hik.controller.PayInfoController.queryTradeSuccess(java.lang.Integer,java.lang.Integer,com.hik.entity.PayInfo)
2019-08-10 11:00:03.155 |-INFO  [main] org.springframework.web.servlet.mvc.method.annotation.RequestMappingHandlerMapping [543] -| Mapped "{[/sms/send_code],methods=[POST]}" onto public com.hik.vo.ResponseVO com.hik.controller.SmsController.sendCode(java.lang.String)
2019-08-10 11:00:03.156 |-INFO  [main] org.springframework.web.servlet.mvc.method.annotation.RequestMappingHandlerMapping [543] -| Mapped "{[/user/save],methods=[POST]}" onto public org.springframework.web.servlet.ModelAndView com.hik.controller.UserController.save(com.hik.entity.User,org.apache.catalina.servlet4preview.http.HttpServletRequest)
2019-08-10 11:00:03.156 |-INFO  [main] org.springframework.web.servlet.mvc.method.annotation.RequestMappingHandlerMapping [543] -| Mapped "{[/user/query_by_username],methods=[GET]}" onto public com.hik.vo.ResponseVO com.hik.controller.UserController.queryByUsername(java.lang.String)
2019-08-10 11:00:03.157 |-INFO  [main] org.springframework.web.servlet.mvc.method.annotation.RequestMappingHandlerMapping [543] -| Mapped "{[/whiteList/delete],methods=[GET]}" onto public void com.hik.controller.WhiteListController.delete(java.lang.Long)
2019-08-10 11:00:03.157 |-INFO  [main] org.springframework.web.servlet.mvc.method.annotation.RequestMappingHandlerMapping [543] -| Mapped "{[/whiteList/save],methods=[POST]}" onto public org.springframework.web.servlet.ModelAndView com.hik.controller.WhiteListController.save(com.hik.entity.WhiteList)
2019-08-10 11:00:03.157 |-INFO  [main] org.springframework.web.servlet.mvc.method.annotation.RequestMappingHandlerMapping [543] -| Mapped "{[/whiteList/query_all],methods=[GET]}" onto public java.util.Map<java.lang.String, java.lang.Object> com.hik.controller.WhiteListController.queryAll(java.lang.Integer,java.lang.Integer,org.apache.catalina.servlet4preview.http.HttpServletRequest)
2019-08-10 11:00:03.159 |-INFO  [main] org.springframework.web.servlet.mvc.method.annotation.RequestMappingHandlerMapping [543] -| Mapped "{[/v2/api-docs],methods=[GET],produces=[application/json || application/hal+json]}" onto public org.springframework.http.ResponseEntity<springfox.documentation.spring.web.json.Json> springfox.documentation.swagger2.web.Swagger2Controller.getDocumentation(java.lang.String,javax.servlet.http.HttpServletRequest)
2019-08-10 11:00:03.161 |-INFO  [main] org.springframework.web.servlet.mvc.method.annotation.RequestMappingHandlerMapping [543] -| Mapped "{[/swagger-resources]}" onto org.springframework.http.ResponseEntity<java.util.List<springfox.documentation.swagger.web.SwaggerResource>> springfox.documentation.swagger.web.ApiResourceController.swaggerResources()
2019-08-10 11:00:03.161 |-INFO  [main] org.springframework.web.servlet.mvc.method.annotation.RequestMappingHandlerMapping [543] -| Mapped "{[/swagger-resources/configuration/ui]}" onto org.springframework.http.ResponseEntity<springfox.documentation.swagger.web.UiConfiguration> springfox.documentation.swagger.web.ApiResourceController.uiConfiguration()
2019-08-10 11:00:03.162 |-INFO  [main] org.springframework.web.servlet.mvc.method.annotation.RequestMappingHandlerMapping [543] -| Mapped "{[/swagger-resources/configuration/security]}" onto org.springframework.http.ResponseEntity<springfox.documentation.swagger.web.SecurityConfiguration> springfox.documentation.swagger.web.ApiResourceController.securityConfiguration()
2019-08-10 11:00:03.164 |-INFO  [main] org.springframework.web.servlet.mvc.method.annotation.RequestMappingHandlerMapping [543] -| Mapped "{[/error]}" onto public org.springframework.http.ResponseEntity<java.util.Map<java.lang.String, java.lang.Object>> org.springframework.boot.autoconfigure.web.BasicErrorController.error(javax.servlet.http.HttpServletRequest)
2019-08-10 11:00:03.164 |-INFO  [main] org.springframework.web.servlet.mvc.method.annotation.RequestMappingHandlerMapping [543] -| Mapped "{[/error],produces=[text/html]}" onto public org.springframework.web.servlet.ModelAndView org.springframework.boot.autoconfigure.web.BasicErrorController.errorHtml(javax.servlet.http.HttpServletRequest,javax.servlet.http.HttpServletResponse)
2019-08-10 11:00:03.519 |-INFO  [main] org.springframework.web.servlet.mvc.method.annotation.RequestMappingHandlerAdapter [534] -| Looking for @ControllerAdvice: org.springframework.boot.context.embedded.AnnotationConfigEmbeddedWebApplicationContext@71c27ee8: startup date [Sat Aug 10 10:59:56 CST 2019]; root of context hierarchy
2019-08-10 11:00:03.577 |-INFO  [main] org.springframework.web.servlet.handler.SimpleUrlHandlerMapping [362] -| Mapped URL path [/webjars/**] onto handler of type [class org.springframework.web.servlet.resource.ResourceHttpRequestHandler]
2019-08-10 11:00:03.577 |-INFO  [main] org.springframework.web.servlet.handler.SimpleUrlHandlerMapping [362] -| Mapped URL path [/**] onto handler of type [class org.springframework.web.servlet.resource.ResourceHttpRequestHandler]
2019-08-10 11:00:03.597 |-INFO  [main] org.springframework.web.servlet.mvc.method.annotation.ExceptionHandlerExceptionResolver [273] -| Detected @ExceptionHandler methods in globalControllerExceptionHandler
2019-08-10 11:00:03.623 |-INFO  [main] org.springframework.web.servlet.handler.SimpleUrlHandlerMapping [362] -| Mapped URL path [/**/favicon.ico] onto handler of type [class org.springframework.web.servlet.resource.ResourceHttpRequestHandler]
2019-08-10 11:00:04.065 |-INFO  [main] org.springframework.jmx.export.annotation.AnnotationMBeanExporter [431] -| Registering beans for JMX exposure on startup
2019-08-10 11:00:04.077 |-INFO  [main] org.springframework.context.support.DefaultLifecycleProcessor [343] -| Starting beans in phase 2147483647
2019-08-10 11:00:04.077 |-INFO  [main] springfox.documentation.spring.web.plugins.DocumentationPluginsBootstrapper [120] -| Context refreshed
2019-08-10 11:00:04.098 |-INFO  [main] springfox.documentation.spring.web.plugins.DocumentationPluginsBootstrapper [123] -| Found 1 custom documentation plugin(s)
2019-08-10 11:00:04.113 |-INFO  [main] springfox.documentation.spring.web.scanners.ApiListingReferenceScanner [41] -| Scanning for api listing references
2019-08-10 11:00:04.482 |-INFO  [main] springfox.documentation.spring.web.readers.operation.CachingOperationNameGenerator [40] -| Generating unique operation named: payUsingPOST_1
2019-08-10 11:00:04.860 |-INFO  [main] springfox.documentation.spring.web.readers.operation.CachingOperationNameGenerator [40] -| Generating unique operation named: saveUsingPOST_1
2019-08-10 11:00:04.905 |-INFO  [main] springfox.documentation.spring.web.readers.operation.CachingOperationNameGenerator [40] -| Generating unique operation named: saveUsingPOST_2
2019-08-10 11:00:04.912 |-INFO  [main] springfox.documentation.spring.web.readers.operation.CachingOperationNameGenerator [40] -| Generating unique operation named: queryAllUsingGET_1
2019-08-10 11:00:04.916 |-INFO  [main] springfox.documentation.spring.web.readers.operation.CachingOperationNameGenerator [40] -| Generating unique operation named: saveUsingPOST_3
2019-08-10 11:00:04.960 |-INFO  [main] org.hibernate.hql.internal.QueryTranslatorFactoryInitiator [47] -| HHH000397: Using ASTQueryTranslatorFactory
2019-08-10 11:00:05.089 |-INFO  [main] org.apache.coyote.http11.Http11NioProtocol [179] -| Initializing ProtocolHandler ["http-nio-8008"]
2019-08-10 11:00:05.102 |-INFO  [main] org.apache.coyote.http11.Http11NioProtocol [179] -| Starting ProtocolHandler ["http-nio-8008"]
2019-08-10 11:00:05.115 |-INFO  [main] org.apache.tomcat.util.net.NioSelectorPool [179] -| Using a shared selector for servlet write/read
2019-08-10 11:00:05.135 |-INFO  [main] org.springframework.boot.context.embedded.tomcat.TomcatEmbeddedServletContainer [201] -| Tomcat started on port(s): 8008 (http)
2019-08-10 11:00:05.141 |-INFO  [main] com.hik.PayApplication [57] -| Started PayApplication in 10.281 seconds (JVM running for 10.82)
2019-08-10 14:32:36.141 |-INFO  [main] com.hik.PayApplication [48] -| Starting PayApplication on yzm with PID 2760 (D:\workspace2\hik\target\classes started by www78 in D:\workspace2\hik)
2019-08-10 14:32:36.144 |-INFO  [main] com.hik.PayApplication [597] -| The following profiles are active: dev
2019-08-10 14:32:36.200 |-INFO  [main] org.springframework.boot.context.embedded.AnnotationConfigEmbeddedWebApplicationContext [583] -| Refreshing org.springframework.boot.context.embedded.AnnotationConfigEmbeddedWebApplicationContext@2a3888c1: startup date [Sat Aug 10 14:32:36 CST 2019]; root of context hierarchy
2019-08-10 14:32:36.519 |-INFO  [background-preinit] org.hibernate.validator.internal.util.Version [30] -| HV000001: Hibernate Validator 5.3.5.Final
2019-08-10 14:32:37.427 |-WARN  [main] org.mybatis.spring.mapper.ClassPathMapperScanner [166] -| No MyBatis mapper was found in '[com.hik]' package. Please check your configuration.
2019-08-10 14:32:38.122 |-INFO  [main] org.springframework.context.support.PostProcessorRegistrationDelegate$BeanPostProcessorChecker [325] -| Bean 'org.springframework.transaction.annotation.ProxyTransactionManagementConfiguration' of type [org.springframework.transaction.annotation.ProxyTransactionManagementConfiguration$$EnhancerBySpringCGLIB$$888773aa] is not eligible for getting processed by all BeanPostProcessors (for example: not eligible for auto-proxying)
2019-08-10 14:32:38.631 |-INFO  [main] org.springframework.boot.context.embedded.tomcat.TomcatEmbeddedServletContainer [89] -| Tomcat initialized with port(s): 8008 (http)
2019-08-10 14:32:38.645 |-INFO  [main] org.apache.catalina.core.StandardService [179] -| Starting service [Tomcat]
2019-08-10 14:32:38.646 |-INFO  [main] org.apache.catalina.core.StandardEngine [179] -| Starting Servlet Engine: Apache Tomcat/8.5.16
2019-08-10 14:32:38.788 |-INFO  [localhost-startStop-1] org.apache.catalina.core.ContainerBase.[Tomcat].[localhost].[/hik] [179] -| Initializing Spring embedded WebApplicationContext
2019-08-10 14:32:38.788 |-INFO  [localhost-startStop-1] org.springframework.web.context.ContextLoader [276] -| Root WebApplicationContext: initialization completed in 2588 ms
2019-08-10 14:32:38.968 |-INFO  [localhost-startStop-1] org.springframework.boot.web.servlet.ServletRegistrationBean [190] -| Mapping servlet: 'dispatcherServlet' to [/]
2019-08-10 14:32:38.974 |-INFO  [localhost-startStop-1] org.springframework.boot.web.servlet.FilterRegistrationBean [258] -| Mapping filter: 'characterEncodingFilter' to: [/*]
2019-08-10 14:32:38.974 |-INFO  [localhost-startStop-1] org.springframework.boot.web.servlet.FilterRegistrationBean [258] -| Mapping filter: 'hiddenHttpMethodFilter' to: [/*]
2019-08-10 14:32:38.975 |-INFO  [localhost-startStop-1] org.springframework.boot.web.servlet.FilterRegistrationBean [258] -| Mapping filter: 'httpPutFormContentFilter' to: [/*]
2019-08-10 14:32:38.975 |-INFO  [localhost-startStop-1] org.springframework.boot.web.servlet.FilterRegistrationBean [258] -| Mapping filter: 'requestContextFilter' to: [/*]
2019-08-10 14:32:39.518 |-INFO  [main] org.springframework.web.servlet.mvc.method.annotation.RequestMappingHandlerMapping [543] -| Mapped "{[/hik],methods=[GET]}" onto public com.hik.vo.ResponseVO com.hik.controller.HikServiceController.query()
2019-08-10 14:32:39.521 |-INFO  [main] org.springframework.web.servlet.mvc.method.annotation.RequestMappingHandlerMapping [543] -| Mapped "{[/v2/api-docs],methods=[GET],produces=[application/json || application/hal+json]}" onto public org.springframework.http.ResponseEntity<springfox.documentation.spring.web.json.Json> springfox.documentation.swagger2.web.Swagger2Controller.getDocumentation(java.lang.String,javax.servlet.http.HttpServletRequest)
2019-08-10 14:32:39.525 |-INFO  [main] org.springframework.web.servlet.mvc.method.annotation.RequestMappingHandlerMapping [543] -| Mapped "{[/swagger-resources]}" onto org.springframework.http.ResponseEntity<java.util.List<springfox.documentation.swagger.web.SwaggerResource>> springfox.documentation.swagger.web.ApiResourceController.swaggerResources()
2019-08-10 14:32:39.526 |-INFO  [main] org.springframework.web.servlet.mvc.method.annotation.RequestMappingHandlerMapping [543] -| Mapped "{[/swagger-resources/configuration/ui]}" onto org.springframework.http.ResponseEntity<springfox.documentation.swagger.web.UiConfiguration> springfox.documentation.swagger.web.ApiResourceController.uiConfiguration()
2019-08-10 14:32:39.527 |-INFO  [main] org.springframework.web.servlet.mvc.method.annotation.RequestMappingHandlerMapping [543] -| Mapped "{[/swagger-resources/configuration/security]}" onto org.springframework.http.ResponseEntity<springfox.documentation.swagger.web.SecurityConfiguration> springfox.documentation.swagger.web.ApiResourceController.securityConfiguration()
2019-08-10 14:32:39.530 |-INFO  [main] org.springframework.web.servlet.mvc.method.annotation.RequestMappingHandlerMapping [543] -| Mapped "{[/error]}" onto public org.springframework.http.ResponseEntity<java.util.Map<java.lang.String, java.lang.Object>> org.springframework.boot.autoconfigure.web.BasicErrorController.error(javax.servlet.http.HttpServletRequest)
2019-08-10 14:32:39.531 |-INFO  [main] org.springframework.web.servlet.mvc.method.annotation.RequestMappingHandlerMapping [543] -| Mapped "{[/error],produces=[text/html]}" onto public org.springframework.web.servlet.ModelAndView org.springframework.boot.autoconfigure.web.BasicErrorController.errorHtml(javax.servlet.http.HttpServletRequest,javax.servlet.http.HttpServletResponse)
2019-08-10 14:32:39.884 |-INFO  [main] org.springframework.web.servlet.mvc.method.annotation.RequestMappingHandlerAdapter [534] -| Looking for @ControllerAdvice: org.springframework.boot.context.embedded.AnnotationConfigEmbeddedWebApplicationContext@2a3888c1: startup date [Sat Aug 10 14:32:36 CST 2019]; root of context hierarchy
2019-08-10 14:32:39.950 |-INFO  [main] org.springframework.web.servlet.handler.SimpleUrlHandlerMapping [362] -| Mapped URL path [/webjars/**] onto handler of type [class org.springframework.web.servlet.resource.ResourceHttpRequestHandler]
2019-08-10 14:32:39.951 |-INFO  [main] org.springframework.web.servlet.handler.SimpleUrlHandlerMapping [362] -| Mapped URL path [/**] onto handler of type [class org.springframework.web.servlet.resource.ResourceHttpRequestHandler]
2019-08-10 14:32:39.970 |-INFO  [main] org.springframework.web.servlet.mvc.method.annotation.ExceptionHandlerExceptionResolver [273] -| Detected @ExceptionHandler methods in globalControllerExceptionHandler
2019-08-10 14:32:39.997 |-INFO  [main] org.springframework.web.servlet.handler.SimpleUrlHandlerMapping [362] -| Mapped URL path [/**/favicon.ico] onto handler of type [class org.springframework.web.servlet.resource.ResourceHttpRequestHandler]
2019-08-10 14:32:40.086 |-WARN  [main] org.springframework.boot.context.embedded.AnnotationConfigEmbeddedWebApplicationContext [551] -| Exception encountered during context initialization - cancelling refresh attempt: org.springframework.beans.factory.BeanCreationException: Error creating bean with name 'dataSource' defined in class path resource [org/springframework/boot/autoconfigure/jdbc/DataSourceConfiguration$Tomcat.class]: Bean instantiation via factory method failed; nested exception is org.springframework.beans.BeanInstantiationException: Failed to instantiate [org.apache.tomcat.jdbc.pool.DataSource]: Factory method 'dataSource' threw exception; nested exception is org.springframework.boot.autoconfigure.jdbc.DataSourceProperties$DataSourceBeanCreationException: Cannot determine embedded database driver class for database type NONE. If you want an embedded database please put a supported one on the classpath. If you have database settings to be loaded from a particular profile you may need to active it (the profiles "dev" are currently active).
2019-08-10 14:32:40.090 |-INFO  [main] org.apache.catalina.core.StandardService [179] -| Stopping service [Tomcat]
2019-08-10 14:32:40.112 |-INFO  [main] org.springframework.boot.autoconfigure.logging.AutoConfigurationReportLoggingInitializer [101] -| 

Error starting ApplicationContext. To display the auto-configuration report re-run your application with 'debug' enabled.
2019-08-10 14:37:32.692 |-INFO  [main] com.hik.PayApplication [48] -| Starting PayApplication on yzm with PID 29964 (D:\workspace2\hik\target\classes started by www78 in D:\workspace2\hik)
2019-08-10 14:37:32.694 |-INFO  [main] com.hik.PayApplication [597] -| The following profiles are active: dev
2019-08-10 14:37:32.775 |-INFO  [main] org.springframework.boot.context.embedded.AnnotationConfigEmbeddedWebApplicationContext [583] -| Refreshing org.springframework.boot.context.embedded.AnnotationConfigEmbeddedWebApplicationContext@41e68d87: startup date [Sat Aug 10 14:37:32 CST 2019]; root of context hierarchy
2019-08-10 14:37:32.895 |-INFO  [background-preinit] org.hibernate.validator.internal.util.Version [30] -| HV000001: Hibernate Validator 5.3.5.Final
2019-08-10 14:37:34.151 |-INFO  [main] org.springframework.context.support.PostProcessorRegistrationDelegate$BeanPostProcessorChecker [325] -| Bean 'org.springframework.transaction.annotation.ProxyTransactionManagementConfiguration' of type [org.springframework.transaction.annotation.ProxyTransactionManagementConfiguration$$EnhancerBySpringCGLIB$$7b413379] is not eligible for getting processed by all BeanPostProcessors (for example: not eligible for auto-proxying)
2019-08-10 14:37:34.554 |-INFO  [main] org.springframework.boot.context.embedded.tomcat.TomcatEmbeddedServletContainer [89] -| Tomcat initialized with port(s): 8008 (http)
2019-08-10 14:37:34.564 |-INFO  [main] org.apache.catalina.core.StandardService [179] -| Starting service [Tomcat]
2019-08-10 14:37:34.565 |-INFO  [main] org.apache.catalina.core.StandardEngine [179] -| Starting Servlet Engine: Apache Tomcat/8.5.16
2019-08-10 14:37:34.698 |-INFO  [localhost-startStop-1] org.apache.catalina.core.ContainerBase.[Tomcat].[localhost].[/hik] [179] -| Initializing Spring embedded WebApplicationContext
2019-08-10 14:37:34.699 |-INFO  [localhost-startStop-1] org.springframework.web.context.ContextLoader [276] -| Root WebApplicationContext: initialization completed in 1926 ms
2019-08-10 14:37:34.861 |-INFO  [localhost-startStop-1] org.springframework.boot.web.servlet.ServletRegistrationBean [190] -| Mapping servlet: 'dispatcherServlet' to [/]
2019-08-10 14:37:34.865 |-INFO  [localhost-startStop-1] org.springframework.boot.web.servlet.FilterRegistrationBean [258] -| Mapping filter: 'characterEncodingFilter' to: [/*]
2019-08-10 14:37:34.866 |-INFO  [localhost-startStop-1] org.springframework.boot.web.servlet.FilterRegistrationBean [258] -| Mapping filter: 'hiddenHttpMethodFilter' to: [/*]
2019-08-10 14:37:34.867 |-INFO  [localhost-startStop-1] org.springframework.boot.web.servlet.FilterRegistrationBean [258] -| Mapping filter: 'httpPutFormContentFilter' to: [/*]
2019-08-10 14:37:34.867 |-INFO  [localhost-startStop-1] org.springframework.boot.web.servlet.FilterRegistrationBean [258] -| Mapping filter: 'requestContextFilter' to: [/*]
2019-08-10 14:37:34.895 |-WARN  [main] org.springframework.boot.context.embedded.AnnotationConfigEmbeddedWebApplicationContext [551] -| Exception encountered during context initialization - cancelling refresh attempt: org.springframework.beans.factory.UnsatisfiedDependencyException: Error creating bean with name 'org.springframework.boot.autoconfigure.orm.jpa.HibernateJpaAutoConfiguration': Unsatisfied dependency expressed through constructor parameter 0; nested exception is org.springframework.beans.factory.NoSuchBeanDefinitionException: No qualifying bean of type 'javax.sql.DataSource' available: expected at least 1 bean which qualifies as autowire candidate. Dependency annotations: {}
2019-08-10 14:37:34.897 |-INFO  [main] org.apache.catalina.core.StandardService [179] -| Stopping service [Tomcat]
2019-08-10 14:37:34.915 |-INFO  [main] org.springframework.boot.autoconfigure.logging.AutoConfigurationReportLoggingInitializer [101] -| 

Error starting ApplicationContext. To display the auto-configuration report re-run your application with 'debug' enabled.
2019-08-10 14:39:16.046 |-INFO  [main] com.hik.PayApplication [48] -| Starting PayApplication on yzm with PID 23276 (D:\workspace2\hik\target\classes started by www78 in D:\workspace2\hik)
2019-08-10 14:39:16.049 |-INFO  [main] com.hik.PayApplication [597] -| The following profiles are active: dev
2019-08-10 14:39:16.107 |-INFO  [main] org.springframework.boot.context.embedded.AnnotationConfigEmbeddedWebApplicationContext [583] -| Refreshing org.springframework.boot.context.embedded.AnnotationConfigEmbeddedWebApplicationContext@a4add54: startup date [Sat Aug 10 14:39:16 CST 2019]; root of context hierarchy
2019-08-10 14:39:16.308 |-INFO  [background-preinit] org.hibernate.validator.internal.util.Version [30] -| HV000001: Hibernate Validator 5.3.5.Final
2019-08-10 14:39:17.933 |-INFO  [main] org.springframework.boot.context.embedded.tomcat.TomcatEmbeddedServletContainer [89] -| Tomcat initialized with port(s): 8008 (http)
2019-08-10 14:39:17.942 |-INFO  [main] org.apache.catalina.core.StandardService [179] -| Starting service [Tomcat]
2019-08-10 14:39:17.943 |-INFO  [main] org.apache.catalina.core.StandardEngine [179] -| Starting Servlet Engine: Apache Tomcat/8.5.16
2019-08-10 14:39:18.087 |-INFO  [localhost-startStop-1] org.apache.catalina.core.ContainerBase.[Tomcat].[localhost].[/hik] [179] -| Initializing Spring embedded WebApplicationContext
2019-08-10 14:39:18.087 |-INFO  [localhost-startStop-1] org.springframework.web.context.ContextLoader [276] -| Root WebApplicationContext: initialization completed in 1980 ms
2019-08-10 14:39:18.255 |-INFO  [localhost-startStop-1] org.springframework.boot.web.servlet.ServletRegistrationBean [190] -| Mapping servlet: 'dispatcherServlet' to [/]
2019-08-10 14:39:18.260 |-INFO  [localhost-startStop-1] org.springframework.boot.web.servlet.FilterRegistrationBean [258] -| Mapping filter: 'characterEncodingFilter' to: [/*]
2019-08-10 14:39:18.261 |-INFO  [localhost-startStop-1] org.springframework.boot.web.servlet.FilterRegistrationBean [258] -| Mapping filter: 'hiddenHttpMethodFilter' to: [/*]
2019-08-10 14:39:18.261 |-INFO  [localhost-startStop-1] org.springframework.boot.web.servlet.FilterRegistrationBean [258] -| Mapping filter: 'httpPutFormContentFilter' to: [/*]
2019-08-10 14:39:18.262 |-INFO  [localhost-startStop-1] org.springframework.boot.web.servlet.FilterRegistrationBean [258] -| Mapping filter: 'requestContextFilter' to: [/*]
2019-08-10 14:39:18.667 |-INFO  [main] org.springframework.web.servlet.mvc.method.annotation.RequestMappingHandlerMapping [543] -| Mapped "{[/hik],methods=[GET]}" onto public com.hik.vo.ResponseVO com.hik.controller.HikServiceController.query()
2019-08-10 14:39:18.670 |-INFO  [main] org.springframework.web.servlet.mvc.method.annotation.RequestMappingHandlerMapping [543] -| Mapped "{[/v2/api-docs],methods=[GET],produces=[application/json || application/hal+json]}" onto public org.springframework.http.ResponseEntity<springfox.documentation.spring.web.json.Json> springfox.documentation.swagger2.web.Swagger2Controller.getDocumentation(java.lang.String,javax.servlet.http.HttpServletRequest)
2019-08-10 14:39:18.673 |-INFO  [main] org.springframework.web.servlet.mvc.method.annotation.RequestMappingHandlerMapping [543] -| Mapped "{[/swagger-resources/configuration/ui]}" onto org.springframework.http.ResponseEntity<springfox.documentation.swagger.web.UiConfiguration> springfox.documentation.swagger.web.ApiResourceController.uiConfiguration()
2019-08-10 14:39:18.674 |-INFO  [main] org.springframework.web.servlet.mvc.method.annotation.RequestMappingHandlerMapping [543] -| Mapped "{[/swagger-resources]}" onto org.springframework.http.ResponseEntity<java.util.List<springfox.documentation.swagger.web.SwaggerResource>> springfox.documentation.swagger.web.ApiResourceController.swaggerResources()
2019-08-10 14:39:18.675 |-INFO  [main] org.springframework.web.servlet.mvc.method.annotation.RequestMappingHandlerMapping [543] -| Mapped "{[/swagger-resources/configuration/security]}" onto org.springframework.http.ResponseEntity<springfox.documentation.swagger.web.SecurityConfiguration> springfox.documentation.swagger.web.ApiResourceController.securityConfiguration()
2019-08-10 14:39:18.677 |-INFO  [main] org.springframework.web.servlet.mvc.method.annotation.RequestMappingHandlerMapping [543] -| Mapped "{[/error]}" onto public org.springframework.http.ResponseEntity<java.util.Map<java.lang.String, java.lang.Object>> org.springframework.boot.autoconfigure.web.BasicErrorController.error(javax.servlet.http.HttpServletRequest)
2019-08-10 14:39:18.678 |-INFO  [main] org.springframework.web.servlet.mvc.method.annotation.RequestMappingHandlerMapping [543] -| Mapped "{[/error],produces=[text/html]}" onto public org.springframework.web.servlet.ModelAndView org.springframework.boot.autoconfigure.web.BasicErrorController.errorHtml(javax.servlet.http.HttpServletRequest,javax.servlet.http.HttpServletResponse)
2019-08-10 14:39:18.953 |-INFO  [main] org.springframework.web.servlet.mvc.method.annotation.RequestMappingHandlerAdapter [534] -| Looking for @ControllerAdvice: org.springframework.boot.context.embedded.AnnotationConfigEmbeddedWebApplicationContext@a4add54: startup date [Sat Aug 10 14:39:16 CST 2019]; root of context hierarchy
2019-08-10 14:39:19.005 |-INFO  [main] org.springframework.web.servlet.handler.SimpleUrlHandlerMapping [362] -| Mapped URL path [/webjars/**] onto handler of type [class org.springframework.web.servlet.resource.ResourceHttpRequestHandler]
2019-08-10 14:39:19.005 |-INFO  [main] org.springframework.web.servlet.handler.SimpleUrlHandlerMapping [362] -| Mapped URL path [/**] onto handler of type [class org.springframework.web.servlet.resource.ResourceHttpRequestHandler]
2019-08-10 14:39:19.022 |-INFO  [main] org.springframework.web.servlet.mvc.method.annotation.ExceptionHandlerExceptionResolver [273] -| Detected @ExceptionHandler methods in globalControllerExceptionHandler
2019-08-10 14:39:19.043 |-INFO  [main] org.springframework.web.servlet.handler.SimpleUrlHandlerMapping [362] -| Mapped URL path [/**/favicon.ico] onto handler of type [class org.springframework.web.servlet.resource.ResourceHttpRequestHandler]
2019-08-10 14:39:19.225 |-INFO  [main] org.springframework.ui.freemarker.SpringTemplateLoader [61] -| SpringTemplateLoader for FreeMarker: using resource loader [org.springframework.boot.context.embedded.AnnotationConfigEmbeddedWebApplicationContext@a4add54: startup date [Sat Aug 10 14:39:16 CST 2019]; root of context hierarchy] and template loader path [classpath:/templates/]
2019-08-10 14:39:19.226 |-INFO  [main] org.springframework.web.servlet.view.freemarker.FreeMarkerConfigurer [127] -| ClassTemplateLoader for Spring macros added to FreeMarker configuration
2019-08-10 14:39:19.395 |-INFO  [main] org.springframework.jmx.export.annotation.AnnotationMBeanExporter [431] -| Registering beans for JMX exposure on startup
2019-08-10 14:39:19.402 |-INFO  [main] org.springframework.context.support.DefaultLifecycleProcessor [343] -| Starting beans in phase 2147483647
2019-08-10 14:39:19.402 |-INFO  [main] springfox.documentation.spring.web.plugins.DocumentationPluginsBootstrapper [120] -| Context refreshed
2019-08-10 14:39:19.416 |-INFO  [main] springfox.documentation.spring.web.plugins.DocumentationPluginsBootstrapper [123] -| Found 1 custom documentation plugin(s)
2019-08-10 14:39:19.429 |-INFO  [main] springfox.documentation.spring.web.scanners.ApiListingReferenceScanner [41] -| Scanning for api listing references
2019-08-10 14:39:19.669 |-INFO  [main] org.apache.coyote.http11.Http11NioProtocol [179] -| Initializing ProtocolHandler ["http-nio-8008"]
2019-08-10 14:39:19.678 |-INFO  [main] org.apache.coyote.http11.Http11NioProtocol [179] -| Starting ProtocolHandler ["http-nio-8008"]
2019-08-10 14:39:19.691 |-INFO  [main] org.apache.tomcat.util.net.NioSelectorPool [179] -| Using a shared selector for servlet write/read
2019-08-10 14:39:19.708 |-INFO  [main] org.springframework.boot.context.embedded.tomcat.TomcatEmbeddedServletContainer [201] -| Tomcat started on port(s): 8008 (http)
2019-08-10 14:39:19.713 |-INFO  [main] com.hik.PayApplication [57] -| Started PayApplication in 5.043 seconds (JVM running for 5.692)
2019-08-10 14:40:20.341 |-INFO  [main] com.hik.PayApplication [48] -| Starting PayApplication on yzm with PID 31332 (D:\workspace2\hik\target\classes started by www78 in D:\workspace2\hik)
2019-08-10 14:40:20.348 |-INFO  [main] com.hik.PayApplication [597] -| The following profiles are active: dev
2019-08-10 14:40:20.514 |-INFO  [main] org.springframework.boot.context.embedded.AnnotationConfigEmbeddedWebApplicationContext [583] -| Refreshing org.springframework.boot.context.embedded.AnnotationConfigEmbeddedWebApplicationContext@a4add54: startup date [Sat Aug 10 14:40:20 CST 2019]; root of context hierarchy
2019-08-10 14:40:20.806 |-INFO  [background-preinit] org.hibernate.validator.internal.util.Version [30] -| HV000001: Hibernate Validator 5.3.5.Final
2019-08-10 14:40:22.228 |-INFO  [main] org.springframework.boot.context.embedded.tomcat.TomcatEmbeddedServletContainer [89] -| Tomcat initialized with port(s): 9999 (http)
2019-08-10 14:40:22.239 |-INFO  [main] org.apache.catalina.core.StandardService [179] -| Starting service [Tomcat]
2019-08-10 14:40:22.240 |-INFO  [main] org.apache.catalina.core.StandardEngine [179] -| Starting Servlet Engine: Apache Tomcat/8.5.16
2019-08-10 14:40:22.351 |-INFO  [localhost-startStop-1] org.apache.catalina.core.ContainerBase.[Tomcat].[localhost].[/hik] [179] -| Initializing Spring embedded WebApplicationContext
2019-08-10 14:40:22.351 |-INFO  [localhost-startStop-1] org.springframework.web.context.ContextLoader [276] -| Root WebApplicationContext: initialization completed in 1837 ms
2019-08-10 14:40:22.507 |-INFO  [localhost-startStop-1] org.springframework.boot.web.servlet.ServletRegistrationBean [190] -| Mapping servlet: 'dispatcherServlet' to [/]
2019-08-10 14:40:22.513 |-INFO  [localhost-startStop-1] org.springframework.boot.web.servlet.FilterRegistrationBean [258] -| Mapping filter: 'characterEncodingFilter' to: [/*]
2019-08-10 14:40:22.513 |-INFO  [localhost-startStop-1] org.springframework.boot.web.servlet.FilterRegistrationBean [258] -| Mapping filter: 'hiddenHttpMethodFilter' to: [/*]
2019-08-10 14:40:22.514 |-INFO  [localhost-startStop-1] org.springframework.boot.web.servlet.FilterRegistrationBean [258] -| Mapping filter: 'httpPutFormContentFilter' to: [/*]
2019-08-10 14:40:22.514 |-INFO  [localhost-startStop-1] org.springframework.boot.web.servlet.FilterRegistrationBean [258] -| Mapping filter: 'requestContextFilter' to: [/*]
2019-08-10 14:40:22.932 |-INFO  [main] org.springframework.web.servlet.mvc.method.annotation.RequestMappingHandlerMapping [543] -| Mapped "{[/hik],methods=[GET]}" onto public com.hik.vo.ResponseVO com.hik.controller.HikServiceController.query()
2019-08-10 14:40:22.935 |-INFO  [main] org.springframework.web.servlet.mvc.method.annotation.RequestMappingHandlerMapping [543] -| Mapped "{[/v2/api-docs],methods=[GET],produces=[application/json || application/hal+json]}" onto public org.springframework.http.ResponseEntity<springfox.documentation.spring.web.json.Json> springfox.documentation.swagger2.web.Swagger2Controller.getDocumentation(java.lang.String,javax.servlet.http.HttpServletRequest)
2019-08-10 14:40:22.938 |-INFO  [main] org.springframework.web.servlet.mvc.method.annotation.RequestMappingHandlerMapping [543] -| Mapped "{[/swagger-resources/configuration/security]}" onto org.springframework.http.ResponseEntity<springfox.documentation.swagger.web.SecurityConfiguration> springfox.documentation.swagger.web.ApiResourceController.securityConfiguration()
2019-08-10 14:40:22.939 |-INFO  [main] org.springframework.web.servlet.mvc.method.annotation.RequestMappingHandlerMapping [543] -| Mapped "{[/swagger-resources/configuration/ui]}" onto org.springframework.http.ResponseEntity<springfox.documentation.swagger.web.UiConfiguration> springfox.documentation.swagger.web.ApiResourceController.uiConfiguration()
2019-08-10 14:40:22.940 |-INFO  [main] org.springframework.web.servlet.mvc.method.annotation.RequestMappingHandlerMapping [543] -| Mapped "{[/swagger-resources]}" onto org.springframework.http.ResponseEntity<java.util.List<springfox.documentation.swagger.web.SwaggerResource>> springfox.documentation.swagger.web.ApiResourceController.swaggerResources()
2019-08-10 14:40:22.943 |-INFO  [main] org.springframework.web.servlet.mvc.method.annotation.RequestMappingHandlerMapping [543] -| Mapped "{[/error]}" onto public org.springframework.http.ResponseEntity<java.util.Map<java.lang.String, java.lang.Object>> org.springframework.boot.autoconfigure.web.BasicErrorController.error(javax.servlet.http.HttpServletRequest)
2019-08-10 14:40:22.944 |-INFO  [main] org.springframework.web.servlet.mvc.method.annotation.RequestMappingHandlerMapping [543] -| Mapped "{[/error],produces=[text/html]}" onto public org.springframework.web.servlet.ModelAndView org.springframework.boot.autoconfigure.web.BasicErrorController.errorHtml(javax.servlet.http.HttpServletRequest,javax.servlet.http.HttpServletResponse)
2019-08-10 14:40:23.227 |-INFO  [main] org.springframework.web.servlet.mvc.method.annotation.RequestMappingHandlerAdapter [534] -| Looking for @ControllerAdvice: org.springframework.boot.context.embedded.AnnotationConfigEmbeddedWebApplicationContext@a4add54: startup date [Sat Aug 10 14:40:20 CST 2019]; root of context hierarchy
2019-08-10 14:40:23.280 |-INFO  [main] org.springframework.web.servlet.handler.SimpleUrlHandlerMapping [362] -| Mapped URL path [/webjars/**] onto handler of type [class org.springframework.web.servlet.resource.ResourceHttpRequestHandler]
2019-08-10 14:40:23.280 |-INFO  [main] org.springframework.web.servlet.handler.SimpleUrlHandlerMapping [362] -| Mapped URL path [/**] onto handler of type [class org.springframework.web.servlet.resource.ResourceHttpRequestHandler]
2019-08-10 14:40:23.301 |-INFO  [main] org.springframework.web.servlet.mvc.method.annotation.ExceptionHandlerExceptionResolver [273] -| Detected @ExceptionHandler methods in globalControllerExceptionHandler
2019-08-10 14:40:23.339 |-INFO  [main] org.springframework.web.servlet.handler.SimpleUrlHandlerMapping [362] -| Mapped URL path [/**/favicon.ico] onto handler of type [class org.springframework.web.servlet.resource.ResourceHttpRequestHandler]
2019-08-10 14:40:23.666 |-INFO  [main] org.springframework.ui.freemarker.SpringTemplateLoader [61] -| SpringTemplateLoader for FreeMarker: using resource loader [org.springframework.boot.context.embedded.AnnotationConfigEmbeddedWebApplicationContext@a4add54: startup date [Sat Aug 10 14:40:20 CST 2019]; root of context hierarchy] and template loader path [classpath:/templates/]
2019-08-10 14:40:23.668 |-INFO  [main] org.springframework.web.servlet.view.freemarker.FreeMarkerConfigurer [127] -| ClassTemplateLoader for Spring macros added to FreeMarker configuration
2019-08-10 14:40:23.871 |-INFO  [main] org.springframework.jmx.export.annotation.AnnotationMBeanExporter [431] -| Registering beans for JMX exposure on startup
2019-08-10 14:40:23.881 |-INFO  [main] org.springframework.context.support.DefaultLifecycleProcessor [343] -| Starting beans in phase 2147483647
2019-08-10 14:40:23.881 |-INFO  [main] springfox.documentation.spring.web.plugins.DocumentationPluginsBootstrapper [120] -| Context refreshed
2019-08-10 14:40:23.896 |-INFO  [main] springfox.documentation.spring.web.plugins.DocumentationPluginsBootstrapper [123] -| Found 1 custom documentation plugin(s)
2019-08-10 14:40:23.909 |-INFO  [main] springfox.documentation.spring.web.scanners.ApiListingReferenceScanner [41] -| Scanning for api listing references
2019-08-10 14:40:24.156 |-INFO  [main] org.apache.coyote.http11.Http11NioProtocol [179] -| Initializing ProtocolHandler ["http-nio-9999"]
2019-08-10 14:40:24.167 |-INFO  [main] org.apache.coyote.http11.Http11NioProtocol [179] -| Starting ProtocolHandler ["http-nio-9999"]
2019-08-10 14:40:24.180 |-INFO  [main] org.apache.tomcat.util.net.NioSelectorPool [179] -| Using a shared selector for servlet write/read
2019-08-10 14:40:24.196 |-INFO  [main] org.springframework.boot.context.embedded.tomcat.TomcatEmbeddedServletContainer [201] -| Tomcat started on port(s): 9999 (http)
2019-08-10 14:40:24.200 |-INFO  [main] com.hik.PayApplication [57] -| Started PayApplication in 4.923 seconds (JVM running for 5.656)
2019-08-10 14:40:43.857 |-INFO  [http-nio-9999-exec-3] org.apache.catalina.core.ContainerBase.[Tomcat].[localhost].[/hik] [179] -| Initializing Spring FrameworkServlet 'dispatcherServlet'
2019-08-10 14:40:43.857 |-INFO  [http-nio-9999-exec-3] org.springframework.web.servlet.DispatcherServlet [489] -| FrameworkServlet 'dispatcherServlet': initialization started
2019-08-10 14:40:43.880 |-INFO  [http-nio-9999-exec-3] org.springframework.web.servlet.DispatcherServlet [508] -| FrameworkServlet 'dispatcherServlet': initialization completed in 23 ms
