2017-12-18 16:46:42.648 |-INFO  [main] com.pay.PayApplication [48] -| Starting PayApplication on yzm with PID 4812 (D:\workspace2\sshapp-pro\pay\target\classes started by www78 in D:\workspace2\sshapp-pro\pay)
2017-12-18 16:46:42.651 |-INFO  [main] com.pay.PayApplication [597] -| The following profiles are active: prod
2017-12-18 16:46:42.698 |-INFO  [main] org.springframework.boot.context.embedded.AnnotationConfigEmbeddedWebApplicationContext [583] -| Refreshing org.springframework.boot.context.embedded.AnnotationConfigEmbeddedWebApplicationContext@79179359: startup date [Mon Dec 18 16:46:42 CST 2017]; root of context hierarchy
2017-12-18 16:46:42.823 |-INFO  [background-preinit] org.hibernate.validator.internal.util.Version [30] -| HV000001: Hibernate Validator 5.3.5.Final
2017-12-18 16:46:44.579 |-INFO  [main] org.springframework.context.support.PostProcessorRegistrationDelegate$BeanPostProcessorChecker [325] -| Bean 'org.springframework.transaction.annotation.ProxyTransactionManagementConfiguration' of type [org.springframework.transaction.annotation.ProxyTransactionManagementConfiguration$$EnhancerBySpringCGLIB$$464ea31d] is not eligible for getting processed by all BeanPostProcessors (for example: not eligible for auto-proxying)
2017-12-18 16:46:45.030 |-INFO  [main] org.springframework.boot.context.embedded.tomcat.TomcatEmbeddedServletContainer [89] -| Tomcat initialized with port(s): 8000 (http)
2017-12-18 16:46:45.040 |-INFO  [main] org.apache.catalina.core.StandardService [179] -| Starting service [Tomcat]
2017-12-18 16:46:45.041 |-INFO  [main] org.apache.catalina.core.StandardEngine [179] -| Starting Servlet Engine: Apache Tomcat/8.5.16
2017-12-18 16:46:45.148 |-INFO  [localhost-startStop-1] org.apache.catalina.core.ContainerBase.[Tomcat].[localhost].[/pay] [179] -| Initializing Spring embedded WebApplicationContext
2017-12-18 16:46:45.148 |-INFO  [localhost-startStop-1] org.springframework.web.context.ContextLoader [276] -| Root WebApplicationContext: initialization completed in 2451 ms
2017-12-18 16:46:45.302 |-INFO  [localhost-startStop-1] org.springframework.boot.web.servlet.ServletRegistrationBean [190] -| Mapping servlet: 'dispatcherServlet' to [/]
2017-12-18 16:46:45.306 |-INFO  [localhost-startStop-1] org.springframework.boot.web.servlet.FilterRegistrationBean [258] -| Mapping filter: 'characterEncodingFilter' to: [/*]
2017-12-18 16:46:45.307 |-INFO  [localhost-startStop-1] org.springframework.boot.web.servlet.FilterRegistrationBean [258] -| Mapping filter: 'hiddenHttpMethodFilter' to: [/*]
2017-12-18 16:46:45.308 |-INFO  [localhost-startStop-1] org.springframework.boot.web.servlet.FilterRegistrationBean [258] -| Mapping filter: 'httpPutFormContentFilter' to: [/*]
2017-12-18 16:46:45.308 |-INFO  [localhost-startStop-1] org.springframework.boot.web.servlet.FilterRegistrationBean [258] -| Mapping filter: 'requestContextFilter' to: [/*]
2017-12-18 16:46:46.066 |-INFO  [main] org.springframework.orm.jpa.LocalContainerEntityManagerFactoryBean [349] -| Building JPA container EntityManagerFactory for persistence unit 'default'
2017-12-18 16:46:46.077 |-INFO  [main] org.hibernate.jpa.internal.util.LogHelper [31] -| HHH000204: Processing PersistenceUnitInfo [
	name: default
	...]
2017-12-18 16:46:46.164 |-INFO  [main] org.hibernate.Version [37] -| HHH000412: Hibernate Core {5.0.12.Final}
2017-12-18 16:46:46.165 |-INFO  [main] org.hibernate.cfg.Environment [213] -| HHH000206: hibernate.properties not found
2017-12-18 16:46:46.166 |-INFO  [main] org.hibernate.cfg.Environment [317] -| HHH000021: Bytecode provider name : javassist
2017-12-18 16:46:46.212 |-INFO  [main] org.hibernate.annotations.common.Version [66] -| HCANN000001: Hibernate Commons Annotations {5.0.1.Final}
2017-12-18 16:46:46.379 |-INFO  [main] org.hibernate.dialect.Dialect [156] -| HHH000400: Using dialect: org.hibernate.dialect.SQLServer2008Dialect
2017-12-18 16:46:46.662 |-INFO  [main] org.hibernate.engine.jdbc.env.internal.LobCreatorBuilderImpl [98] -| HHH000423: Disabling contextual LOB creation as JDBC driver reported JDBC version [3] less than 4
2017-12-18 16:46:47.109 |-INFO  [main] org.hibernate.tool.hbm2ddl.SchemaUpdate [105] -| HHH000228: Running hbm2ddl schema update
2017-12-18 16:46:47.125 |-INFO  [main] org.hibernate.tool.schema.extract.internal.InformationExtractorJdbcDatabaseMetaDataImpl [365] -| HHH000262: Table not found: T_AppParam
2017-12-18 16:46:47.184 |-INFO  [main] org.hibernate.tool.schema.extract.internal.InformationExtractorJdbcDatabaseMetaDataImpl [365] -| HHH000262: Table not found: T_GivenInvoice
2017-12-18 16:46:47.312 |-INFO  [main] org.hibernate.tool.schema.extract.internal.InformationExtractorJdbcDatabaseMetaDataImpl [365] -| HHH000262: Table not found: T_Invoice
2017-12-18 16:46:47.432 |-INFO  [main] org.hibernate.tool.schema.extract.internal.InformationExtractorJdbcDatabaseMetaDataImpl [365] -| HHH000262: Table not found: T_NotifyInfo
2017-12-18 16:46:47.594 |-INFO  [main] org.hibernate.tool.schema.extract.internal.InformationExtractorJdbcDatabaseMetaDataImpl [365] -| HHH000262: Table not found: T_PayInfo
2017-12-18 16:46:47.704 |-INFO  [main] org.hibernate.tool.schema.extract.internal.InformationExtractorJdbcDatabaseMetaDataImpl [365] -| HHH000262: Table not found: T_RefundInfo
2017-12-18 16:46:47.867 |-INFO  [main] org.hibernate.tool.schema.extract.internal.InformationExtractorJdbcDatabaseMetaDataImpl [365] -| HHH000262: Table not found: T_Sms
2017-12-18 16:46:47.929 |-INFO  [main] org.hibernate.tool.schema.extract.internal.InformationExtractorJdbcDatabaseMetaDataImpl [365] -| HHH000262: Table not found: T_User
2017-12-18 16:46:47.961 |-INFO  [main] org.hibernate.tool.schema.extract.internal.InformationExtractorJdbcDatabaseMetaDataImpl [365] -| HHH000262: Table not found: T_WhiteList
2017-12-18 16:46:47.992 |-INFO  [main] org.hibernate.tool.schema.extract.internal.InformationExtractorJdbcDatabaseMetaDataImpl [365] -| HHH000262: Table not found: T_AppParam
2017-12-18 16:46:48.001 |-INFO  [main] org.hibernate.tool.schema.extract.internal.InformationExtractorJdbcDatabaseMetaDataImpl [365] -| HHH000262: Table not found: T_GivenInvoice
2017-12-18 16:46:48.010 |-INFO  [main] org.hibernate.tool.schema.extract.internal.InformationExtractorJdbcDatabaseMetaDataImpl [365] -| HHH000262: Table not found: T_Invoice
2017-12-18 16:46:48.017 |-INFO  [main] org.hibernate.tool.schema.extract.internal.InformationExtractorJdbcDatabaseMetaDataImpl [365] -| HHH000262: Table not found: T_NotifyInfo
2017-12-18 16:46:48.024 |-INFO  [main] org.hibernate.tool.schema.extract.internal.InformationExtractorJdbcDatabaseMetaDataImpl [365] -| HHH000262: Table not found: T_PayInfo
2017-12-18 16:46:48.032 |-INFO  [main] org.hibernate.tool.schema.extract.internal.InformationExtractorJdbcDatabaseMetaDataImpl [365] -| HHH000262: Table not found: T_RefundInfo
2017-12-18 16:46:48.041 |-INFO  [main] org.hibernate.tool.schema.extract.internal.InformationExtractorJdbcDatabaseMetaDataImpl [365] -| HHH000262: Table not found: T_Sms
2017-12-18 16:46:48.049 |-INFO  [main] org.hibernate.tool.schema.extract.internal.InformationExtractorJdbcDatabaseMetaDataImpl [365] -| HHH000262: Table not found: T_User
2017-12-18 16:46:48.059 |-INFO  [main] org.hibernate.tool.schema.extract.internal.InformationExtractorJdbcDatabaseMetaDataImpl [365] -| HHH000262: Table not found: T_WhiteList
2017-12-18 16:46:48.067 |-INFO  [main] org.hibernate.tool.schema.extract.internal.InformationExtractorJdbcDatabaseMetaDataImpl [365] -| HHH000262: Table not found: T_AppParam
2017-12-18 16:46:48.078 |-INFO  [main] org.hibernate.tool.schema.extract.internal.InformationExtractorJdbcDatabaseMetaDataImpl [365] -| HHH000262: Table not found: T_GivenInvoice
2017-12-18 16:46:48.086 |-INFO  [main] org.hibernate.tool.schema.extract.internal.InformationExtractorJdbcDatabaseMetaDataImpl [365] -| HHH000262: Table not found: T_Invoice
2017-12-18 16:46:48.095 |-INFO  [main] org.hibernate.tool.schema.extract.internal.InformationExtractorJdbcDatabaseMetaDataImpl [365] -| HHH000262: Table not found: T_NotifyInfo
2017-12-18 16:46:48.102 |-INFO  [main] org.hibernate.tool.schema.extract.internal.InformationExtractorJdbcDatabaseMetaDataImpl [365] -| HHH000262: Table not found: T_PayInfo
2017-12-18 16:46:48.111 |-INFO  [main] org.hibernate.tool.schema.extract.internal.InformationExtractorJdbcDatabaseMetaDataImpl [365] -| HHH000262: Table not found: T_RefundInfo
2017-12-18 16:46:48.119 |-INFO  [main] org.hibernate.tool.schema.extract.internal.InformationExtractorJdbcDatabaseMetaDataImpl [365] -| HHH000262: Table not found: T_Sms
2017-12-18 16:46:48.129 |-INFO  [main] org.hibernate.tool.schema.extract.internal.InformationExtractorJdbcDatabaseMetaDataImpl [365] -| HHH000262: Table not found: T_User
2017-12-18 16:46:48.140 |-INFO  [main] org.hibernate.tool.schema.extract.internal.InformationExtractorJdbcDatabaseMetaDataImpl [365] -| HHH000262: Table not found: T_WhiteList
2017-12-18 16:46:48.180 |-INFO  [main] org.springframework.orm.jpa.LocalContainerEntityManagerFactoryBean [379] -| Initialized JPA EntityManagerFactory for persistence unit 'default'
2017-12-18 16:46:48.869 |-INFO  [main] org.springframework.web.servlet.view.freemarker.FreeMarkerConfigurer [127] -| ClassTemplateLoader for Spring macros added to FreeMarker configuration
2017-12-18 16:46:49.355 |-INFO  [main] org.springframework.web.servlet.mvc.method.annotation.RequestMappingHandlerMapping [543] -| Mapped "{[/alipay/notify],methods=[POST]}" onto public void com.pay.controller.AlipayController.notify(javax.servlet.http.HttpServletRequest,javax.servlet.http.HttpServletResponse) throws java.lang.Exception
2017-12-18 16:46:49.356 |-INFO  [main] org.springframework.web.servlet.mvc.method.annotation.RequestMappingHandlerMapping [543] -| Mapped "{[/alipay/close]}" onto public java.util.Map<java.lang.String, java.lang.Object> com.pay.controller.AlipayController.close(java.lang.String,java.lang.String)
2017-12-18 16:46:49.357 |-INFO  [main] org.springframework.web.servlet.mvc.method.annotation.RequestMappingHandlerMapping [543] -| Mapped "{[/alipay/query]}" onto public java.util.Map<java.lang.String, java.lang.Object> com.pay.controller.AlipayController.query(java.lang.String)
2017-12-18 16:46:49.357 |-INFO  [main] org.springframework.web.servlet.mvc.method.annotation.RequestMappingHandlerMapping [543] -| Mapped "{[/alipay/pay_test]}" onto public void com.pay.controller.AlipayController.doPost(java.lang.String,javax.servlet.http.HttpServletRequest,javax.servlet.http.HttpServletResponse) throws javax.servlet.ServletException,java.io.IOException
2017-12-18 16:46:49.357 |-INFO  [main] org.springframework.web.servlet.mvc.method.annotation.RequestMappingHandlerMapping [543] -| Mapped "{[/alipay/returnUrl]}" onto public org.springframework.web.servlet.ModelAndView com.pay.controller.AlipayController.returnUrl()
2017-12-18 16:46:49.357 |-INFO  [main] org.springframework.web.servlet.mvc.method.annotation.RequestMappingHandlerMapping [543] -| Mapped "{[/alipay/pay],methods=[POST]}" onto public void com.pay.controller.AlipayController.pay(java.lang.String,java.lang.String,java.lang.String,javax.servlet.http.HttpServletResponse) throws java.lang.Exception
2017-12-18 16:46:49.358 |-INFO  [main] org.springframework.web.servlet.mvc.method.annotation.RequestMappingHandlerMapping [543] -| Mapped "{[/alipay/pay2]}" onto public void com.pay.controller.AlipayController.pay(java.lang.String,java.lang.String,java.lang.String,java.lang.String,java.lang.String,java.lang.String,java.lang.String,java.lang.String,java.lang.String,java.lang.String,java.lang.String,java.lang.String,java.lang.String,javax.servlet.http.HttpServletResponse) throws java.lang.Exception
2017-12-18 16:46:49.358 |-INFO  [main] org.springframework.web.servlet.mvc.method.annotation.RequestMappingHandlerMapping [543] -| Mapped "{[/alipay/pay_supplier]}" onto public void com.pay.controller.AlipayController.paySupplier(java.lang.String,javax.servlet.http.HttpServletRequest,javax.servlet.http.HttpServletResponse) throws java.lang.Exception
2017-12-18 16:46:49.358 |-INFO  [main] org.springframework.web.servlet.mvc.method.annotation.RequestMappingHandlerMapping [543] -| Mapped "{[/alipay/query_refund]}" onto public java.util.Map<java.lang.String, java.lang.Object> com.pay.controller.AlipayController.queryRefund(java.lang.String,java.lang.String) throws java.lang.Exception
2017-12-18 16:46:49.359 |-INFO  [main] org.springframework.web.servlet.mvc.method.annotation.RequestMappingHandlerMapping [543] -| Mapped "{[/alipay/refund]}" onto public java.util.Map<java.lang.String, java.lang.Object> com.pay.controller.AlipayController.refund(java.lang.String,java.lang.String,java.lang.String,java.lang.String,java.lang.String,java.lang.String,java.lang.String) throws java.lang.Exception
2017-12-18 16:46:49.359 |-INFO  [main] org.springframework.web.servlet.mvc.method.annotation.RequestMappingHandlerMapping [543] -| Mapped "{[/alipay/download_bill]}" onto public java.util.Map<java.lang.String, java.lang.Object> com.pay.controller.AlipayController.downloadBill(java.lang.String,java.lang.String,javax.servlet.http.HttpServletResponse) throws java.lang.Exception
2017-12-18 16:46:49.360 |-INFO  [main] org.springframework.web.servlet.mvc.method.annotation.RequestMappingHandlerMapping [543] -| Mapped "{[/alipay/my_notify]}" onto public java.util.Map<java.lang.String, java.lang.Object> com.pay.controller.AlipayController.myNotify(java.lang.String)
2017-12-18 16:46:49.361 |-INFO  [main] org.springframework.web.servlet.mvc.method.annotation.RequestMappingHandlerMapping [543] -| Mapped "{[/appParam/save],methods=[POST]}" onto public com.pay.vo.ResponseVO com.pay.controller.AppParamController.save(java.lang.Long,java.lang.String)
2017-12-18 16:46:49.362 |-INFO  [main] org.springframework.web.servlet.mvc.method.annotation.RequestMappingHandlerMapping [543] -| Mapped "{[/appParam/query_all],methods=[GET]}" onto public java.util.Map<java.lang.String, java.lang.Object> com.pay.controller.AppParamController.queryAll(java.lang.Integer,java.lang.Integer)
2017-12-18 16:46:49.363 |-INFO  [main] org.springframework.web.servlet.mvc.method.annotation.RequestMappingHandlerMapping [543] -| Mapped "{[/common/index],methods=[GET]}" onto public org.springframework.web.servlet.ModelAndView com.pay.controller.CommonController.index(javax.servlet.http.HttpServletRequest)
2017-12-18 16:46:49.364 |-INFO  [main] org.springframework.web.servlet.mvc.method.annotation.RequestMappingHandlerMapping [543] -| Mapped "{[/common/login],methods=[POST]}" onto public com.pay.vo.ResponseVO com.pay.controller.CommonController.login(com.pay.entity.User,javax.servlet.http.HttpServletRequest)
2017-12-18 16:46:49.364 |-INFO  [main] org.springframework.web.servlet.mvc.method.annotation.RequestMappingHandlerMapping [543] -| Mapped "{[/common/show_register],methods=[GET]}" onto public org.springframework.web.servlet.ModelAndView com.pay.controller.CommonController.showRegister(javax.servlet.http.HttpServletRequest)
2017-12-18 16:46:49.364 |-INFO  [main] org.springframework.web.servlet.mvc.method.annotation.RequestMappingHandlerMapping [543] -| Mapped "{[/common/show_login],methods=[GET]}" onto public org.springframework.web.servlet.ModelAndView com.pay.controller.CommonController.showLogin(javax.servlet.http.HttpServletRequest)
2017-12-18 16:46:49.364 |-INFO  [main] org.springframework.web.servlet.mvc.method.annotation.RequestMappingHandlerMapping [543] -| Mapped "{[/common/register_by_phone],methods=[POST]}" onto public com.pay.vo.ResponseVO com.pay.controller.CommonController.registerByPhone(com.pay.entity.User,javax.servlet.http.HttpServletRequest)
2017-12-18 16:46:49.365 |-INFO  [main] org.springframework.web.servlet.mvc.method.annotation.RequestMappingHandlerMapping [543] -| Mapped "{[/common/register_by_email],methods=[POST]}" onto public com.pay.vo.ResponseVO com.pay.controller.CommonController.registerByEmail(com.pay.entity.User)
2017-12-18 16:46:49.365 |-INFO  [main] org.springframework.web.servlet.mvc.method.annotation.RequestMappingHandlerMapping [543] -| Mapped "{[/common/logout],methods=[GET]}" onto public void com.pay.controller.CommonController.logout(javax.servlet.http.HttpServletRequest,javax.servlet.http.HttpServletResponse) throws java.lang.Exception
2017-12-18 16:46:49.365 |-INFO  [main] org.springframework.web.servlet.mvc.method.annotation.RequestMappingHandlerMapping [543] -| Mapped "{[/common/navigate],methods=[GET]}" onto public org.springframework.web.servlet.ModelAndView com.pay.controller.CommonController.navigate(java.lang.String,javax.servlet.http.HttpServletRequest)
2017-12-18 16:46:49.366 |-INFO  [main] org.springframework.web.servlet.mvc.method.annotation.RequestMappingHandlerMapping [543] -| Mapped "{[/givenInvoice/save]}" onto public org.springframework.web.servlet.ModelAndView com.pay.controller.GivenInvoiceController.save(com.pay.entity.GivenInvoice)
2017-12-18 16:46:49.366 |-INFO  [main] org.springframework.web.servlet.mvc.method.annotation.RequestMappingHandlerMapping [543] -| Mapped "{[/givenInvoice/query_all]}" onto public java.util.Map<java.lang.String, java.lang.Object> com.pay.controller.GivenInvoiceController.queryAll(java.lang.Integer,java.lang.Integer,java.lang.String)
2017-12-18 16:46:49.366 |-INFO  [main] org.springframework.web.servlet.mvc.method.annotation.RequestMappingHandlerMapping [543] -| Mapped "{[/]}" onto public java.lang.String com.pay.controller.IndexController.index()
2017-12-18 16:46:49.367 |-INFO  [main] org.springframework.web.servlet.mvc.method.annotation.RequestMappingHandlerMapping [543] -| Mapped "{[/invoice/toXml],methods=[POST]}" onto public void com.pay.controller.InvoiceController.generate(java.lang.String,javax.servlet.http.HttpServletResponse) throws java.lang.Exception
2017-12-18 16:46:49.368 |-INFO  [main] org.springframework.web.servlet.mvc.method.annotation.RequestMappingHandlerMapping [543] -| Mapped "{[/invoice/query_all],methods=[GET]}" onto public java.util.Map<java.lang.String, java.lang.Object> com.pay.controller.InvoiceController.queryAll(java.lang.Integer,java.lang.Integer,java.lang.String)
2017-12-18 16:46:49.368 |-INFO  [main] org.springframework.web.servlet.mvc.method.annotation.RequestMappingHandlerMapping [543] -| Mapped "{[/invoice/save_header],methods=[POST]}" onto public java.util.Map<java.lang.String, java.lang.Object> com.pay.controller.InvoiceController.saveHeader(java.lang.String,java.lang.String,java.lang.String,java.lang.String,java.lang.String,java.lang.String,java.lang.String)
2017-12-18 16:46:49.368 |-INFO  [main] org.springframework.web.servlet.mvc.method.annotation.RequestMappingHandlerMapping [543] -| Mapped "{[/invoice/unDraw_toExcel],methods=[POST]}" onto public void com.pay.controller.InvoiceController.unDraw2Excel(javax.servlet.http.HttpServletResponse) throws java.lang.Exception
2017-12-18 16:46:49.369 |-INFO  [main] org.springframework.web.servlet.mvc.method.annotation.RequestMappingHandlerMapping [543] -| Mapped "{[/invoice/toExcel],methods=[POST]}" onto public void com.pay.controller.InvoiceController.invoice2Word(java.lang.String,javax.servlet.http.HttpServletResponse) throws java.lang.Exception
2017-12-18 16:46:49.369 |-INFO  [main] org.springframework.web.servlet.mvc.method.annotation.RequestMappingHandlerMapping [543] -| Mapped "{[/invoice/importExcel],methods=[POST]}" onto public com.pay.vo.ResponseVO com.pay.controller.InvoiceController.importExcel(javax.servlet.http.HttpServletRequest,javax.servlet.http.HttpServletResponse) throws java.lang.Exception
2017-12-18 16:46:49.369 |-INFO  [main] org.springframework.web.servlet.mvc.method.annotation.RequestMappingHandlerMapping [543] -| Mapped "{[/payInfo/query_trade_success]}" onto public java.util.Map<java.lang.String, java.lang.Object> com.pay.controller.PayInfoController.queryTradeSuccess(java.lang.Integer,java.lang.Integer,java.lang.String)
2017-12-18 16:46:49.370 |-INFO  [main] org.springframework.web.servlet.mvc.method.annotation.RequestMappingHandlerMapping [543] -| Mapped "{[/sms/send_code],methods=[POST]}" onto public com.pay.vo.ResponseVO com.pay.controller.SmsController.sendCode(java.lang.String)
2017-12-18 16:46:49.371 |-INFO  [main] org.springframework.web.servlet.mvc.method.annotation.RequestMappingHandlerMapping [543] -| Mapped "{[/whiteList/delete],methods=[GET]}" onto public void com.pay.controller.WhiteListController.delete(java.lang.Long)
2017-12-18 16:46:49.371 |-INFO  [main] org.springframework.web.servlet.mvc.method.annotation.RequestMappingHandlerMapping [543] -| Mapped "{[/whiteList/save],methods=[POST]}" onto public org.springframework.web.servlet.ModelAndView com.pay.controller.WhiteListController.save(com.pay.entity.WhiteList)
2017-12-18 16:46:49.371 |-INFO  [main] org.springframework.web.servlet.mvc.method.annotation.RequestMappingHandlerMapping [543] -| Mapped "{[/whiteList/query_all],methods=[GET]}" onto public java.util.Map<java.lang.String, java.lang.Object> com.pay.controller.WhiteListController.queryAll(java.lang.Integer,java.lang.Integer,org.apache.catalina.servlet4preview.http.HttpServletRequest)
2017-12-18 16:46:49.372 |-INFO  [main] org.springframework.web.servlet.mvc.method.annotation.RequestMappingHandlerMapping [543] -| Mapped "{[/v2/api-docs],methods=[GET],produces=[application/json || application/hal+json]}" onto public org.springframework.http.ResponseEntity<springfox.documentation.spring.web.json.Json> springfox.documentation.swagger2.web.Swagger2Controller.getDocumentation(java.lang.String,javax.servlet.http.HttpServletRequest)
2017-12-18 16:46:49.375 |-INFO  [main] org.springframework.web.servlet.mvc.method.annotation.RequestMappingHandlerMapping [543] -| Mapped "{[/swagger-resources/configuration/ui]}" onto org.springframework.http.ResponseEntity<springfox.documentation.swagger.web.UiConfiguration> springfox.documentation.swagger.web.ApiResourceController.uiConfiguration()
2017-12-18 16:46:49.375 |-INFO  [main] org.springframework.web.servlet.mvc.method.annotation.RequestMappingHandlerMapping [543] -| Mapped "{[/swagger-resources]}" onto org.springframework.http.ResponseEntity<java.util.List<springfox.documentation.swagger.web.SwaggerResource>> springfox.documentation.swagger.web.ApiResourceController.swaggerResources()
2017-12-18 16:46:49.376 |-INFO  [main] org.springframework.web.servlet.mvc.method.annotation.RequestMappingHandlerMapping [543] -| Mapped "{[/swagger-resources/configuration/security]}" onto org.springframework.http.ResponseEntity<springfox.documentation.swagger.web.SecurityConfiguration> springfox.documentation.swagger.web.ApiResourceController.securityConfiguration()
2017-12-18 16:46:49.378 |-INFO  [main] org.springframework.web.servlet.mvc.method.annotation.RequestMappingHandlerMapping [543] -| Mapped "{[/error]}" onto public org.springframework.http.ResponseEntity<java.util.Map<java.lang.String, java.lang.Object>> org.springframework.boot.autoconfigure.web.BasicErrorController.error(javax.servlet.http.HttpServletRequest)
2017-12-18 16:46:49.378 |-INFO  [main] org.springframework.web.servlet.mvc.method.annotation.RequestMappingHandlerMapping [543] -| Mapped "{[/error],produces=[text/html]}" onto public org.springframework.web.servlet.ModelAndView org.springframework.boot.autoconfigure.web.BasicErrorController.errorHtml(javax.servlet.http.HttpServletRequest,javax.servlet.http.HttpServletResponse)
2017-12-18 16:46:49.730 |-INFO  [main] org.springframework.web.servlet.mvc.method.annotation.RequestMappingHandlerAdapter [534] -| Looking for @ControllerAdvice: org.springframework.boot.context.embedded.AnnotationConfigEmbeddedWebApplicationContext@79179359: startup date [Mon Dec 18 16:46:42 CST 2017]; root of context hierarchy
2017-12-18 16:46:49.782 |-INFO  [main] org.springframework.web.servlet.handler.SimpleUrlHandlerMapping [362] -| Mapped URL path [/webjars/**] onto handler of type [class org.springframework.web.servlet.resource.ResourceHttpRequestHandler]
2017-12-18 16:46:49.782 |-INFO  [main] org.springframework.web.servlet.handler.SimpleUrlHandlerMapping [362] -| Mapped URL path [/**] onto handler of type [class org.springframework.web.servlet.resource.ResourceHttpRequestHandler]
2017-12-18 16:46:49.800 |-INFO  [main] org.springframework.web.servlet.mvc.method.annotation.ExceptionHandlerExceptionResolver [273] -| Detected @ExceptionHandler methods in globalControllerExceptionHandler
2017-12-18 16:46:49.822 |-INFO  [main] org.springframework.web.servlet.handler.SimpleUrlHandlerMapping [362] -| Mapped URL path [/**/favicon.ico] onto handler of type [class org.springframework.web.servlet.resource.ResourceHttpRequestHandler]
2017-12-18 16:46:50.234 |-INFO  [main] org.springframework.jmx.export.annotation.AnnotationMBeanExporter [431] -| Registering beans for JMX exposure on startup
2017-12-18 16:46:50.245 |-INFO  [main] org.springframework.context.support.DefaultLifecycleProcessor [343] -| Starting beans in phase 2147483647
2017-12-18 16:46:50.245 |-INFO  [main] springfox.documentation.spring.web.plugins.DocumentationPluginsBootstrapper [120] -| Context refreshed
2017-12-18 16:46:50.263 |-INFO  [main] springfox.documentation.spring.web.plugins.DocumentationPluginsBootstrapper [123] -| Found 1 custom documentation plugin(s)
2017-12-18 16:46:50.275 |-INFO  [main] springfox.documentation.spring.web.scanners.ApiListingReferenceScanner [41] -| Scanning for api listing references
2017-12-18 16:46:50.618 |-INFO  [main] springfox.documentation.spring.web.readers.operation.CachingOperationNameGenerator [40] -| Generating unique operation named: payUsingPOST_1
2017-12-18 16:46:50.992 |-INFO  [main] springfox.documentation.spring.web.readers.operation.CachingOperationNameGenerator [40] -| Generating unique operation named: saveUsingPOST_1
2017-12-18 16:46:51.031 |-INFO  [main] springfox.documentation.spring.web.readers.operation.CachingOperationNameGenerator [40] -| Generating unique operation named: queryAllUsingGET_1
2017-12-18 16:46:51.036 |-INFO  [main] springfox.documentation.spring.web.readers.operation.CachingOperationNameGenerator [40] -| Generating unique operation named: saveUsingPOST_2
2017-12-18 16:46:51.055 |-INFO  [main] org.springframework.scheduling.annotation.ScheduledAnnotationBeanPostProcessor [262] -| No TaskScheduler/ScheduledExecutorService bean found for scheduled processing
2017-12-18 16:46:51.065 |-INFO  [main] org.apache.coyote.http11.Http11NioProtocol [179] -| Initializing ProtocolHandler ["http-nio-8000"]
2017-12-18 16:46:51.075 |-INFO  [main] org.apache.coyote.http11.Http11NioProtocol [179] -| Starting ProtocolHandler ["http-nio-8000"]
2017-12-18 16:46:51.085 |-INFO  [main] org.apache.tomcat.util.net.NioSelectorPool [179] -| Using a shared selector for servlet write/read
2017-12-18 16:46:51.102 |-INFO  [main] org.springframework.boot.context.embedded.tomcat.TomcatEmbeddedServletContainer [201] -| Tomcat started on port(s): 8000 (http)
2017-12-18 16:46:51.107 |-INFO  [main] com.pay.PayApplication [57] -| Started PayApplication in 9.064 seconds (JVM running for 10.864)
2017-12-18 17:16:57.200 |-INFO  [http-nio-8000-exec-3] org.apache.tomcat.util.http.parser.Cookie [179] -| A cookie header was received [9c96795157942f7b80407008238eb1e3089411d3; JSESSIONID=BDF75908AAF97D848CF3461492F74CC3] that contained an invalid cookie. That cookie will be ignored.Note: further occurrences of this error will be logged at DEBUG level.
2017-12-18 17:16:57.207 |-INFO  [http-nio-8000-exec-3] org.apache.catalina.core.ContainerBase.[Tomcat].[localhost].[/pay] [179] -| Initializing Spring FrameworkServlet 'dispatcherServlet'
2017-12-18 17:16:57.207 |-INFO  [http-nio-8000-exec-3] org.springframework.web.servlet.DispatcherServlet [489] -| FrameworkServlet 'dispatcherServlet': initialization started
2017-12-18 17:16:57.228 |-INFO  [http-nio-8000-exec-3] org.springframework.web.servlet.DispatcherServlet [508] -| FrameworkServlet 'dispatcherServlet': initialization completed in 21 ms
2017-12-18 17:16:57.261 |-INFO  [http-nio-8000-exec-3] com.pay.aspect.PayAspect [85] -| 【未登录拦截】 拦截方法：methodName = navigate
2017-12-18 17:17:00.657 |-INFO  [http-nio-8000-exec-10] org.hibernate.hql.internal.QueryTranslatorFactoryInitiator [47] -| HHH000397: Using ASTQueryTranslatorFactory
2017-12-18 17:17:04.102 |-DEBUG [http-nio-8000-exec-10] com.pay.mapper.InvoiceMapper.findAll_COUNT [159] -| ==>  Preparing: SELECT count(0) FROM T_Invoice a, T_PayInfo b, T_WhiteList c WHERE a.outTradeNo = b.outTradeNo AND b.remoteSysCode = c.remoteSysCode 
2017-12-18 17:17:04.108 |-DEBUG [http-nio-8000-exec-10] com.pay.mapper.InvoiceMapper.findAll_COUNT [159] -| ==> Parameters: 
2017-12-18 17:17:04.123 |-DEBUG [http-nio-8000-exec-10] com.pay.mapper.InvoiceMapper.findAll_COUNT [159] -| <==      Total: 1
2017-12-18 17:17:04.128 |-DEBUG [http-nio-8000-exec-10] com.pay.mapper.InvoiceMapper.findAll [159] -| ==>  Preparing: SELECT TOP 10 *, remoteSysName FROM (SELECT ROW_NUMBER() OVER ( ORDER BY a.isDraw, a.createTime) PAGE_ROW_NUMBER, a.*, c.remoteSysName FROM T_Invoice a, T_PayInfo b, T_WhiteList c WHERE a.outTradeNo = b.outTradeNo AND b.remoteSysCode = c.remoteSysCode) AS PAGE_TABLE_ALIAS WHERE PAGE_ROW_NUMBER > 0 ORDER BY PAGE_ROW_NUMBER 
2017-12-18 17:17:04.128 |-DEBUG [http-nio-8000-exec-10] com.pay.mapper.InvoiceMapper.findAll [159] -| ==> Parameters: 
2017-12-18 17:17:04.140 |-DEBUG [http-nio-8000-exec-10] com.pay.mapper.InvoiceMapper.findAll [159] -| <==      Total: 10
2017-12-18 17:18:42.755 |-DEBUG [http-nio-8000-exec-6] com.pay.mapper.InvoiceMapper.findByGfmc_COUNT [159] -| ==>  Preparing: SELECT count(0) FROM T_Invoice a, T_PayInfo b, T_WhiteList c WHERE a.outTradeNo = b.outTradeNo AND b.remoteSysCode = c.remoteSysCode AND a.gfmc LIKE ? 
2017-12-18 17:18:42.756 |-DEBUG [http-nio-8000-exec-6] com.pay.mapper.InvoiceMapper.findByGfmc_COUNT [159] -| ==> Parameters: %江苏乐丰%(String)
2017-12-18 17:18:42.885 |-DEBUG [http-nio-8000-exec-6] com.pay.mapper.InvoiceMapper.findByGfmc_COUNT [159] -| <==      Total: 1
2017-12-18 17:18:42.888 |-DEBUG [http-nio-8000-exec-6] com.pay.mapper.InvoiceMapper.findByGfmc [159] -| ==>  Preparing: SELECT TOP 10 *, remoteSysName FROM (SELECT ROW_NUMBER() OVER ( ORDER BY a.isDraw, a.createTime) PAGE_ROW_NUMBER, a.*, c.remoteSysName FROM T_Invoice a, T_PayInfo b, T_WhiteList c WHERE a.outTradeNo = b.outTradeNo AND b.remoteSysCode = c.remoteSysCode AND a.gfmc LIKE ?) AS PAGE_TABLE_ALIAS WHERE PAGE_ROW_NUMBER > 0 ORDER BY PAGE_ROW_NUMBER 
2017-12-18 17:18:42.889 |-DEBUG [http-nio-8000-exec-6] com.pay.mapper.InvoiceMapper.findByGfmc [159] -| ==> Parameters: %江苏乐丰%(String)
2017-12-18 17:18:42.893 |-DEBUG [http-nio-8000-exec-6] com.pay.mapper.InvoiceMapper.findByGfmc [159] -| <==      Total: 1
2017-12-18 17:19:58.025 |-DEBUG [http-nio-8000-exec-9] com.pay.mapper.InvoiceMapper.findAll_COUNT [159] -| ==>  Preparing: SELECT count(0) FROM T_Invoice a, T_PayInfo b, T_WhiteList c WHERE a.outTradeNo = b.outTradeNo AND b.remoteSysCode = c.remoteSysCode 
2017-12-18 17:19:58.025 |-DEBUG [http-nio-8000-exec-9] com.pay.mapper.InvoiceMapper.findAll_COUNT [159] -| ==> Parameters: 
2017-12-18 17:19:58.031 |-DEBUG [http-nio-8000-exec-9] com.pay.mapper.InvoiceMapper.findAll_COUNT [159] -| <==      Total: 1
2017-12-18 17:19:58.032 |-DEBUG [http-nio-8000-exec-9] com.pay.mapper.InvoiceMapper.findAll [159] -| ==>  Preparing: SELECT TOP 10 *, remoteSysName FROM (SELECT ROW_NUMBER() OVER ( ORDER BY a.isDraw, a.createTime) PAGE_ROW_NUMBER, a.*, c.remoteSysName FROM T_Invoice a, T_PayInfo b, T_WhiteList c WHERE a.outTradeNo = b.outTradeNo AND b.remoteSysCode = c.remoteSysCode) AS PAGE_TABLE_ALIAS WHERE PAGE_ROW_NUMBER > 0 ORDER BY PAGE_ROW_NUMBER 
2017-12-18 17:19:58.032 |-DEBUG [http-nio-8000-exec-9] com.pay.mapper.InvoiceMapper.findAll [159] -| ==> Parameters: 
2017-12-18 17:19:58.043 |-DEBUG [http-nio-8000-exec-9] com.pay.mapper.InvoiceMapper.findAll [159] -| <==      Total: 10
2017-12-18 17:20:11.367 |-DEBUG [http-nio-8000-exec-10] com.pay.mapper.InvoiceMapper.findByGfmc_COUNT [159] -| ==>  Preparing: SELECT count(0) FROM T_Invoice a, T_PayInfo b, T_WhiteList c WHERE a.outTradeNo = b.outTradeNo AND b.remoteSysCode = c.remoteSysCode AND a.gfmc LIKE ? 
2017-12-18 17:20:11.367 |-DEBUG [http-nio-8000-exec-10] com.pay.mapper.InvoiceMapper.findByGfmc_COUNT [159] -| ==> Parameters: %江苏乐丰%(String)
2017-12-18 17:20:11.369 |-DEBUG [http-nio-8000-exec-10] com.pay.mapper.InvoiceMapper.findByGfmc_COUNT [159] -| <==      Total: 1
2017-12-18 17:20:11.370 |-DEBUG [http-nio-8000-exec-10] com.pay.mapper.InvoiceMapper.findByGfmc [159] -| ==>  Preparing: SELECT TOP 10 *, remoteSysName FROM (SELECT ROW_NUMBER() OVER ( ORDER BY a.isDraw, a.createTime) PAGE_ROW_NUMBER, a.*, c.remoteSysName FROM T_Invoice a, T_PayInfo b, T_WhiteList c WHERE a.outTradeNo = b.outTradeNo AND b.remoteSysCode = c.remoteSysCode AND a.gfmc LIKE ?) AS PAGE_TABLE_ALIAS WHERE PAGE_ROW_NUMBER > 0 ORDER BY PAGE_ROW_NUMBER 
2017-12-18 17:20:11.371 |-DEBUG [http-nio-8000-exec-10] com.pay.mapper.InvoiceMapper.findByGfmc [159] -| ==> Parameters: %江苏乐丰%(String)
2017-12-18 17:20:11.374 |-DEBUG [http-nio-8000-exec-10] com.pay.mapper.InvoiceMapper.findByGfmc [159] -| <==      Total: 1
2017-12-18 17:20:14.940 |-DEBUG [http-nio-8000-exec-4] com.pay.mapper.GivenInvoiceMapper.findAll_COUNT [159] -| ==>  Preparing: SELECT count(0) FROM T_GivenInvoice 
2017-12-18 17:20:14.941 |-DEBUG [http-nio-8000-exec-4] com.pay.mapper.GivenInvoiceMapper.findAll_COUNT [159] -| ==> Parameters: 
2017-12-18 17:20:14.944 |-DEBUG [http-nio-8000-exec-4] com.pay.mapper.GivenInvoiceMapper.findAll_COUNT [159] -| <==      Total: 1
2017-12-18 17:20:14.945 |-DEBUG [http-nio-8000-exec-4] com.pay.mapper.GivenInvoiceMapper.findAll [159] -| ==>  Preparing: SELECT TOP 10 * FROM (SELECT ROW_NUMBER() OVER ( ORDER BY kprq DESC) PAGE_ROW_NUMBER, * FROM T_GivenInvoice) AS PAGE_TABLE_ALIAS WHERE PAGE_ROW_NUMBER > 0 ORDER BY PAGE_ROW_NUMBER 
2017-12-18 17:20:14.945 |-DEBUG [http-nio-8000-exec-4] com.pay.mapper.GivenInvoiceMapper.findAll [159] -| ==> Parameters: 
2017-12-18 17:20:14.949 |-DEBUG [http-nio-8000-exec-4] com.pay.mapper.GivenInvoiceMapper.findAll [159] -| <==      Total: 7
2017-12-18 17:27:08.895 |-DEBUG [http-nio-8000-exec-10] com.pay.mapper.GivenInvoiceMapper.findAll_COUNT [159] -| ==>  Preparing: SELECT count(0) FROM T_GivenInvoice 
2017-12-18 17:27:08.896 |-DEBUG [http-nio-8000-exec-10] com.pay.mapper.GivenInvoiceMapper.findAll_COUNT [159] -| ==> Parameters: 
2017-12-18 17:27:08.899 |-DEBUG [http-nio-8000-exec-10] com.pay.mapper.GivenInvoiceMapper.findAll_COUNT [159] -| <==      Total: 1
2017-12-18 17:27:08.900 |-DEBUG [http-nio-8000-exec-10] com.pay.mapper.GivenInvoiceMapper.findAll [159] -| ==>  Preparing: SELECT TOP 10 * FROM (SELECT ROW_NUMBER() OVER ( ORDER BY kprq DESC) PAGE_ROW_NUMBER, * FROM T_GivenInvoice) AS PAGE_TABLE_ALIAS WHERE PAGE_ROW_NUMBER > 0 ORDER BY PAGE_ROW_NUMBER 
2017-12-18 17:27:08.901 |-DEBUG [http-nio-8000-exec-10] com.pay.mapper.GivenInvoiceMapper.findAll [159] -| ==> Parameters: 
2017-12-18 17:27:08.905 |-DEBUG [http-nio-8000-exec-10] com.pay.mapper.GivenInvoiceMapper.findAll [159] -| <==      Total: 7
2017-12-18 17:27:09.878 |-DEBUG [http-nio-8000-exec-4] com.pay.mapper.InvoiceMapper.findAll_COUNT [159] -| ==>  Preparing: SELECT count(0) FROM T_Invoice a, T_PayInfo b, T_WhiteList c WHERE a.outTradeNo = b.outTradeNo AND b.remoteSysCode = c.remoteSysCode 
2017-12-18 17:27:09.878 |-DEBUG [http-nio-8000-exec-4] com.pay.mapper.InvoiceMapper.findAll_COUNT [159] -| ==> Parameters: 
2017-12-18 17:27:09.884 |-DEBUG [http-nio-8000-exec-4] com.pay.mapper.InvoiceMapper.findAll_COUNT [159] -| <==      Total: 1
2017-12-18 17:27:09.885 |-DEBUG [http-nio-8000-exec-4] com.pay.mapper.InvoiceMapper.findAll [159] -| ==>  Preparing: SELECT TOP 10 *, remoteSysName FROM (SELECT ROW_NUMBER() OVER ( ORDER BY a.isDraw, a.createTime) PAGE_ROW_NUMBER, a.*, c.remoteSysName FROM T_Invoice a, T_PayInfo b, T_WhiteList c WHERE a.outTradeNo = b.outTradeNo AND b.remoteSysCode = c.remoteSysCode) AS PAGE_TABLE_ALIAS WHERE PAGE_ROW_NUMBER > 0 ORDER BY PAGE_ROW_NUMBER 
2017-12-18 17:27:09.885 |-DEBUG [http-nio-8000-exec-4] com.pay.mapper.InvoiceMapper.findAll [159] -| ==> Parameters: 
2017-12-18 17:27:09.895 |-DEBUG [http-nio-8000-exec-4] com.pay.mapper.InvoiceMapper.findAll [159] -| <==      Total: 10
2017-12-18 17:30:42.225 |-DEBUG [http-nio-8000-exec-6] com.pay.mapper.GivenInvoiceMapper.findAll_COUNT [159] -| ==>  Preparing: SELECT count(0) FROM T_GivenInvoice 
2017-12-18 17:30:42.225 |-DEBUG [http-nio-8000-exec-6] com.pay.mapper.GivenInvoiceMapper.findAll_COUNT [159] -| ==> Parameters: 
2017-12-18 17:30:42.227 |-DEBUG [http-nio-8000-exec-6] com.pay.mapper.GivenInvoiceMapper.findAll_COUNT [159] -| <==      Total: 1
2017-12-18 17:30:42.228 |-DEBUG [http-nio-8000-exec-6] com.pay.mapper.GivenInvoiceMapper.findAll [159] -| ==>  Preparing: SELECT TOP 10 * FROM (SELECT ROW_NUMBER() OVER ( ORDER BY kprq DESC) PAGE_ROW_NUMBER, * FROM T_GivenInvoice) AS PAGE_TABLE_ALIAS WHERE PAGE_ROW_NUMBER > 0 ORDER BY PAGE_ROW_NUMBER 
2017-12-18 17:30:42.229 |-DEBUG [http-nio-8000-exec-6] com.pay.mapper.GivenInvoiceMapper.findAll [159] -| ==> Parameters: 
2017-12-18 17:30:42.236 |-DEBUG [http-nio-8000-exec-6] com.pay.mapper.GivenInvoiceMapper.findAll [159] -| <==      Total: 7
2017-12-18 17:30:44.791 |-DEBUG [http-nio-8000-exec-3] com.pay.mapper.InvoiceMapper.findAll_COUNT [159] -| ==>  Preparing: SELECT count(0) FROM T_Invoice a, T_PayInfo b, T_WhiteList c WHERE a.outTradeNo = b.outTradeNo AND b.remoteSysCode = c.remoteSysCode 
2017-12-18 17:30:44.792 |-DEBUG [http-nio-8000-exec-3] com.pay.mapper.InvoiceMapper.findAll_COUNT [159] -| ==> Parameters: 
2017-12-18 17:30:44.798 |-DEBUG [http-nio-8000-exec-3] com.pay.mapper.InvoiceMapper.findAll_COUNT [159] -| <==      Total: 1
2017-12-18 17:30:44.799 |-DEBUG [http-nio-8000-exec-3] com.pay.mapper.InvoiceMapper.findAll [159] -| ==>  Preparing: SELECT TOP 10 *, remoteSysName FROM (SELECT ROW_NUMBER() OVER ( ORDER BY a.isDraw, a.createTime) PAGE_ROW_NUMBER, a.*, c.remoteSysName FROM T_Invoice a, T_PayInfo b, T_WhiteList c WHERE a.outTradeNo = b.outTradeNo AND b.remoteSysCode = c.remoteSysCode) AS PAGE_TABLE_ALIAS WHERE PAGE_ROW_NUMBER > 0 ORDER BY PAGE_ROW_NUMBER 
2017-12-18 17:30:44.799 |-DEBUG [http-nio-8000-exec-3] com.pay.mapper.InvoiceMapper.findAll [159] -| ==> Parameters: 
2017-12-18 17:30:44.807 |-DEBUG [http-nio-8000-exec-3] com.pay.mapper.InvoiceMapper.findAll [159] -| <==      Total: 10
2017-12-18 17:31:18.303 |-DEBUG [http-nio-8000-exec-2] com.pay.mapper.InvoiceMapper.findAll_COUNT [159] -| ==>  Preparing: SELECT count(0) FROM T_Invoice a, T_PayInfo b, T_WhiteList c WHERE a.outTradeNo = b.outTradeNo AND b.remoteSysCode = c.remoteSysCode 
2017-12-18 17:31:18.304 |-DEBUG [http-nio-8000-exec-2] com.pay.mapper.InvoiceMapper.findAll_COUNT [159] -| ==> Parameters: 
2017-12-18 17:31:18.310 |-DEBUG [http-nio-8000-exec-2] com.pay.mapper.InvoiceMapper.findAll_COUNT [159] -| <==      Total: 1
2017-12-18 17:31:18.310 |-DEBUG [http-nio-8000-exec-2] com.pay.mapper.InvoiceMapper.findAll [159] -| ==>  Preparing: SELECT TOP 10 *, remoteSysName FROM (SELECT ROW_NUMBER() OVER ( ORDER BY a.isDraw, a.createTime) PAGE_ROW_NUMBER, a.*, c.remoteSysName FROM T_Invoice a, T_PayInfo b, T_WhiteList c WHERE a.outTradeNo = b.outTradeNo AND b.remoteSysCode = c.remoteSysCode) AS PAGE_TABLE_ALIAS WHERE PAGE_ROW_NUMBER > 0 ORDER BY PAGE_ROW_NUMBER 
2017-12-18 17:31:18.311 |-DEBUG [http-nio-8000-exec-2] com.pay.mapper.InvoiceMapper.findAll [159] -| ==> Parameters: 
2017-12-18 17:31:18.319 |-DEBUG [http-nio-8000-exec-2] com.pay.mapper.InvoiceMapper.findAll [159] -| <==      Total: 10
2017-12-18 17:31:27.176 |-DEBUG [http-nio-8000-exec-10] com.pay.mapper.GivenInvoiceMapper.findAll_COUNT [159] -| ==>  Preparing: SELECT count(0) FROM T_GivenInvoice 
2017-12-18 17:31:27.176 |-DEBUG [http-nio-8000-exec-10] com.pay.mapper.GivenInvoiceMapper.findAll_COUNT [159] -| ==> Parameters: 
2017-12-18 17:31:27.178 |-DEBUG [http-nio-8000-exec-10] com.pay.mapper.GivenInvoiceMapper.findAll_COUNT [159] -| <==      Total: 1
2017-12-18 17:31:27.178 |-DEBUG [http-nio-8000-exec-10] com.pay.mapper.GivenInvoiceMapper.findAll [159] -| ==>  Preparing: SELECT TOP 10 * FROM (SELECT ROW_NUMBER() OVER ( ORDER BY kprq DESC) PAGE_ROW_NUMBER, * FROM T_GivenInvoice) AS PAGE_TABLE_ALIAS WHERE PAGE_ROW_NUMBER > 0 ORDER BY PAGE_ROW_NUMBER 
2017-12-18 17:31:27.179 |-DEBUG [http-nio-8000-exec-10] com.pay.mapper.GivenInvoiceMapper.findAll [159] -| ==> Parameters: 
2017-12-18 17:31:27.181 |-DEBUG [http-nio-8000-exec-10] com.pay.mapper.GivenInvoiceMapper.findAll [159] -| <==      Total: 8
2017-12-18 17:31:28.461 |-DEBUG [http-nio-8000-exec-1] com.pay.mapper.GivenInvoiceMapper.findByGfmc_COUNT [159] -| ==>  Preparing: SELECT count(0) FROM T_GivenInvoice WHERE gfmc LIKE ? 
2017-12-18 17:31:28.462 |-DEBUG [http-nio-8000-exec-1] com.pay.mapper.GivenInvoiceMapper.findByGfmc_COUNT [159] -| ==> Parameters: %徐州辰鸣生物医药科技有限公司%(String)
2017-12-18 17:31:28.464 |-DEBUG [http-nio-8000-exec-1] com.pay.mapper.GivenInvoiceMapper.findByGfmc_COUNT [159] -| <==      Total: 1
2017-12-18 17:31:28.466 |-DEBUG [http-nio-8000-exec-1] com.pay.mapper.GivenInvoiceMapper.findByGfmc [159] -| ==>  Preparing: SELECT TOP 10 * FROM (SELECT ROW_NUMBER() OVER ( ORDER BY kprq DESC) PAGE_ROW_NUMBER, * FROM T_GivenInvoice WHERE gfmc LIKE ?) AS PAGE_TABLE_ALIAS WHERE PAGE_ROW_NUMBER > 0 ORDER BY PAGE_ROW_NUMBER 
2017-12-18 17:31:28.466 |-DEBUG [http-nio-8000-exec-1] com.pay.mapper.GivenInvoiceMapper.findByGfmc [159] -| ==> Parameters: %徐州辰鸣生物医药科技有限公司%(String)
2017-12-18 17:31:28.470 |-DEBUG [http-nio-8000-exec-1] com.pay.mapper.GivenInvoiceMapper.findByGfmc [159] -| <==      Total: 1
