2017-12-25 16:03:44.246 |-INFO  [main] com.pay.PayApplication [48] -| Starting PayApplication on yzm with PID 75792 (D:\workspace2\sshapp-pro\pay\target\classes started by www78 in D:\workspace2\sshapp-pro\pay)
2017-12-25 16:03:44.249 |-INFO  [main] com.pay.PayApplication [597] -| The following profiles are active: prod
2017-12-25 16:03:44.300 |-INFO  [main] org.springframework.boot.context.embedded.AnnotationConfigEmbeddedWebApplicationContext [583] -| Refreshing org.springframework.boot.context.embedded.AnnotationConfigEmbeddedWebApplicationContext@79179359: startup date [Mon Dec 25 16:03:44 CST 2017]; root of context hierarchy
2017-12-25 16:03:44.424 |-INFO  [background-preinit] org.hibernate.validator.internal.util.Version [30] -| HV000001: Hibernate Validator 5.3.5.Final
2017-12-25 16:03:46.257 |-INFO  [main] org.springframework.context.support.PostProcessorRegistrationDelegate$BeanPostProcessorChecker [325] -| Bean 'org.springframework.transaction.annotation.ProxyTransactionManagementConfiguration' of type [org.springframework.transaction.annotation.ProxyTransactionManagementConfiguration$$EnhancerBySpringCGLIB$$918fd747] is not eligible for getting processed by all BeanPostProcessors (for example: not eligible for auto-proxying)
2017-12-25 16:03:46.850 |-INFO  [main] org.springframework.boot.context.embedded.tomcat.TomcatEmbeddedServletContainer [89] -| Tomcat initialized with port(s): 8000 (http)
2017-12-25 16:03:46.859 |-INFO  [main] org.apache.catalina.core.StandardService [179] -| Starting service [Tomcat]
2017-12-25 16:03:46.860 |-INFO  [main] org.apache.catalina.core.StandardEngine [179] -| Starting Servlet Engine: Apache Tomcat/8.5.16
2017-12-25 16:03:46.974 |-INFO  [localhost-startStop-1] org.apache.catalina.core.ContainerBase.[Tomcat].[localhost].[/pay] [179] -| Initializing Spring embedded WebApplicationContext
2017-12-25 16:03:46.975 |-INFO  [localhost-startStop-1] org.springframework.web.context.ContextLoader [276] -| Root WebApplicationContext: initialization completed in 2674 ms
2017-12-25 16:03:47.131 |-INFO  [localhost-startStop-1] org.springframework.boot.web.servlet.ServletRegistrationBean [190] -| Mapping servlet: 'dispatcherServlet' to [/]
2017-12-25 16:03:47.135 |-INFO  [localhost-startStop-1] org.springframework.boot.web.servlet.FilterRegistrationBean [258] -| Mapping filter: 'characterEncodingFilter' to: [/*]
2017-12-25 16:03:47.135 |-INFO  [localhost-startStop-1] org.springframework.boot.web.servlet.FilterRegistrationBean [258] -| Mapping filter: 'hiddenHttpMethodFilter' to: [/*]
2017-12-25 16:03:47.135 |-INFO  [localhost-startStop-1] org.springframework.boot.web.servlet.FilterRegistrationBean [258] -| Mapping filter: 'httpPutFormContentFilter' to: [/*]
2017-12-25 16:03:47.136 |-INFO  [localhost-startStop-1] org.springframework.boot.web.servlet.FilterRegistrationBean [258] -| Mapping filter: 'requestContextFilter' to: [/*]
2017-12-25 16:03:48.175 |-INFO  [main] org.springframework.orm.jpa.LocalContainerEntityManagerFactoryBean [349] -| Building JPA container EntityManagerFactory for persistence unit 'default'
2017-12-25 16:03:48.188 |-INFO  [main] org.hibernate.jpa.internal.util.LogHelper [31] -| HHH000204: Processing PersistenceUnitInfo [
	name: default
	...]
2017-12-25 16:03:48.278 |-INFO  [main] org.hibernate.Version [37] -| HHH000412: Hibernate Core {5.0.12.Final}
2017-12-25 16:03:48.279 |-INFO  [main] org.hibernate.cfg.Environment [213] -| HHH000206: hibernate.properties not found
2017-12-25 16:03:48.280 |-INFO  [main] org.hibernate.cfg.Environment [317] -| HHH000021: Bytecode provider name : javassist
2017-12-25 16:03:48.327 |-INFO  [main] org.hibernate.annotations.common.Version [66] -| HCANN000001: Hibernate Commons Annotations {5.0.1.Final}
2017-12-25 16:03:48.476 |-INFO  [main] org.hibernate.dialect.Dialect [156] -| HHH000400: Using dialect: org.hibernate.dialect.SQLServer2008Dialect
2017-12-25 16:03:48.697 |-INFO  [main] org.hibernate.engine.jdbc.env.internal.LobCreatorBuilderImpl [98] -| HHH000423: Disabling contextual LOB creation as JDBC driver reported JDBC version [3] less than 4
2017-12-25 16:03:49.138 |-INFO  [main] org.hibernate.tool.hbm2ddl.SchemaUpdate [105] -| HHH000228: Running hbm2ddl schema update
2017-12-25 16:03:49.155 |-INFO  [main] org.hibernate.tool.schema.extract.internal.InformationExtractorJdbcDatabaseMetaDataImpl [365] -| HHH000262: Table not found: T_AppParam
2017-12-25 16:03:49.350 |-INFO  [main] org.hibernate.tool.schema.extract.internal.InformationExtractorJdbcDatabaseMetaDataImpl [365] -| HHH000262: Table not found: T_GivenInvoice
2017-12-25 16:03:49.477 |-INFO  [main] org.hibernate.tool.schema.extract.internal.InformationExtractorJdbcDatabaseMetaDataImpl [365] -| HHH000262: Table not found: T_Invoice
2017-12-25 16:03:49.587 |-INFO  [main] org.hibernate.tool.schema.extract.internal.InformationExtractorJdbcDatabaseMetaDataImpl [365] -| HHH000262: Table not found: T_NotifyInfo
2017-12-25 16:03:49.750 |-INFO  [main] org.hibernate.tool.schema.extract.internal.InformationExtractorJdbcDatabaseMetaDataImpl [365] -| HHH000262: Table not found: T_PayInfo
2017-12-25 16:03:49.864 |-INFO  [main] org.hibernate.tool.schema.extract.internal.InformationExtractorJdbcDatabaseMetaDataImpl [365] -| HHH000262: Table not found: T_RefundInfo
2017-12-25 16:03:50.018 |-INFO  [main] org.hibernate.tool.schema.extract.internal.InformationExtractorJdbcDatabaseMetaDataImpl [365] -| HHH000262: Table not found: T_Sms
2017-12-25 16:03:50.082 |-INFO  [main] org.hibernate.tool.schema.extract.internal.InformationExtractorJdbcDatabaseMetaDataImpl [365] -| HHH000262: Table not found: T_User
2017-12-25 16:03:50.120 |-INFO  [main] org.hibernate.tool.schema.extract.internal.InformationExtractorJdbcDatabaseMetaDataImpl [365] -| HHH000262: Table not found: T_WhiteList
2017-12-25 16:03:50.146 |-INFO  [main] org.hibernate.tool.schema.extract.internal.InformationExtractorJdbcDatabaseMetaDataImpl [365] -| HHH000262: Table not found: T_AppParam
2017-12-25 16:03:50.153 |-INFO  [main] org.hibernate.tool.schema.extract.internal.InformationExtractorJdbcDatabaseMetaDataImpl [365] -| HHH000262: Table not found: T_GivenInvoice
2017-12-25 16:03:50.159 |-INFO  [main] org.hibernate.tool.schema.extract.internal.InformationExtractorJdbcDatabaseMetaDataImpl [365] -| HHH000262: Table not found: T_Invoice
2017-12-25 16:03:50.165 |-INFO  [main] org.hibernate.tool.schema.extract.internal.InformationExtractorJdbcDatabaseMetaDataImpl [365] -| HHH000262: Table not found: T_NotifyInfo
2017-12-25 16:03:50.171 |-INFO  [main] org.hibernate.tool.schema.extract.internal.InformationExtractorJdbcDatabaseMetaDataImpl [365] -| HHH000262: Table not found: T_PayInfo
2017-12-25 16:03:50.177 |-INFO  [main] org.hibernate.tool.schema.extract.internal.InformationExtractorJdbcDatabaseMetaDataImpl [365] -| HHH000262: Table not found: T_RefundInfo
2017-12-25 16:03:50.182 |-INFO  [main] org.hibernate.tool.schema.extract.internal.InformationExtractorJdbcDatabaseMetaDataImpl [365] -| HHH000262: Table not found: T_Sms
2017-12-25 16:03:50.188 |-INFO  [main] org.hibernate.tool.schema.extract.internal.InformationExtractorJdbcDatabaseMetaDataImpl [365] -| HHH000262: Table not found: T_User
2017-12-25 16:03:50.195 |-INFO  [main] org.hibernate.tool.schema.extract.internal.InformationExtractorJdbcDatabaseMetaDataImpl [365] -| HHH000262: Table not found: T_WhiteList
2017-12-25 16:03:50.201 |-INFO  [main] org.hibernate.tool.schema.extract.internal.InformationExtractorJdbcDatabaseMetaDataImpl [365] -| HHH000262: Table not found: T_AppParam
2017-12-25 16:03:50.206 |-INFO  [main] org.hibernate.tool.schema.extract.internal.InformationExtractorJdbcDatabaseMetaDataImpl [365] -| HHH000262: Table not found: T_GivenInvoice
2017-12-25 16:03:50.212 |-INFO  [main] org.hibernate.tool.schema.extract.internal.InformationExtractorJdbcDatabaseMetaDataImpl [365] -| HHH000262: Table not found: T_Invoice
2017-12-25 16:03:50.217 |-INFO  [main] org.hibernate.tool.schema.extract.internal.InformationExtractorJdbcDatabaseMetaDataImpl [365] -| HHH000262: Table not found: T_NotifyInfo
2017-12-25 16:03:50.222 |-INFO  [main] org.hibernate.tool.schema.extract.internal.InformationExtractorJdbcDatabaseMetaDataImpl [365] -| HHH000262: Table not found: T_PayInfo
2017-12-25 16:03:50.228 |-INFO  [main] org.hibernate.tool.schema.extract.internal.InformationExtractorJdbcDatabaseMetaDataImpl [365] -| HHH000262: Table not found: T_RefundInfo
2017-12-25 16:03:50.233 |-INFO  [main] org.hibernate.tool.schema.extract.internal.InformationExtractorJdbcDatabaseMetaDataImpl [365] -| HHH000262: Table not found: T_Sms
2017-12-25 16:03:50.240 |-INFO  [main] org.hibernate.tool.schema.extract.internal.InformationExtractorJdbcDatabaseMetaDataImpl [365] -| HHH000262: Table not found: T_User
2017-12-25 16:03:50.248 |-INFO  [main] org.hibernate.tool.schema.extract.internal.InformationExtractorJdbcDatabaseMetaDataImpl [365] -| HHH000262: Table not found: T_WhiteList
2017-12-25 16:03:50.296 |-INFO  [main] org.springframework.orm.jpa.LocalContainerEntityManagerFactoryBean [379] -| Initialized JPA EntityManagerFactory for persistence unit 'default'
2017-12-25 16:03:51.136 |-INFO  [main] org.springframework.web.servlet.view.freemarker.FreeMarkerConfigurer [127] -| ClassTemplateLoader for Spring macros added to FreeMarker configuration
2017-12-25 16:03:51.649 |-INFO  [main] org.springframework.web.servlet.mvc.method.annotation.RequestMappingHandlerMapping [543] -| Mapped "{[/alipay/notify],methods=[POST]}" onto public void com.pay.controller.AlipayController.notify(javax.servlet.http.HttpServletRequest,javax.servlet.http.HttpServletResponse) throws java.lang.Exception
2017-12-25 16:03:51.650 |-INFO  [main] org.springframework.web.servlet.mvc.method.annotation.RequestMappingHandlerMapping [543] -| Mapped "{[/alipay/close]}" onto public java.util.Map<java.lang.String, java.lang.Object> com.pay.controller.AlipayController.close(java.lang.String,java.lang.String)
2017-12-25 16:03:51.650 |-INFO  [main] org.springframework.web.servlet.mvc.method.annotation.RequestMappingHandlerMapping [543] -| Mapped "{[/alipay/query]}" onto public java.util.Map<java.lang.String, java.lang.Object> com.pay.controller.AlipayController.query(java.lang.String)
2017-12-25 16:03:51.651 |-INFO  [main] org.springframework.web.servlet.mvc.method.annotation.RequestMappingHandlerMapping [543] -| Mapped "{[/alipay/returnUrl]}" onto public org.springframework.web.servlet.ModelAndView com.pay.controller.AlipayController.returnUrl()
2017-12-25 16:03:51.651 |-INFO  [main] org.springframework.web.servlet.mvc.method.annotation.RequestMappingHandlerMapping [543] -| Mapped "{[/alipay/refund]}" onto public java.util.Map<java.lang.String, java.lang.Object> com.pay.controller.AlipayController.refund(java.lang.String,java.lang.String,java.lang.String,java.lang.String,java.lang.String,java.lang.String,java.lang.String) throws java.lang.Exception
2017-12-25 16:03:51.651 |-INFO  [main] org.springframework.web.servlet.mvc.method.annotation.RequestMappingHandlerMapping [543] -| Mapped "{[/alipay/pay],methods=[POST]}" onto public void com.pay.controller.AlipayController.pay(java.lang.String,java.lang.String,java.lang.String,javax.servlet.http.HttpServletResponse) throws java.lang.Exception
2017-12-25 16:03:51.651 |-INFO  [main] org.springframework.web.servlet.mvc.method.annotation.RequestMappingHandlerMapping [543] -| Mapped "{[/alipay/pay2]}" onto public void com.pay.controller.AlipayController.pay(java.lang.String,java.lang.String,java.lang.String,java.lang.String,java.lang.String,java.lang.String,java.lang.String,java.lang.String,java.lang.String,java.lang.String,java.lang.String,java.lang.String,java.lang.String,javax.servlet.http.HttpServletResponse) throws java.lang.Exception
2017-12-25 16:03:51.652 |-INFO  [main] org.springframework.web.servlet.mvc.method.annotation.RequestMappingHandlerMapping [543] -| Mapped "{[/alipay/my_notify]}" onto public java.util.Map<java.lang.String, java.lang.Object> com.pay.controller.AlipayController.myNotify(java.lang.String)
2017-12-25 16:03:51.652 |-INFO  [main] org.springframework.web.servlet.mvc.method.annotation.RequestMappingHandlerMapping [543] -| Mapped "{[/alipay/pay_supplier]}" onto public void com.pay.controller.AlipayController.paySupplier(java.lang.String,javax.servlet.http.HttpServletRequest,javax.servlet.http.HttpServletResponse) throws java.lang.Exception
2017-12-25 16:03:51.652 |-INFO  [main] org.springframework.web.servlet.mvc.method.annotation.RequestMappingHandlerMapping [543] -| Mapped "{[/alipay/query_refund]}" onto public java.util.Map<java.lang.String, java.lang.Object> com.pay.controller.AlipayController.queryRefund(java.lang.String,java.lang.String) throws java.lang.Exception
2017-12-25 16:03:51.653 |-INFO  [main] org.springframework.web.servlet.mvc.method.annotation.RequestMappingHandlerMapping [543] -| Mapped "{[/alipay/download_bill]}" onto public java.util.Map<java.lang.String, java.lang.Object> com.pay.controller.AlipayController.downloadBill(java.lang.String,java.lang.String,javax.servlet.http.HttpServletResponse) throws java.lang.Exception
2017-12-25 16:03:51.653 |-INFO  [main] org.springframework.web.servlet.mvc.method.annotation.RequestMappingHandlerMapping [543] -| Mapped "{[/alipay/pay_test]}" onto public void com.pay.controller.AlipayController.doPost(java.lang.String,javax.servlet.http.HttpServletRequest,javax.servlet.http.HttpServletResponse) throws javax.servlet.ServletException,java.io.IOException
2017-12-25 16:03:51.656 |-INFO  [main] org.springframework.web.servlet.mvc.method.annotation.RequestMappingHandlerMapping [543] -| Mapped "{[/appParam/save],methods=[POST]}" onto public com.pay.vo.ResponseVO com.pay.controller.AppParamController.save(java.lang.Long,java.lang.String)
2017-12-25 16:03:51.657 |-INFO  [main] org.springframework.web.servlet.mvc.method.annotation.RequestMappingHandlerMapping [543] -| Mapped "{[/appParam/query_all],methods=[GET]}" onto public java.util.Map<java.lang.String, java.lang.Object> com.pay.controller.AppParamController.queryAll(java.lang.Integer,java.lang.Integer)
2017-12-25 16:03:51.657 |-INFO  [main] org.springframework.web.servlet.mvc.method.annotation.RequestMappingHandlerMapping [543] -| Mapped "{[/appParam/query_one],methods=[GET]}" onto public com.pay.vo.ResponseVO com.pay.controller.AppParamController.queryOne(java.lang.String)
2017-12-25 16:03:51.659 |-INFO  [main] org.springframework.web.servlet.mvc.method.annotation.RequestMappingHandlerMapping [543] -| Mapped "{[/common/index],methods=[GET]}" onto public org.springframework.web.servlet.ModelAndView com.pay.controller.CommonController.index(javax.servlet.http.HttpServletRequest)
2017-12-25 16:03:51.659 |-INFO  [main] org.springframework.web.servlet.mvc.method.annotation.RequestMappingHandlerMapping [543] -| Mapped "{[/common/navigate],methods=[GET]}" onto public org.springframework.web.servlet.ModelAndView com.pay.controller.CommonController.navigate(java.lang.String,javax.servlet.http.HttpServletRequest)
2017-12-25 16:03:51.660 |-INFO  [main] org.springframework.web.servlet.mvc.method.annotation.RequestMappingHandlerMapping [543] -| Mapped "{[/common/register_by_email],methods=[POST]}" onto public com.pay.vo.ResponseVO com.pay.controller.CommonController.registerByEmail(com.pay.entity.User)
2017-12-25 16:03:51.660 |-INFO  [main] org.springframework.web.servlet.mvc.method.annotation.RequestMappingHandlerMapping [543] -| Mapped "{[/common/show_login],methods=[GET]}" onto public org.springframework.web.servlet.ModelAndView com.pay.controller.CommonController.showLogin(javax.servlet.http.HttpServletRequest)
2017-12-25 16:03:51.660 |-INFO  [main] org.springframework.web.servlet.mvc.method.annotation.RequestMappingHandlerMapping [543] -| Mapped "{[/common/show_register],methods=[GET]}" onto public org.springframework.web.servlet.ModelAndView com.pay.controller.CommonController.showRegister(javax.servlet.http.HttpServletRequest)
2017-12-25 16:03:51.660 |-INFO  [main] org.springframework.web.servlet.mvc.method.annotation.RequestMappingHandlerMapping [543] -| Mapped "{[/common/register_by_phone],methods=[POST]}" onto public com.pay.vo.ResponseVO com.pay.controller.CommonController.registerByPhone(com.pay.entity.User,javax.servlet.http.HttpServletRequest)
2017-12-25 16:03:51.661 |-INFO  [main] org.springframework.web.servlet.mvc.method.annotation.RequestMappingHandlerMapping [543] -| Mapped "{[/common/logout],methods=[GET]}" onto public void com.pay.controller.CommonController.logout(javax.servlet.http.HttpServletRequest,javax.servlet.http.HttpServletResponse) throws java.lang.Exception
2017-12-25 16:03:51.661 |-INFO  [main] org.springframework.web.servlet.mvc.method.annotation.RequestMappingHandlerMapping [543] -| Mapped "{[/common/login],methods=[POST]}" onto public com.pay.vo.ResponseVO com.pay.controller.CommonController.login(com.pay.entity.User,javax.servlet.http.HttpServletRequest)
2017-12-25 16:03:51.662 |-INFO  [main] org.springframework.web.servlet.mvc.method.annotation.RequestMappingHandlerMapping [543] -| Mapped "{[/givenInvoice/save]}" onto public org.springframework.web.servlet.ModelAndView com.pay.controller.GivenInvoiceController.save(com.pay.entity.GivenInvoice)
2017-12-25 16:03:51.662 |-INFO  [main] org.springframework.web.servlet.mvc.method.annotation.RequestMappingHandlerMapping [543] -| Mapped "{[/givenInvoice/query_all]}" onto public java.util.Map<java.lang.String, java.lang.Object> com.pay.controller.GivenInvoiceController.queryAll(java.lang.Integer,java.lang.Integer,java.lang.String)
2017-12-25 16:03:51.662 |-INFO  [main] org.springframework.web.servlet.mvc.method.annotation.RequestMappingHandlerMapping [543] -| Mapped "{[/]}" onto public java.lang.String com.pay.controller.IndexController.index()
2017-12-25 16:03:51.663 |-INFO  [main] org.springframework.web.servlet.mvc.method.annotation.RequestMappingHandlerMapping [543] -| Mapped "{[/invoice/toXml],methods=[POST]}" onto public void com.pay.controller.InvoiceController.generate(java.lang.String,javax.servlet.http.HttpServletResponse) throws java.lang.Exception
2017-12-25 16:03:51.664 |-INFO  [main] org.springframework.web.servlet.mvc.method.annotation.RequestMappingHandlerMapping [543] -| Mapped "{[/invoice/query_all],methods=[GET]}" onto public java.util.Map<java.lang.String, java.lang.Object> com.pay.controller.InvoiceController.queryAll(java.lang.Integer,java.lang.Integer,java.lang.String)
2017-12-25 16:03:51.664 |-INFO  [main] org.springframework.web.servlet.mvc.method.annotation.RequestMappingHandlerMapping [543] -| Mapped "{[/invoice/toExcel],methods=[POST]}" onto public void com.pay.controller.InvoiceController.invoice2Word(java.lang.String,javax.servlet.http.HttpServletResponse) throws java.lang.Exception
2017-12-25 16:03:51.664 |-INFO  [main] org.springframework.web.servlet.mvc.method.annotation.RequestMappingHandlerMapping [543] -| Mapped "{[/invoice/unDraw_toExcel],methods=[POST]}" onto public void com.pay.controller.InvoiceController.unDraw2Excel(javax.servlet.http.HttpServletResponse) throws java.lang.Exception
2017-12-25 16:03:51.665 |-INFO  [main] org.springframework.web.servlet.mvc.method.annotation.RequestMappingHandlerMapping [543] -| Mapped "{[/invoice/importExcel],methods=[POST]}" onto public com.pay.vo.ResponseVO com.pay.controller.InvoiceController.importExcel(javax.servlet.http.HttpServletRequest,javax.servlet.http.HttpServletResponse) throws java.lang.Exception
2017-12-25 16:03:51.665 |-INFO  [main] org.springframework.web.servlet.mvc.method.annotation.RequestMappingHandlerMapping [543] -| Mapped "{[/invoice/save_header],methods=[POST]}" onto public java.util.Map<java.lang.String, java.lang.Object> com.pay.controller.InvoiceController.saveHeader(java.lang.String,java.lang.String,java.lang.String,java.lang.String,java.lang.String,java.lang.String,java.lang.String) throws java.lang.Exception
2017-12-25 16:03:51.665 |-INFO  [main] org.springframework.web.servlet.mvc.method.annotation.RequestMappingHandlerMapping [543] -| Mapped "{[/payInfo/query_trade_success]}" onto public java.util.Map<java.lang.String, java.lang.Object> com.pay.controller.PayInfoController.queryTradeSuccess(java.lang.Integer,java.lang.Integer,java.lang.String)
2017-12-25 16:03:51.666 |-INFO  [main] org.springframework.web.servlet.mvc.method.annotation.RequestMappingHandlerMapping [543] -| Mapped "{[/sms/send_code],methods=[POST]}" onto public com.pay.vo.ResponseVO com.pay.controller.SmsController.sendCode(java.lang.String)
2017-12-25 16:03:51.667 |-INFO  [main] org.springframework.web.servlet.mvc.method.annotation.RequestMappingHandlerMapping [543] -| Mapped "{[/user/save],methods=[POST]}" onto public org.springframework.web.servlet.ModelAndView com.pay.controller.UserController.save(com.pay.entity.User,org.apache.catalina.servlet4preview.http.HttpServletRequest)
2017-12-25 16:03:51.667 |-INFO  [main] org.springframework.web.servlet.mvc.method.annotation.RequestMappingHandlerMapping [543] -| Mapped "{[/user/query_by_username],methods=[GET]}" onto public com.pay.vo.ResponseVO com.pay.controller.UserController.queryByUsername(java.lang.String)
2017-12-25 16:03:51.668 |-INFO  [main] org.springframework.web.servlet.mvc.method.annotation.RequestMappingHandlerMapping [543] -| Mapped "{[/whiteList/delete],methods=[GET]}" onto public void com.pay.controller.WhiteListController.delete(java.lang.Long)
2017-12-25 16:03:51.671 |-INFO  [main] org.springframework.web.servlet.mvc.method.annotation.RequestMappingHandlerMapping [543] -| Mapped "{[/whiteList/save],methods=[POST]}" onto public org.springframework.web.servlet.ModelAndView com.pay.controller.WhiteListController.save(com.pay.entity.WhiteList)
2017-12-25 16:03:51.671 |-INFO  [main] org.springframework.web.servlet.mvc.method.annotation.RequestMappingHandlerMapping [543] -| Mapped "{[/whiteList/query_all],methods=[GET]}" onto public java.util.Map<java.lang.String, java.lang.Object> com.pay.controller.WhiteListController.queryAll(java.lang.Integer,java.lang.Integer,org.apache.catalina.servlet4preview.http.HttpServletRequest)
2017-12-25 16:03:51.672 |-INFO  [main] org.springframework.web.servlet.mvc.method.annotation.RequestMappingHandlerMapping [543] -| Mapped "{[/v2/api-docs],methods=[GET],produces=[application/json || application/hal+json]}" onto public org.springframework.http.ResponseEntity<springfox.documentation.spring.web.json.Json> springfox.documentation.swagger2.web.Swagger2Controller.getDocumentation(java.lang.String,javax.servlet.http.HttpServletRequest)
2017-12-25 16:03:51.675 |-INFO  [main] org.springframework.web.servlet.mvc.method.annotation.RequestMappingHandlerMapping [543] -| Mapped "{[/swagger-resources/configuration/ui]}" onto org.springframework.http.ResponseEntity<springfox.documentation.swagger.web.UiConfiguration> springfox.documentation.swagger.web.ApiResourceController.uiConfiguration()
2017-12-25 16:03:51.676 |-INFO  [main] org.springframework.web.servlet.mvc.method.annotation.RequestMappingHandlerMapping [543] -| Mapped "{[/swagger-resources]}" onto org.springframework.http.ResponseEntity<java.util.List<springfox.documentation.swagger.web.SwaggerResource>> springfox.documentation.swagger.web.ApiResourceController.swaggerResources()
2017-12-25 16:03:51.677 |-INFO  [main] org.springframework.web.servlet.mvc.method.annotation.RequestMappingHandlerMapping [543] -| Mapped "{[/swagger-resources/configuration/security]}" onto org.springframework.http.ResponseEntity<springfox.documentation.swagger.web.SecurityConfiguration> springfox.documentation.swagger.web.ApiResourceController.securityConfiguration()
2017-12-25 16:03:51.678 |-INFO  [main] org.springframework.web.servlet.mvc.method.annotation.RequestMappingHandlerMapping [543] -| Mapped "{[/error]}" onto public org.springframework.http.ResponseEntity<java.util.Map<java.lang.String, java.lang.Object>> org.springframework.boot.autoconfigure.web.BasicErrorController.error(javax.servlet.http.HttpServletRequest)
2017-12-25 16:03:51.679 |-INFO  [main] org.springframework.web.servlet.mvc.method.annotation.RequestMappingHandlerMapping [543] -| Mapped "{[/error],produces=[text/html]}" onto public org.springframework.web.servlet.ModelAndView org.springframework.boot.autoconfigure.web.BasicErrorController.errorHtml(javax.servlet.http.HttpServletRequest,javax.servlet.http.HttpServletResponse)
2017-12-25 16:03:52.078 |-INFO  [main] org.springframework.web.servlet.mvc.method.annotation.RequestMappingHandlerAdapter [534] -| Looking for @ControllerAdvice: org.springframework.boot.context.embedded.AnnotationConfigEmbeddedWebApplicationContext@79179359: startup date [Mon Dec 25 16:03:44 CST 2017]; root of context hierarchy
2017-12-25 16:03:52.139 |-INFO  [main] org.springframework.web.servlet.handler.SimpleUrlHandlerMapping [362] -| Mapped URL path [/webjars/**] onto handler of type [class org.springframework.web.servlet.resource.ResourceHttpRequestHandler]
2017-12-25 16:03:52.139 |-INFO  [main] org.springframework.web.servlet.handler.SimpleUrlHandlerMapping [362] -| Mapped URL path [/**] onto handler of type [class org.springframework.web.servlet.resource.ResourceHttpRequestHandler]
2017-12-25 16:03:52.162 |-INFO  [main] org.springframework.web.servlet.mvc.method.annotation.ExceptionHandlerExceptionResolver [273] -| Detected @ExceptionHandler methods in globalControllerExceptionHandler
2017-12-25 16:03:52.186 |-INFO  [main] org.springframework.web.servlet.handler.SimpleUrlHandlerMapping [362] -| Mapped URL path [/**/favicon.ico] onto handler of type [class org.springframework.web.servlet.resource.ResourceHttpRequestHandler]
2017-12-25 16:03:52.598 |-INFO  [main] org.springframework.jmx.export.annotation.AnnotationMBeanExporter [431] -| Registering beans for JMX exposure on startup
2017-12-25 16:03:52.608 |-INFO  [main] org.springframework.context.support.DefaultLifecycleProcessor [343] -| Starting beans in phase 2147483647
2017-12-25 16:03:52.608 |-INFO  [main] springfox.documentation.spring.web.plugins.DocumentationPluginsBootstrapper [120] -| Context refreshed
2017-12-25 16:03:52.624 |-INFO  [main] springfox.documentation.spring.web.plugins.DocumentationPluginsBootstrapper [123] -| Found 1 custom documentation plugin(s)
2017-12-25 16:03:52.638 |-INFO  [main] springfox.documentation.spring.web.scanners.ApiListingReferenceScanner [41] -| Scanning for api listing references
2017-12-25 16:03:52.978 |-INFO  [main] springfox.documentation.spring.web.readers.operation.CachingOperationNameGenerator [40] -| Generating unique operation named: payUsingPOST_1
2017-12-25 16:03:53.353 |-INFO  [main] springfox.documentation.spring.web.readers.operation.CachingOperationNameGenerator [40] -| Generating unique operation named: saveUsingPOST_1
2017-12-25 16:03:53.395 |-INFO  [main] springfox.documentation.spring.web.readers.operation.CachingOperationNameGenerator [40] -| Generating unique operation named: saveUsingPOST_2
2017-12-25 16:03:53.402 |-INFO  [main] springfox.documentation.spring.web.readers.operation.CachingOperationNameGenerator [40] -| Generating unique operation named: queryAllUsingGET_1
2017-12-25 16:03:53.405 |-INFO  [main] springfox.documentation.spring.web.readers.operation.CachingOperationNameGenerator [40] -| Generating unique operation named: saveUsingPOST_3
2017-12-25 16:03:53.448 |-INFO  [main] org.hibernate.hql.internal.QueryTranslatorFactoryInitiator [47] -| HHH000397: Using ASTQueryTranslatorFactory
2017-12-25 16:03:53.536 |-INFO  [main] org.apache.coyote.http11.Http11NioProtocol [179] -| Initializing ProtocolHandler ["http-nio-8000"]
2017-12-25 16:03:53.547 |-INFO  [main] org.apache.coyote.http11.Http11NioProtocol [179] -| Starting ProtocolHandler ["http-nio-8000"]
2017-12-25 16:03:53.560 |-INFO  [main] org.apache.tomcat.util.net.NioSelectorPool [179] -| Using a shared selector for servlet write/read
2017-12-25 16:03:53.576 |-INFO  [main] org.springframework.boot.context.embedded.tomcat.TomcatEmbeddedServletContainer [201] -| Tomcat started on port(s): 8000 (http)
2017-12-25 16:03:53.582 |-INFO  [main] com.pay.PayApplication [57] -| Started PayApplication in 10.251 seconds (JVM running for 10.733)
