2018-11-30 10:01:40.669 |-INFO  [main] com.pay.PayApplication [48] -| Starting PayApplication on yzm with PID 23432 (D:\workspace2\sshapp-pro\pay\target\classes started by www78 in D:\workspace2\sshapp-pro\pay)
2018-11-30 10:01:40.672 |-INFO  [main] com.pay.PayApplication [597] -| The following profiles are active: prod
2018-11-30 10:01:40.844 |-INFO  [main] org.springframework.boot.context.embedded.AnnotationConfigEmbeddedWebApplicationContext [583] -| Refreshing org.springframework.boot.context.embedded.AnnotationConfigEmbeddedWebApplicationContext@3568f9d2: startup date [Fri Nov 30 10:01:40 CST 2018]; root of context hierarchy
2018-11-30 10:01:41.147 |-INFO  [background-preinit] org.hibernate.validator.internal.util.Version [30] -| HV000001: Hibernate Validator 5.3.5.Final
2018-11-30 10:01:43.188 |-INFO  [main] org.springframework.context.support.PostProcessorRegistrationDelegate$BeanPostProcessorChecker [325] -| Bean 'org.springframework.transaction.annotation.ProxyTransactionManagementConfiguration' of type [org.springframework.transaction.annotation.ProxyTransactionManagementConfiguration$$EnhancerBySpringCGLIB$$81181c82] is not eligible for getting processed by all BeanPostProcessors (for example: not eligible for auto-proxying)
2018-11-30 10:01:43.751 |-INFO  [main] org.springframework.boot.context.embedded.tomcat.TomcatEmbeddedServletContainer [89] -| Tomcat initialized with port(s): 8000 (http)
2018-11-30 10:01:43.763 |-INFO  [main] org.apache.catalina.core.StandardService [179] -| Starting service [Tomcat]
2018-11-30 10:01:43.764 |-INFO  [main] org.apache.catalina.core.StandardEngine [179] -| Starting Servlet Engine: Apache Tomcat/8.5.16
2018-11-30 10:01:43.884 |-INFO  [localhost-startStop-1] org.apache.catalina.core.ContainerBase.[Tomcat].[localhost].[/pay] [179] -| Initializing Spring embedded WebApplicationContext
2018-11-30 10:01:43.885 |-INFO  [localhost-startStop-1] org.springframework.web.context.ContextLoader [276] -| Root WebApplicationContext: initialization completed in 3041 ms
2018-11-30 10:01:44.050 |-INFO  [localhost-startStop-1] org.springframework.boot.web.servlet.ServletRegistrationBean [190] -| Mapping servlet: 'dispatcherServlet' to [/]
2018-11-30 10:01:44.056 |-INFO  [localhost-startStop-1] org.springframework.boot.web.servlet.FilterRegistrationBean [258] -| Mapping filter: 'characterEncodingFilter' to: [/*]
2018-11-30 10:01:44.057 |-INFO  [localhost-startStop-1] org.springframework.boot.web.servlet.FilterRegistrationBean [258] -| Mapping filter: 'hiddenHttpMethodFilter' to: [/*]
2018-11-30 10:01:44.057 |-INFO  [localhost-startStop-1] org.springframework.boot.web.servlet.FilterRegistrationBean [258] -| Mapping filter: 'httpPutFormContentFilter' to: [/*]
2018-11-30 10:01:44.057 |-INFO  [localhost-startStop-1] org.springframework.boot.web.servlet.FilterRegistrationBean [258] -| Mapping filter: 'requestContextFilter' to: [/*]
2018-11-30 10:01:45.290 |-INFO  [main] org.springframework.orm.jpa.LocalContainerEntityManagerFactoryBean [349] -| Building JPA container EntityManagerFactory for persistence unit 'default'
2018-11-30 10:01:45.321 |-INFO  [main] org.hibernate.jpa.internal.util.LogHelper [31] -| HHH000204: Processing PersistenceUnitInfo [
	name: default
	...]
2018-11-30 10:01:45.472 |-INFO  [main] org.hibernate.Version [37] -| HHH000412: Hibernate Core {5.0.12.Final}
2018-11-30 10:01:45.474 |-INFO  [main] org.hibernate.cfg.Environment [213] -| HHH000206: hibernate.properties not found
2018-11-30 10:01:45.475 |-INFO  [main] org.hibernate.cfg.Environment [317] -| HHH000021: Bytecode provider name : javassist
2018-11-30 10:01:45.551 |-INFO  [main] org.hibernate.annotations.common.Version [66] -| HCANN000001: Hibernate Commons Annotations {5.0.1.Final}
2018-11-30 10:01:45.810 |-INFO  [main] org.hibernate.dialect.Dialect [156] -| HHH000400: Using dialect: org.hibernate.dialect.SQLServer2008Dialect
2018-11-30 10:01:45.948 |-INFO  [main] org.hibernate.engine.jdbc.env.internal.LobCreatorBuilderImpl [98] -| HHH000423: Disabling contextual LOB creation as JDBC driver reported JDBC version [3] less than 4
2018-11-30 10:01:46.404 |-INFO  [main] org.hibernate.tool.hbm2ddl.SchemaUpdate [105] -| HHH000228: Running hbm2ddl schema update
2018-11-30 10:01:46.421 |-INFO  [main] org.hibernate.tool.schema.extract.internal.InformationExtractorJdbcDatabaseMetaDataImpl [365] -| HHH000262: Table not found: T_AppParam
2018-11-30 10:01:46.554 |-INFO  [main] org.hibernate.tool.schema.extract.internal.InformationExtractorJdbcDatabaseMetaDataImpl [365] -| HHH000262: Table not found: T_GivenInvoice
2018-11-30 10:01:46.686 |-INFO  [main] org.hibernate.tool.schema.extract.internal.InformationExtractorJdbcDatabaseMetaDataImpl [365] -| HHH000262: Table not found: T_Invoice
2018-11-30 10:01:46.807 |-INFO  [main] org.hibernate.tool.schema.extract.internal.InformationExtractorJdbcDatabaseMetaDataImpl [365] -| HHH000262: Table not found: T_NotifyInfo
2018-11-30 10:01:46.970 |-INFO  [main] org.hibernate.tool.schema.extract.internal.InformationExtractorJdbcDatabaseMetaDataImpl [365] -| HHH000262: Table not found: T_PayInfo
2018-11-30 10:01:47.104 |-INFO  [main] org.hibernate.tool.schema.extract.internal.InformationExtractorJdbcDatabaseMetaDataImpl [365] -| HHH000262: Table not found: T_RefundInfo
2018-11-30 10:01:47.259 |-INFO  [main] org.hibernate.tool.schema.extract.internal.InformationExtractorJdbcDatabaseMetaDataImpl [365] -| HHH000262: Table not found: T_Sms
2018-11-30 10:01:47.322 |-INFO  [main] org.hibernate.tool.schema.extract.internal.InformationExtractorJdbcDatabaseMetaDataImpl [365] -| HHH000262: Table not found: T_User
2018-11-30 10:01:47.367 |-INFO  [main] org.hibernate.tool.schema.extract.internal.InformationExtractorJdbcDatabaseMetaDataImpl [365] -| HHH000262: Table not found: T_WhiteList
2018-11-30 10:01:47.397 |-INFO  [main] org.hibernate.tool.schema.extract.internal.InformationExtractorJdbcDatabaseMetaDataImpl [365] -| HHH000262: Table not found: T_AppParam
2018-11-30 10:01:47.406 |-INFO  [main] org.hibernate.tool.schema.extract.internal.InformationExtractorJdbcDatabaseMetaDataImpl [365] -| HHH000262: Table not found: T_GivenInvoice
2018-11-30 10:01:47.414 |-INFO  [main] org.hibernate.tool.schema.extract.internal.InformationExtractorJdbcDatabaseMetaDataImpl [365] -| HHH000262: Table not found: T_Invoice
2018-11-30 10:01:47.421 |-INFO  [main] org.hibernate.tool.schema.extract.internal.InformationExtractorJdbcDatabaseMetaDataImpl [365] -| HHH000262: Table not found: T_NotifyInfo
2018-11-30 10:01:47.429 |-INFO  [main] org.hibernate.tool.schema.extract.internal.InformationExtractorJdbcDatabaseMetaDataImpl [365] -| HHH000262: Table not found: T_PayInfo
2018-11-30 10:01:47.437 |-INFO  [main] org.hibernate.tool.schema.extract.internal.InformationExtractorJdbcDatabaseMetaDataImpl [365] -| HHH000262: Table not found: T_RefundInfo
2018-11-30 10:01:47.444 |-INFO  [main] org.hibernate.tool.schema.extract.internal.InformationExtractorJdbcDatabaseMetaDataImpl [365] -| HHH000262: Table not found: T_Sms
2018-11-30 10:01:47.452 |-INFO  [main] org.hibernate.tool.schema.extract.internal.InformationExtractorJdbcDatabaseMetaDataImpl [365] -| HHH000262: Table not found: T_User
2018-11-30 10:01:47.459 |-INFO  [main] org.hibernate.tool.schema.extract.internal.InformationExtractorJdbcDatabaseMetaDataImpl [365] -| HHH000262: Table not found: T_WhiteList
2018-11-30 10:01:47.467 |-INFO  [main] org.hibernate.tool.schema.extract.internal.InformationExtractorJdbcDatabaseMetaDataImpl [365] -| HHH000262: Table not found: T_AppParam
2018-11-30 10:01:47.475 |-INFO  [main] org.hibernate.tool.schema.extract.internal.InformationExtractorJdbcDatabaseMetaDataImpl [365] -| HHH000262: Table not found: T_GivenInvoice
2018-11-30 10:01:47.485 |-INFO  [main] org.hibernate.tool.schema.extract.internal.InformationExtractorJdbcDatabaseMetaDataImpl [365] -| HHH000262: Table not found: T_Invoice
2018-11-30 10:01:47.492 |-INFO  [main] org.hibernate.tool.schema.extract.internal.InformationExtractorJdbcDatabaseMetaDataImpl [365] -| HHH000262: Table not found: T_NotifyInfo
2018-11-30 10:01:47.500 |-INFO  [main] org.hibernate.tool.schema.extract.internal.InformationExtractorJdbcDatabaseMetaDataImpl [365] -| HHH000262: Table not found: T_PayInfo
2018-11-30 10:01:47.508 |-INFO  [main] org.hibernate.tool.schema.extract.internal.InformationExtractorJdbcDatabaseMetaDataImpl [365] -| HHH000262: Table not found: T_RefundInfo
2018-11-30 10:01:47.516 |-INFO  [main] org.hibernate.tool.schema.extract.internal.InformationExtractorJdbcDatabaseMetaDataImpl [365] -| HHH000262: Table not found: T_Sms
2018-11-30 10:01:47.523 |-INFO  [main] org.hibernate.tool.schema.extract.internal.InformationExtractorJdbcDatabaseMetaDataImpl [365] -| HHH000262: Table not found: T_User
2018-11-30 10:01:47.531 |-INFO  [main] org.hibernate.tool.schema.extract.internal.InformationExtractorJdbcDatabaseMetaDataImpl [365] -| HHH000262: Table not found: T_WhiteList
2018-11-30 10:01:47.571 |-INFO  [main] org.springframework.orm.jpa.LocalContainerEntityManagerFactoryBean [379] -| Initialized JPA EntityManagerFactory for persistence unit 'default'
2018-11-30 10:01:48.312 |-INFO  [main] org.springframework.web.servlet.view.freemarker.FreeMarkerConfigurer [127] -| ClassTemplateLoader for Spring macros added to FreeMarker configuration
2018-11-30 10:01:49.153 |-INFO  [main] org.springframework.web.servlet.mvc.method.annotation.RequestMappingHandlerMapping [543] -| Mapped "{[/alipay/notify],methods=[POST]}" onto public void com.pay.controller.AlipayController.notify(javax.servlet.http.HttpServletRequest,javax.servlet.http.HttpServletResponse) throws java.lang.Exception
2018-11-30 10:01:49.154 |-INFO  [main] org.springframework.web.servlet.mvc.method.annotation.RequestMappingHandlerMapping [543] -| Mapped "{[/alipay/close]}" onto public java.util.Map<java.lang.String, java.lang.Object> com.pay.controller.AlipayController.close(java.lang.String,java.lang.String)
2018-11-30 10:01:49.155 |-INFO  [main] org.springframework.web.servlet.mvc.method.annotation.RequestMappingHandlerMapping [543] -| Mapped "{[/alipay/query]}" onto public java.util.Map<java.lang.String, java.lang.Object> com.pay.controller.AlipayController.query(java.lang.String)
2018-11-30 10:01:49.155 |-INFO  [main] org.springframework.web.servlet.mvc.method.annotation.RequestMappingHandlerMapping [543] -| Mapped "{[/alipay/pay_test]}" onto public void com.pay.controller.AlipayController.doPost(java.lang.String,javax.servlet.http.HttpServletRequest,javax.servlet.http.HttpServletResponse) throws javax.servlet.ServletException,java.io.IOException
2018-11-30 10:01:49.155 |-INFO  [main] org.springframework.web.servlet.mvc.method.annotation.RequestMappingHandlerMapping [543] -| Mapped "{[/alipay/returnUrl]}" onto public org.springframework.web.servlet.ModelAndView com.pay.controller.AlipayController.returnUrl()
2018-11-30 10:01:49.156 |-INFO  [main] org.springframework.web.servlet.mvc.method.annotation.RequestMappingHandlerMapping [543] -| Mapped "{[/alipay/my_notify]}" onto public java.util.Map<java.lang.String, java.lang.Object> com.pay.controller.AlipayController.myNotify(java.lang.String)
2018-11-30 10:01:49.156 |-INFO  [main] org.springframework.web.servlet.mvc.method.annotation.RequestMappingHandlerMapping [543] -| Mapped "{[/alipay/download_bill]}" onto public java.util.Map<java.lang.String, java.lang.Object> com.pay.controller.AlipayController.downloadBill(java.lang.String,java.lang.String,javax.servlet.http.HttpServletResponse) throws java.lang.Exception
2018-11-30 10:01:49.156 |-INFO  [main] org.springframework.web.servlet.mvc.method.annotation.RequestMappingHandlerMapping [543] -| Mapped "{[/alipay/pay_supplier]}" onto public void com.pay.controller.AlipayController.paySupplier(java.lang.String,javax.servlet.http.HttpServletRequest,javax.servlet.http.HttpServletResponse) throws java.lang.Exception
2018-11-30 10:01:49.156 |-INFO  [main] org.springframework.web.servlet.mvc.method.annotation.RequestMappingHandlerMapping [543] -| Mapped "{[/alipay/pay2]}" onto public void com.pay.controller.AlipayController.pay(java.lang.String,java.lang.String,java.lang.String,java.lang.String,java.lang.String,java.lang.String,java.lang.String,java.lang.String,java.lang.String,java.lang.String,java.lang.String,java.lang.String,java.lang.String,javax.servlet.http.HttpServletResponse) throws java.lang.Exception
2018-11-30 10:01:49.157 |-INFO  [main] org.springframework.web.servlet.mvc.method.annotation.RequestMappingHandlerMapping [543] -| Mapped "{[/alipay/pay],methods=[POST]}" onto public void com.pay.controller.AlipayController.pay(java.lang.String,java.lang.String,java.lang.String,javax.servlet.http.HttpServletResponse) throws java.lang.Exception
2018-11-30 10:01:49.158 |-INFO  [main] org.springframework.web.servlet.mvc.method.annotation.RequestMappingHandlerMapping [543] -| Mapped "{[/alipay/refund]}" onto public java.util.Map<java.lang.String, java.lang.Object> com.pay.controller.AlipayController.refund(java.lang.String,java.lang.String,java.lang.String,java.lang.String,java.lang.String,java.lang.String,java.lang.String) throws java.lang.Exception
2018-11-30 10:01:49.158 |-INFO  [main] org.springframework.web.servlet.mvc.method.annotation.RequestMappingHandlerMapping [543] -| Mapped "{[/alipay/query_refund]}" onto public java.util.Map<java.lang.String, java.lang.Object> com.pay.controller.AlipayController.queryRefund(java.lang.String,java.lang.String) throws java.lang.Exception
2018-11-30 10:01:49.244 |-INFO  [main] org.springframework.web.servlet.mvc.method.annotation.RequestMappingHandlerMapping [543] -| Mapped "{[/appParam/save],methods=[POST]}" onto public com.pay.vo.ResponseVO com.pay.controller.AppParamController.save(java.lang.Long,java.lang.String)
2018-11-30 10:01:49.245 |-INFO  [main] org.springframework.web.servlet.mvc.method.annotation.RequestMappingHandlerMapping [543] -| Mapped "{[/appParam/query_one],methods=[GET]}" onto public com.pay.vo.ResponseVO com.pay.controller.AppParamController.queryOne(java.lang.String)
2018-11-30 10:01:49.245 |-INFO  [main] org.springframework.web.servlet.mvc.method.annotation.RequestMappingHandlerMapping [543] -| Mapped "{[/appParam/query_all],methods=[GET]}" onto public java.util.Map<java.lang.String, java.lang.Object> com.pay.controller.AppParamController.queryAll(java.lang.Integer,java.lang.Integer)
2018-11-30 10:01:49.247 |-INFO  [main] org.springframework.web.servlet.mvc.method.annotation.RequestMappingHandlerMapping [543] -| Mapped "{[/common/index],methods=[GET]}" onto public org.springframework.web.servlet.ModelAndView com.pay.controller.CommonController.index(javax.servlet.http.HttpServletRequest)
2018-11-30 10:01:49.247 |-INFO  [main] org.springframework.web.servlet.mvc.method.annotation.RequestMappingHandlerMapping [543] -| Mapped "{[/common/login],methods=[POST]}" onto public com.pay.vo.ResponseVO com.pay.controller.CommonController.login(com.pay.entity.User,javax.servlet.http.HttpServletRequest)
2018-11-30 10:01:49.248 |-INFO  [main] org.springframework.web.servlet.mvc.method.annotation.RequestMappingHandlerMapping [543] -| Mapped "{[/common/show_register],methods=[GET]}" onto public org.springframework.web.servlet.ModelAndView com.pay.controller.CommonController.showRegister(javax.servlet.http.HttpServletRequest)
2018-11-30 10:01:49.248 |-INFO  [main] org.springframework.web.servlet.mvc.method.annotation.RequestMappingHandlerMapping [543] -| Mapped "{[/common/register_by_email],methods=[POST]}" onto public com.pay.vo.ResponseVO com.pay.controller.CommonController.registerByEmail(com.pay.entity.User)
2018-11-30 10:01:49.248 |-INFO  [main] org.springframework.web.servlet.mvc.method.annotation.RequestMappingHandlerMapping [543] -| Mapped "{[/common/show_login],methods=[GET]}" onto public org.springframework.web.servlet.ModelAndView com.pay.controller.CommonController.showLogin(javax.servlet.http.HttpServletRequest)
2018-11-30 10:01:49.248 |-INFO  [main] org.springframework.web.servlet.mvc.method.annotation.RequestMappingHandlerMapping [543] -| Mapped "{[/common/register_by_phone],methods=[POST]}" onto public com.pay.vo.ResponseVO com.pay.controller.CommonController.registerByPhone(com.pay.entity.User,javax.servlet.http.HttpServletRequest)
2018-11-30 10:01:49.249 |-INFO  [main] org.springframework.web.servlet.mvc.method.annotation.RequestMappingHandlerMapping [543] -| Mapped "{[/common/navigate],methods=[GET]}" onto public org.springframework.web.servlet.ModelAndView com.pay.controller.CommonController.navigate(java.lang.String,javax.servlet.http.HttpServletRequest)
2018-11-30 10:01:49.249 |-INFO  [main] org.springframework.web.servlet.mvc.method.annotation.RequestMappingHandlerMapping [543] -| Mapped "{[/common/logout],methods=[GET]}" onto public void com.pay.controller.CommonController.logout(javax.servlet.http.HttpServletRequest,javax.servlet.http.HttpServletResponse) throws java.lang.Exception
2018-11-30 10:01:49.250 |-INFO  [main] org.springframework.web.servlet.mvc.method.annotation.RequestMappingHandlerMapping [543] -| Mapped "{[/givenInvoice/save]}" onto public org.springframework.web.servlet.ModelAndView com.pay.controller.GivenInvoiceController.save(com.pay.entity.GivenInvoice)
2018-11-30 10:01:49.250 |-INFO  [main] org.springframework.web.servlet.mvc.method.annotation.RequestMappingHandlerMapping [543] -| Mapped "{[/givenInvoice/query_all]}" onto public java.util.Map<java.lang.String, java.lang.Object> com.pay.controller.GivenInvoiceController.queryAll(java.lang.Integer,java.lang.Integer,java.lang.String)
2018-11-30 10:01:49.250 |-INFO  [main] org.springframework.web.servlet.mvc.method.annotation.RequestMappingHandlerMapping [543] -| Mapped "{[/givenInvoice/modify]}" onto public org.springframework.web.servlet.ModelAndView com.pay.controller.GivenInvoiceController.modify(com.pay.entity.GivenInvoice)
2018-11-30 10:01:49.251 |-INFO  [main] org.springframework.web.servlet.mvc.method.annotation.RequestMappingHandlerMapping [543] -| Mapped "{[/]}" onto public java.lang.String com.pay.controller.IndexController.index()
2018-11-30 10:01:49.252 |-INFO  [main] org.springframework.web.servlet.mvc.method.annotation.RequestMappingHandlerMapping [543] -| Mapped "{[/invoice/toXml],methods=[POST]}" onto public void com.pay.controller.InvoiceController.generate(java.lang.String,javax.servlet.http.HttpServletResponse) throws java.lang.Exception
2018-11-30 10:01:49.253 |-INFO  [main] org.springframework.web.servlet.mvc.method.annotation.RequestMappingHandlerMapping [543] -| Mapped "{[/invoice/query_all],methods=[GET]}" onto public java.util.Map<java.lang.String, java.lang.Object> com.pay.controller.InvoiceController.queryAll(java.lang.Integer,java.lang.Integer,java.lang.String)
2018-11-30 10:01:49.253 |-INFO  [main] org.springframework.web.servlet.mvc.method.annotation.RequestMappingHandlerMapping [543] -| Mapped "{[/invoice/importExcel],methods=[POST]}" onto public com.pay.vo.ResponseVO com.pay.controller.InvoiceController.importExcel(javax.servlet.http.HttpServletRequest,javax.servlet.http.HttpServletResponse) throws java.lang.Exception
2018-11-30 10:01:49.253 |-INFO  [main] org.springframework.web.servlet.mvc.method.annotation.RequestMappingHandlerMapping [543] -| Mapped "{[/invoice/toExcel],methods=[POST]}" onto public void com.pay.controller.InvoiceController.invoice2Word(java.lang.String,javax.servlet.http.HttpServletResponse) throws java.lang.Exception
2018-11-30 10:01:49.253 |-INFO  [main] org.springframework.web.servlet.mvc.method.annotation.RequestMappingHandlerMapping [543] -| Mapped "{[/invoice/save_header],methods=[POST]}" onto public java.util.Map<java.lang.String, java.lang.Object> com.pay.controller.InvoiceController.saveHeader(java.lang.String,java.lang.String,java.lang.String,java.lang.String,java.lang.String,java.lang.String,java.lang.String) throws java.lang.Exception
2018-11-30 10:01:49.254 |-INFO  [main] org.springframework.web.servlet.mvc.method.annotation.RequestMappingHandlerMapping [543] -| Mapped "{[/invoice/unDraw_toExcel],methods=[POST]}" onto public void com.pay.controller.InvoiceController.unDraw2Excel(javax.servlet.http.HttpServletResponse) throws java.lang.Exception
2018-11-30 10:01:49.254 |-INFO  [main] org.springframework.web.servlet.mvc.method.annotation.RequestMappingHandlerMapping [543] -| Mapped "{[/payInfo/query_trade_success]}" onto public java.util.Map<java.lang.String, java.lang.Object> com.pay.controller.PayInfoController.queryTradeSuccess(java.lang.Integer,java.lang.Integer,com.pay.entity.PayInfo)
2018-11-30 10:01:49.255 |-INFO  [main] org.springframework.web.servlet.mvc.method.annotation.RequestMappingHandlerMapping [543] -| Mapped "{[/sms/send_code],methods=[POST]}" onto public com.pay.vo.ResponseVO com.pay.controller.SmsController.sendCode(java.lang.String)
2018-11-30 10:01:49.255 |-INFO  [main] org.springframework.web.servlet.mvc.method.annotation.RequestMappingHandlerMapping [543] -| Mapped "{[/user/save],methods=[POST]}" onto public org.springframework.web.servlet.ModelAndView com.pay.controller.UserController.save(com.pay.entity.User,org.apache.catalina.servlet4preview.http.HttpServletRequest)
2018-11-30 10:01:49.255 |-INFO  [main] org.springframework.web.servlet.mvc.method.annotation.RequestMappingHandlerMapping [543] -| Mapped "{[/user/query_by_username],methods=[GET]}" onto public com.pay.vo.ResponseVO com.pay.controller.UserController.queryByUsername(java.lang.String)
2018-11-30 10:01:49.256 |-INFO  [main] org.springframework.web.servlet.mvc.method.annotation.RequestMappingHandlerMapping [543] -| Mapped "{[/whiteList/delete],methods=[GET]}" onto public void com.pay.controller.WhiteListController.delete(java.lang.Long)
2018-11-30 10:01:49.256 |-INFO  [main] org.springframework.web.servlet.mvc.method.annotation.RequestMappingHandlerMapping [543] -| Mapped "{[/whiteList/save],methods=[POST]}" onto public org.springframework.web.servlet.ModelAndView com.pay.controller.WhiteListController.save(com.pay.entity.WhiteList)
2018-11-30 10:01:49.257 |-INFO  [main] org.springframework.web.servlet.mvc.method.annotation.RequestMappingHandlerMapping [543] -| Mapped "{[/whiteList/query_all],methods=[GET]}" onto public java.util.Map<java.lang.String, java.lang.Object> com.pay.controller.WhiteListController.queryAll(java.lang.Integer,java.lang.Integer,org.apache.catalina.servlet4preview.http.HttpServletRequest)
2018-11-30 10:01:49.259 |-INFO  [main] org.springframework.web.servlet.mvc.method.annotation.RequestMappingHandlerMapping [543] -| Mapped "{[/v2/api-docs],methods=[GET],produces=[application/json || application/hal+json]}" onto public org.springframework.http.ResponseEntity<springfox.documentation.spring.web.json.Json> springfox.documentation.swagger2.web.Swagger2Controller.getDocumentation(java.lang.String,javax.servlet.http.HttpServletRequest)
2018-11-30 10:01:49.262 |-INFO  [main] org.springframework.web.servlet.mvc.method.annotation.RequestMappingHandlerMapping [543] -| Mapped "{[/swagger-resources/configuration/security]}" onto org.springframework.http.ResponseEntity<springfox.documentation.swagger.web.SecurityConfiguration> springfox.documentation.swagger.web.ApiResourceController.securityConfiguration()
2018-11-30 10:01:49.263 |-INFO  [main] org.springframework.web.servlet.mvc.method.annotation.RequestMappingHandlerMapping [543] -| Mapped "{[/swagger-resources/configuration/ui]}" onto org.springframework.http.ResponseEntity<springfox.documentation.swagger.web.UiConfiguration> springfox.documentation.swagger.web.ApiResourceController.uiConfiguration()
2018-11-30 10:01:49.264 |-INFO  [main] org.springframework.web.servlet.mvc.method.annotation.RequestMappingHandlerMapping [543] -| Mapped "{[/swagger-resources]}" onto org.springframework.http.ResponseEntity<java.util.List<springfox.documentation.swagger.web.SwaggerResource>> springfox.documentation.swagger.web.ApiResourceController.swaggerResources()
2018-11-30 10:01:49.266 |-INFO  [main] org.springframework.web.servlet.mvc.method.annotation.RequestMappingHandlerMapping [543] -| Mapped "{[/error]}" onto public org.springframework.http.ResponseEntity<java.util.Map<java.lang.String, java.lang.Object>> org.springframework.boot.autoconfigure.web.BasicErrorController.error(javax.servlet.http.HttpServletRequest)
2018-11-30 10:01:49.266 |-INFO  [main] org.springframework.web.servlet.mvc.method.annotation.RequestMappingHandlerMapping [543] -| Mapped "{[/error],produces=[text/html]}" onto public org.springframework.web.servlet.ModelAndView org.springframework.boot.autoconfigure.web.BasicErrorController.errorHtml(javax.servlet.http.HttpServletRequest,javax.servlet.http.HttpServletResponse)
2018-11-30 10:01:49.632 |-INFO  [main] org.springframework.web.servlet.mvc.method.annotation.RequestMappingHandlerAdapter [534] -| Looking for @ControllerAdvice: org.springframework.boot.context.embedded.AnnotationConfigEmbeddedWebApplicationContext@3568f9d2: startup date [Fri Nov 30 10:01:40 CST 2018]; root of context hierarchy
2018-11-30 10:01:49.690 |-INFO  [main] org.springframework.web.servlet.handler.SimpleUrlHandlerMapping [362] -| Mapped URL path [/webjars/**] onto handler of type [class org.springframework.web.servlet.resource.ResourceHttpRequestHandler]
2018-11-30 10:01:49.691 |-INFO  [main] org.springframework.web.servlet.handler.SimpleUrlHandlerMapping [362] -| Mapped URL path [/**] onto handler of type [class org.springframework.web.servlet.resource.ResourceHttpRequestHandler]
2018-11-30 10:01:49.712 |-INFO  [main] org.springframework.web.servlet.mvc.method.annotation.ExceptionHandlerExceptionResolver [273] -| Detected @ExceptionHandler methods in globalControllerExceptionHandler
2018-11-30 10:01:49.749 |-INFO  [main] org.springframework.web.servlet.handler.SimpleUrlHandlerMapping [362] -| Mapped URL path [/**/favicon.ico] onto handler of type [class org.springframework.web.servlet.resource.ResourceHttpRequestHandler]
2018-11-30 10:01:50.199 |-INFO  [main] org.springframework.jmx.export.annotation.AnnotationMBeanExporter [431] -| Registering beans for JMX exposure on startup
2018-11-30 10:01:50.210 |-INFO  [main] org.springframework.context.support.DefaultLifecycleProcessor [343] -| Starting beans in phase 2147483647
2018-11-30 10:01:50.210 |-INFO  [main] springfox.documentation.spring.web.plugins.DocumentationPluginsBootstrapper [120] -| Context refreshed
2018-11-30 10:01:50.229 |-INFO  [main] springfox.documentation.spring.web.plugins.DocumentationPluginsBootstrapper [123] -| Found 1 custom documentation plugin(s)
2018-11-30 10:01:50.244 |-INFO  [main] springfox.documentation.spring.web.scanners.ApiListingReferenceScanner [41] -| Scanning for api listing references
2018-11-30 10:01:50.587 |-INFO  [main] springfox.documentation.spring.web.readers.operation.CachingOperationNameGenerator [40] -| Generating unique operation named: payUsingPOST_1
2018-11-30 10:01:51.085 |-INFO  [main] springfox.documentation.spring.web.readers.operation.CachingOperationNameGenerator [40] -| Generating unique operation named: saveUsingPOST_1
2018-11-30 10:01:51.152 |-INFO  [main] springfox.documentation.spring.web.readers.operation.CachingOperationNameGenerator [40] -| Generating unique operation named: saveUsingPOST_2
2018-11-30 10:01:51.165 |-INFO  [main] springfox.documentation.spring.web.readers.operation.CachingOperationNameGenerator [40] -| Generating unique operation named: queryAllUsingGET_1
2018-11-30 10:01:51.169 |-INFO  [main] springfox.documentation.spring.web.readers.operation.CachingOperationNameGenerator [40] -| Generating unique operation named: saveUsingPOST_3
2018-11-30 10:01:51.218 |-INFO  [main] org.hibernate.hql.internal.QueryTranslatorFactoryInitiator [47] -| HHH000397: Using ASTQueryTranslatorFactory
2018-11-30 10:01:51.314 |-INFO  [main] org.apache.coyote.http11.Http11NioProtocol [179] -| Initializing ProtocolHandler ["http-nio-8000"]
2018-11-30 10:01:51.326 |-INFO  [main] org.apache.coyote.http11.Http11NioProtocol [179] -| Starting ProtocolHandler ["http-nio-8000"]
2018-11-30 10:01:51.337 |-INFO  [main] org.apache.tomcat.util.net.NioSelectorPool [179] -| Using a shared selector for servlet write/read
2018-11-30 10:01:51.355 |-INFO  [main] org.springframework.boot.context.embedded.tomcat.TomcatEmbeddedServletContainer [201] -| Tomcat started on port(s): 8000 (http)
2018-11-30 10:01:51.361 |-INFO  [main] com.pay.PayApplication [57] -| Started PayApplication in 11.71 seconds (JVM running for 12.401)
2018-11-30 10:02:04.205 |-INFO  [main] com.pay.PayApplication [48] -| Starting PayApplication on yzm with PID 8204 (D:\workspace2\sshapp-pro\pay\target\classes started by www78 in D:\workspace2\sshapp-pro\pay)
2018-11-30 10:02:04.209 |-INFO  [main] com.pay.PayApplication [597] -| The following profiles are active: dev
2018-11-30 10:02:04.260 |-INFO  [main] org.springframework.boot.context.embedded.AnnotationConfigEmbeddedWebApplicationContext [583] -| Refreshing org.springframework.boot.context.embedded.AnnotationConfigEmbeddedWebApplicationContext@3568f9d2: startup date [Fri Nov 30 10:02:04 CST 2018]; root of context hierarchy
2018-11-30 10:02:04.409 |-INFO  [background-preinit] org.hibernate.validator.internal.util.Version [30] -| HV000001: Hibernate Validator 5.3.5.Final
2018-11-30 10:02:05.823 |-INFO  [main] org.springframework.context.support.PostProcessorRegistrationDelegate$BeanPostProcessorChecker [325] -| Bean 'org.springframework.transaction.annotation.ProxyTransactionManagementConfiguration' of type [org.springframework.transaction.annotation.ProxyTransactionManagementConfiguration$$EnhancerBySpringCGLIB$$5ab20529] is not eligible for getting processed by all BeanPostProcessors (for example: not eligible for auto-proxying)
2018-11-30 10:02:06.406 |-INFO  [main] org.springframework.boot.context.embedded.tomcat.TomcatEmbeddedServletContainer [89] -| Tomcat initialized with port(s): 8008 (http)
2018-11-30 10:02:06.415 |-INFO  [main] org.apache.catalina.core.StandardService [179] -| Starting service [Tomcat]
2018-11-30 10:02:06.416 |-INFO  [main] org.apache.catalina.core.StandardEngine [179] -| Starting Servlet Engine: Apache Tomcat/8.5.16
2018-11-30 10:02:06.530 |-INFO  [localhost-startStop-1] org.apache.catalina.core.ContainerBase.[Tomcat].[localhost].[/pay] [179] -| Initializing Spring embedded WebApplicationContext
2018-11-30 10:02:06.530 |-INFO  [localhost-startStop-1] org.springframework.web.context.ContextLoader [276] -| Root WebApplicationContext: initialization completed in 2271 ms
2018-11-30 10:02:06.694 |-INFO  [localhost-startStop-1] org.springframework.boot.web.servlet.ServletRegistrationBean [190] -| Mapping servlet: 'dispatcherServlet' to [/]
2018-11-30 10:02:06.699 |-INFO  [localhost-startStop-1] org.springframework.boot.web.servlet.FilterRegistrationBean [258] -| Mapping filter: 'characterEncodingFilter' to: [/*]
2018-11-30 10:02:06.700 |-INFO  [localhost-startStop-1] org.springframework.boot.web.servlet.FilterRegistrationBean [258] -| Mapping filter: 'hiddenHttpMethodFilter' to: [/*]
2018-11-30 10:02:06.700 |-INFO  [localhost-startStop-1] org.springframework.boot.web.servlet.FilterRegistrationBean [258] -| Mapping filter: 'httpPutFormContentFilter' to: [/*]
2018-11-30 10:02:06.700 |-INFO  [localhost-startStop-1] org.springframework.boot.web.servlet.FilterRegistrationBean [258] -| Mapping filter: 'requestContextFilter' to: [/*]
2018-11-30 10:02:08.343 |-INFO  [main] org.springframework.orm.jpa.LocalContainerEntityManagerFactoryBean [349] -| Building JPA container EntityManagerFactory for persistence unit 'default'
2018-11-30 10:02:08.355 |-INFO  [main] org.hibernate.jpa.internal.util.LogHelper [31] -| HHH000204: Processing PersistenceUnitInfo [
	name: default
	...]
2018-11-30 10:02:08.413 |-INFO  [main] org.hibernate.Version [37] -| HHH000412: Hibernate Core {5.0.12.Final}
2018-11-30 10:02:08.415 |-INFO  [main] org.hibernate.cfg.Environment [213] -| HHH000206: hibernate.properties not found
2018-11-30 10:02:08.415 |-INFO  [main] org.hibernate.cfg.Environment [317] -| HHH000021: Bytecode provider name : javassist
2018-11-30 10:02:08.459 |-INFO  [main] org.hibernate.annotations.common.Version [66] -| HCANN000001: Hibernate Commons Annotations {5.0.1.Final}
2018-11-30 10:02:08.676 |-INFO  [main] org.hibernate.dialect.Dialect [156] -| HHH000400: Using dialect: org.hibernate.dialect.MySQL5Dialect
2018-11-30 10:02:09.107 |-INFO  [main] org.hibernate.tool.hbm2ddl.SchemaUpdate [105] -| HHH000228: Running hbm2ddl schema update
2018-11-30 10:02:10.442 |-INFO  [main] org.springframework.orm.jpa.LocalContainerEntityManagerFactoryBean [379] -| Initialized JPA EntityManagerFactory for persistence unit 'default'
2018-11-30 10:02:10.910 |-INFO  [main] org.springframework.web.servlet.view.freemarker.FreeMarkerConfigurer [127] -| ClassTemplateLoader for Spring macros added to FreeMarker configuration
2018-11-30 10:02:11.601 |-INFO  [main] org.springframework.web.servlet.mvc.method.annotation.RequestMappingHandlerMapping [543] -| Mapped "{[/alipay/notify],methods=[POST]}" onto public void com.pay.controller.AlipayController.notify(javax.servlet.http.HttpServletRequest,javax.servlet.http.HttpServletResponse) throws java.lang.Exception
2018-11-30 10:02:11.602 |-INFO  [main] org.springframework.web.servlet.mvc.method.annotation.RequestMappingHandlerMapping [543] -| Mapped "{[/alipay/close]}" onto public java.util.Map<java.lang.String, java.lang.Object> com.pay.controller.AlipayController.close(java.lang.String,java.lang.String)
2018-11-30 10:02:11.603 |-INFO  [main] org.springframework.web.servlet.mvc.method.annotation.RequestMappingHandlerMapping [543] -| Mapped "{[/alipay/query]}" onto public java.util.Map<java.lang.String, java.lang.Object> com.pay.controller.AlipayController.query(java.lang.String)
2018-11-30 10:02:11.603 |-INFO  [main] org.springframework.web.servlet.mvc.method.annotation.RequestMappingHandlerMapping [543] -| Mapped "{[/alipay/returnUrl]}" onto public org.springframework.web.servlet.ModelAndView com.pay.controller.AlipayController.returnUrl()
2018-11-30 10:02:11.603 |-INFO  [main] org.springframework.web.servlet.mvc.method.annotation.RequestMappingHandlerMapping [543] -| Mapped "{[/alipay/my_notify]}" onto public java.util.Map<java.lang.String, java.lang.Object> com.pay.controller.AlipayController.myNotify(java.lang.String)
2018-11-30 10:02:11.604 |-INFO  [main] org.springframework.web.servlet.mvc.method.annotation.RequestMappingHandlerMapping [543] -| Mapped "{[/alipay/refund]}" onto public java.util.Map<java.lang.String, java.lang.Object> com.pay.controller.AlipayController.refund(java.lang.String,java.lang.String,java.lang.String,java.lang.String,java.lang.String,java.lang.String,java.lang.String) throws java.lang.Exception
2018-11-30 10:02:11.604 |-INFO  [main] org.springframework.web.servlet.mvc.method.annotation.RequestMappingHandlerMapping [543] -| Mapped "{[/alipay/pay_supplier]}" onto public void com.pay.controller.AlipayController.paySupplier(java.lang.String,javax.servlet.http.HttpServletRequest,javax.servlet.http.HttpServletResponse) throws java.lang.Exception
2018-11-30 10:02:11.604 |-INFO  [main] org.springframework.web.servlet.mvc.method.annotation.RequestMappingHandlerMapping [543] -| Mapped "{[/alipay/pay2]}" onto public void com.pay.controller.AlipayController.pay(java.lang.String,java.lang.String,java.lang.String,java.lang.String,java.lang.String,java.lang.String,java.lang.String,java.lang.String,java.lang.String,java.lang.String,java.lang.String,java.lang.String,java.lang.String,javax.servlet.http.HttpServletResponse) throws java.lang.Exception
2018-11-30 10:02:11.604 |-INFO  [main] org.springframework.web.servlet.mvc.method.annotation.RequestMappingHandlerMapping [543] -| Mapped "{[/alipay/pay],methods=[POST]}" onto public void com.pay.controller.AlipayController.pay(java.lang.String,java.lang.String,java.lang.String,javax.servlet.http.HttpServletResponse) throws java.lang.Exception
2018-11-30 10:02:11.605 |-INFO  [main] org.springframework.web.servlet.mvc.method.annotation.RequestMappingHandlerMapping [543] -| Mapped "{[/alipay/query_refund]}" onto public java.util.Map<java.lang.String, java.lang.Object> com.pay.controller.AlipayController.queryRefund(java.lang.String,java.lang.String) throws java.lang.Exception
2018-11-30 10:02:11.605 |-INFO  [main] org.springframework.web.servlet.mvc.method.annotation.RequestMappingHandlerMapping [543] -| Mapped "{[/alipay/download_bill]}" onto public java.util.Map<java.lang.String, java.lang.Object> com.pay.controller.AlipayController.downloadBill(java.lang.String,java.lang.String,javax.servlet.http.HttpServletResponse) throws java.lang.Exception
2018-11-30 10:02:11.605 |-INFO  [main] org.springframework.web.servlet.mvc.method.annotation.RequestMappingHandlerMapping [543] -| Mapped "{[/alipay/pay_test]}" onto public void com.pay.controller.AlipayController.doPost(java.lang.String,javax.servlet.http.HttpServletRequest,javax.servlet.http.HttpServletResponse) throws javax.servlet.ServletException,java.io.IOException
2018-11-30 10:02:11.607 |-INFO  [main] org.springframework.web.servlet.mvc.method.annotation.RequestMappingHandlerMapping [543] -| Mapped "{[/appParam/save],methods=[POST]}" onto public com.pay.vo.ResponseVO com.pay.controller.AppParamController.save(java.lang.Long,java.lang.String)
2018-11-30 10:02:11.607 |-INFO  [main] org.springframework.web.servlet.mvc.method.annotation.RequestMappingHandlerMapping [543] -| Mapped "{[/appParam/query_one],methods=[GET]}" onto public com.pay.vo.ResponseVO com.pay.controller.AppParamController.queryOne(java.lang.String)
2018-11-30 10:02:11.607 |-INFO  [main] org.springframework.web.servlet.mvc.method.annotation.RequestMappingHandlerMapping [543] -| Mapped "{[/appParam/query_all],methods=[GET]}" onto public java.util.Map<java.lang.String, java.lang.Object> com.pay.controller.AppParamController.queryAll(java.lang.Integer,java.lang.Integer)
2018-11-30 10:02:11.609 |-INFO  [main] org.springframework.web.servlet.mvc.method.annotation.RequestMappingHandlerMapping [543] -| Mapped "{[/common/index],methods=[GET]}" onto public org.springframework.web.servlet.ModelAndView com.pay.controller.CommonController.index(javax.servlet.http.HttpServletRequest)
2018-11-30 10:02:11.609 |-INFO  [main] org.springframework.web.servlet.mvc.method.annotation.RequestMappingHandlerMapping [543] -| Mapped "{[/common/login],methods=[POST]}" onto public com.pay.vo.ResponseVO com.pay.controller.CommonController.login(com.pay.entity.User,javax.servlet.http.HttpServletRequest)
2018-11-30 10:02:11.610 |-INFO  [main] org.springframework.web.servlet.mvc.method.annotation.RequestMappingHandlerMapping [543] -| Mapped "{[/common/register_by_email],methods=[POST]}" onto public com.pay.vo.ResponseVO com.pay.controller.CommonController.registerByEmail(com.pay.entity.User)
2018-11-30 10:02:11.610 |-INFO  [main] org.springframework.web.servlet.mvc.method.annotation.RequestMappingHandlerMapping [543] -| Mapped "{[/common/show_register],methods=[GET]}" onto public org.springframework.web.servlet.ModelAndView com.pay.controller.CommonController.showRegister(javax.servlet.http.HttpServletRequest)
2018-11-30 10:02:11.610 |-INFO  [main] org.springframework.web.servlet.mvc.method.annotation.RequestMappingHandlerMapping [543] -| Mapped "{[/common/register_by_phone],methods=[POST]}" onto public com.pay.vo.ResponseVO com.pay.controller.CommonController.registerByPhone(com.pay.entity.User,javax.servlet.http.HttpServletRequest)
2018-11-30 10:02:11.611 |-INFO  [main] org.springframework.web.servlet.mvc.method.annotation.RequestMappingHandlerMapping [543] -| Mapped "{[/common/logout],methods=[GET]}" onto public void com.pay.controller.CommonController.logout(javax.servlet.http.HttpServletRequest,javax.servlet.http.HttpServletResponse) throws java.lang.Exception
2018-11-30 10:02:11.611 |-INFO  [main] org.springframework.web.servlet.mvc.method.annotation.RequestMappingHandlerMapping [543] -| Mapped "{[/common/show_login],methods=[GET]}" onto public org.springframework.web.servlet.ModelAndView com.pay.controller.CommonController.showLogin(javax.servlet.http.HttpServletRequest)
2018-11-30 10:02:11.611 |-INFO  [main] org.springframework.web.servlet.mvc.method.annotation.RequestMappingHandlerMapping [543] -| Mapped "{[/common/navigate],methods=[GET]}" onto public org.springframework.web.servlet.ModelAndView com.pay.controller.CommonController.navigate(java.lang.String,javax.servlet.http.HttpServletRequest)
2018-11-30 10:02:11.612 |-INFO  [main] org.springframework.web.servlet.mvc.method.annotation.RequestMappingHandlerMapping [543] -| Mapped "{[/givenInvoice/save]}" onto public org.springframework.web.servlet.ModelAndView com.pay.controller.GivenInvoiceController.save(com.pay.entity.GivenInvoice)
2018-11-30 10:02:11.612 |-INFO  [main] org.springframework.web.servlet.mvc.method.annotation.RequestMappingHandlerMapping [543] -| Mapped "{[/givenInvoice/query_all]}" onto public java.util.Map<java.lang.String, java.lang.Object> com.pay.controller.GivenInvoiceController.queryAll(java.lang.Integer,java.lang.Integer,java.lang.String)
2018-11-30 10:02:11.612 |-INFO  [main] org.springframework.web.servlet.mvc.method.annotation.RequestMappingHandlerMapping [543] -| Mapped "{[/givenInvoice/modify]}" onto public org.springframework.web.servlet.ModelAndView com.pay.controller.GivenInvoiceController.modify(com.pay.entity.GivenInvoice)
2018-11-30 10:02:11.613 |-INFO  [main] org.springframework.web.servlet.mvc.method.annotation.RequestMappingHandlerMapping [543] -| Mapped "{[/]}" onto public java.lang.String com.pay.controller.IndexController.index()
2018-11-30 10:02:11.615 |-INFO  [main] org.springframework.web.servlet.mvc.method.annotation.RequestMappingHandlerMapping [543] -| Mapped "{[/invoice/toXml],methods=[POST]}" onto public void com.pay.controller.InvoiceController.generate(java.lang.String,javax.servlet.http.HttpServletResponse) throws java.lang.Exception
2018-11-30 10:02:11.615 |-INFO  [main] org.springframework.web.servlet.mvc.method.annotation.RequestMappingHandlerMapping [543] -| Mapped "{[/invoice/save_header],methods=[POST]}" onto public java.util.Map<java.lang.String, java.lang.Object> com.pay.controller.InvoiceController.saveHeader(java.lang.String,java.lang.String,java.lang.String,java.lang.String,java.lang.String,java.lang.String,java.lang.String) throws java.lang.Exception
2018-11-30 10:02:11.615 |-INFO  [main] org.springframework.web.servlet.mvc.method.annotation.RequestMappingHandlerMapping [543] -| Mapped "{[/invoice/query_all],methods=[GET]}" onto public java.util.Map<java.lang.String, java.lang.Object> com.pay.controller.InvoiceController.queryAll(java.lang.Integer,java.lang.Integer,java.lang.String)
2018-11-30 10:02:11.616 |-INFO  [main] org.springframework.web.servlet.mvc.method.annotation.RequestMappingHandlerMapping [543] -| Mapped "{[/invoice/importExcel],methods=[POST]}" onto public com.pay.vo.ResponseVO com.pay.controller.InvoiceController.importExcel(javax.servlet.http.HttpServletRequest,javax.servlet.http.HttpServletResponse) throws java.lang.Exception
2018-11-30 10:02:11.616 |-INFO  [main] org.springframework.web.servlet.mvc.method.annotation.RequestMappingHandlerMapping [543] -| Mapped "{[/invoice/unDraw_toExcel],methods=[POST]}" onto public void com.pay.controller.InvoiceController.unDraw2Excel(javax.servlet.http.HttpServletResponse) throws java.lang.Exception
2018-11-30 10:02:11.616 |-INFO  [main] org.springframework.web.servlet.mvc.method.annotation.RequestMappingHandlerMapping [543] -| Mapped "{[/invoice/toExcel],methods=[POST]}" onto public void com.pay.controller.InvoiceController.invoice2Word(java.lang.String,javax.servlet.http.HttpServletResponse) throws java.lang.Exception
2018-11-30 10:02:11.617 |-INFO  [main] org.springframework.web.servlet.mvc.method.annotation.RequestMappingHandlerMapping [543] -| Mapped "{[/payInfo/query_trade_success]}" onto public java.util.Map<java.lang.String, java.lang.Object> com.pay.controller.PayInfoController.queryTradeSuccess(java.lang.Integer,java.lang.Integer,com.pay.entity.PayInfo)
2018-11-30 10:02:11.618 |-INFO  [main] org.springframework.web.servlet.mvc.method.annotation.RequestMappingHandlerMapping [543] -| Mapped "{[/sms/send_code],methods=[POST]}" onto public com.pay.vo.ResponseVO com.pay.controller.SmsController.sendCode(java.lang.String)
2018-11-30 10:02:11.618 |-INFO  [main] org.springframework.web.servlet.mvc.method.annotation.RequestMappingHandlerMapping [543] -| Mapped "{[/user/save],methods=[POST]}" onto public org.springframework.web.servlet.ModelAndView com.pay.controller.UserController.save(com.pay.entity.User,org.apache.catalina.servlet4preview.http.HttpServletRequest)
2018-11-30 10:02:11.619 |-INFO  [main] org.springframework.web.servlet.mvc.method.annotation.RequestMappingHandlerMapping [543] -| Mapped "{[/user/query_by_username],methods=[GET]}" onto public com.pay.vo.ResponseVO com.pay.controller.UserController.queryByUsername(java.lang.String)
2018-11-30 10:02:11.619 |-INFO  [main] org.springframework.web.servlet.mvc.method.annotation.RequestMappingHandlerMapping [543] -| Mapped "{[/whiteList/delete],methods=[GET]}" onto public void com.pay.controller.WhiteListController.delete(java.lang.Long)
2018-11-30 10:02:11.620 |-INFO  [main] org.springframework.web.servlet.mvc.method.annotation.RequestMappingHandlerMapping [543] -| Mapped "{[/whiteList/save],methods=[POST]}" onto public org.springframework.web.servlet.ModelAndView com.pay.controller.WhiteListController.save(com.pay.entity.WhiteList)
2018-11-30 10:02:11.620 |-INFO  [main] org.springframework.web.servlet.mvc.method.annotation.RequestMappingHandlerMapping [543] -| Mapped "{[/whiteList/query_all],methods=[GET]}" onto public java.util.Map<java.lang.String, java.lang.Object> com.pay.controller.WhiteListController.queryAll(java.lang.Integer,java.lang.Integer,org.apache.catalina.servlet4preview.http.HttpServletRequest)
2018-11-30 10:02:11.622 |-INFO  [main] org.springframework.web.servlet.mvc.method.annotation.RequestMappingHandlerMapping [543] -| Mapped "{[/v2/api-docs],methods=[GET],produces=[application/json || application/hal+json]}" onto public org.springframework.http.ResponseEntity<springfox.documentation.spring.web.json.Json> springfox.documentation.swagger2.web.Swagger2Controller.getDocumentation(java.lang.String,javax.servlet.http.HttpServletRequest)
2018-11-30 10:02:11.625 |-INFO  [main] org.springframework.web.servlet.mvc.method.annotation.RequestMappingHandlerMapping [543] -| Mapped "{[/swagger-resources/configuration/ui]}" onto org.springframework.http.ResponseEntity<springfox.documentation.swagger.web.UiConfiguration> springfox.documentation.swagger.web.ApiResourceController.uiConfiguration()
2018-11-30 10:02:11.626 |-INFO  [main] org.springframework.web.servlet.mvc.method.annotation.RequestMappingHandlerMapping [543] -| Mapped "{[/swagger-resources]}" onto org.springframework.http.ResponseEntity<java.util.List<springfox.documentation.swagger.web.SwaggerResource>> springfox.documentation.swagger.web.ApiResourceController.swaggerResources()
2018-11-30 10:02:11.627 |-INFO  [main] org.springframework.web.servlet.mvc.method.annotation.RequestMappingHandlerMapping [543] -| Mapped "{[/swagger-resources/configuration/security]}" onto org.springframework.http.ResponseEntity<springfox.documentation.swagger.web.SecurityConfiguration> springfox.documentation.swagger.web.ApiResourceController.securityConfiguration()
2018-11-30 10:02:11.630 |-INFO  [main] org.springframework.web.servlet.mvc.method.annotation.RequestMappingHandlerMapping [543] -| Mapped "{[/error]}" onto public org.springframework.http.ResponseEntity<java.util.Map<java.lang.String, java.lang.Object>> org.springframework.boot.autoconfigure.web.BasicErrorController.error(javax.servlet.http.HttpServletRequest)
2018-11-30 10:02:11.630 |-INFO  [main] org.springframework.web.servlet.mvc.method.annotation.RequestMappingHandlerMapping [543] -| Mapped "{[/error],produces=[text/html]}" onto public org.springframework.web.servlet.ModelAndView org.springframework.boot.autoconfigure.web.BasicErrorController.errorHtml(javax.servlet.http.HttpServletRequest,javax.servlet.http.HttpServletResponse)
2018-11-30 10:02:12.015 |-INFO  [main] org.springframework.web.servlet.mvc.method.annotation.RequestMappingHandlerAdapter [534] -| Looking for @ControllerAdvice: org.springframework.boot.context.embedded.AnnotationConfigEmbeddedWebApplicationContext@3568f9d2: startup date [Fri Nov 30 10:02:04 CST 2018]; root of context hierarchy
2018-11-30 10:02:12.081 |-INFO  [main] org.springframework.web.servlet.handler.SimpleUrlHandlerMapping [362] -| Mapped URL path [/webjars/**] onto handler of type [class org.springframework.web.servlet.resource.ResourceHttpRequestHandler]
2018-11-30 10:02:12.081 |-INFO  [main] org.springframework.web.servlet.handler.SimpleUrlHandlerMapping [362] -| Mapped URL path [/**] onto handler of type [class org.springframework.web.servlet.resource.ResourceHttpRequestHandler]
2018-11-30 10:02:12.102 |-INFO  [main] org.springframework.web.servlet.mvc.method.annotation.ExceptionHandlerExceptionResolver [273] -| Detected @ExceptionHandler methods in globalControllerExceptionHandler
2018-11-30 10:02:12.127 |-INFO  [main] org.springframework.web.servlet.handler.SimpleUrlHandlerMapping [362] -| Mapped URL path [/**/favicon.ico] onto handler of type [class org.springframework.web.servlet.resource.ResourceHttpRequestHandler]
2018-11-30 10:02:12.684 |-INFO  [main] org.springframework.jmx.export.annotation.AnnotationMBeanExporter [431] -| Registering beans for JMX exposure on startup
2018-11-30 10:02:12.702 |-INFO  [main] org.springframework.context.support.DefaultLifecycleProcessor [343] -| Starting beans in phase 2147483647
2018-11-30 10:02:12.702 |-INFO  [main] springfox.documentation.spring.web.plugins.DocumentationPluginsBootstrapper [120] -| Context refreshed
2018-11-30 10:02:12.742 |-INFO  [main] springfox.documentation.spring.web.plugins.DocumentationPluginsBootstrapper [123] -| Found 1 custom documentation plugin(s)
2018-11-30 10:02:12.766 |-INFO  [main] springfox.documentation.spring.web.scanners.ApiListingReferenceScanner [41] -| Scanning for api listing references
2018-11-30 10:02:13.203 |-INFO  [main] springfox.documentation.spring.web.readers.operation.CachingOperationNameGenerator [40] -| Generating unique operation named: payUsingPOST_1
2018-11-30 10:02:13.614 |-INFO  [main] springfox.documentation.spring.web.readers.operation.CachingOperationNameGenerator [40] -| Generating unique operation named: saveUsingPOST_1
2018-11-30 10:02:13.658 |-INFO  [main] springfox.documentation.spring.web.readers.operation.CachingOperationNameGenerator [40] -| Generating unique operation named: saveUsingPOST_2
2018-11-30 10:02:13.665 |-INFO  [main] springfox.documentation.spring.web.readers.operation.CachingOperationNameGenerator [40] -| Generating unique operation named: queryAllUsingGET_1
2018-11-30 10:02:13.668 |-INFO  [main] springfox.documentation.spring.web.readers.operation.CachingOperationNameGenerator [40] -| Generating unique operation named: saveUsingPOST_3
2018-11-30 10:02:13.709 |-INFO  [main] org.hibernate.hql.internal.QueryTranslatorFactoryInitiator [47] -| HHH000397: Using ASTQueryTranslatorFactory
2018-11-30 10:02:13.798 |-INFO  [main] org.apache.coyote.http11.Http11NioProtocol [179] -| Initializing ProtocolHandler ["http-nio-8008"]
2018-11-30 10:02:13.810 |-INFO  [main] org.apache.coyote.http11.Http11NioProtocol [179] -| Starting ProtocolHandler ["http-nio-8008"]
2018-11-30 10:02:13.825 |-INFO  [main] org.apache.tomcat.util.net.NioSelectorPool [179] -| Using a shared selector for servlet write/read
2018-11-30 10:02:13.845 |-INFO  [main] org.springframework.boot.context.embedded.tomcat.TomcatEmbeddedServletContainer [201] -| Tomcat started on port(s): 8008 (http)
2018-11-30 10:02:13.851 |-INFO  [main] com.pay.PayApplication [57] -| Started PayApplication in 10.422 seconds (JVM running for 10.963)
2018-11-30 10:04:20.981 |-INFO  [http-nio-8008-exec-2] org.apache.catalina.core.ContainerBase.[Tomcat].[localhost].[/pay] [179] -| Initializing Spring FrameworkServlet 'dispatcherServlet'
2018-11-30 10:04:20.981 |-INFO  [http-nio-8008-exec-2] org.springframework.web.servlet.DispatcherServlet [489] -| FrameworkServlet 'dispatcherServlet': initialization started
2018-11-30 10:04:21.003 |-INFO  [http-nio-8008-exec-2] org.springframework.web.servlet.DispatcherServlet [508] -| FrameworkServlet 'dispatcherServlet': initialization completed in 22 ms
2018-11-30 10:04:21.450 |-INFO  [http-nio-8008-exec-2] com.pay.aspect.PayAspect [65] -|  ip = 192.168.1.120 ,port = 49455 ,remoteSysName = wky,methodName = pay ,args = [null, null, http://192.168.1.120:9701/website/pay/notifUrl, 20181130094437502, 0.01, , null, null, null, null, null, null, null, org.apache.catalina.connector.ResponseFacade@4466ece3] 
2018-11-30 10:04:21.492 |-INFO  [http-nio-8008-exec-2] com.pay.service.AlipayService [148] -|  bizContent = {
  "out_trade_no": "20181130094437502",
  "total_amount": "0.01",
  "subject": "",
  "timeout_express": "90m",
  "goods_type": "0",
  "product_code": "FAST_INSTANT_TRADE_PAY"
}
2018-11-30 10:04:43.203 |-INFO  [http-nio-8008-exec-1] com.pay.aspect.PayAspect [65] -|  ip = 192.168.1.120 ,port = 49499 ,remoteSysName = wky,methodName = pay ,args = [null, null, http://192.168.1.120:9701/website/pay/notifUrl, 20181130094437502, 0.01, , null, null, null, null, null, null, null, org.apache.catalina.connector.ResponseFacade@4466ece3] 
2018-11-30 10:04:43.225 |-INFO  [http-nio-8008-exec-1] com.pay.service.AlipayService [148] -|  bizContent = {
  "out_trade_no": "20181130094437502",
  "total_amount": "0.01",
  "subject": "",
  "timeout_express": "90m",
  "goods_type": "0",
  "product_code": "FAST_INSTANT_TRADE_PAY"
}
2018-11-30 10:11:05.649 |-INFO  [pool-2-thread-1] com.pay.service.AlipayService [252] -|   notifyUrl = http://192.168.1.120:9701/website/pay/notifUrl
2018-11-30 10:11:05.832 |-INFO  [pool-2-thread-1] org.apache.commons.httpclient.auth.AuthChallengeProcessor [101] -| basic authentication scheme selected
2018-11-30 10:11:05.835 |-INFO  [pool-2-thread-1] org.apache.commons.httpclient.HttpMethodDirector [737] -| No credentials available for BASIC 'Realm'@192.168.1.120:9701
2018-11-30 10:11:05.835 |-WARN  [pool-2-thread-1] org.apache.commons.httpclient.HttpMethodBase [682] -| Going to buffer response body of large or unknown size. Using getResponseBodyAsStream instead is recommended.
2018-11-30 11:05:50.269 |-INFO  [http-nio-8008-exec-2] com.pay.aspect.PayAspect [65] -|  ip = 192.168.1.120 ,port = 50337 ,remoteSysName = wky,methodName = pay ,args = [null, null, http://192.168.1.120:9701/website/pay/notifUrl, 20181130094437503, 0.01, , null, null, null, null, null, null, null, org.apache.catalina.connector.ResponseFacade@4466ece3] 
2018-11-30 11:05:50.286 |-INFO  [http-nio-8008-exec-2] com.pay.service.AlipayService [148] -|  bizContent = {
  "out_trade_no": "20181130094437503",
  "total_amount": "0.01",
  "subject": "",
  "timeout_express": "90m",
  "goods_type": "0",
  "product_code": "FAST_INSTANT_TRADE_PAY"
}
2018-11-30 11:07:10.392 |-INFO  [pool-2-thread-2] com.pay.service.AlipayService [252] -|   notifyUrl = http://192.168.1.120:9701/website/pay/notifUrl
2018-11-30 11:10:03.406 |-INFO  [http-nio-8008-exec-9] com.pay.aspect.PayAspect [65] -|  ip = 192.168.1.120 ,port = 50386 ,remoteSysName = wky,methodName = pay ,args = [null, null, http://192.168.1.120:9701/website/pay/notifUrl, 20181130094437503, 0.01, , null, null, null, null, null, null, null, org.apache.catalina.connector.ResponseFacade@4466ece3] 
2018-11-30 13:54:28.223 |-INFO  [http-nio-8008-exec-1] com.pay.aspect.PayAspect [65] -|  ip = 192.168.1.120 ,port = 54258 ,remoteSysName = wky,methodName = pay ,args = [null, null, http://192.168.1.120:9701/website/pay/notifUrl, 20181130094437504, 0.01, , null, null, null, null, null, null, null, org.apache.catalina.connector.ResponseFacade@4466ece3] 
2018-11-30 13:54:28.250 |-INFO  [http-nio-8008-exec-1] com.pay.service.AlipayService [148] -|  bizContent = {
  "out_trade_no": "20181130094437504",
  "total_amount": "0.01",
  "subject": "",
  "timeout_express": "90m",
  "goods_type": "0",
  "product_code": "FAST_INSTANT_TRADE_PAY"
}
2018-11-30 13:54:46.834 |-INFO  [http-nio-8008-exec-4] com.pay.aspect.PayAspect [65] -|  ip = 192.168.1.120 ,port = 54273 ,remoteSysName = wky,methodName = pay ,args = [null, null, http://192.168.1.120:9701/website/pay/notifUrl, 20181130094437504, 0.01, , null, null, null, null, null, null, null, org.apache.catalina.connector.ResponseFacade@4466ece3] 
2018-11-30 13:54:46.856 |-INFO  [http-nio-8008-exec-4] com.pay.service.AlipayService [148] -|  bizContent = {
  "out_trade_no": "20181130094437504",
  "total_amount": "0.01",
  "subject": "",
  "timeout_express": "90m",
  "goods_type": "0",
  "product_code": "FAST_INSTANT_TRADE_PAY"
}
2018-11-30 13:56:09.409 |-INFO  [pool-2-thread-3] com.pay.service.AlipayService [252] -|   notifyUrl = http://192.168.1.120:9701/website/pay/notifUrl
2018-11-30 14:26:42.705 |-INFO  [http-nio-8008-exec-5] com.pay.aspect.PayAspect [65] -|  ip = 192.168.1.120 ,port = 54726 ,remoteSysName = wky,methodName = pay ,args = [null, null, http://192.168.1.120:9701/website/pay/notifUrl, 20181130094437505, 0.01, , null, null, null, null, null, null, null, org.apache.catalina.connector.ResponseFacade@4466ece3] 
2018-11-30 14:26:42.708 |-INFO  [http-nio-8008-exec-5] com.pay.service.AlipayService [148] -|  bizContent = {
  "out_trade_no": "20181130094437505",
  "total_amount": "0.01",
  "subject": "",
  "timeout_express": "90m",
  "goods_type": "0",
  "product_code": "FAST_INSTANT_TRADE_PAY"
}
2018-11-30 14:27:29.241 |-INFO  [pool-2-thread-4] com.pay.service.AlipayService [252] -|   notifyUrl = http://192.168.1.120:9701/website/pay/notifUrl
2018-11-30 14:30:26.672 |-INFO  [http-nio-8008-exec-5] com.pay.aspect.PayAspect [65] -|  ip = 192.168.1.120 ,port = 54795 ,remoteSysName = wky,methodName = pay ,args = [null, null, http://192.168.1.120:9701/website/pay/notifUrl, 20181130094437505, 0.01, , null, null, null, null, null, null, null, org.apache.catalina.connector.ResponseFacade@4466ece3] 
