2018-12-15 09:17:37.516 |-INFO  [main] com.pay.PayApplication [48] -| Starting PayApplication on yzm with PID 17244 (D:\workspace2\sshapp-pro\pay\target\classes started by www78 in D:\workspace2\sshapp-pro\pay)
2018-12-15 09:17:37.519 |-INFO  [main] com.pay.PayApplication [597] -| The following profiles are active: dev
2018-12-15 09:17:37.566 |-INFO  [main] org.springframework.boot.context.embedded.AnnotationConfigEmbeddedWebApplicationContext [583] -| Refreshing org.springframework.boot.context.embedded.AnnotationConfigEmbeddedWebApplicationContext@3568f9d2: startup date [Sat Dec 15 09:17:37 CST 2018]; root of context hierarchy
2018-12-15 09:17:37.681 |-INFO  [background-preinit] org.hibernate.validator.internal.util.Version [30] -| HV000001: Hibernate Validator 5.3.5.Final
2018-12-15 09:17:39.437 |-INFO  [main] org.springframework.context.support.PostProcessorRegistrationDelegate$BeanPostProcessorChecker [325] -| Bean 'org.springframework.transaction.annotation.ProxyTransactionManagementConfiguration' of type [org.springframework.transaction.annotation.ProxyTransactionManagementConfiguration$$EnhancerBySpringCGLIB$$8708972f] is not eligible for getting processed by all BeanPostProcessors (for example: not eligible for auto-proxying)
2018-12-15 09:17:39.993 |-INFO  [main] org.springframework.boot.context.embedded.tomcat.TomcatEmbeddedServletContainer [89] -| Tomcat initialized with port(s): 8008 (http)
2018-12-15 09:17:40.003 |-INFO  [main] org.apache.catalina.core.StandardService [179] -| Starting service [Tomcat]
2018-12-15 09:17:40.004 |-INFO  [main] org.apache.catalina.core.StandardEngine [179] -| Starting Servlet Engine: Apache Tomcat/8.5.16
2018-12-15 09:17:40.126 |-INFO  [localhost-startStop-1] org.apache.catalina.core.ContainerBase.[Tomcat].[localhost].[/pay] [179] -| Initializing Spring embedded WebApplicationContext
2018-12-15 09:17:40.126 |-INFO  [localhost-startStop-1] org.springframework.web.context.ContextLoader [276] -| Root WebApplicationContext: initialization completed in 2560 ms
2018-12-15 09:17:40.287 |-INFO  [localhost-startStop-1] org.springframework.boot.web.servlet.ServletRegistrationBean [190] -| Mapping servlet: 'dispatcherServlet' to [/]
2018-12-15 09:17:40.292 |-INFO  [localhost-startStop-1] org.springframework.boot.web.servlet.FilterRegistrationBean [258] -| Mapping filter: 'characterEncodingFilter' to: [/*]
2018-12-15 09:17:40.293 |-INFO  [localhost-startStop-1] org.springframework.boot.web.servlet.FilterRegistrationBean [258] -| Mapping filter: 'hiddenHttpMethodFilter' to: [/*]
2018-12-15 09:17:40.293 |-INFO  [localhost-startStop-1] org.springframework.boot.web.servlet.FilterRegistrationBean [258] -| Mapping filter: 'httpPutFormContentFilter' to: [/*]
2018-12-15 09:17:40.293 |-INFO  [localhost-startStop-1] org.springframework.boot.web.servlet.FilterRegistrationBean [258] -| Mapping filter: 'requestContextFilter' to: [/*]
2018-12-15 09:17:40.833 |-INFO  [main] org.springframework.orm.jpa.LocalContainerEntityManagerFactoryBean [349] -| Building JPA container EntityManagerFactory for persistence unit 'default'
2018-12-15 09:17:40.845 |-INFO  [main] org.hibernate.jpa.internal.util.LogHelper [31] -| HHH000204: Processing PersistenceUnitInfo [
	name: default
	...]
2018-12-15 09:17:40.929 |-INFO  [main] org.hibernate.Version [37] -| HHH000412: Hibernate Core {5.0.12.Final}
2018-12-15 09:17:40.931 |-INFO  [main] org.hibernate.cfg.Environment [213] -| HHH000206: hibernate.properties not found
2018-12-15 09:17:40.932 |-INFO  [main] org.hibernate.cfg.Environment [317] -| HHH000021: Bytecode provider name : javassist
2018-12-15 09:17:40.982 |-INFO  [main] org.hibernate.annotations.common.Version [66] -| HCANN000001: Hibernate Commons Annotations {5.0.1.Final}
2018-12-15 09:17:41.241 |-INFO  [main] org.hibernate.dialect.Dialect [156] -| HHH000400: Using dialect: org.hibernate.dialect.MySQL5Dialect
2018-12-15 09:17:41.721 |-INFO  [main] org.hibernate.tool.hbm2ddl.SchemaUpdate [105] -| HHH000228: Running hbm2ddl schema update
2018-12-15 09:17:42.128 |-INFO  [main] org.springframework.orm.jpa.LocalContainerEntityManagerFactoryBean [379] -| Initialized JPA EntityManagerFactory for persistence unit 'default'
2018-12-15 09:17:42.630 |-INFO  [main] org.springframework.web.servlet.view.freemarker.FreeMarkerConfigurer [127] -| ClassTemplateLoader for Spring macros added to FreeMarker configuration
2018-12-15 09:17:43.320 |-INFO  [main] org.springframework.web.servlet.mvc.method.annotation.RequestMappingHandlerMapping [543] -| Mapped "{[/alipay/notify],methods=[POST]}" onto public void com.pay.controller.AlipayController.notify(javax.servlet.http.HttpServletRequest,javax.servlet.http.HttpServletResponse) throws java.lang.Exception
2018-12-15 09:17:43.321 |-INFO  [main] org.springframework.web.servlet.mvc.method.annotation.RequestMappingHandlerMapping [543] -| Mapped "{[/alipay/close]}" onto public java.util.Map<java.lang.String, java.lang.Object> com.pay.controller.AlipayController.close(java.lang.String,java.lang.String)
2018-12-15 09:17:43.322 |-INFO  [main] org.springframework.web.servlet.mvc.method.annotation.RequestMappingHandlerMapping [543] -| Mapped "{[/alipay/query]}" onto public java.util.Map<java.lang.String, java.lang.Object> com.pay.controller.AlipayController.query(java.lang.String)
2018-12-15 09:17:43.322 |-INFO  [main] org.springframework.web.servlet.mvc.method.annotation.RequestMappingHandlerMapping [543] -| Mapped "{[/alipay/returnUrl]}" onto public org.springframework.web.servlet.ModelAndView com.pay.controller.AlipayController.returnUrl()
2018-12-15 09:17:43.322 |-INFO  [main] org.springframework.web.servlet.mvc.method.annotation.RequestMappingHandlerMapping [543] -| Mapped "{[/alipay/pay_supplier]}" onto public void com.pay.controller.AlipayController.paySupplier(java.lang.String,javax.servlet.http.HttpServletRequest,javax.servlet.http.HttpServletResponse) throws java.lang.Exception
2018-12-15 09:17:43.323 |-INFO  [main] org.springframework.web.servlet.mvc.method.annotation.RequestMappingHandlerMapping [543] -| Mapped "{[/alipay/my_notify]}" onto public java.util.Map<java.lang.String, java.lang.Object> com.pay.controller.AlipayController.myNotify(java.lang.String)
2018-12-15 09:17:43.323 |-INFO  [main] org.springframework.web.servlet.mvc.method.annotation.RequestMappingHandlerMapping [543] -| Mapped "{[/alipay/refund]}" onto public java.util.Map<java.lang.String, java.lang.Object> com.pay.controller.AlipayController.refund(java.lang.String,java.lang.String,java.lang.String,java.lang.String,java.lang.String,java.lang.String,java.lang.String) throws java.lang.Exception
2018-12-15 09:17:43.323 |-INFO  [main] org.springframework.web.servlet.mvc.method.annotation.RequestMappingHandlerMapping [543] -| Mapped "{[/alipay/pay],methods=[POST]}" onto public void com.pay.controller.AlipayController.pay(java.lang.String,java.lang.String,java.lang.String,javax.servlet.http.HttpServletResponse) throws java.lang.Exception
2018-12-15 09:17:43.323 |-INFO  [main] org.springframework.web.servlet.mvc.method.annotation.RequestMappingHandlerMapping [543] -| Mapped "{[/alipay/pay2]}" onto public void com.pay.controller.AlipayController.pay(java.lang.String,java.lang.String,java.lang.String,java.lang.String,java.lang.String,java.lang.String,java.lang.String,java.lang.String,java.lang.String,java.lang.String,java.lang.String,java.lang.String,java.lang.String,javax.servlet.http.HttpServletResponse) throws java.lang.Exception
2018-12-15 09:17:43.324 |-INFO  [main] org.springframework.web.servlet.mvc.method.annotation.RequestMappingHandlerMapping [543] -| Mapped "{[/alipay/download_bill]}" onto public java.util.Map<java.lang.String, java.lang.Object> com.pay.controller.AlipayController.downloadBill(java.lang.String,java.lang.String,javax.servlet.http.HttpServletResponse) throws java.lang.Exception
2018-12-15 09:17:43.324 |-INFO  [main] org.springframework.web.servlet.mvc.method.annotation.RequestMappingHandlerMapping [543] -| Mapped "{[/alipay/query_refund]}" onto public java.util.Map<java.lang.String, java.lang.Object> com.pay.controller.AlipayController.queryRefund(java.lang.String,java.lang.String) throws java.lang.Exception
2018-12-15 09:17:43.324 |-INFO  [main] org.springframework.web.servlet.mvc.method.annotation.RequestMappingHandlerMapping [543] -| Mapped "{[/alipay/pay_test]}" onto public void com.pay.controller.AlipayController.doPost(java.lang.String,javax.servlet.http.HttpServletRequest,javax.servlet.http.HttpServletResponse) throws javax.servlet.ServletException,java.io.IOException
2018-12-15 09:17:43.327 |-INFO  [main] org.springframework.web.servlet.mvc.method.annotation.RequestMappingHandlerMapping [543] -| Mapped "{[/appParam/save],methods=[POST]}" onto public com.pay.vo.ResponseVO com.pay.controller.AppParamController.save(java.lang.Long,java.lang.String)
2018-12-15 09:17:43.327 |-INFO  [main] org.springframework.web.servlet.mvc.method.annotation.RequestMappingHandlerMapping [543] -| Mapped "{[/appParam/query_one],methods=[GET]}" onto public com.pay.vo.ResponseVO com.pay.controller.AppParamController.queryOne(java.lang.String)
2018-12-15 09:17:43.328 |-INFO  [main] org.springframework.web.servlet.mvc.method.annotation.RequestMappingHandlerMapping [543] -| Mapped "{[/appParam/query_all],methods=[GET]}" onto public java.util.Map<java.lang.String, java.lang.Object> com.pay.controller.AppParamController.queryAll(java.lang.Integer,java.lang.Integer)
2018-12-15 09:17:43.329 |-INFO  [main] org.springframework.web.servlet.mvc.method.annotation.RequestMappingHandlerMapping [543] -| Mapped "{[/common/index],methods=[GET]}" onto public org.springframework.web.servlet.ModelAndView com.pay.controller.CommonController.index(javax.servlet.http.HttpServletRequest)
2018-12-15 09:17:43.330 |-INFO  [main] org.springframework.web.servlet.mvc.method.annotation.RequestMappingHandlerMapping [543] -| Mapped "{[/common/login],methods=[POST]}" onto public com.pay.vo.ResponseVO com.pay.controller.CommonController.login(com.pay.entity.User,javax.servlet.http.HttpServletRequest)
2018-12-15 09:17:43.330 |-INFO  [main] org.springframework.web.servlet.mvc.method.annotation.RequestMappingHandlerMapping [543] -| Mapped "{[/common/register_by_email],methods=[POST]}" onto public com.pay.vo.ResponseVO com.pay.controller.CommonController.registerByEmail(com.pay.entity.User)
2018-12-15 09:17:43.330 |-INFO  [main] org.springframework.web.servlet.mvc.method.annotation.RequestMappingHandlerMapping [543] -| Mapped "{[/common/show_login],methods=[GET]}" onto public org.springframework.web.servlet.ModelAndView com.pay.controller.CommonController.showLogin(javax.servlet.http.HttpServletRequest)
2018-12-15 09:17:43.331 |-INFO  [main] org.springframework.web.servlet.mvc.method.annotation.RequestMappingHandlerMapping [543] -| Mapped "{[/common/logout],methods=[GET]}" onto public void com.pay.controller.CommonController.logout(javax.servlet.http.HttpServletRequest,javax.servlet.http.HttpServletResponse) throws java.lang.Exception
2018-12-15 09:17:43.331 |-INFO  [main] org.springframework.web.servlet.mvc.method.annotation.RequestMappingHandlerMapping [543] -| Mapped "{[/common/register_by_phone],methods=[POST]}" onto public com.pay.vo.ResponseVO com.pay.controller.CommonController.registerByPhone(com.pay.entity.User,javax.servlet.http.HttpServletRequest)
2018-12-15 09:17:43.331 |-INFO  [main] org.springframework.web.servlet.mvc.method.annotation.RequestMappingHandlerMapping [543] -| Mapped "{[/common/show_register],methods=[GET]}" onto public org.springframework.web.servlet.ModelAndView com.pay.controller.CommonController.showRegister(javax.servlet.http.HttpServletRequest)
2018-12-15 09:17:43.331 |-INFO  [main] org.springframework.web.servlet.mvc.method.annotation.RequestMappingHandlerMapping [543] -| Mapped "{[/common/navigate],methods=[GET]}" onto public org.springframework.web.servlet.ModelAndView com.pay.controller.CommonController.navigate(java.lang.String,javax.servlet.http.HttpServletRequest)
2018-12-15 09:17:43.332 |-INFO  [main] org.springframework.web.servlet.mvc.method.annotation.RequestMappingHandlerMapping [543] -| Mapped "{[/givenInvoice/save]}" onto public org.springframework.web.servlet.ModelAndView com.pay.controller.GivenInvoiceController.save(com.pay.entity.GivenInvoice)
2018-12-15 09:17:43.332 |-INFO  [main] org.springframework.web.servlet.mvc.method.annotation.RequestMappingHandlerMapping [543] -| Mapped "{[/givenInvoice/query_all]}" onto public java.util.Map<java.lang.String, java.lang.Object> com.pay.controller.GivenInvoiceController.queryAll(java.lang.Integer,java.lang.Integer,java.lang.String)
2018-12-15 09:17:43.332 |-INFO  [main] org.springframework.web.servlet.mvc.method.annotation.RequestMappingHandlerMapping [543] -| Mapped "{[/givenInvoice/modify]}" onto public org.springframework.web.servlet.ModelAndView com.pay.controller.GivenInvoiceController.modify(com.pay.entity.GivenInvoice)
2018-12-15 09:17:43.333 |-INFO  [main] org.springframework.web.servlet.mvc.method.annotation.RequestMappingHandlerMapping [543] -| Mapped "{[/]}" onto public java.lang.String com.pay.controller.IndexController.index()
2018-12-15 09:17:43.334 |-INFO  [main] org.springframework.web.servlet.mvc.method.annotation.RequestMappingHandlerMapping [543] -| Mapped "{[/invoice/toXml],methods=[POST]}" onto public void com.pay.controller.InvoiceController.generate(java.lang.String,javax.servlet.http.HttpServletResponse) throws java.lang.Exception
2018-12-15 09:17:43.335 |-INFO  [main] org.springframework.web.servlet.mvc.method.annotation.RequestMappingHandlerMapping [543] -| Mapped "{[/invoice/save_header],methods=[POST]}" onto public java.util.Map<java.lang.String, java.lang.Object> com.pay.controller.InvoiceController.saveHeader(java.lang.String,java.lang.String,java.lang.String,java.lang.String,java.lang.String,java.lang.String,java.lang.String) throws java.lang.Exception
2018-12-15 09:17:43.335 |-INFO  [main] org.springframework.web.servlet.mvc.method.annotation.RequestMappingHandlerMapping [543] -| Mapped "{[/invoice/query_all],methods=[GET]}" onto public java.util.Map<java.lang.String, java.lang.Object> com.pay.controller.InvoiceController.queryAll(java.lang.Integer,java.lang.Integer,java.lang.String)
2018-12-15 09:17:43.335 |-INFO  [main] org.springframework.web.servlet.mvc.method.annotation.RequestMappingHandlerMapping [543] -| Mapped "{[/invoice/unDraw_toExcel],methods=[POST]}" onto public void com.pay.controller.InvoiceController.unDraw2Excel(javax.servlet.http.HttpServletResponse) throws java.lang.Exception
2018-12-15 09:17:43.335 |-INFO  [main] org.springframework.web.servlet.mvc.method.annotation.RequestMappingHandlerMapping [543] -| Mapped "{[/invoice/toExcel],methods=[POST]}" onto public void com.pay.controller.InvoiceController.invoice2Word(java.lang.String,javax.servlet.http.HttpServletResponse) throws java.lang.Exception
2018-12-15 09:17:43.336 |-INFO  [main] org.springframework.web.servlet.mvc.method.annotation.RequestMappingHandlerMapping [543] -| Mapped "{[/invoice/importExcel],methods=[POST]}" onto public com.pay.vo.ResponseVO com.pay.controller.InvoiceController.importExcel(javax.servlet.http.HttpServletRequest,javax.servlet.http.HttpServletResponse) throws java.lang.Exception
2018-12-15 09:17:43.336 |-INFO  [main] org.springframework.web.servlet.mvc.method.annotation.RequestMappingHandlerMapping [543] -| Mapped "{[/payInfo/query_trade_success]}" onto public java.util.Map<java.lang.String, java.lang.Object> com.pay.controller.PayInfoController.queryTradeSuccess(java.lang.Integer,java.lang.Integer,com.pay.entity.PayInfo)
2018-12-15 09:17:43.337 |-INFO  [main] org.springframework.web.servlet.mvc.method.annotation.RequestMappingHandlerMapping [543] -| Mapped "{[/sms/send_code],methods=[POST]}" onto public com.pay.vo.ResponseVO com.pay.controller.SmsController.sendCode(java.lang.String)
2018-12-15 09:17:43.337 |-INFO  [main] org.springframework.web.servlet.mvc.method.annotation.RequestMappingHandlerMapping [543] -| Mapped "{[/user/save],methods=[POST]}" onto public org.springframework.web.servlet.ModelAndView com.pay.controller.UserController.save(com.pay.entity.User,org.apache.catalina.servlet4preview.http.HttpServletRequest)
2018-12-15 09:17:43.338 |-INFO  [main] org.springframework.web.servlet.mvc.method.annotation.RequestMappingHandlerMapping [543] -| Mapped "{[/user/query_by_username],methods=[GET]}" onto public com.pay.vo.ResponseVO com.pay.controller.UserController.queryByUsername(java.lang.String)
2018-12-15 09:17:43.338 |-INFO  [main] org.springframework.web.servlet.mvc.method.annotation.RequestMappingHandlerMapping [543] -| Mapped "{[/whiteList/delete],methods=[GET]}" onto public void com.pay.controller.WhiteListController.delete(java.lang.Long)
2018-12-15 09:17:43.339 |-INFO  [main] org.springframework.web.servlet.mvc.method.annotation.RequestMappingHandlerMapping [543] -| Mapped "{[/whiteList/save],methods=[POST]}" onto public org.springframework.web.servlet.ModelAndView com.pay.controller.WhiteListController.save(com.pay.entity.WhiteList)
2018-12-15 09:17:43.339 |-INFO  [main] org.springframework.web.servlet.mvc.method.annotation.RequestMappingHandlerMapping [543] -| Mapped "{[/whiteList/query_all],methods=[GET]}" onto public java.util.Map<java.lang.String, java.lang.Object> com.pay.controller.WhiteListController.queryAll(java.lang.Integer,java.lang.Integer,org.apache.catalina.servlet4preview.http.HttpServletRequest)
2018-12-15 09:17:43.340 |-INFO  [main] org.springframework.web.servlet.mvc.method.annotation.RequestMappingHandlerMapping [543] -| Mapped "{[/v2/api-docs],methods=[GET],produces=[application/json || application/hal+json]}" onto public org.springframework.http.ResponseEntity<springfox.documentation.spring.web.json.Json> springfox.documentation.swagger2.web.Swagger2Controller.getDocumentation(java.lang.String,javax.servlet.http.HttpServletRequest)
2018-12-15 09:17:43.343 |-INFO  [main] org.springframework.web.servlet.mvc.method.annotation.RequestMappingHandlerMapping [543] -| Mapped "{[/swagger-resources]}" onto org.springframework.http.ResponseEntity<java.util.List<springfox.documentation.swagger.web.SwaggerResource>> springfox.documentation.swagger.web.ApiResourceController.swaggerResources()
2018-12-15 09:17:43.343 |-INFO  [main] org.springframework.web.servlet.mvc.method.annotation.RequestMappingHandlerMapping [543] -| Mapped "{[/swagger-resources/configuration/ui]}" onto org.springframework.http.ResponseEntity<springfox.documentation.swagger.web.UiConfiguration> springfox.documentation.swagger.web.ApiResourceController.uiConfiguration()
2018-12-15 09:17:43.344 |-INFO  [main] org.springframework.web.servlet.mvc.method.annotation.RequestMappingHandlerMapping [543] -| Mapped "{[/swagger-resources/configuration/security]}" onto org.springframework.http.ResponseEntity<springfox.documentation.swagger.web.SecurityConfiguration> springfox.documentation.swagger.web.ApiResourceController.securityConfiguration()
2018-12-15 09:17:43.346 |-INFO  [main] org.springframework.web.servlet.mvc.method.annotation.RequestMappingHandlerMapping [543] -| Mapped "{[/error]}" onto public org.springframework.http.ResponseEntity<java.util.Map<java.lang.String, java.lang.Object>> org.springframework.boot.autoconfigure.web.BasicErrorController.error(javax.servlet.http.HttpServletRequest)
2018-12-15 09:17:43.347 |-INFO  [main] org.springframework.web.servlet.mvc.method.annotation.RequestMappingHandlerMapping [543] -| Mapped "{[/error],produces=[text/html]}" onto public org.springframework.web.servlet.ModelAndView org.springframework.boot.autoconfigure.web.BasicErrorController.errorHtml(javax.servlet.http.HttpServletRequest,javax.servlet.http.HttpServletResponse)
2018-12-15 09:17:43.674 |-INFO  [main] org.springframework.web.servlet.mvc.method.annotation.RequestMappingHandlerAdapter [534] -| Looking for @ControllerAdvice: org.springframework.boot.context.embedded.AnnotationConfigEmbeddedWebApplicationContext@3568f9d2: startup date [Sat Dec 15 09:17:37 CST 2018]; root of context hierarchy
2018-12-15 09:17:43.728 |-INFO  [main] org.springframework.web.servlet.handler.SimpleUrlHandlerMapping [362] -| Mapped URL path [/webjars/**] onto handler of type [class org.springframework.web.servlet.resource.ResourceHttpRequestHandler]
2018-12-15 09:17:43.728 |-INFO  [main] org.springframework.web.servlet.handler.SimpleUrlHandlerMapping [362] -| Mapped URL path [/**] onto handler of type [class org.springframework.web.servlet.resource.ResourceHttpRequestHandler]
2018-12-15 09:17:43.747 |-INFO  [main] org.springframework.web.servlet.mvc.method.annotation.ExceptionHandlerExceptionResolver [273] -| Detected @ExceptionHandler methods in globalControllerExceptionHandler
2018-12-15 09:17:43.774 |-INFO  [main] org.springframework.web.servlet.handler.SimpleUrlHandlerMapping [362] -| Mapped URL path [/**/favicon.ico] onto handler of type [class org.springframework.web.servlet.resource.ResourceHttpRequestHandler]
2018-12-15 09:17:44.166 |-INFO  [main] org.springframework.jmx.export.annotation.AnnotationMBeanExporter [431] -| Registering beans for JMX exposure on startup
2018-12-15 09:17:44.176 |-INFO  [main] org.springframework.context.support.DefaultLifecycleProcessor [343] -| Starting beans in phase 2147483647
2018-12-15 09:17:44.176 |-INFO  [main] springfox.documentation.spring.web.plugins.DocumentationPluginsBootstrapper [120] -| Context refreshed
2018-12-15 09:17:44.194 |-INFO  [main] springfox.documentation.spring.web.plugins.DocumentationPluginsBootstrapper [123] -| Found 1 custom documentation plugin(s)
2018-12-15 09:17:44.207 |-INFO  [main] springfox.documentation.spring.web.scanners.ApiListingReferenceScanner [41] -| Scanning for api listing references
2018-12-15 09:17:44.656 |-INFO  [main] springfox.documentation.spring.web.readers.operation.CachingOperationNameGenerator [40] -| Generating unique operation named: payUsingPOST_1
2018-12-15 09:17:45.025 |-INFO  [main] springfox.documentation.spring.web.readers.operation.CachingOperationNameGenerator [40] -| Generating unique operation named: saveUsingPOST_1
2018-12-15 09:17:45.066 |-INFO  [main] springfox.documentation.spring.web.readers.operation.CachingOperationNameGenerator [40] -| Generating unique operation named: saveUsingPOST_2
2018-12-15 09:17:45.073 |-INFO  [main] springfox.documentation.spring.web.readers.operation.CachingOperationNameGenerator [40] -| Generating unique operation named: queryAllUsingGET_1
2018-12-15 09:17:45.076 |-INFO  [main] springfox.documentation.spring.web.readers.operation.CachingOperationNameGenerator [40] -| Generating unique operation named: saveUsingPOST_3
2018-12-15 09:17:45.118 |-INFO  [main] org.hibernate.hql.internal.QueryTranslatorFactoryInitiator [47] -| HHH000397: Using ASTQueryTranslatorFactory
2018-12-15 09:17:45.241 |-INFO  [main] org.apache.coyote.http11.Http11NioProtocol [179] -| Initializing ProtocolHandler ["http-nio-8008"]
2018-12-15 09:17:45.252 |-INFO  [main] org.apache.coyote.http11.Http11NioProtocol [179] -| Starting ProtocolHandler ["http-nio-8008"]
2018-12-15 09:17:45.264 |-INFO  [main] org.apache.tomcat.util.net.NioSelectorPool [179] -| Using a shared selector for servlet write/read
2018-12-15 09:17:45.281 |-INFO  [main] org.springframework.boot.context.embedded.tomcat.TomcatEmbeddedServletContainer [201] -| Tomcat started on port(s): 8008 (http)
2018-12-15 09:17:45.287 |-INFO  [main] com.pay.PayApplication [57] -| Started PayApplication in 8.468 seconds (JVM running for 9.08)
2018-12-15 10:03:28.396 |-INFO  [http-nio-8008-exec-2] org.apache.catalina.core.ContainerBase.[Tomcat].[localhost].[/pay] [179] -| Initializing Spring FrameworkServlet 'dispatcherServlet'
2018-12-15 10:03:28.398 |-INFO  [http-nio-8008-exec-2] org.springframework.web.servlet.DispatcherServlet [489] -| FrameworkServlet 'dispatcherServlet': initialization started
2018-12-15 10:03:28.457 |-INFO  [http-nio-8008-exec-2] org.springframework.web.servlet.DispatcherServlet [508] -| FrameworkServlet 'dispatcherServlet': initialization completed in 58 ms
2018-12-15 10:03:28.597 |-INFO  [http-nio-8008-exec-2] com.pay.aspect.PayAspect [65] -| 【访客验证】 合法访问：ip = 192.168.1.122 ,port = 57321 ,remoteSysName = 1,methodName = pay ,args = [null, null, http://192.168.1.122:8080/supply/interface/callback_pay_state, GYS201812151003356767, 0.01, 供应商平台耗材功能年费(1家医院)-南京英甲科技有限公司, null, null, null, null, null, null, null, org.apache.catalina.connector.ResponseFacade@5631deb6] 
2018-12-15 10:03:28.641 |-INFO  [http-nio-8008-exec-2] com.pay.service.AlipayService [148] -| 【支付请求参数】 bizContent = {
  "out_trade_no": "GYS201812151003356767",
  "total_amount": "0.01",
  "subject": "供应商平台耗材功能年费(1家医院)-南京英甲科技有限公司",
  "timeout_express": "90m",
  "goods_type": "0",
  "product_code": "FAST_INSTANT_TRADE_PAY"
}
2018-12-15 10:03:41.529 |-INFO  [http-nio-8008-exec-1] com.pay.aspect.PayAspect [65] -| 【访客验证】 合法访问：ip = 192.168.1.122 ,port = 57330 ,remoteSysName = 1,methodName = pay ,args = [null, null, http://192.168.1.122:8080/supply/interface/callback_pay_state, GYS201812151003486767, 0.01, 供应商平台耗材功能年费(1家医院)-南京英甲科技有限公司, null, null, null, null, null, null, null, org.apache.catalina.connector.ResponseFacade@5631deb6] 
2018-12-15 10:03:41.536 |-INFO  [http-nio-8008-exec-1] com.pay.service.AlipayService [148] -| 【支付请求参数】 bizContent = {
  "out_trade_no": "GYS201812151003486767",
  "total_amount": "0.01",
  "subject": "供应商平台耗材功能年费(1家医院)-南京英甲科技有限公司",
  "timeout_express": "90m",
  "goods_type": "0",
  "product_code": "FAST_INSTANT_TRADE_PAY"
}
2018-12-15 10:03:41.824 |-INFO  [http-nio-8008-exec-5] com.pay.service.AlipayService [148] -| 【支付请求参数】 bizContent = {
  "out_trade_no": "GYS201812151003486767",
  "total_amount": "0.01",
  "subject": "供应商平台耗材功能年费(1家医院)-南京英甲科技有限公司",
  "timeout_express": "90m",
  "goods_type": "0",
  "product_code": "FAST_INSTANT_TRADE_PAY"
}
2018-12-15 10:14:40.182 |-INFO  [http-nio-8008-exec-4] com.pay.aspect.PayAspect [65] -| 【访客验证】 合法访问：ip = 192.168.1.122 ,port = 57855 ,remoteSysName = 1,methodName = pay ,args = [null, null, http://192.168.1.122:8080/supply/interface/callback_pay_state, GYS201812151014476767, 0.03, 供应商平台耗材功能年费(3家医院)-南京英甲科技有限公司, null, null, null, null, null, null, null, org.apache.catalina.connector.ResponseFacade@5631deb6] 
2018-12-15 10:14:40.187 |-INFO  [http-nio-8008-exec-4] com.pay.service.AlipayService [148] -| 【支付请求参数】 bizContent = {
  "out_trade_no": "GYS201812151014476767",
  "total_amount": "0.03",
  "subject": "供应商平台耗材功能年费(3家医院)-南京英甲科技有限公司",
  "timeout_express": "90m",
  "goods_type": "0",
  "product_code": "FAST_INSTANT_TRADE_PAY"
}
2018-12-15 10:14:40.353 |-INFO  [http-nio-8008-exec-8] com.pay.service.AlipayService [148] -| 【支付请求参数】 bizContent = {
  "out_trade_no": "GYS201812151014476767",
  "total_amount": "0.03",
  "subject": "供应商平台耗材功能年费(3家医院)-南京英甲科技有限公司",
  "timeout_express": "90m",
  "goods_type": "0",
  "product_code": "FAST_INSTANT_TRADE_PAY"
}
2018-12-15 10:15:04.160 |-INFO  [http-nio-8008-exec-10] com.pay.aspect.PayAspect [65] -| 【访客验证】 合法访问：ip = 192.168.1.122 ,port = 57889 ,remoteSysName = 1,methodName = pay ,args = [null, null, http://192.168.1.122:8080/supply/interface/callback_pay_state, GYS201812151015116767, 0.03, 供应商平台耗材功能年费(3家医院)-南京英甲科技有限公司, null, null, null, null, null, null, null, org.apache.catalina.connector.ResponseFacade@5631deb6] 
2018-12-15 10:15:04.163 |-INFO  [http-nio-8008-exec-10] com.pay.service.AlipayService [148] -| 【支付请求参数】 bizContent = {
  "out_trade_no": "GYS201812151015116767",
  "total_amount": "0.03",
  "subject": "供应商平台耗材功能年费(3家医院)-南京英甲科技有限公司",
  "timeout_express": "90m",
  "goods_type": "0",
  "product_code": "FAST_INSTANT_TRADE_PAY"
}
2018-12-15 10:15:04.285 |-INFO  [http-nio-8008-exec-1] com.pay.service.AlipayService [148] -| 【支付请求参数】 bizContent = {
  "out_trade_no": "GYS201812151015116767",
  "total_amount": "0.03",
  "subject": "供应商平台耗材功能年费(3家医院)-南京英甲科技有限公司",
  "timeout_express": "90m",
  "goods_type": "0",
  "product_code": "FAST_INSTANT_TRADE_PAY"
}
2018-12-15 10:15:44.318 |-INFO  [http-nio-8008-exec-3] com.pay.aspect.PayAspect [65] -| 【访客验证】 合法访问：ip = 192.168.1.122 ,port = 57924 ,remoteSysName = 1,methodName = pay ,args = [null, null, http://192.168.1.122:8080/supply/interface/callback_pay_state, GYS201812151015516767, 0.03, 供应商平台耗材功能年费(3家医院)-南京英甲科技有限公司, null, null, null, null, null, null, null, org.apache.catalina.connector.ResponseFacade@5631deb6] 
2018-12-15 10:15:44.321 |-INFO  [http-nio-8008-exec-3] com.pay.service.AlipayService [148] -| 【支付请求参数】 bizContent = {
  "out_trade_no": "GYS201812151015516767",
  "total_amount": "0.03",
  "subject": "供应商平台耗材功能年费(3家医院)-南京英甲科技有限公司",
  "timeout_express": "90m",
  "goods_type": "0",
  "product_code": "FAST_INSTANT_TRADE_PAY"
}
2018-12-15 10:15:44.408 |-INFO  [http-nio-8008-exec-6] com.pay.service.AlipayService [148] -| 【支付请求参数】 bizContent = {
  "out_trade_no": "GYS201812151015516767",
  "total_amount": "0.03",
  "subject": "供应商平台耗材功能年费(3家医院)-南京英甲科技有限公司",
  "timeout_express": "90m",
  "goods_type": "0",
  "product_code": "FAST_INSTANT_TRADE_PAY"
}
2018-12-15 11:03:58.790 |-INFO  [http-nio-8008-exec-7] com.pay.aspect.PayAspect [65] -| 【访客验证】 合法访问：ip = 192.168.1.122 ,port = 49695 ,remoteSysName = 1,methodName = pay ,args = [null, null, http://192.168.1.122:8080/supply/interface/callback_pay_state, GYS201812151104066767, 0.03, 供应商平台耗材功能年费(3家医院)-南京英甲科技有限公司, null, null, null, null, null, null, null, org.apache.catalina.connector.ResponseFacade@5631deb6] 
2018-12-15 11:03:58.808 |-INFO  [http-nio-8008-exec-7] com.pay.service.AlipayService [148] -| 【支付请求参数】 bizContent = {
  "out_trade_no": "GYS201812151104066767",
  "total_amount": "0.03",
  "subject": "供应商平台耗材功能年费(3家医院)-南京英甲科技有限公司",
  "timeout_express": "90m",
  "goods_type": "0",
  "product_code": "FAST_INSTANT_TRADE_PAY"
}
2018-12-15 11:03:58.964 |-INFO  [http-nio-8008-exec-9] com.pay.service.AlipayService [148] -| 【支付请求参数】 bizContent = {
  "out_trade_no": "GYS201812151104066767",
  "total_amount": "0.03",
  "subject": "供应商平台耗材功能年费(3家医院)-南京英甲科技有限公司",
  "timeout_express": "90m",
  "goods_type": "0",
  "product_code": "FAST_INSTANT_TRADE_PAY"
}
2018-12-15 11:04:47.001 |-INFO  [http-nio-8008-exec-10] com.pay.aspect.PayAspect [65] -| 【访客验证】 合法访问：ip = 192.168.1.122 ,port = 49742 ,remoteSysName = 1,methodName = pay ,args = [null, null, http://192.168.1.122:8080/supply/interface/callback_pay_state, GYS201812151104556767, 0.03, 供应商平台耗材功能年费(3家医院)-南京英甲科技有限公司, null, null, null, null, null, null, null, org.apache.catalina.connector.ResponseFacade@5631deb6] 
2018-12-15 11:04:47.005 |-INFO  [http-nio-8008-exec-10] com.pay.service.AlipayService [148] -| 【支付请求参数】 bizContent = {
  "out_trade_no": "GYS201812151104556767",
  "total_amount": "0.03",
  "subject": "供应商平台耗材功能年费(3家医院)-南京英甲科技有限公司",
  "timeout_express": "90m",
  "goods_type": "0",
  "product_code": "FAST_INSTANT_TRADE_PAY"
}
2018-12-15 11:04:47.114 |-INFO  [http-nio-8008-exec-1] com.pay.service.AlipayService [148] -| 【支付请求参数】 bizContent = {
  "out_trade_no": "GYS201812151104556767",
  "total_amount": "0.03",
  "subject": "供应商平台耗材功能年费(3家医院)-南京英甲科技有限公司",
  "timeout_express": "90m",
  "goods_type": "0",
  "product_code": "FAST_INSTANT_TRADE_PAY"
}
