2018-11-16 08:39:04.061 |-INFO  [http-nio-8008-exec-1] com.pay.service.AlipayService [148] -| 【支付请求参数】 bizContent = {
  "out_trade_no": "GYS20181115141923162162",
  "total_amount": "0.01",
  "subject": "供应商平台耗材功能年费(1家医院)-龙鼎医疗器械",
  "timeout_express": "90m",
  "goods_type": "0",
  "product_code": "FAST_INSTANT_TRADE_PAY"
}
2018-11-16 09:04:25.970 |-INFO  [main] com.pay.PayApplication [48] -| Starting PayApplication on yzm with PID 23548 (D:\workspace2\sshapp-pro\pay\target\classes started by www78 in D:\workspace2\sshapp-pro\pay)
2018-11-16 09:04:25.974 |-INFO  [main] com.pay.PayApplication [597] -| The following profiles are active: dev
2018-11-16 09:04:26.024 |-INFO  [main] org.springframework.boot.context.embedded.AnnotationConfigEmbeddedWebApplicationContext [583] -| Refreshing org.springframework.boot.context.embedded.AnnotationConfigEmbeddedWebApplicationContext@3568f9d2: startup date [Fri Nov 16 09:04:26 CST 2018]; root of context hierarchy
2018-11-16 09:04:26.192 |-INFO  [background-preinit] org.hibernate.validator.internal.util.Version [30] -| HV000001: Hibernate Validator 5.3.5.Final
2018-11-16 09:04:27.704 |-INFO  [main] org.springframework.context.support.PostProcessorRegistrationDelegate$BeanPostProcessorChecker [325] -| Bean 'org.springframework.transaction.annotation.ProxyTransactionManagementConfiguration' of type [org.springframework.transaction.annotation.ProxyTransactionManagementConfiguration$$EnhancerBySpringCGLIB$$e5dcf8c1] is not eligible for getting processed by all BeanPostProcessors (for example: not eligible for auto-proxying)
2018-11-16 09:04:28.199 |-INFO  [main] org.springframework.boot.context.embedded.tomcat.TomcatEmbeddedServletContainer [89] -| Tomcat initialized with port(s): 8008 (http)
2018-11-16 09:04:28.208 |-INFO  [main] org.apache.catalina.core.StandardService [179] -| Starting service [Tomcat]
2018-11-16 09:04:28.209 |-INFO  [main] org.apache.catalina.core.StandardEngine [179] -| Starting Servlet Engine: Apache Tomcat/8.5.16
2018-11-16 09:04:28.336 |-INFO  [localhost-startStop-1] org.apache.catalina.core.ContainerBase.[Tomcat].[localhost].[/pay] [179] -| Initializing Spring embedded WebApplicationContext
2018-11-16 09:04:28.336 |-INFO  [localhost-startStop-1] org.springframework.web.context.ContextLoader [276] -| Root WebApplicationContext: initialization completed in 2312 ms
2018-11-16 09:04:28.493 |-INFO  [localhost-startStop-1] org.springframework.boot.web.servlet.ServletRegistrationBean [190] -| Mapping servlet: 'dispatcherServlet' to [/]
2018-11-16 09:04:28.498 |-INFO  [localhost-startStop-1] org.springframework.boot.web.servlet.FilterRegistrationBean [258] -| Mapping filter: 'characterEncodingFilter' to: [/*]
2018-11-16 09:04:28.499 |-INFO  [localhost-startStop-1] org.springframework.boot.web.servlet.FilterRegistrationBean [258] -| Mapping filter: 'hiddenHttpMethodFilter' to: [/*]
2018-11-16 09:04:28.499 |-INFO  [localhost-startStop-1] org.springframework.boot.web.servlet.FilterRegistrationBean [258] -| Mapping filter: 'httpPutFormContentFilter' to: [/*]
2018-11-16 09:04:28.499 |-INFO  [localhost-startStop-1] org.springframework.boot.web.servlet.FilterRegistrationBean [258] -| Mapping filter: 'requestContextFilter' to: [/*]
2018-11-16 09:04:29.210 |-INFO  [main] org.springframework.orm.jpa.LocalContainerEntityManagerFactoryBean [349] -| Building JPA container EntityManagerFactory for persistence unit 'default'
2018-11-16 09:04:29.222 |-INFO  [main] org.hibernate.jpa.internal.util.LogHelper [31] -| HHH000204: Processing PersistenceUnitInfo [
	name: default
	...]
2018-11-16 09:04:29.310 |-INFO  [main] org.hibernate.Version [37] -| HHH000412: Hibernate Core {5.0.12.Final}
2018-11-16 09:04:29.311 |-INFO  [main] org.hibernate.cfg.Environment [213] -| HHH000206: hibernate.properties not found
2018-11-16 09:04:29.312 |-INFO  [main] org.hibernate.cfg.Environment [317] -| HHH000021: Bytecode provider name : javassist
2018-11-16 09:04:29.364 |-INFO  [main] org.hibernate.annotations.common.Version [66] -| HCANN000001: Hibernate Commons Annotations {5.0.1.Final}
2018-11-16 09:04:29.628 |-INFO  [main] org.hibernate.dialect.Dialect [156] -| HHH000400: Using dialect: org.hibernate.dialect.MySQL5Dialect
2018-11-16 09:04:30.120 |-INFO  [main] org.hibernate.tool.hbm2ddl.SchemaUpdate [105] -| HHH000228: Running hbm2ddl schema update
2018-11-16 09:04:30.829 |-INFO  [main] org.springframework.orm.jpa.LocalContainerEntityManagerFactoryBean [379] -| Initialized JPA EntityManagerFactory for persistence unit 'default'
2018-11-16 09:04:31.525 |-INFO  [main] org.springframework.web.servlet.view.freemarker.FreeMarkerConfigurer [127] -| ClassTemplateLoader for Spring macros added to FreeMarker configuration
2018-11-16 09:04:32.551 |-INFO  [main] org.springframework.web.servlet.mvc.method.annotation.RequestMappingHandlerMapping [543] -| Mapped "{[/alipay/notify],methods=[POST]}" onto public void com.pay.controller.AlipayController.notify(javax.servlet.http.HttpServletRequest,javax.servlet.http.HttpServletResponse) throws java.lang.Exception
2018-11-16 09:04:32.552 |-INFO  [main] org.springframework.web.servlet.mvc.method.annotation.RequestMappingHandlerMapping [543] -| Mapped "{[/alipay/close]}" onto public java.util.Map<java.lang.String, java.lang.Object> com.pay.controller.AlipayController.close(java.lang.String,java.lang.String)
2018-11-16 09:04:32.553 |-INFO  [main] org.springframework.web.servlet.mvc.method.annotation.RequestMappingHandlerMapping [543] -| Mapped "{[/alipay/query]}" onto public java.util.Map<java.lang.String, java.lang.Object> com.pay.controller.AlipayController.query(java.lang.String)
2018-11-16 09:04:32.553 |-INFO  [main] org.springframework.web.servlet.mvc.method.annotation.RequestMappingHandlerMapping [543] -| Mapped "{[/alipay/pay_test]}" onto public void com.pay.controller.AlipayController.doPost(java.lang.String,javax.servlet.http.HttpServletRequest,javax.servlet.http.HttpServletResponse) throws javax.servlet.ServletException,java.io.IOException
2018-11-16 09:04:32.554 |-INFO  [main] org.springframework.web.servlet.mvc.method.annotation.RequestMappingHandlerMapping [543] -| Mapped "{[/alipay/returnUrl]}" onto public org.springframework.web.servlet.ModelAndView com.pay.controller.AlipayController.returnUrl()
2018-11-16 09:04:32.554 |-INFO  [main] org.springframework.web.servlet.mvc.method.annotation.RequestMappingHandlerMapping [543] -| Mapped "{[/alipay/refund]}" onto public java.util.Map<java.lang.String, java.lang.Object> com.pay.controller.AlipayController.refund(java.lang.String,java.lang.String,java.lang.String,java.lang.String,java.lang.String,java.lang.String,java.lang.String) throws java.lang.Exception
2018-11-16 09:04:32.555 |-INFO  [main] org.springframework.web.servlet.mvc.method.annotation.RequestMappingHandlerMapping [543] -| Mapped "{[/alipay/query_refund]}" onto public java.util.Map<java.lang.String, java.lang.Object> com.pay.controller.AlipayController.queryRefund(java.lang.String,java.lang.String) throws java.lang.Exception
2018-11-16 09:04:32.556 |-INFO  [main] org.springframework.web.servlet.mvc.method.annotation.RequestMappingHandlerMapping [543] -| Mapped "{[/alipay/download_bill]}" onto public java.util.Map<java.lang.String, java.lang.Object> com.pay.controller.AlipayController.downloadBill(java.lang.String,java.lang.String,javax.servlet.http.HttpServletResponse) throws java.lang.Exception
2018-11-16 09:04:32.556 |-INFO  [main] org.springframework.web.servlet.mvc.method.annotation.RequestMappingHandlerMapping [543] -| Mapped "{[/alipay/pay_supplier]}" onto public void com.pay.controller.AlipayController.paySupplier(java.lang.String,javax.servlet.http.HttpServletRequest,javax.servlet.http.HttpServletResponse) throws java.lang.Exception
2018-11-16 09:04:32.556 |-INFO  [main] org.springframework.web.servlet.mvc.method.annotation.RequestMappingHandlerMapping [543] -| Mapped "{[/alipay/my_notify]}" onto public java.util.Map<java.lang.String, java.lang.Object> com.pay.controller.AlipayController.myNotify(java.lang.String)
2018-11-16 09:04:32.558 |-INFO  [main] org.springframework.web.servlet.mvc.method.annotation.RequestMappingHandlerMapping [543] -| Mapped "{[/alipay/pay],methods=[POST]}" onto public void com.pay.controller.AlipayController.pay(java.lang.String,java.lang.String,java.lang.String,javax.servlet.http.HttpServletResponse) throws java.lang.Exception
2018-11-16 09:04:32.559 |-INFO  [main] org.springframework.web.servlet.mvc.method.annotation.RequestMappingHandlerMapping [543] -| Mapped "{[/alipay/pay2]}" onto public void com.pay.controller.AlipayController.pay(java.lang.String,java.lang.String,java.lang.String,java.lang.String,java.lang.String,java.lang.String,java.lang.String,java.lang.String,java.lang.String,java.lang.String,java.lang.String,java.lang.String,java.lang.String,javax.servlet.http.HttpServletResponse) throws java.lang.Exception
2018-11-16 09:04:32.561 |-INFO  [main] org.springframework.web.servlet.mvc.method.annotation.RequestMappingHandlerMapping [543] -| Mapped "{[/appParam/save],methods=[POST]}" onto public com.pay.vo.ResponseVO com.pay.controller.AppParamController.save(java.lang.Long,java.lang.String)
2018-11-16 09:04:32.561 |-INFO  [main] org.springframework.web.servlet.mvc.method.annotation.RequestMappingHandlerMapping [543] -| Mapped "{[/appParam/query_one],methods=[GET]}" onto public com.pay.vo.ResponseVO com.pay.controller.AppParamController.queryOne(java.lang.String)
2018-11-16 09:04:32.562 |-INFO  [main] org.springframework.web.servlet.mvc.method.annotation.RequestMappingHandlerMapping [543] -| Mapped "{[/appParam/query_all],methods=[GET]}" onto public java.util.Map<java.lang.String, java.lang.Object> com.pay.controller.AppParamController.queryAll(java.lang.Integer,java.lang.Integer)
2018-11-16 09:04:32.563 |-INFO  [main] org.springframework.web.servlet.mvc.method.annotation.RequestMappingHandlerMapping [543] -| Mapped "{[/common/index],methods=[GET]}" onto public org.springframework.web.servlet.ModelAndView com.pay.controller.CommonController.index(javax.servlet.http.HttpServletRequest)
2018-11-16 09:04:32.564 |-INFO  [main] org.springframework.web.servlet.mvc.method.annotation.RequestMappingHandlerMapping [543] -| Mapped "{[/common/login],methods=[POST]}" onto public com.pay.vo.ResponseVO com.pay.controller.CommonController.login(com.pay.entity.User,javax.servlet.http.HttpServletRequest)
2018-11-16 09:04:32.564 |-INFO  [main] org.springframework.web.servlet.mvc.method.annotation.RequestMappingHandlerMapping [543] -| Mapped "{[/common/register_by_phone],methods=[POST]}" onto public com.pay.vo.ResponseVO com.pay.controller.CommonController.registerByPhone(com.pay.entity.User,javax.servlet.http.HttpServletRequest)
2018-11-16 09:04:32.564 |-INFO  [main] org.springframework.web.servlet.mvc.method.annotation.RequestMappingHandlerMapping [543] -| Mapped "{[/common/show_register],methods=[GET]}" onto public org.springframework.web.servlet.ModelAndView com.pay.controller.CommonController.showRegister(javax.servlet.http.HttpServletRequest)
2018-11-16 09:04:32.565 |-INFO  [main] org.springframework.web.servlet.mvc.method.annotation.RequestMappingHandlerMapping [543] -| Mapped "{[/common/navigate],methods=[GET]}" onto public org.springframework.web.servlet.ModelAndView com.pay.controller.CommonController.navigate(java.lang.String,javax.servlet.http.HttpServletRequest)
2018-11-16 09:04:32.565 |-INFO  [main] org.springframework.web.servlet.mvc.method.annotation.RequestMappingHandlerMapping [543] -| Mapped "{[/common/register_by_email],methods=[POST]}" onto public com.pay.vo.ResponseVO com.pay.controller.CommonController.registerByEmail(com.pay.entity.User)
2018-11-16 09:04:32.565 |-INFO  [main] org.springframework.web.servlet.mvc.method.annotation.RequestMappingHandlerMapping [543] -| Mapped "{[/common/logout],methods=[GET]}" onto public void com.pay.controller.CommonController.logout(javax.servlet.http.HttpServletRequest,javax.servlet.http.HttpServletResponse) throws java.lang.Exception
2018-11-16 09:04:32.565 |-INFO  [main] org.springframework.web.servlet.mvc.method.annotation.RequestMappingHandlerMapping [543] -| Mapped "{[/common/show_login],methods=[GET]}" onto public org.springframework.web.servlet.ModelAndView com.pay.controller.CommonController.showLogin(javax.servlet.http.HttpServletRequest)
2018-11-16 09:04:32.566 |-INFO  [main] org.springframework.web.servlet.mvc.method.annotation.RequestMappingHandlerMapping [543] -| Mapped "{[/givenInvoice/save]}" onto public org.springframework.web.servlet.ModelAndView com.pay.controller.GivenInvoiceController.save(com.pay.entity.GivenInvoice)
2018-11-16 09:04:32.566 |-INFO  [main] org.springframework.web.servlet.mvc.method.annotation.RequestMappingHandlerMapping [543] -| Mapped "{[/givenInvoice/query_all]}" onto public java.util.Map<java.lang.String, java.lang.Object> com.pay.controller.GivenInvoiceController.queryAll(java.lang.Integer,java.lang.Integer,java.lang.String)
2018-11-16 09:04:32.567 |-INFO  [main] org.springframework.web.servlet.mvc.method.annotation.RequestMappingHandlerMapping [543] -| Mapped "{[/givenInvoice/modify]}" onto public org.springframework.web.servlet.ModelAndView com.pay.controller.GivenInvoiceController.modify(com.pay.entity.GivenInvoice)
2018-11-16 09:04:32.567 |-INFO  [main] org.springframework.web.servlet.mvc.method.annotation.RequestMappingHandlerMapping [543] -| Mapped "{[/]}" onto public java.lang.String com.pay.controller.IndexController.index()
2018-11-16 09:04:32.569 |-INFO  [main] org.springframework.web.servlet.mvc.method.annotation.RequestMappingHandlerMapping [543] -| Mapped "{[/invoice/toXml],methods=[POST]}" onto public void com.pay.controller.InvoiceController.generate(java.lang.String,javax.servlet.http.HttpServletResponse) throws java.lang.Exception
2018-11-16 09:04:32.569 |-INFO  [main] org.springframework.web.servlet.mvc.method.annotation.RequestMappingHandlerMapping [543] -| Mapped "{[/invoice/toExcel],methods=[POST]}" onto public void com.pay.controller.InvoiceController.invoice2Word(java.lang.String,javax.servlet.http.HttpServletResponse) throws java.lang.Exception
2018-11-16 09:04:32.569 |-INFO  [main] org.springframework.web.servlet.mvc.method.annotation.RequestMappingHandlerMapping [543] -| Mapped "{[/invoice/unDraw_toExcel],methods=[POST]}" onto public void com.pay.controller.InvoiceController.unDraw2Excel(javax.servlet.http.HttpServletResponse) throws java.lang.Exception
2018-11-16 09:04:32.570 |-INFO  [main] org.springframework.web.servlet.mvc.method.annotation.RequestMappingHandlerMapping [543] -| Mapped "{[/invoice/query_all],methods=[GET]}" onto public java.util.Map<java.lang.String, java.lang.Object> com.pay.controller.InvoiceController.queryAll(java.lang.Integer,java.lang.Integer,java.lang.String)
2018-11-16 09:04:32.570 |-INFO  [main] org.springframework.web.servlet.mvc.method.annotation.RequestMappingHandlerMapping [543] -| Mapped "{[/invoice/save_header],methods=[POST]}" onto public java.util.Map<java.lang.String, java.lang.Object> com.pay.controller.InvoiceController.saveHeader(java.lang.String,java.lang.String,java.lang.String,java.lang.String,java.lang.String,java.lang.String,java.lang.String) throws java.lang.Exception
2018-11-16 09:04:32.570 |-INFO  [main] org.springframework.web.servlet.mvc.method.annotation.RequestMappingHandlerMapping [543] -| Mapped "{[/invoice/importExcel],methods=[POST]}" onto public com.pay.vo.ResponseVO com.pay.controller.InvoiceController.importExcel(javax.servlet.http.HttpServletRequest,javax.servlet.http.HttpServletResponse) throws java.lang.Exception
2018-11-16 09:04:32.571 |-INFO  [main] org.springframework.web.servlet.mvc.method.annotation.RequestMappingHandlerMapping [543] -| Mapped "{[/payInfo/query_trade_success]}" onto public java.util.Map<java.lang.String, java.lang.Object> com.pay.controller.PayInfoController.queryTradeSuccess(java.lang.Integer,java.lang.Integer,com.pay.entity.PayInfo)
2018-11-16 09:04:32.571 |-INFO  [main] org.springframework.web.servlet.mvc.method.annotation.RequestMappingHandlerMapping [543] -| Mapped "{[/sms/send_code],methods=[POST]}" onto public com.pay.vo.ResponseVO com.pay.controller.SmsController.sendCode(java.lang.String)
2018-11-16 09:04:32.572 |-INFO  [main] org.springframework.web.servlet.mvc.method.annotation.RequestMappingHandlerMapping [543] -| Mapped "{[/user/save],methods=[POST]}" onto public org.springframework.web.servlet.ModelAndView com.pay.controller.UserController.save(com.pay.entity.User,org.apache.catalina.servlet4preview.http.HttpServletRequest)
2018-11-16 09:04:32.572 |-INFO  [main] org.springframework.web.servlet.mvc.method.annotation.RequestMappingHandlerMapping [543] -| Mapped "{[/user/query_by_username],methods=[GET]}" onto public com.pay.vo.ResponseVO com.pay.controller.UserController.queryByUsername(java.lang.String)
2018-11-16 09:04:32.574 |-INFO  [main] org.springframework.web.servlet.mvc.method.annotation.RequestMappingHandlerMapping [543] -| Mapped "{[/whiteList/delete],methods=[GET]}" onto public void com.pay.controller.WhiteListController.delete(java.lang.Long)
2018-11-16 09:04:32.574 |-INFO  [main] org.springframework.web.servlet.mvc.method.annotation.RequestMappingHandlerMapping [543] -| Mapped "{[/whiteList/save],methods=[POST]}" onto public org.springframework.web.servlet.ModelAndView com.pay.controller.WhiteListController.save(com.pay.entity.WhiteList)
2018-11-16 09:04:32.576 |-INFO  [main] org.springframework.web.servlet.mvc.method.annotation.RequestMappingHandlerMapping [543] -| Mapped "{[/whiteList/query_all],methods=[GET]}" onto public java.util.Map<java.lang.String, java.lang.Object> com.pay.controller.WhiteListController.queryAll(java.lang.Integer,java.lang.Integer,org.apache.catalina.servlet4preview.http.HttpServletRequest)
2018-11-16 09:04:32.579 |-INFO  [main] org.springframework.web.servlet.mvc.method.annotation.RequestMappingHandlerMapping [543] -| Mapped "{[/v2/api-docs],methods=[GET],produces=[application/json || application/hal+json]}" onto public org.springframework.http.ResponseEntity<springfox.documentation.spring.web.json.Json> springfox.documentation.swagger2.web.Swagger2Controller.getDocumentation(java.lang.String,javax.servlet.http.HttpServletRequest)
2018-11-16 09:04:32.582 |-INFO  [main] org.springframework.web.servlet.mvc.method.annotation.RequestMappingHandlerMapping [543] -| Mapped "{[/swagger-resources/configuration/security]}" onto org.springframework.http.ResponseEntity<springfox.documentation.swagger.web.SecurityConfiguration> springfox.documentation.swagger.web.ApiResourceController.securityConfiguration()
2018-11-16 09:04:32.583 |-INFO  [main] org.springframework.web.servlet.mvc.method.annotation.RequestMappingHandlerMapping [543] -| Mapped "{[/swagger-resources/configuration/ui]}" onto org.springframework.http.ResponseEntity<springfox.documentation.swagger.web.UiConfiguration> springfox.documentation.swagger.web.ApiResourceController.uiConfiguration()
2018-11-16 09:04:32.584 |-INFO  [main] org.springframework.web.servlet.mvc.method.annotation.RequestMappingHandlerMapping [543] -| Mapped "{[/swagger-resources]}" onto org.springframework.http.ResponseEntity<java.util.List<springfox.documentation.swagger.web.SwaggerResource>> springfox.documentation.swagger.web.ApiResourceController.swaggerResources()
2018-11-16 09:04:32.586 |-INFO  [main] org.springframework.web.servlet.mvc.method.annotation.RequestMappingHandlerMapping [543] -| Mapped "{[/error]}" onto public org.springframework.http.ResponseEntity<java.util.Map<java.lang.String, java.lang.Object>> org.springframework.boot.autoconfigure.web.BasicErrorController.error(javax.servlet.http.HttpServletRequest)
2018-11-16 09:04:32.586 |-INFO  [main] org.springframework.web.servlet.mvc.method.annotation.RequestMappingHandlerMapping [543] -| Mapped "{[/error],produces=[text/html]}" onto public org.springframework.web.servlet.ModelAndView org.springframework.boot.autoconfigure.web.BasicErrorController.errorHtml(javax.servlet.http.HttpServletRequest,javax.servlet.http.HttpServletResponse)
2018-11-16 09:04:32.933 |-INFO  [main] org.springframework.web.servlet.mvc.method.annotation.RequestMappingHandlerAdapter [534] -| Looking for @ControllerAdvice: org.springframework.boot.context.embedded.AnnotationConfigEmbeddedWebApplicationContext@3568f9d2: startup date [Fri Nov 16 09:04:26 CST 2018]; root of context hierarchy
2018-11-16 09:04:33.003 |-INFO  [main] org.springframework.web.servlet.handler.SimpleUrlHandlerMapping [362] -| Mapped URL path [/webjars/**] onto handler of type [class org.springframework.web.servlet.resource.ResourceHttpRequestHandler]
2018-11-16 09:04:33.004 |-INFO  [main] org.springframework.web.servlet.handler.SimpleUrlHandlerMapping [362] -| Mapped URL path [/**] onto handler of type [class org.springframework.web.servlet.resource.ResourceHttpRequestHandler]
2018-11-16 09:04:33.030 |-INFO  [main] org.springframework.web.servlet.mvc.method.annotation.ExceptionHandlerExceptionResolver [273] -| Detected @ExceptionHandler methods in globalControllerExceptionHandler
2018-11-16 09:04:33.053 |-INFO  [main] org.springframework.web.servlet.handler.SimpleUrlHandlerMapping [362] -| Mapped URL path [/**/favicon.ico] onto handler of type [class org.springframework.web.servlet.resource.ResourceHttpRequestHandler]
2018-11-16 09:04:33.437 |-INFO  [main] org.springframework.jmx.export.annotation.AnnotationMBeanExporter [431] -| Registering beans for JMX exposure on startup
2018-11-16 09:04:33.445 |-INFO  [main] org.springframework.context.support.DefaultLifecycleProcessor [343] -| Starting beans in phase 2147483647
2018-11-16 09:04:33.446 |-INFO  [main] springfox.documentation.spring.web.plugins.DocumentationPluginsBootstrapper [120] -| Context refreshed
2018-11-16 09:04:33.471 |-INFO  [main] springfox.documentation.spring.web.plugins.DocumentationPluginsBootstrapper [123] -| Found 1 custom documentation plugin(s)
2018-11-16 09:04:33.488 |-INFO  [main] springfox.documentation.spring.web.scanners.ApiListingReferenceScanner [41] -| Scanning for api listing references
2018-11-16 09:04:33.858 |-INFO  [main] springfox.documentation.spring.web.readers.operation.CachingOperationNameGenerator [40] -| Generating unique operation named: payUsingPOST_1
2018-11-16 09:04:34.243 |-INFO  [main] springfox.documentation.spring.web.readers.operation.CachingOperationNameGenerator [40] -| Generating unique operation named: saveUsingPOST_1
2018-11-16 09:04:34.289 |-INFO  [main] springfox.documentation.spring.web.readers.operation.CachingOperationNameGenerator [40] -| Generating unique operation named: saveUsingPOST_2
2018-11-16 09:04:34.297 |-INFO  [main] springfox.documentation.spring.web.readers.operation.CachingOperationNameGenerator [40] -| Generating unique operation named: queryAllUsingGET_1
2018-11-16 09:04:34.300 |-INFO  [main] springfox.documentation.spring.web.readers.operation.CachingOperationNameGenerator [40] -| Generating unique operation named: saveUsingPOST_3
2018-11-16 09:04:34.343 |-INFO  [main] org.hibernate.hql.internal.QueryTranslatorFactoryInitiator [47] -| HHH000397: Using ASTQueryTranslatorFactory
2018-11-16 09:04:34.440 |-INFO  [main] org.apache.coyote.http11.Http11NioProtocol [179] -| Initializing ProtocolHandler ["http-nio-8008"]
2018-11-16 09:04:34.451 |-INFO  [main] org.apache.coyote.http11.Http11NioProtocol [179] -| Starting ProtocolHandler ["http-nio-8008"]
2018-11-16 09:04:34.462 |-INFO  [main] org.apache.tomcat.util.net.NioSelectorPool [179] -| Using a shared selector for servlet write/read
2018-11-16 09:04:34.476 |-INFO  [main] org.springframework.boot.context.embedded.tomcat.TomcatEmbeddedServletContainer [201] -| Tomcat started on port(s): 8008 (http)
2018-11-16 09:04:34.481 |-INFO  [main] com.pay.PayApplication [57] -| Started PayApplication in 9.52 seconds (JVM running for 10.017)
2018-11-16 09:06:16.636 |-INFO  [http-nio-8008-exec-1] org.apache.catalina.core.ContainerBase.[Tomcat].[localhost].[/pay] [179] -| Initializing Spring FrameworkServlet 'dispatcherServlet'
2018-11-16 09:06:16.637 |-INFO  [http-nio-8008-exec-1] org.springframework.web.servlet.DispatcherServlet [489] -| FrameworkServlet 'dispatcherServlet': initialization started
2018-11-16 09:06:16.664 |-INFO  [http-nio-8008-exec-1] org.springframework.web.servlet.DispatcherServlet [508] -| FrameworkServlet 'dispatcherServlet': initialization completed in 27 ms
2018-11-16 09:06:16.760 |-INFO  [http-nio-8008-exec-2] org.apache.tomcat.util.http.parser.Cookie [179] -| A cookie header was received [40bd001563085fc35165329ea1ff5c5ecbdbbeef; JSESSIONID=835A5E49435DC2A5F07F4096F0703C5E] that contained an invalid cookie. That cookie will be ignored.Note: further occurrences of this error will be logged at DEBUG level.
2018-11-16 09:08:46.328 |-INFO  [http-nio-8008-exec-9] com.pay.aspect.PayAspect [62] -| 【访客验证】非法访问： ip = 192.168.1.149, port = 1178 ,methodName = pay ,args = [null, null, null, 365112345, 5, 挂号费, null, null, null, null, null, null, null, org.apache.catalina.connector.ResponseFacade@73c74597] 
2018-11-16 09:08:52.155 |-INFO  [http-nio-8008-exec-2] com.pay.aspect.PayAspect [62] -| 【访客验证】非法访问： ip = 192.168.1.149, port = 1178 ,methodName = pay ,args = [null, null, null, 365112345, 5, 挂号费, null, null, null, null, null, null, null, org.apache.catalina.connector.ResponseFacade@73c74597] 
2018-11-16 09:08:55.250 |-INFO  [http-nio-8008-exec-3] com.pay.aspect.PayAspect [62] -| 【访客验证】非法访问： ip = 192.168.1.149, port = 1178 ,methodName = pay ,args = [null, null, null, 365112345, 5, 挂号费, null, null, null, null, null, null, null, org.apache.catalina.connector.ResponseFacade@73c74597] 
2018-11-16 09:08:55.425 |-INFO  [http-nio-8008-exec-1] com.pay.aspect.PayAspect [62] -| 【访客验证】非法访问： ip = 192.168.1.149, port = 1178 ,methodName = pay ,args = [null, null, null, 365112345, 5, 挂号费, null, null, null, null, null, null, null, org.apache.catalina.connector.ResponseFacade@73c74597] 
2018-11-16 09:08:55.594 |-INFO  [http-nio-8008-exec-6] com.pay.aspect.PayAspect [62] -| 【访客验证】非法访问： ip = 192.168.1.149, port = 1178 ,methodName = pay ,args = [null, null, null, 365112345, 5, 挂号费, null, null, null, null, null, null, null, org.apache.catalina.connector.ResponseFacade@73c74597] 
2018-11-16 09:08:55.778 |-INFO  [http-nio-8008-exec-8] com.pay.aspect.PayAspect [62] -| 【访客验证】非法访问： ip = 192.168.1.149, port = 1178 ,methodName = pay ,args = [null, null, null, 365112345, 5, 挂号费, null, null, null, null, null, null, null, org.apache.catalina.connector.ResponseFacade@73c74597] 
2018-11-16 09:08:55.962 |-INFO  [http-nio-8008-exec-7] com.pay.aspect.PayAspect [62] -| 【访客验证】非法访问： ip = 192.168.1.149, port = 1178 ,methodName = pay ,args = [null, null, null, 365112345, 5, 挂号费, null, null, null, null, null, null, null, org.apache.catalina.connector.ResponseFacade@73c74597] 
2018-11-16 09:08:56.138 |-INFO  [http-nio-8008-exec-5] com.pay.aspect.PayAspect [62] -| 【访客验证】非法访问： ip = 192.168.1.149, port = 1178 ,methodName = pay ,args = [null, null, null, 365112345, 5, 挂号费, null, null, null, null, null, null, null, org.apache.catalina.connector.ResponseFacade@73c74597] 
2018-11-16 09:09:02.891 |-INFO  [http-nio-8008-exec-10] com.pay.aspect.PayAspect [62] -| 【访客验证】非法访问： ip = 192.168.1.149, port = 1178 ,methodName = pay ,args = [null, null, null, 365112345, 5, 挂号费, null, null, null, null, null, null, null, org.apache.catalina.connector.ResponseFacade@73c74597] 
2018-11-16 09:09:03.065 |-INFO  [http-nio-8008-exec-9] com.pay.aspect.PayAspect [62] -| 【访客验证】非法访问： ip = 192.168.1.149, port = 1178 ,methodName = pay ,args = [null, null, null, 365112345, 5, 挂号费, null, null, null, null, null, null, null, org.apache.catalina.connector.ResponseFacade@73c74597] 
2018-11-16 09:09:03.241 |-INFO  [http-nio-8008-exec-2] com.pay.aspect.PayAspect [62] -| 【访客验证】非法访问： ip = 192.168.1.149, port = 1178 ,methodName = pay ,args = [null, null, null, 365112345, 5, 挂号费, null, null, null, null, null, null, null, org.apache.catalina.connector.ResponseFacade@73c74597] 
2018-11-16 09:09:03.425 |-INFO  [http-nio-8008-exec-3] com.pay.aspect.PayAspect [62] -| 【访客验证】非法访问： ip = 192.168.1.149, port = 1178 ,methodName = pay ,args = [null, null, null, 365112345, 5, 挂号费, null, null, null, null, null, null, null, org.apache.catalina.connector.ResponseFacade@73c74597] 
2018-11-16 09:09:03.601 |-INFO  [http-nio-8008-exec-1] com.pay.aspect.PayAspect [62] -| 【访客验证】非法访问： ip = 192.168.1.149, port = 1178 ,methodName = pay ,args = [null, null, null, 365112345, 5, 挂号费, null, null, null, null, null, null, null, org.apache.catalina.connector.ResponseFacade@73c74597] 
2018-11-16 09:09:06.178 |-INFO  [http-nio-8008-exec-6] com.pay.aspect.PayAspect [62] -| 【访客验证】非法访问： ip = 192.168.1.149, port = 1178 ,methodName = pay ,args = [null, null, null, 365112345, 5, 挂号费, null, null, null, null, null, null, null, org.apache.catalina.connector.ResponseFacade@73c74597] 
2018-11-16 09:09:06.345 |-INFO  [http-nio-8008-exec-8] com.pay.aspect.PayAspect [62] -| 【访客验证】非法访问： ip = 192.168.1.149, port = 1178 ,methodName = pay ,args = [null, null, null, 365112345, 5, 挂号费, null, null, null, null, null, null, null, org.apache.catalina.connector.ResponseFacade@73c74597] 
2018-11-16 09:09:06.521 |-INFO  [http-nio-8008-exec-7] com.pay.aspect.PayAspect [62] -| 【访客验证】非法访问： ip = 192.168.1.149, port = 1178 ,methodName = pay ,args = [null, null, null, 365112345, 5, 挂号费, null, null, null, null, null, null, null, org.apache.catalina.connector.ResponseFacade@73c74597] 
2018-11-16 09:09:06.681 |-INFO  [http-nio-8008-exec-5] com.pay.aspect.PayAspect [62] -| 【访客验证】非法访问： ip = 192.168.1.149, port = 1178 ,methodName = pay ,args = [null, null, null, 365112345, 5, 挂号费, null, null, null, null, null, null, null, org.apache.catalina.connector.ResponseFacade@73c74597] 
2018-11-16 09:09:07.025 |-INFO  [http-nio-8008-exec-4] com.pay.aspect.PayAspect [62] -| 【访客验证】非法访问： ip = 192.168.1.149, port = 1178 ,methodName = pay ,args = [null, null, null, 365112345, 5, 挂号费, null, null, null, null, null, null, null, org.apache.catalina.connector.ResponseFacade@73c74597] 
2018-11-16 09:09:07.194 |-INFO  [http-nio-8008-exec-10] com.pay.aspect.PayAspect [62] -| 【访客验证】非法访问： ip = 192.168.1.149, port = 1178 ,methodName = pay ,args = [null, null, null, 365112345, 5, 挂号费, null, null, null, null, null, null, null, org.apache.catalina.connector.ResponseFacade@73c74597] 
2018-11-16 09:11:25.493 |-INFO  [main] com.pay.PayApplication [48] -| Starting PayApplication on yzm with PID 24104 (D:\workspace2\sshapp-pro\pay\target\classes started by www78 in D:\workspace2\sshapp-pro\pay)
2018-11-16 09:11:25.496 |-INFO  [main] com.pay.PayApplication [597] -| The following profiles are active: dev
2018-11-16 09:11:25.538 |-INFO  [main] org.springframework.boot.context.embedded.AnnotationConfigEmbeddedWebApplicationContext [583] -| Refreshing org.springframework.boot.context.embedded.AnnotationConfigEmbeddedWebApplicationContext@3568f9d2: startup date [Fri Nov 16 09:11:25 CST 2018]; root of context hierarchy
2018-11-16 09:11:25.658 |-INFO  [background-preinit] org.hibernate.validator.internal.util.Version [30] -| HV000001: Hibernate Validator 5.3.5.Final
2018-11-16 09:11:27.280 |-INFO  [main] org.springframework.context.support.PostProcessorRegistrationDelegate$BeanPostProcessorChecker [325] -| Bean 'org.springframework.transaction.annotation.ProxyTransactionManagementConfiguration' of type [org.springframework.transaction.annotation.ProxyTransactionManagementConfiguration$$EnhancerBySpringCGLIB$$8a402f1b] is not eligible for getting processed by all BeanPostProcessors (for example: not eligible for auto-proxying)
2018-11-16 09:11:27.772 |-INFO  [main] org.springframework.boot.context.embedded.tomcat.TomcatEmbeddedServletContainer [89] -| Tomcat initialized with port(s): 8008 (http)
2018-11-16 09:11:27.791 |-INFO  [main] org.apache.catalina.core.StandardService [179] -| Starting service [Tomcat]
2018-11-16 09:11:27.792 |-INFO  [main] org.apache.catalina.core.StandardEngine [179] -| Starting Servlet Engine: Apache Tomcat/8.5.16
2018-11-16 09:11:27.956 |-INFO  [localhost-startStop-1] org.apache.catalina.core.ContainerBase.[Tomcat].[localhost].[/pay] [179] -| Initializing Spring embedded WebApplicationContext
2018-11-16 09:11:27.956 |-INFO  [localhost-startStop-1] org.springframework.web.context.ContextLoader [276] -| Root WebApplicationContext: initialization completed in 2418 ms
2018-11-16 09:11:28.155 |-INFO  [localhost-startStop-1] org.springframework.boot.web.servlet.ServletRegistrationBean [190] -| Mapping servlet: 'dispatcherServlet' to [/]
2018-11-16 09:11:28.160 |-INFO  [localhost-startStop-1] org.springframework.boot.web.servlet.FilterRegistrationBean [258] -| Mapping filter: 'characterEncodingFilter' to: [/*]
2018-11-16 09:11:28.161 |-INFO  [localhost-startStop-1] org.springframework.boot.web.servlet.FilterRegistrationBean [258] -| Mapping filter: 'hiddenHttpMethodFilter' to: [/*]
2018-11-16 09:11:28.161 |-INFO  [localhost-startStop-1] org.springframework.boot.web.servlet.FilterRegistrationBean [258] -| Mapping filter: 'httpPutFormContentFilter' to: [/*]
2018-11-16 09:11:28.161 |-INFO  [localhost-startStop-1] org.springframework.boot.web.servlet.FilterRegistrationBean [258] -| Mapping filter: 'requestContextFilter' to: [/*]
2018-11-16 09:11:28.778 |-INFO  [main] org.springframework.orm.jpa.LocalContainerEntityManagerFactoryBean [349] -| Building JPA container EntityManagerFactory for persistence unit 'default'
2018-11-16 09:11:28.789 |-INFO  [main] org.hibernate.jpa.internal.util.LogHelper [31] -| HHH000204: Processing PersistenceUnitInfo [
	name: default
	...]
2018-11-16 09:11:28.846 |-INFO  [main] org.hibernate.Version [37] -| HHH000412: Hibernate Core {5.0.12.Final}
2018-11-16 09:11:28.847 |-INFO  [main] org.hibernate.cfg.Environment [213] -| HHH000206: hibernate.properties not found
2018-11-16 09:11:28.848 |-INFO  [main] org.hibernate.cfg.Environment [317] -| HHH000021: Bytecode provider name : javassist
2018-11-16 09:11:28.887 |-INFO  [main] org.hibernate.annotations.common.Version [66] -| HCANN000001: Hibernate Commons Annotations {5.0.1.Final}
2018-11-16 09:11:29.128 |-INFO  [main] org.hibernate.dialect.Dialect [156] -| HHH000400: Using dialect: org.hibernate.dialect.MySQL5Dialect
2018-11-16 09:11:29.591 |-INFO  [main] org.hibernate.tool.hbm2ddl.SchemaUpdate [105] -| HHH000228: Running hbm2ddl schema update
2018-11-16 09:11:30.087 |-INFO  [main] org.springframework.orm.jpa.LocalContainerEntityManagerFactoryBean [379] -| Initialized JPA EntityManagerFactory for persistence unit 'default'
2018-11-16 09:11:30.561 |-INFO  [main] org.springframework.web.servlet.view.freemarker.FreeMarkerConfigurer [127] -| ClassTemplateLoader for Spring macros added to FreeMarker configuration
2018-11-16 09:11:31.466 |-INFO  [main] org.springframework.web.servlet.mvc.method.annotation.RequestMappingHandlerMapping [543] -| Mapped "{[/alipay/notify],methods=[POST]}" onto public void com.pay.controller.AlipayController.notify(javax.servlet.http.HttpServletRequest,javax.servlet.http.HttpServletResponse) throws java.lang.Exception
2018-11-16 09:11:31.467 |-INFO  [main] org.springframework.web.servlet.mvc.method.annotation.RequestMappingHandlerMapping [543] -| Mapped "{[/alipay/close]}" onto public java.util.Map<java.lang.String, java.lang.Object> com.pay.controller.AlipayController.close(java.lang.String,java.lang.String)
2018-11-16 09:11:31.469 |-INFO  [main] org.springframework.web.servlet.mvc.method.annotation.RequestMappingHandlerMapping [543] -| Mapped "{[/alipay/query]}" onto public java.util.Map<java.lang.String, java.lang.Object> com.pay.controller.AlipayController.query(java.lang.String)
2018-11-16 09:11:31.469 |-INFO  [main] org.springframework.web.servlet.mvc.method.annotation.RequestMappingHandlerMapping [543] -| Mapped "{[/alipay/pay_test]}" onto public void com.pay.controller.AlipayController.doPost(java.lang.String,javax.servlet.http.HttpServletRequest,javax.servlet.http.HttpServletResponse) throws javax.servlet.ServletException,java.io.IOException
2018-11-16 09:11:31.470 |-INFO  [main] org.springframework.web.servlet.mvc.method.annotation.RequestMappingHandlerMapping [543] -| Mapped "{[/alipay/returnUrl]}" onto public org.springframework.web.servlet.ModelAndView com.pay.controller.AlipayController.returnUrl()
2018-11-16 09:11:31.470 |-INFO  [main] org.springframework.web.servlet.mvc.method.annotation.RequestMappingHandlerMapping [543] -| Mapped "{[/alipay/pay],methods=[POST]}" onto public void com.pay.controller.AlipayController.pay(java.lang.String,java.lang.String,java.lang.String,javax.servlet.http.HttpServletResponse) throws java.lang.Exception
2018-11-16 09:11:31.470 |-INFO  [main] org.springframework.web.servlet.mvc.method.annotation.RequestMappingHandlerMapping [543] -| Mapped "{[/alipay/pay2]}" onto public void com.pay.controller.AlipayController.pay(java.lang.String,java.lang.String,java.lang.String,java.lang.String,java.lang.String,java.lang.String,java.lang.String,java.lang.String,java.lang.String,java.lang.String,java.lang.String,java.lang.String,java.lang.String,javax.servlet.http.HttpServletResponse) throws java.lang.Exception
2018-11-16 09:11:31.471 |-INFO  [main] org.springframework.web.servlet.mvc.method.annotation.RequestMappingHandlerMapping [543] -| Mapped "{[/alipay/pay_supplier]}" onto public void com.pay.controller.AlipayController.paySupplier(java.lang.String,javax.servlet.http.HttpServletRequest,javax.servlet.http.HttpServletResponse) throws java.lang.Exception
2018-11-16 09:11:31.471 |-INFO  [main] org.springframework.web.servlet.mvc.method.annotation.RequestMappingHandlerMapping [543] -| Mapped "{[/alipay/refund]}" onto public java.util.Map<java.lang.String, java.lang.Object> com.pay.controller.AlipayController.refund(java.lang.String,java.lang.String,java.lang.String,java.lang.String,java.lang.String,java.lang.String,java.lang.String) throws java.lang.Exception
2018-11-16 09:11:31.472 |-INFO  [main] org.springframework.web.servlet.mvc.method.annotation.RequestMappingHandlerMapping [543] -| Mapped "{[/alipay/my_notify]}" onto public java.util.Map<java.lang.String, java.lang.Object> com.pay.controller.AlipayController.myNotify(java.lang.String)
2018-11-16 09:11:31.472 |-INFO  [main] org.springframework.web.servlet.mvc.method.annotation.RequestMappingHandlerMapping [543] -| Mapped "{[/alipay/query_refund]}" onto public java.util.Map<java.lang.String, java.lang.Object> com.pay.controller.AlipayController.queryRefund(java.lang.String,java.lang.String) throws java.lang.Exception
2018-11-16 09:11:31.472 |-INFO  [main] org.springframework.web.servlet.mvc.method.annotation.RequestMappingHandlerMapping [543] -| Mapped "{[/alipay/download_bill]}" onto public java.util.Map<java.lang.String, java.lang.Object> com.pay.controller.AlipayController.downloadBill(java.lang.String,java.lang.String,javax.servlet.http.HttpServletResponse) throws java.lang.Exception
2018-11-16 09:11:31.474 |-INFO  [main] org.springframework.web.servlet.mvc.method.annotation.RequestMappingHandlerMapping [543] -| Mapped "{[/appParam/save],methods=[POST]}" onto public com.pay.vo.ResponseVO com.pay.controller.AppParamController.save(java.lang.Long,java.lang.String)
2018-11-16 09:11:31.475 |-INFO  [main] org.springframework.web.servlet.mvc.method.annotation.RequestMappingHandlerMapping [543] -| Mapped "{[/appParam/query_all],methods=[GET]}" onto public java.util.Map<java.lang.String, java.lang.Object> com.pay.controller.AppParamController.queryAll(java.lang.Integer,java.lang.Integer)
2018-11-16 09:11:31.475 |-INFO  [main] org.springframework.web.servlet.mvc.method.annotation.RequestMappingHandlerMapping [543] -| Mapped "{[/appParam/query_one],methods=[GET]}" onto public com.pay.vo.ResponseVO com.pay.controller.AppParamController.queryOne(java.lang.String)
2018-11-16 09:11:31.477 |-INFO  [main] org.springframework.web.servlet.mvc.method.annotation.RequestMappingHandlerMapping [543] -| Mapped "{[/common/index],methods=[GET]}" onto public org.springframework.web.servlet.ModelAndView com.pay.controller.CommonController.index(javax.servlet.http.HttpServletRequest)
2018-11-16 09:11:31.477 |-INFO  [main] org.springframework.web.servlet.mvc.method.annotation.RequestMappingHandlerMapping [543] -| Mapped "{[/common/login],methods=[POST]}" onto public com.pay.vo.ResponseVO com.pay.controller.CommonController.login(com.pay.entity.User,javax.servlet.http.HttpServletRequest)
2018-11-16 09:11:31.477 |-INFO  [main] org.springframework.web.servlet.mvc.method.annotation.RequestMappingHandlerMapping [543] -| Mapped "{[/common/register_by_phone],methods=[POST]}" onto public com.pay.vo.ResponseVO com.pay.controller.CommonController.registerByPhone(com.pay.entity.User,javax.servlet.http.HttpServletRequest)
2018-11-16 09:11:31.477 |-INFO  [main] org.springframework.web.servlet.mvc.method.annotation.RequestMappingHandlerMapping [543] -| Mapped "{[/common/show_register],methods=[GET]}" onto public org.springframework.web.servlet.ModelAndView com.pay.controller.CommonController.showRegister(javax.servlet.http.HttpServletRequest)
2018-11-16 09:11:31.478 |-INFO  [main] org.springframework.web.servlet.mvc.method.annotation.RequestMappingHandlerMapping [543] -| Mapped "{[/common/logout],methods=[GET]}" onto public void com.pay.controller.CommonController.logout(javax.servlet.http.HttpServletRequest,javax.servlet.http.HttpServletResponse) throws java.lang.Exception
2018-11-16 09:11:31.478 |-INFO  [main] org.springframework.web.servlet.mvc.method.annotation.RequestMappingHandlerMapping [543] -| Mapped "{[/common/register_by_email],methods=[POST]}" onto public com.pay.vo.ResponseVO com.pay.controller.CommonController.registerByEmail(com.pay.entity.User)
2018-11-16 09:11:31.478 |-INFO  [main] org.springframework.web.servlet.mvc.method.annotation.RequestMappingHandlerMapping [543] -| Mapped "{[/common/show_login],methods=[GET]}" onto public org.springframework.web.servlet.ModelAndView com.pay.controller.CommonController.showLogin(javax.servlet.http.HttpServletRequest)
2018-11-16 09:11:31.479 |-INFO  [main] org.springframework.web.servlet.mvc.method.annotation.RequestMappingHandlerMapping [543] -| Mapped "{[/common/navigate],methods=[GET]}" onto public org.springframework.web.servlet.ModelAndView com.pay.controller.CommonController.navigate(java.lang.String,javax.servlet.http.HttpServletRequest)
2018-11-16 09:11:31.479 |-INFO  [main] org.springframework.web.servlet.mvc.method.annotation.RequestMappingHandlerMapping [543] -| Mapped "{[/givenInvoice/save]}" onto public org.springframework.web.servlet.ModelAndView com.pay.controller.GivenInvoiceController.save(com.pay.entity.GivenInvoice)
2018-11-16 09:11:31.480 |-INFO  [main] org.springframework.web.servlet.mvc.method.annotation.RequestMappingHandlerMapping [543] -| Mapped "{[/givenInvoice/query_all]}" onto public java.util.Map<java.lang.String, java.lang.Object> com.pay.controller.GivenInvoiceController.queryAll(java.lang.Integer,java.lang.Integer,java.lang.String)
2018-11-16 09:11:31.481 |-INFO  [main] org.springframework.web.servlet.mvc.method.annotation.RequestMappingHandlerMapping [543] -| Mapped "{[/givenInvoice/modify]}" onto public org.springframework.web.servlet.ModelAndView com.pay.controller.GivenInvoiceController.modify(com.pay.entity.GivenInvoice)
2018-11-16 09:11:31.481 |-INFO  [main] org.springframework.web.servlet.mvc.method.annotation.RequestMappingHandlerMapping [543] -| Mapped "{[/]}" onto public java.lang.String com.pay.controller.IndexController.index()
2018-11-16 09:11:31.483 |-INFO  [main] org.springframework.web.servlet.mvc.method.annotation.RequestMappingHandlerMapping [543] -| Mapped "{[/invoice/toXml],methods=[POST]}" onto public void com.pay.controller.InvoiceController.generate(java.lang.String,javax.servlet.http.HttpServletResponse) throws java.lang.Exception
2018-11-16 09:11:31.484 |-INFO  [main] org.springframework.web.servlet.mvc.method.annotation.RequestMappingHandlerMapping [543] -| Mapped "{[/invoice/query_all],methods=[GET]}" onto public java.util.Map<java.lang.String, java.lang.Object> com.pay.controller.InvoiceController.queryAll(java.lang.Integer,java.lang.Integer,java.lang.String)
2018-11-16 09:11:31.484 |-INFO  [main] org.springframework.web.servlet.mvc.method.annotation.RequestMappingHandlerMapping [543] -| Mapped "{[/invoice/importExcel],methods=[POST]}" onto public com.pay.vo.ResponseVO com.pay.controller.InvoiceController.importExcel(javax.servlet.http.HttpServletRequest,javax.servlet.http.HttpServletResponse) throws java.lang.Exception
2018-11-16 09:11:31.484 |-INFO  [main] org.springframework.web.servlet.mvc.method.annotation.RequestMappingHandlerMapping [543] -| Mapped "{[/invoice/unDraw_toExcel],methods=[POST]}" onto public void com.pay.controller.InvoiceController.unDraw2Excel(javax.servlet.http.HttpServletResponse) throws java.lang.Exception
2018-11-16 09:11:31.485 |-INFO  [main] org.springframework.web.servlet.mvc.method.annotation.RequestMappingHandlerMapping [543] -| Mapped "{[/invoice/save_header],methods=[POST]}" onto public java.util.Map<java.lang.String, java.lang.Object> com.pay.controller.InvoiceController.saveHeader(java.lang.String,java.lang.String,java.lang.String,java.lang.String,java.lang.String,java.lang.String,java.lang.String) throws java.lang.Exception
2018-11-16 09:11:31.486 |-INFO  [main] org.springframework.web.servlet.mvc.method.annotation.RequestMappingHandlerMapping [543] -| Mapped "{[/invoice/toExcel],methods=[POST]}" onto public void com.pay.controller.InvoiceController.invoice2Word(java.lang.String,javax.servlet.http.HttpServletResponse) throws java.lang.Exception
2018-11-16 09:11:31.487 |-INFO  [main] org.springframework.web.servlet.mvc.method.annotation.RequestMappingHandlerMapping [543] -| Mapped "{[/payInfo/query_trade_success]}" onto public java.util.Map<java.lang.String, java.lang.Object> com.pay.controller.PayInfoController.queryTradeSuccess(java.lang.Integer,java.lang.Integer,com.pay.entity.PayInfo)
2018-11-16 09:11:31.488 |-INFO  [main] org.springframework.web.servlet.mvc.method.annotation.RequestMappingHandlerMapping [543] -| Mapped "{[/sms/send_code],methods=[POST]}" onto public com.pay.vo.ResponseVO com.pay.controller.SmsController.sendCode(java.lang.String)
2018-11-16 09:11:31.489 |-INFO  [main] org.springframework.web.servlet.mvc.method.annotation.RequestMappingHandlerMapping [543] -| Mapped "{[/user/save],methods=[POST]}" onto public org.springframework.web.servlet.ModelAndView com.pay.controller.UserController.save(com.pay.entity.User,org.apache.catalina.servlet4preview.http.HttpServletRequest)
2018-11-16 09:11:31.489 |-INFO  [main] org.springframework.web.servlet.mvc.method.annotation.RequestMappingHandlerMapping [543] -| Mapped "{[/user/query_by_username],methods=[GET]}" onto public com.pay.vo.ResponseVO com.pay.controller.UserController.queryByUsername(java.lang.String)
2018-11-16 09:11:31.490 |-INFO  [main] org.springframework.web.servlet.mvc.method.annotation.RequestMappingHandlerMapping [543] -| Mapped "{[/whiteList/delete],methods=[GET]}" onto public void com.pay.controller.WhiteListController.delete(java.lang.Long)
2018-11-16 09:11:31.490 |-INFO  [main] org.springframework.web.servlet.mvc.method.annotation.RequestMappingHandlerMapping [543] -| Mapped "{[/whiteList/save],methods=[POST]}" onto public org.springframework.web.servlet.ModelAndView com.pay.controller.WhiteListController.save(com.pay.entity.WhiteList)
2018-11-16 09:11:31.490 |-INFO  [main] org.springframework.web.servlet.mvc.method.annotation.RequestMappingHandlerMapping [543] -| Mapped "{[/whiteList/query_all],methods=[GET]}" onto public java.util.Map<java.lang.String, java.lang.Object> com.pay.controller.WhiteListController.queryAll(java.lang.Integer,java.lang.Integer,org.apache.catalina.servlet4preview.http.HttpServletRequest)
2018-11-16 09:11:31.492 |-INFO  [main] org.springframework.web.servlet.mvc.method.annotation.RequestMappingHandlerMapping [543] -| Mapped "{[/v2/api-docs],methods=[GET],produces=[application/json || application/hal+json]}" onto public org.springframework.http.ResponseEntity<springfox.documentation.spring.web.json.Json> springfox.documentation.swagger2.web.Swagger2Controller.getDocumentation(java.lang.String,javax.servlet.http.HttpServletRequest)
2018-11-16 09:11:31.494 |-INFO  [main] org.springframework.web.servlet.mvc.method.annotation.RequestMappingHandlerMapping [543] -| Mapped "{[/swagger-resources/configuration/security]}" onto org.springframework.http.ResponseEntity<springfox.documentation.swagger.web.SecurityConfiguration> springfox.documentation.swagger.web.ApiResourceController.securityConfiguration()
2018-11-16 09:11:31.495 |-INFO  [main] org.springframework.web.servlet.mvc.method.annotation.RequestMappingHandlerMapping [543] -| Mapped "{[/swagger-resources/configuration/ui]}" onto org.springframework.http.ResponseEntity<springfox.documentation.swagger.web.UiConfiguration> springfox.documentation.swagger.web.ApiResourceController.uiConfiguration()
2018-11-16 09:11:31.496 |-INFO  [main] org.springframework.web.servlet.mvc.method.annotation.RequestMappingHandlerMapping [543] -| Mapped "{[/swagger-resources]}" onto org.springframework.http.ResponseEntity<java.util.List<springfox.documentation.swagger.web.SwaggerResource>> springfox.documentation.swagger.web.ApiResourceController.swaggerResources()
2018-11-16 09:11:31.499 |-INFO  [main] org.springframework.web.servlet.mvc.method.annotation.RequestMappingHandlerMapping [543] -| Mapped "{[/error]}" onto public org.springframework.http.ResponseEntity<java.util.Map<java.lang.String, java.lang.Object>> org.springframework.boot.autoconfigure.web.BasicErrorController.error(javax.servlet.http.HttpServletRequest)
2018-11-16 09:11:31.499 |-INFO  [main] org.springframework.web.servlet.mvc.method.annotation.RequestMappingHandlerMapping [543] -| Mapped "{[/error],produces=[text/html]}" onto public org.springframework.web.servlet.ModelAndView org.springframework.boot.autoconfigure.web.BasicErrorController.errorHtml(javax.servlet.http.HttpServletRequest,javax.servlet.http.HttpServletResponse)
2018-11-16 09:11:31.906 |-INFO  [main] org.springframework.web.servlet.mvc.method.annotation.RequestMappingHandlerAdapter [534] -| Looking for @ControllerAdvice: org.springframework.boot.context.embedded.AnnotationConfigEmbeddedWebApplicationContext@3568f9d2: startup date [Fri Nov 16 09:11:25 CST 2018]; root of context hierarchy
2018-11-16 09:11:31.972 |-INFO  [main] org.springframework.web.servlet.handler.SimpleUrlHandlerMapping [362] -| Mapped URL path [/webjars/**] onto handler of type [class org.springframework.web.servlet.resource.ResourceHttpRequestHandler]
2018-11-16 09:11:31.973 |-INFO  [main] org.springframework.web.servlet.handler.SimpleUrlHandlerMapping [362] -| Mapped URL path [/**] onto handler of type [class org.springframework.web.servlet.resource.ResourceHttpRequestHandler]
2018-11-16 09:11:32.005 |-INFO  [main] org.springframework.web.servlet.mvc.method.annotation.ExceptionHandlerExceptionResolver [273] -| Detected @ExceptionHandler methods in globalControllerExceptionHandler
2018-11-16 09:11:32.032 |-INFO  [main] org.springframework.web.servlet.handler.SimpleUrlHandlerMapping [362] -| Mapped URL path [/**/favicon.ico] onto handler of type [class org.springframework.web.servlet.resource.ResourceHttpRequestHandler]
2018-11-16 09:11:32.426 |-INFO  [main] org.springframework.jmx.export.annotation.AnnotationMBeanExporter [431] -| Registering beans for JMX exposure on startup
2018-11-16 09:11:32.435 |-INFO  [main] org.springframework.context.support.DefaultLifecycleProcessor [343] -| Starting beans in phase 2147483647
2018-11-16 09:11:32.435 |-INFO  [main] springfox.documentation.spring.web.plugins.DocumentationPluginsBootstrapper [120] -| Context refreshed
2018-11-16 09:11:32.450 |-INFO  [main] springfox.documentation.spring.web.plugins.DocumentationPluginsBootstrapper [123] -| Found 1 custom documentation plugin(s)
2018-11-16 09:11:32.462 |-INFO  [main] springfox.documentation.spring.web.scanners.ApiListingReferenceScanner [41] -| Scanning for api listing references
2018-11-16 09:11:32.787 |-INFO  [main] springfox.documentation.spring.web.readers.operation.CachingOperationNameGenerator [40] -| Generating unique operation named: payUsingPOST_1
2018-11-16 09:11:33.284 |-INFO  [main] springfox.documentation.spring.web.readers.operation.CachingOperationNameGenerator [40] -| Generating unique operation named: saveUsingPOST_1
2018-11-16 09:11:33.323 |-INFO  [main] springfox.documentation.spring.web.readers.operation.CachingOperationNameGenerator [40] -| Generating unique operation named: saveUsingPOST_2
2018-11-16 09:11:33.330 |-INFO  [main] springfox.documentation.spring.web.readers.operation.CachingOperationNameGenerator [40] -| Generating unique operation named: queryAllUsingGET_1
2018-11-16 09:11:33.333 |-INFO  [main] springfox.documentation.spring.web.readers.operation.CachingOperationNameGenerator [40] -| Generating unique operation named: saveUsingPOST_3
2018-11-16 09:11:33.372 |-INFO  [main] org.hibernate.hql.internal.QueryTranslatorFactoryInitiator [47] -| HHH000397: Using ASTQueryTranslatorFactory
2018-11-16 09:11:33.456 |-INFO  [main] org.apache.coyote.http11.Http11NioProtocol [179] -| Initializing ProtocolHandler ["http-nio-8008"]
2018-11-16 09:11:33.467 |-INFO  [main] org.apache.coyote.http11.Http11NioProtocol [179] -| Starting ProtocolHandler ["http-nio-8008"]
2018-11-16 09:11:33.477 |-INFO  [main] org.apache.tomcat.util.net.NioSelectorPool [179] -| Using a shared selector for servlet write/read
2018-11-16 09:11:33.492 |-INFO  [main] org.springframework.boot.context.embedded.tomcat.TomcatEmbeddedServletContainer [201] -| Tomcat started on port(s): 8008 (http)
2018-11-16 09:11:33.497 |-INFO  [main] com.pay.PayApplication [57] -| Started PayApplication in 9.168 seconds (JVM running for 9.8)
2018-11-16 09:11:59.001 |-INFO  [http-nio-8008-exec-2] org.apache.catalina.core.ContainerBase.[Tomcat].[localhost].[/pay] [179] -| Initializing Spring FrameworkServlet 'dispatcherServlet'
2018-11-16 09:11:59.002 |-INFO  [http-nio-8008-exec-2] org.springframework.web.servlet.DispatcherServlet [489] -| FrameworkServlet 'dispatcherServlet': initialization started
2018-11-16 09:11:59.027 |-INFO  [http-nio-8008-exec-2] org.springframework.web.servlet.DispatcherServlet [508] -| FrameworkServlet 'dispatcherServlet': initialization completed in 25 ms
2018-11-16 09:22:25.228 |-INFO  [http-nio-8008-exec-2] org.apache.tomcat.util.http.parser.Cookie [179] -| A cookie header was received [7c4a8d09ca3762af61e59520943dc26494f8941b; JSESSIONID=232566525A4B3C1FF28BD4700C5AF791] that contained an invalid cookie. That cookie will be ignored.Note: further occurrences of this error will be logged at DEBUG level.
2018-11-16 09:22:25.237 |-INFO  [http-nio-8008-exec-2] com.pay.aspect.PayAspect [85] -| 【未登录拦截】 拦截方法：methodName = navigate
